ARM GAS  C:\Users\Rick\AppData\Local\Temp\ccwfB2ON.s 			page 1


   1              		.cpu cortex-m4
   2              		.arch armv7e-m
   3              		.fpu fpv4-sp-d16
   4              		.eabi_attribute 27, 1
   5              		.eabi_attribute 28, 1
   6              		.eabi_attribute 20, 1
   7              		.eabi_attribute 21, 1
   8              		.eabi_attribute 23, 3
   9              		.eabi_attribute 24, 1
  10              		.eabi_attribute 25, 1
  11              		.eabi_attribute 26, 1
  12              		.eabi_attribute 30, 1
  13              		.eabi_attribute 34, 1
  14              		.eabi_attribute 18, 4
  15              		.file	"i2c.c"
  16              		.text
  17              	.Ltext0:
  18              		.cfi_sections	.debug_frame
  19              		.file 1 "Core/Src/i2c.c"
  20              		.section	.text.MX_I2C1_Init,"ax",%progbits
  21              		.align	1
  22              		.global	MX_I2C1_Init
  23              		.syntax unified
  24              		.thumb
  25              		.thumb_func
  27              	MX_I2C1_Init:
  28              	.LFB239:
   1:Core/Src/i2c.c **** /* USER CODE BEGIN Header */
   2:Core/Src/i2c.c **** /**
   3:Core/Src/i2c.c ****   ******************************************************************************
   4:Core/Src/i2c.c ****   * @file    i2c.c
   5:Core/Src/i2c.c ****   * @brief   This file provides code for the configuration
   6:Core/Src/i2c.c ****   *          of the I2C instances.
   7:Core/Src/i2c.c ****   ******************************************************************************
   8:Core/Src/i2c.c ****   * @attention
   9:Core/Src/i2c.c ****   *
  10:Core/Src/i2c.c ****   * Copyright (c) 2025 STMicroelectronics.
  11:Core/Src/i2c.c ****   * All rights reserved.
  12:Core/Src/i2c.c ****   *
  13:Core/Src/i2c.c ****   * This software is licensed under terms that can be found in the LICENSE file
  14:Core/Src/i2c.c ****   * in the root directory of this software component.
  15:Core/Src/i2c.c ****   * If no LICENSE file comes with this software, it is provided AS-IS.
  16:Core/Src/i2c.c ****   *
  17:Core/Src/i2c.c ****   ******************************************************************************
  18:Core/Src/i2c.c ****   */
  19:Core/Src/i2c.c **** /* USER CODE END Header */
  20:Core/Src/i2c.c **** /* Includes ------------------------------------------------------------------*/
  21:Core/Src/i2c.c **** #include "i2c.h"
  22:Core/Src/i2c.c **** 
  23:Core/Src/i2c.c **** /* USER CODE BEGIN 0 */
  24:Core/Src/i2c.c **** 
  25:Core/Src/i2c.c **** /* USER CODE END 0 */
  26:Core/Src/i2c.c **** 
  27:Core/Src/i2c.c **** I2C_HandleTypeDef hi2c1;
  28:Core/Src/i2c.c **** 
  29:Core/Src/i2c.c **** /* I2C1 init function */
  30:Core/Src/i2c.c **** void MX_I2C1_Init(void)
ARM GAS  C:\Users\Rick\AppData\Local\Temp\ccwfB2ON.s 			page 2


  31:Core/Src/i2c.c **** {
  29              		.loc 1 31 1 view -0
  30              		.cfi_startproc
  31              		@ args = 0, pretend = 0, frame = 0
  32              		@ frame_needed = 0, uses_anonymous_args = 0
  33 0000 08B5     		push	{r3, lr}
  34              		.cfi_def_cfa_offset 8
  35              		.cfi_offset 3, -8
  36              		.cfi_offset 14, -4
  32:Core/Src/i2c.c **** 
  33:Core/Src/i2c.c ****   /* USER CODE BEGIN I2C1_Init 0 */
  34:Core/Src/i2c.c **** 
  35:Core/Src/i2c.c ****   /* USER CODE END I2C1_Init 0 */
  36:Core/Src/i2c.c **** 
  37:Core/Src/i2c.c ****   /* USER CODE BEGIN I2C1_Init 1 */
  38:Core/Src/i2c.c **** 
  39:Core/Src/i2c.c ****   /* USER CODE END I2C1_Init 1 */
  40:Core/Src/i2c.c ****   hi2c1.Instance = I2C1;
  37              		.loc 1 40 3 view .LVU1
  38              		.loc 1 40 18 is_stmt 0 view .LVU2
  39 0002 0B48     		ldr	r0, .L5
  40 0004 0B4B     		ldr	r3, .L5+4
  41 0006 0360     		str	r3, [r0]
  41:Core/Src/i2c.c ****   hi2c1.Init.ClockSpeed = 100000;
  42              		.loc 1 41 3 is_stmt 1 view .LVU3
  43              		.loc 1 41 25 is_stmt 0 view .LVU4
  44 0008 0B4B     		ldr	r3, .L5+8
  45 000a 4360     		str	r3, [r0, #4]
  42:Core/Src/i2c.c ****   hi2c1.Init.DutyCycle = I2C_DUTYCYCLE_2;
  46              		.loc 1 42 3 is_stmt 1 view .LVU5
  47              		.loc 1 42 24 is_stmt 0 view .LVU6
  48 000c 0023     		movs	r3, #0
  49 000e 8360     		str	r3, [r0, #8]
  43:Core/Src/i2c.c ****   hi2c1.Init.OwnAddress1 = 0;
  50              		.loc 1 43 3 is_stmt 1 view .LVU7
  51              		.loc 1 43 26 is_stmt 0 view .LVU8
  52 0010 C360     		str	r3, [r0, #12]
  44:Core/Src/i2c.c ****   hi2c1.Init.AddressingMode = I2C_ADDRESSINGMODE_7BIT;
  53              		.loc 1 44 3 is_stmt 1 view .LVU9
  54              		.loc 1 44 29 is_stmt 0 view .LVU10
  55 0012 4FF48042 		mov	r2, #16384
  56 0016 0261     		str	r2, [r0, #16]
  45:Core/Src/i2c.c ****   hi2c1.Init.DualAddressMode = I2C_DUALADDRESS_DISABLE;
  57              		.loc 1 45 3 is_stmt 1 view .LVU11
  58              		.loc 1 45 30 is_stmt 0 view .LVU12
  59 0018 4361     		str	r3, [r0, #20]
  46:Core/Src/i2c.c ****   hi2c1.Init.OwnAddress2 = 0;
  60              		.loc 1 46 3 is_stmt 1 view .LVU13
  61              		.loc 1 46 26 is_stmt 0 view .LVU14
  62 001a 8361     		str	r3, [r0, #24]
  47:Core/Src/i2c.c ****   hi2c1.Init.GeneralCallMode = I2C_GENERALCALL_DISABLE;
  63              		.loc 1 47 3 is_stmt 1 view .LVU15
  64              		.loc 1 47 30 is_stmt 0 view .LVU16
  65 001c C361     		str	r3, [r0, #28]
  48:Core/Src/i2c.c ****   hi2c1.Init.NoStretchMode = I2C_NOSTRETCH_DISABLE;
  66              		.loc 1 48 3 is_stmt 1 view .LVU17
  67              		.loc 1 48 28 is_stmt 0 view .LVU18
ARM GAS  C:\Users\Rick\AppData\Local\Temp\ccwfB2ON.s 			page 3


  68 001e 0362     		str	r3, [r0, #32]
  49:Core/Src/i2c.c ****   if (HAL_I2C_Init(&hi2c1) != HAL_OK)
  69              		.loc 1 49 3 is_stmt 1 view .LVU19
  70              		.loc 1 49 7 is_stmt 0 view .LVU20
  71 0020 FFF7FEFF 		bl	HAL_I2C_Init
  72              	.LVL0:
  73              		.loc 1 49 6 discriminator 1 view .LVU21
  74 0024 00B9     		cbnz	r0, .L4
  75              	.L1:
  50:Core/Src/i2c.c ****   {
  51:Core/Src/i2c.c ****     Error_Handler();
  52:Core/Src/i2c.c ****   }
  53:Core/Src/i2c.c ****   /* USER CODE BEGIN I2C1_Init 2 */
  54:Core/Src/i2c.c **** 
  55:Core/Src/i2c.c ****   /* USER CODE END I2C1_Init 2 */
  56:Core/Src/i2c.c **** 
  57:Core/Src/i2c.c **** }
  76              		.loc 1 57 1 view .LVU22
  77 0026 08BD     		pop	{r3, pc}
  78              	.L4:
  51:Core/Src/i2c.c ****   }
  79              		.loc 1 51 5 is_stmt 1 view .LVU23
  80 0028 FFF7FEFF 		bl	Error_Handler
  81              	.LVL1:
  82              		.loc 1 57 1 is_stmt 0 view .LVU24
  83 002c FBE7     		b	.L1
  84              	.L6:
  85 002e 00BF     		.align	2
  86              	.L5:
  87 0030 00000000 		.word	hi2c1
  88 0034 00540040 		.word	1073763328
  89 0038 A0860100 		.word	100000
  90              		.cfi_endproc
  91              	.LFE239:
  93              		.section	.text.HAL_I2C_MspInit,"ax",%progbits
  94              		.align	1
  95              		.global	HAL_I2C_MspInit
  96              		.syntax unified
  97              		.thumb
  98              		.thumb_func
 100              	HAL_I2C_MspInit:
 101              	.LVL2:
 102              	.LFB240:
  58:Core/Src/i2c.c **** 
  59:Core/Src/i2c.c **** void HAL_I2C_MspInit(I2C_HandleTypeDef* i2cHandle)
  60:Core/Src/i2c.c **** {
 103              		.loc 1 60 1 is_stmt 1 view -0
 104              		.cfi_startproc
 105              		@ args = 0, pretend = 0, frame = 32
 106              		@ frame_needed = 0, uses_anonymous_args = 0
 107              		.loc 1 60 1 is_stmt 0 view .LVU26
 108 0000 30B5     		push	{r4, r5, lr}
 109              		.cfi_def_cfa_offset 12
 110              		.cfi_offset 4, -12
 111              		.cfi_offset 5, -8
 112              		.cfi_offset 14, -4
 113 0002 89B0     		sub	sp, sp, #36
ARM GAS  C:\Users\Rick\AppData\Local\Temp\ccwfB2ON.s 			page 4


 114              		.cfi_def_cfa_offset 48
  61:Core/Src/i2c.c **** 
  62:Core/Src/i2c.c ****   GPIO_InitTypeDef GPIO_InitStruct = {0};
 115              		.loc 1 62 3 is_stmt 1 view .LVU27
 116              		.loc 1 62 20 is_stmt 0 view .LVU28
 117 0004 0023     		movs	r3, #0
 118 0006 0393     		str	r3, [sp, #12]
 119 0008 0493     		str	r3, [sp, #16]
 120 000a 0593     		str	r3, [sp, #20]
 121 000c 0693     		str	r3, [sp, #24]
 122 000e 0793     		str	r3, [sp, #28]
  63:Core/Src/i2c.c ****   if(i2cHandle->Instance==I2C1)
 123              		.loc 1 63 3 is_stmt 1 view .LVU29
 124              		.loc 1 63 15 is_stmt 0 view .LVU30
 125 0010 0268     		ldr	r2, [r0]
 126              		.loc 1 63 5 view .LVU31
 127 0012 144B     		ldr	r3, .L11
 128 0014 9A42     		cmp	r2, r3
 129 0016 01D0     		beq	.L10
 130              	.LVL3:
 131              	.L7:
  64:Core/Src/i2c.c ****   {
  65:Core/Src/i2c.c ****   /* USER CODE BEGIN I2C1_MspInit 0 */
  66:Core/Src/i2c.c **** 
  67:Core/Src/i2c.c ****   /* USER CODE END I2C1_MspInit 0 */
  68:Core/Src/i2c.c **** 
  69:Core/Src/i2c.c ****     __HAL_RCC_GPIOB_CLK_ENABLE();
  70:Core/Src/i2c.c ****     /**I2C1 GPIO Configuration
  71:Core/Src/i2c.c ****     PB6     ------> I2C1_SCL
  72:Core/Src/i2c.c ****     PB7     ------> I2C1_SDA
  73:Core/Src/i2c.c ****     */
  74:Core/Src/i2c.c ****     GPIO_InitStruct.Pin = GPIO_PIN_6|GPIO_PIN_7;
  75:Core/Src/i2c.c ****     GPIO_InitStruct.Mode = GPIO_MODE_AF_OD;
  76:Core/Src/i2c.c ****     GPIO_InitStruct.Pull = GPIO_NOPULL;
  77:Core/Src/i2c.c ****     GPIO_InitStruct.Speed = GPIO_SPEED_FREQ_VERY_HIGH;
  78:Core/Src/i2c.c ****     GPIO_InitStruct.Alternate = GPIO_AF4_I2C1;
  79:Core/Src/i2c.c ****     HAL_GPIO_Init(GPIOB, &GPIO_InitStruct);
  80:Core/Src/i2c.c **** 
  81:Core/Src/i2c.c ****     /* I2C1 clock enable */
  82:Core/Src/i2c.c ****     __HAL_RCC_I2C1_CLK_ENABLE();
  83:Core/Src/i2c.c ****   /* USER CODE BEGIN I2C1_MspInit 1 */
  84:Core/Src/i2c.c **** 
  85:Core/Src/i2c.c ****   /* USER CODE END I2C1_MspInit 1 */
  86:Core/Src/i2c.c ****   }
  87:Core/Src/i2c.c **** }
 132              		.loc 1 87 1 view .LVU32
 133 0018 09B0     		add	sp, sp, #36
 134              		.cfi_remember_state
 135              		.cfi_def_cfa_offset 12
 136              		@ sp needed
 137 001a 30BD     		pop	{r4, r5, pc}
 138              	.LVL4:
 139              	.L10:
 140              		.cfi_restore_state
  69:Core/Src/i2c.c ****     /**I2C1 GPIO Configuration
 141              		.loc 1 69 5 is_stmt 1 view .LVU33
 142              	.LBB2:
ARM GAS  C:\Users\Rick\AppData\Local\Temp\ccwfB2ON.s 			page 5


  69:Core/Src/i2c.c ****     /**I2C1 GPIO Configuration
 143              		.loc 1 69 5 view .LVU34
 144 001c 0025     		movs	r5, #0
 145 001e 0195     		str	r5, [sp, #4]
  69:Core/Src/i2c.c ****     /**I2C1 GPIO Configuration
 146              		.loc 1 69 5 view .LVU35
 147 0020 114C     		ldr	r4, .L11+4
 148 0022 236B     		ldr	r3, [r4, #48]
 149 0024 43F00203 		orr	r3, r3, #2
 150 0028 2363     		str	r3, [r4, #48]
  69:Core/Src/i2c.c ****     /**I2C1 GPIO Configuration
 151              		.loc 1 69 5 view .LVU36
 152 002a 236B     		ldr	r3, [r4, #48]
 153 002c 03F00203 		and	r3, r3, #2
 154 0030 0193     		str	r3, [sp, #4]
  69:Core/Src/i2c.c ****     /**I2C1 GPIO Configuration
 155              		.loc 1 69 5 view .LVU37
 156 0032 019B     		ldr	r3, [sp, #4]
 157              	.LBE2:
  69:Core/Src/i2c.c ****     /**I2C1 GPIO Configuration
 158              		.loc 1 69 5 view .LVU38
  74:Core/Src/i2c.c ****     GPIO_InitStruct.Mode = GPIO_MODE_AF_OD;
 159              		.loc 1 74 5 view .LVU39
  74:Core/Src/i2c.c ****     GPIO_InitStruct.Mode = GPIO_MODE_AF_OD;
 160              		.loc 1 74 25 is_stmt 0 view .LVU40
 161 0034 C023     		movs	r3, #192
 162 0036 0393     		str	r3, [sp, #12]
  75:Core/Src/i2c.c ****     GPIO_InitStruct.Pull = GPIO_NOPULL;
 163              		.loc 1 75 5 is_stmt 1 view .LVU41
  75:Core/Src/i2c.c ****     GPIO_InitStruct.Pull = GPIO_NOPULL;
 164              		.loc 1 75 26 is_stmt 0 view .LVU42
 165 0038 1223     		movs	r3, #18
 166 003a 0493     		str	r3, [sp, #16]
  76:Core/Src/i2c.c ****     GPIO_InitStruct.Speed = GPIO_SPEED_FREQ_VERY_HIGH;
 167              		.loc 1 76 5 is_stmt 1 view .LVU43
  77:Core/Src/i2c.c ****     GPIO_InitStruct.Alternate = GPIO_AF4_I2C1;
 168              		.loc 1 77 5 view .LVU44
  77:Core/Src/i2c.c ****     GPIO_InitStruct.Alternate = GPIO_AF4_I2C1;
 169              		.loc 1 77 27 is_stmt 0 view .LVU45
 170 003c 0323     		movs	r3, #3
 171 003e 0693     		str	r3, [sp, #24]
  78:Core/Src/i2c.c ****     HAL_GPIO_Init(GPIOB, &GPIO_InitStruct);
 172              		.loc 1 78 5 is_stmt 1 view .LVU46
  78:Core/Src/i2c.c ****     HAL_GPIO_Init(GPIOB, &GPIO_InitStruct);
 173              		.loc 1 78 31 is_stmt 0 view .LVU47
 174 0040 0423     		movs	r3, #4
 175 0042 0793     		str	r3, [sp, #28]
  79:Core/Src/i2c.c **** 
 176              		.loc 1 79 5 is_stmt 1 view .LVU48
 177 0044 03A9     		add	r1, sp, #12
 178 0046 0948     		ldr	r0, .L11+8
 179              	.LVL5:
  79:Core/Src/i2c.c **** 
 180              		.loc 1 79 5 is_stmt 0 view .LVU49
 181 0048 FFF7FEFF 		bl	HAL_GPIO_Init
 182              	.LVL6:
  82:Core/Src/i2c.c ****   /* USER CODE BEGIN I2C1_MspInit 1 */
ARM GAS  C:\Users\Rick\AppData\Local\Temp\ccwfB2ON.s 			page 6


 183              		.loc 1 82 5 is_stmt 1 view .LVU50
 184              	.LBB3:
  82:Core/Src/i2c.c ****   /* USER CODE BEGIN I2C1_MspInit 1 */
 185              		.loc 1 82 5 view .LVU51
 186 004c 0295     		str	r5, [sp, #8]
  82:Core/Src/i2c.c ****   /* USER CODE BEGIN I2C1_MspInit 1 */
 187              		.loc 1 82 5 view .LVU52
 188 004e 236C     		ldr	r3, [r4, #64]
 189 0050 43F40013 		orr	r3, r3, #2097152
 190 0054 2364     		str	r3, [r4, #64]
  82:Core/Src/i2c.c ****   /* USER CODE BEGIN I2C1_MspInit 1 */
 191              		.loc 1 82 5 view .LVU53
 192 0056 236C     		ldr	r3, [r4, #64]
 193 0058 03F40013 		and	r3, r3, #2097152
 194 005c 0293     		str	r3, [sp, #8]
  82:Core/Src/i2c.c ****   /* USER CODE BEGIN I2C1_MspInit 1 */
 195              		.loc 1 82 5 view .LVU54
 196 005e 029B     		ldr	r3, [sp, #8]
 197              	.LBE3:
  82:Core/Src/i2c.c ****   /* USER CODE BEGIN I2C1_MspInit 1 */
 198              		.loc 1 82 5 discriminator 1 view .LVU55
 199              		.loc 1 87 1 is_stmt 0 view .LVU56
 200 0060 DAE7     		b	.L7
 201              	.L12:
 202 0062 00BF     		.align	2
 203              	.L11:
 204 0064 00540040 		.word	1073763328
 205 0068 00380240 		.word	1073887232
 206 006c 00040240 		.word	1073873920
 207              		.cfi_endproc
 208              	.LFE240:
 210              		.section	.text.HAL_I2C_MspDeInit,"ax",%progbits
 211              		.align	1
 212              		.global	HAL_I2C_MspDeInit
 213              		.syntax unified
 214              		.thumb
 215              		.thumb_func
 217              	HAL_I2C_MspDeInit:
 218              	.LVL7:
 219              	.LFB241:
  88:Core/Src/i2c.c **** 
  89:Core/Src/i2c.c **** void HAL_I2C_MspDeInit(I2C_HandleTypeDef* i2cHandle)
  90:Core/Src/i2c.c **** {
 220              		.loc 1 90 1 is_stmt 1 view -0
 221              		.cfi_startproc
 222              		@ args = 0, pretend = 0, frame = 0
 223              		@ frame_needed = 0, uses_anonymous_args = 0
  91:Core/Src/i2c.c **** 
  92:Core/Src/i2c.c ****   if(i2cHandle->Instance==I2C1)
 224              		.loc 1 92 3 view .LVU58
 225              		.loc 1 92 15 is_stmt 0 view .LVU59
 226 0000 0268     		ldr	r2, [r0]
 227              		.loc 1 92 5 view .LVU60
 228 0002 0A4B     		ldr	r3, .L20
 229 0004 9A42     		cmp	r2, r3
 230 0006 00D0     		beq	.L19
 231 0008 7047     		bx	lr
ARM GAS  C:\Users\Rick\AppData\Local\Temp\ccwfB2ON.s 			page 7


 232              	.L19:
  90:Core/Src/i2c.c **** 
 233              		.loc 1 90 1 view .LVU61
 234 000a 10B5     		push	{r4, lr}
 235              		.cfi_def_cfa_offset 8
 236              		.cfi_offset 4, -8
 237              		.cfi_offset 14, -4
  93:Core/Src/i2c.c ****   {
  94:Core/Src/i2c.c ****   /* USER CODE BEGIN I2C1_MspDeInit 0 */
  95:Core/Src/i2c.c **** 
  96:Core/Src/i2c.c ****   /* USER CODE END I2C1_MspDeInit 0 */
  97:Core/Src/i2c.c ****     /* Peripheral clock disable */
  98:Core/Src/i2c.c ****     __HAL_RCC_I2C1_CLK_DISABLE();
 238              		.loc 1 98 5 is_stmt 1 view .LVU62
 239 000c 084A     		ldr	r2, .L20+4
 240 000e 136C     		ldr	r3, [r2, #64]
 241 0010 23F40013 		bic	r3, r3, #2097152
 242 0014 1364     		str	r3, [r2, #64]
  99:Core/Src/i2c.c **** 
 100:Core/Src/i2c.c ****     /**I2C1 GPIO Configuration
 101:Core/Src/i2c.c ****     PB6     ------> I2C1_SCL
 102:Core/Src/i2c.c ****     PB7     ------> I2C1_SDA
 103:Core/Src/i2c.c ****     */
 104:Core/Src/i2c.c ****     HAL_GPIO_DeInit(GPIOB, GPIO_PIN_6);
 243              		.loc 1 104 5 view .LVU63
 244 0016 074C     		ldr	r4, .L20+8
 245 0018 4021     		movs	r1, #64
 246 001a 2046     		mov	r0, r4
 247              	.LVL8:
 248              		.loc 1 104 5 is_stmt 0 view .LVU64
 249 001c FFF7FEFF 		bl	HAL_GPIO_DeInit
 250              	.LVL9:
 105:Core/Src/i2c.c **** 
 106:Core/Src/i2c.c ****     HAL_GPIO_DeInit(GPIOB, GPIO_PIN_7);
 251              		.loc 1 106 5 is_stmt 1 view .LVU65
 252 0020 8021     		movs	r1, #128
 253 0022 2046     		mov	r0, r4
 254 0024 FFF7FEFF 		bl	HAL_GPIO_DeInit
 255              	.LVL10:
 107:Core/Src/i2c.c **** 
 108:Core/Src/i2c.c ****   /* USER CODE BEGIN I2C1_MspDeInit 1 */
 109:Core/Src/i2c.c **** 
 110:Core/Src/i2c.c ****   /* USER CODE END I2C1_MspDeInit 1 */
 111:Core/Src/i2c.c ****   }
 112:Core/Src/i2c.c **** }
 256              		.loc 1 112 1 is_stmt 0 view .LVU66
 257 0028 10BD     		pop	{r4, pc}
 258              	.L21:
 259 002a 00BF     		.align	2
 260              	.L20:
 261 002c 00540040 		.word	1073763328
 262 0030 00380240 		.word	1073887232
 263 0034 00040240 		.word	1073873920
 264              		.cfi_endproc
 265              	.LFE241:
 267              		.global	hi2c1
 268              		.section	.bss.hi2c1,"aw",%nobits
ARM GAS  C:\Users\Rick\AppData\Local\Temp\ccwfB2ON.s 			page 8


 269              		.align	2
 272              	hi2c1:
 273 0000 00000000 		.space	84
 273      00000000 
 273      00000000 
 273      00000000 
 273      00000000 
 274              		.text
 275              	.Letext0:
 276              		.file 2 "C:/Users/Rick/AppData/Roaming/Code/User/globalStorage/bmd.stm32-for-vscode/@xpack-dev-too
 277              		.file 3 "C:/Users/Rick/AppData/Roaming/Code/User/globalStorage/bmd.stm32-for-vscode/@xpack-dev-too
 278              		.file 4 "Drivers/CMSIS/Device/ST/STM32F4xx/Include/stm32f446xx.h"
 279              		.file 5 "Drivers/STM32F4xx_HAL_Driver/Inc/stm32f4xx_hal_def.h"
 280              		.file 6 "Drivers/STM32F4xx_HAL_Driver/Inc/stm32f4xx_hal_gpio.h"
 281              		.file 7 "Drivers/STM32F4xx_HAL_Driver/Inc/stm32f4xx_hal_dma.h"
 282              		.file 8 "Drivers/STM32F4xx_HAL_Driver/Inc/stm32f4xx_hal_i2c.h"
 283              		.file 9 "Core/Inc/i2c.h"
 284              		.file 10 "Core/Inc/main.h"
ARM GAS  C:\Users\Rick\AppData\Local\Temp\ccwfB2ON.s 			page 9


DEFINED SYMBOLS
                            *ABS*:00000000 i2c.c
C:\Users\Rick\AppData\Local\Temp\ccwfB2ON.s:21     .text.MX_I2C1_Init:00000000 $t
C:\Users\Rick\AppData\Local\Temp\ccwfB2ON.s:27     .text.MX_I2C1_Init:00000000 MX_I2C1_Init
C:\Users\Rick\AppData\Local\Temp\ccwfB2ON.s:87     .text.MX_I2C1_Init:00000030 $d
C:\Users\Rick\AppData\Local\Temp\ccwfB2ON.s:272    .bss.hi2c1:00000000 hi2c1
C:\Users\Rick\AppData\Local\Temp\ccwfB2ON.s:94     .text.HAL_I2C_MspInit:00000000 $t
C:\Users\Rick\AppData\Local\Temp\ccwfB2ON.s:100    .text.HAL_I2C_MspInit:00000000 HAL_I2C_MspInit
C:\Users\Rick\AppData\Local\Temp\ccwfB2ON.s:204    .text.HAL_I2C_MspInit:00000064 $d
C:\Users\Rick\AppData\Local\Temp\ccwfB2ON.s:211    .text.HAL_I2C_MspDeInit:00000000 $t
C:\Users\Rick\AppData\Local\Temp\ccwfB2ON.s:217    .text.HAL_I2C_MspDeInit:00000000 HAL_I2C_MspDeInit
C:\Users\Rick\AppData\Local\Temp\ccwfB2ON.s:261    .text.HAL_I2C_MspDeInit:0000002c $d
C:\Users\Rick\AppData\Local\Temp\ccwfB2ON.s:269    .bss.hi2c1:00000000 $d

UNDEFINED SYMBOLS
HAL_I2C_Init
Error_Handler
HAL_GPIO_Init
HAL_GPIO_DeInit
