Drill report for CawDrive.kicad_pcb
Created on 2023/10/3 21:22:41

Copper Layer Stackup:
    =============================================================
    L1 :  F.Cu                      front
    L2 :  In1.Cu                    in1
    L3 :  In2.Cu                    in2
    L4 :  B.Cu                      back


Drill file 'CawDrive-PTH.drl' contains
    plated through holes:
    =============================================================
    T1  0.300mm  0.0118"  (283 holes)
    T2  0.400mm  0.0157"  (1 hole)
    T3  0.500mm  0.0197"  (32 holes)
    T4  1.500mm  0.0591"  (5 holes)
    T5  2.500mm  0.0984"  (4 holes)

    Total plated holes count 325


Drill file 'CawDrive-NPTH.drl' contains
    unplated through holes:
    =============================================================

    Total unplated holes count 0
