ARM GAS  C:\Users\Rick\AppData\Local\Temp\ccLn4K2H.s 			page 1


   1              		.cpu cortex-m4
   2              		.arch armv7e-m
   3              		.fpu fpv4-sp-d16
   4              		.eabi_attribute 27, 1
   5              		.eabi_attribute 28, 1
   6              		.eabi_attribute 20, 1
   7              		.eabi_attribute 21, 1
   8              		.eabi_attribute 23, 3
   9              		.eabi_attribute 24, 1
  10              		.eabi_attribute 25, 1
  11              		.eabi_attribute 26, 1
  12              		.eabi_attribute 30, 1
  13              		.eabi_attribute 34, 1
  14              		.eabi_attribute 18, 4
  15              		.file	"cmsis_os.c"
  16              		.text
  17              		.section	.text.makeFreeRtosPriority,"ax",%progbits
  18              		.align	1
  19              		.syntax unified
  20              		.thumb
  21              		.thumb_func
  23              	makeFreeRtosPriority:
  24              		@ args = 0, pretend = 0, frame = 0
  25              		@ frame_needed = 0, uses_anonymous_args = 0
  26              		@ link register save eliminated.
  27 0000 8428     		cmp	r0, #132
  28 0002 01D0     		beq	.L3
  29 0004 0330     		adds	r0, r0, #3
  30 0006 7047     		bx	lr
  31              	.L3:
  32 0008 0020     		movs	r0, #0
  33 000a 7047     		bx	lr
  35              		.section	.text.makeCmsisPriority,"ax",%progbits
  36              		.align	1
  37              		.syntax unified
  38              		.thumb
  39              		.thumb_func
  41              	makeCmsisPriority:
  42              		@ args = 0, pretend = 0, frame = 0
  43              		@ frame_needed = 0, uses_anonymous_args = 0
  44              		@ link register save eliminated.
  45 0000 0628     		cmp	r0, #6
  46 0002 02D8     		bhi	.L6
  47 0004 0338     		subs	r0, r0, #3
  48 0006 00B2     		sxth	r0, r0
  49 0008 7047     		bx	lr
  50              	.L6:
  51 000a 8420     		movs	r0, #132
  52 000c 7047     		bx	lr
  54              		.section	.text.inHandlerMode,"ax",%progbits
  55              		.align	1
  56              		.syntax unified
  57              		.thumb
  58              		.thumb_func
  60              	inHandlerMode:
  61              		@ args = 0, pretend = 0, frame = 0
  62              		@ frame_needed = 0, uses_anonymous_args = 0
ARM GAS  C:\Users\Rick\AppData\Local\Temp\ccLn4K2H.s 			page 2


  63              		@ link register save eliminated.
  64              		.syntax unified
  65              	@ 1031 "Drivers/CMSIS/Include/cmsis_gcc.h" 1
  66 0000 EFF30580 		MRS r0, ipsr
  67              	@ 0 "" 2
  68              		.thumb
  69              		.syntax unified
  70 0004 0038     		subs	r0, r0, #0
  71 0006 18BF     		it	ne
  72 0008 0120     		movne	r0, #1
  73 000a 7047     		bx	lr
  75              		.section	.text.osKernelStart,"ax",%progbits
  76              		.align	1
  77              		.global	osKernelStart
  78              		.syntax unified
  79              		.thumb
  80              		.thumb_func
  82              	osKernelStart:
  83              		@ args = 0, pretend = 0, frame = 0
  84              		@ frame_needed = 0, uses_anonymous_args = 0
  85 0000 08B5     		push	{r3, lr}
  86 0002 FFF7FEFF 		bl	vTaskStartScheduler
  87 0006 0020     		movs	r0, #0
  88 0008 08BD     		pop	{r3, pc}
  90              		.section	.text.osKernelRunning,"ax",%progbits
  91              		.align	1
  92              		.global	osKernelRunning
  93              		.syntax unified
  94              		.thumb
  95              		.thumb_func
  97              	osKernelRunning:
  98              		@ args = 0, pretend = 0, frame = 0
  99              		@ frame_needed = 0, uses_anonymous_args = 0
 100 0000 08B5     		push	{r3, lr}
 101 0002 FFF7FEFF 		bl	xTaskGetSchedulerState
 102 0006 0128     		cmp	r0, #1
 103 0008 01D0     		beq	.L14
 104 000a 0120     		movs	r0, #1
 105              	.L10:
 106 000c 08BD     		pop	{r3, pc}
 107              	.L14:
 108 000e 0020     		movs	r0, #0
 109 0010 FCE7     		b	.L10
 111              		.section	.text.osKernelSysTick,"ax",%progbits
 112              		.align	1
 113              		.global	osKernelSysTick
 114              		.syntax unified
 115              		.thumb
 116              		.thumb_func
 118              	osKernelSysTick:
 119              		@ args = 0, pretend = 0, frame = 0
 120              		@ frame_needed = 0, uses_anonymous_args = 0
 121 0000 08B5     		push	{r3, lr}
 122 0002 FFF7FEFF 		bl	inHandlerMode
 123 0006 10B1     		cbz	r0, .L16
 124 0008 FFF7FEFF 		bl	xTaskGetTickCountFromISR
 125              	.L15:
ARM GAS  C:\Users\Rick\AppData\Local\Temp\ccLn4K2H.s 			page 3


 126 000c 08BD     		pop	{r3, pc}
 127              	.L16:
 128 000e FFF7FEFF 		bl	xTaskGetTickCount
 129 0012 FBE7     		b	.L15
 131              		.section	.text.osThreadCreate,"ax",%progbits
 132              		.align	1
 133              		.global	osThreadCreate
 134              		.syntax unified
 135              		.thumb
 136              		.thumb_func
 138              	osThreadCreate:
 139              		@ args = 0, pretend = 0, frame = 8
 140              		@ frame_needed = 0, uses_anonymous_args = 0
 141 0000 2DE9F043 		push	{r4, r5, r6, r7, r8, r9, lr}
 142 0004 87B0     		sub	sp, sp, #28
 143 0006 0E46     		mov	r6, r1
 144 0008 4469     		ldr	r4, [r0, #20]
 145 000a C4B1     		cbz	r4, .L20
 146 000c 8569     		ldr	r5, [r0, #24]
 147 000e B5B1     		cbz	r5, .L20
 148 0010 4768     		ldr	r7, [r0, #4]
 149 0012 D0F80080 		ldr	r8, [r0]
 150 0016 D0F81090 		ldr	r9, [r0, #16]
 151 001a B0F90800 		ldrsh	r0, [r0, #8]
 152 001e FFF7FEFF 		bl	makeFreeRtosPriority
 153 0022 0295     		str	r5, [sp, #8]
 154 0024 0194     		str	r4, [sp, #4]
 155 0026 0090     		str	r0, [sp]
 156 0028 3346     		mov	r3, r6
 157 002a 4A46     		mov	r2, r9
 158 002c 4146     		mov	r1, r8
 159 002e 3846     		mov	r0, r7
 160 0030 FFF7FEFF 		bl	xTaskCreateStatic
 161 0034 0590     		str	r0, [sp, #20]
 162              	.L21:
 163 0036 0598     		ldr	r0, [sp, #20]
 164              	.L19:
 165 0038 07B0     		add	sp, sp, #28
 166              		@ sp needed
 167 003a BDE8F083 		pop	{r4, r5, r6, r7, r8, r9, pc}
 168              	.L20:
 169 003e 4468     		ldr	r4, [r0, #4]
 170 0040 0568     		ldr	r5, [r0]
 171 0042 0769     		ldr	r7, [r0, #16]
 172 0044 B0F90800 		ldrsh	r0, [r0, #8]
 173 0048 FFF7FEFF 		bl	makeFreeRtosPriority
 174 004c 05AB     		add	r3, sp, #20
 175 004e 0193     		str	r3, [sp, #4]
 176 0050 0090     		str	r0, [sp]
 177 0052 3346     		mov	r3, r6
 178 0054 BAB2     		uxth	r2, r7
 179 0056 2946     		mov	r1, r5
 180 0058 2046     		mov	r0, r4
 181 005a FFF7FEFF 		bl	xTaskCreate
 182 005e 0128     		cmp	r0, #1
 183 0060 E9D0     		beq	.L21
 184 0062 0020     		movs	r0, #0
ARM GAS  C:\Users\Rick\AppData\Local\Temp\ccLn4K2H.s 			page 4


 185 0064 E8E7     		b	.L19
 187              		.section	.text.osThreadGetId,"ax",%progbits
 188              		.align	1
 189              		.global	osThreadGetId
 190              		.syntax unified
 191              		.thumb
 192              		.thumb_func
 194              	osThreadGetId:
 195              		@ args = 0, pretend = 0, frame = 0
 196              		@ frame_needed = 0, uses_anonymous_args = 0
 197 0000 08B5     		push	{r3, lr}
 198 0002 FFF7FEFF 		bl	xTaskGetCurrentTaskHandle
 199 0006 08BD     		pop	{r3, pc}
 201              		.section	.text.osThreadTerminate,"ax",%progbits
 202              		.align	1
 203              		.global	osThreadTerminate
 204              		.syntax unified
 205              		.thumb
 206              		.thumb_func
 208              	osThreadTerminate:
 209              		@ args = 0, pretend = 0, frame = 0
 210              		@ frame_needed = 0, uses_anonymous_args = 0
 211 0000 08B5     		push	{r3, lr}
 212 0002 FFF7FEFF 		bl	vTaskDelete
 213 0006 0020     		movs	r0, #0
 214 0008 08BD     		pop	{r3, pc}
 216              		.section	.text.osThreadYield,"ax",%progbits
 217              		.align	1
 218              		.global	osThreadYield
 219              		.syntax unified
 220              		.thumb
 221              		.thumb_func
 223              	osThreadYield:
 224              		@ args = 0, pretend = 0, frame = 0
 225              		@ frame_needed = 0, uses_anonymous_args = 0
 226              		@ link register save eliminated.
 227 0000 4FF0E023 		mov	r3, #-536813568
 228 0004 4FF08052 		mov	r2, #268435456
 229 0008 C3F8042D 		str	r2, [r3, #3332]
 230              		.syntax unified
 231              	@ 272 "Middlewares/Third_Party/FreeRTOS/Source/CMSIS_RTOS/cmsis_os.c" 1
 232 000c BFF34F8F 		dsb
 233              	@ 0 "" 2
 234              	@ 272 "Middlewares/Third_Party/FreeRTOS/Source/CMSIS_RTOS/cmsis_os.c" 1
 235 0010 BFF36F8F 		isb
 236              	@ 0 "" 2
 237              		.thumb
 238              		.syntax unified
 239 0014 0020     		movs	r0, #0
 240 0016 7047     		bx	lr
 242              		.section	.text.osThreadSetPriority,"ax",%progbits
 243              		.align	1
 244              		.global	osThreadSetPriority
 245              		.syntax unified
 246              		.thumb
 247              		.thumb_func
 249              	osThreadSetPriority:
ARM GAS  C:\Users\Rick\AppData\Local\Temp\ccLn4K2H.s 			page 5


 250              		@ args = 0, pretend = 0, frame = 0
 251              		@ frame_needed = 0, uses_anonymous_args = 0
 252 0000 10B5     		push	{r4, lr}
 253 0002 0446     		mov	r4, r0
 254 0004 0846     		mov	r0, r1
 255 0006 FFF7FEFF 		bl	makeFreeRtosPriority
 256 000a 0146     		mov	r1, r0
 257 000c 2046     		mov	r0, r4
 258 000e FFF7FEFF 		bl	vTaskPrioritySet
 259 0012 0020     		movs	r0, #0
 260 0014 10BD     		pop	{r4, pc}
 262              		.section	.text.osThreadGetPriority,"ax",%progbits
 263              		.align	1
 264              		.global	osThreadGetPriority
 265              		.syntax unified
 266              		.thumb
 267              		.thumb_func
 269              	osThreadGetPriority:
 270              		@ args = 0, pretend = 0, frame = 0
 271              		@ frame_needed = 0, uses_anonymous_args = 0
 272 0000 10B5     		push	{r4, lr}
 273 0002 0446     		mov	r4, r0
 274 0004 FFF7FEFF 		bl	inHandlerMode
 275 0008 28B1     		cbz	r0, .L33
 276 000a 2046     		mov	r0, r4
 277 000c FFF7FEFF 		bl	uxTaskPriorityGetFromISR
 278 0010 FFF7FEFF 		bl	makeCmsisPriority
 279              	.L34:
 280 0014 10BD     		pop	{r4, pc}
 281              	.L33:
 282 0016 2046     		mov	r0, r4
 283 0018 FFF7FEFF 		bl	uxTaskPriorityGet
 284 001c FFF7FEFF 		bl	makeCmsisPriority
 285 0020 F8E7     		b	.L34
 287              		.section	.text.osDelay,"ax",%progbits
 288              		.align	1
 289              		.global	osDelay
 290              		.syntax unified
 291              		.thumb
 292              		.thumb_func
 294              	osDelay:
 295              		@ args = 0, pretend = 0, frame = 0
 296              		@ frame_needed = 0, uses_anonymous_args = 0
 297 0000 08B5     		push	{r3, lr}
 298 0002 00B9     		cbnz	r0, .L37
 299 0004 0120     		movs	r0, #1
 300              	.L37:
 301 0006 FFF7FEFF 		bl	vTaskDelay
 302 000a 0020     		movs	r0, #0
 303 000c 08BD     		pop	{r3, pc}
 305              		.section	.text.osTimerCreate,"ax",%progbits
 306              		.align	1
 307              		.global	osTimerCreate
 308              		.syntax unified
 309              		.thumb
 310              		.thumb_func
 312              	osTimerCreate:
ARM GAS  C:\Users\Rick\AppData\Local\Temp\ccLn4K2H.s 			page 6


 313              		@ args = 0, pretend = 0, frame = 0
 314              		@ frame_needed = 0, uses_anonymous_args = 0
 315              		@ link register save eliminated.
 316 0000 0020     		movs	r0, #0
 317 0002 7047     		bx	lr
 319              		.section	.text.osTimerStart,"ax",%progbits
 320              		.align	1
 321              		.global	osTimerStart
 322              		.syntax unified
 323              		.thumb
 324              		.thumb_func
 326              	osTimerStart:
 327              		@ args = 0, pretend = 0, frame = 0
 328              		@ frame_needed = 0, uses_anonymous_args = 0
 329              		@ link register save eliminated.
 330 0000 FF20     		movs	r0, #255
 331 0002 7047     		bx	lr
 333              		.section	.text.osTimerStop,"ax",%progbits
 334              		.align	1
 335              		.global	osTimerStop
 336              		.syntax unified
 337              		.thumb
 338              		.thumb_func
 340              	osTimerStop:
 341              		@ args = 0, pretend = 0, frame = 0
 342              		@ frame_needed = 0, uses_anonymous_args = 0
 343              		@ link register save eliminated.
 344 0000 FF20     		movs	r0, #255
 345 0002 7047     		bx	lr
 347              		.section	.text.osTimerDelete,"ax",%progbits
 348              		.align	1
 349              		.global	osTimerDelete
 350              		.syntax unified
 351              		.thumb
 352              		.thumb_func
 354              	osTimerDelete:
 355              		@ args = 0, pretend = 0, frame = 0
 356              		@ frame_needed = 0, uses_anonymous_args = 0
 357              		@ link register save eliminated.
 358 0000 FF20     		movs	r0, #255
 359 0002 7047     		bx	lr
 361              		.section	.text.osSignalSet,"ax",%progbits
 362              		.align	1
 363              		.global	osSignalSet
 364              		.syntax unified
 365              		.thumb
 366              		.thumb_func
 368              	osSignalSet:
 369              		@ args = 0, pretend = 0, frame = 8
 370              		@ frame_needed = 0, uses_anonymous_args = 0
 371 0000 30B5     		push	{r4, r5, lr}
 372 0002 85B0     		sub	sp, sp, #20
 373 0004 0446     		mov	r4, r0
 374 0006 0D46     		mov	r5, r1
 375 0008 0023     		movs	r3, #0
 376 000a 0393     		str	r3, [sp, #12]
 377 000c 0293     		str	r3, [sp, #8]
ARM GAS  C:\Users\Rick\AppData\Local\Temp\ccLn4K2H.s 			page 7


 378 000e FFF7FEFF 		bl	inHandlerMode
 379 0012 B0B1     		cbz	r0, .L45
 380 0014 03AB     		add	r3, sp, #12
 381 0016 0093     		str	r3, [sp]
 382 0018 02AB     		add	r3, sp, #8
 383 001a 0122     		movs	r2, #1
 384 001c 2946     		mov	r1, r5
 385 001e 2046     		mov	r0, r4
 386 0020 FFF7FEFF 		bl	xTaskGenericNotifyFromISR
 387 0024 0128     		cmp	r0, #1
 388 0026 17D1     		bne	.L48
 389 0028 039B     		ldr	r3, [sp, #12]
 390 002a 93B1     		cbz	r3, .L47
 391 002c 4FF0E023 		mov	r3, #-536813568
 392 0030 4FF08052 		mov	r2, #268435456
 393 0034 C3F8042D 		str	r2, [r3, #3332]
 394              		.syntax unified
 395              	@ 513 "Middlewares/Third_Party/FreeRTOS/Source/CMSIS_RTOS/cmsis_os.c" 1
 396 0038 BFF34F8F 		dsb
 397              	@ 0 "" 2
 398              	@ 513 "Middlewares/Third_Party/FreeRTOS/Source/CMSIS_RTOS/cmsis_os.c" 1
 399 003c BFF36F8F 		isb
 400              	@ 0 "" 2
 401              		.thumb
 402              		.syntax unified
 403 0040 07E0     		b	.L47
 404              	.L45:
 405 0042 02AB     		add	r3, sp, #8
 406 0044 0122     		movs	r2, #1
 407 0046 2946     		mov	r1, r5
 408 0048 2046     		mov	r0, r4
 409 004a FFF7FEFF 		bl	xTaskGenericNotify
 410 004e 0128     		cmp	r0, #1
 411 0050 05D1     		bne	.L49
 412              	.L47:
 413 0052 0298     		ldr	r0, [sp, #8]
 414              	.L44:
 415 0054 05B0     		add	sp, sp, #20
 416              		@ sp needed
 417 0056 30BD     		pop	{r4, r5, pc}
 418              	.L48:
 419 0058 4FF00040 		mov	r0, #-2147483648
 420 005c FAE7     		b	.L44
 421              	.L49:
 422 005e 4FF00040 		mov	r0, #-2147483648
 423 0062 F7E7     		b	.L44
 425              		.section	.text.osSignalWait,"ax",%progbits
 426              		.align	1
 427              		.global	osSignalWait
 428              		.syntax unified
 429              		.thumb
 430              		.thumb_func
 432              	osSignalWait:
 433              		@ args = 0, pretend = 0, frame = 16
 434              		@ frame_needed = 0, uses_anonymous_args = 0
 435 0000 70B5     		push	{r4, r5, r6, lr}
 436 0002 84B0     		sub	sp, sp, #16
ARM GAS  C:\Users\Rick\AppData\Local\Temp\ccLn4K2H.s 			page 8


 437 0004 0446     		mov	r4, r0
 438 0006 0E46     		mov	r6, r1
 439 0008 1546     		mov	r5, r2
 440 000a 0023     		movs	r3, #0
 441 000c 0293     		str	r3, [sp, #8]
 442 000e FFF7FEFF 		bl	inHandlerMode
 443 0012 48B1     		cbz	r0, .L52
 444 0014 8223     		movs	r3, #130
 445 0016 0193     		str	r3, [sp, #4]
 446              	.L53:
 447 0018 04AB     		add	r3, sp, #16
 448 001a 13E90700 		ldmdb	r3, {r0, r1, r2}
 449 001e 84E80700 		stm	r4, {r0, r1, r2}
 450 0022 2046     		mov	r0, r4
 451 0024 04B0     		add	sp, sp, #16
 452              		@ sp needed
 453 0026 70BD     		pop	{r4, r5, r6, pc}
 454              	.L52:
 455 0028 2B46     		mov	r3, r5
 456 002a 02AA     		add	r2, sp, #8
 457 002c 3146     		mov	r1, r6
 458 002e 0020     		movs	r0, #0
 459 0030 FFF7FEFF 		bl	xTaskNotifyWait
 460 0034 0128     		cmp	r0, #1
 461 0036 06D0     		beq	.L54
 462 0038 15B9     		cbnz	r5, .L55
 463 003a 0023     		movs	r3, #0
 464 003c 0193     		str	r3, [sp, #4]
 465 003e EBE7     		b	.L53
 466              	.L55:
 467 0040 4023     		movs	r3, #64
 468 0042 0193     		str	r3, [sp, #4]
 469 0044 E8E7     		b	.L53
 470              	.L54:
 471 0046 029B     		ldr	r3, [sp, #8]
 472 0048 002B     		cmp	r3, #0
 473 004a 02DB     		blt	.L58
 474 004c 0823     		movs	r3, #8
 475 004e 0193     		str	r3, [sp, #4]
 476 0050 E2E7     		b	.L53
 477              	.L58:
 478 0052 8623     		movs	r3, #134
 479 0054 0193     		str	r3, [sp, #4]
 480 0056 DFE7     		b	.L53
 482              		.section	.text.osMutexCreate,"ax",%progbits
 483              		.align	1
 484              		.global	osMutexCreate
 485              		.syntax unified
 486              		.thumb
 487              		.thumb_func
 489              	osMutexCreate:
 490              		@ args = 0, pretend = 0, frame = 0
 491              		@ frame_needed = 0, uses_anonymous_args = 0
 492 0000 08B5     		push	{r3, lr}
 493 0002 4168     		ldr	r1, [r0, #4]
 494 0004 19B1     		cbz	r1, .L60
 495 0006 0120     		movs	r0, #1
ARM GAS  C:\Users\Rick\AppData\Local\Temp\ccLn4K2H.s 			page 9


 496 0008 FFF7FEFF 		bl	xQueueCreateMutexStatic
 497              	.L59:
 498 000c 08BD     		pop	{r3, pc}
 499              	.L60:
 500 000e 0120     		movs	r0, #1
 501 0010 FFF7FEFF 		bl	xQueueCreateMutex
 502 0014 FAE7     		b	.L59
 504              		.section	.text.osMutexWait,"ax",%progbits
 505              		.align	1
 506              		.global	osMutexWait
 507              		.syntax unified
 508              		.thumb
 509              		.thumb_func
 511              	osMutexWait:
 512              		@ args = 0, pretend = 0, frame = 8
 513              		@ frame_needed = 0, uses_anonymous_args = 0
 514 0000 30B5     		push	{r4, r5, lr}
 515 0002 83B0     		sub	sp, sp, #12
 516 0004 0023     		movs	r3, #0
 517 0006 0193     		str	r3, [sp, #4]
 518 0008 10B3     		cbz	r0, .L66
 519 000a 0C46     		mov	r4, r1
 520 000c 0546     		mov	r5, r0
 521 000e FFF7FEFF 		bl	inHandlerMode
 522 0012 A0B1     		cbz	r0, .L65
 523 0014 01AA     		add	r2, sp, #4
 524 0016 0021     		movs	r1, #0
 525 0018 2846     		mov	r0, r5
 526 001a FFF7FEFF 		bl	xQueueReceiveFromISR
 527 001e 0128     		cmp	r0, #1
 528 0020 18D1     		bne	.L67
 529 0022 019B     		ldr	r3, [sp, #4]
 530 0024 C3B1     		cbz	r3, .L68
 531 0026 4FF0E023 		mov	r3, #-536813568
 532 002a 4FF08052 		mov	r2, #268435456
 533 002e C3F8042D 		str	r2, [r3, #3332]
 534              		.syntax unified
 535              	@ 651 "Middlewares/Third_Party/FreeRTOS/Source/CMSIS_RTOS/cmsis_os.c" 1
 536 0032 BFF34F8F 		dsb
 537              	@ 0 "" 2
 538              	@ 651 "Middlewares/Third_Party/FreeRTOS/Source/CMSIS_RTOS/cmsis_os.c" 1
 539 0036 BFF36F8F 		isb
 540              	@ 0 "" 2
 541              		.thumb
 542              		.syntax unified
 543 003a 0020     		movs	r0, #0
 544 003c 06E0     		b	.L63
 545              	.L65:
 546 003e 2146     		mov	r1, r4
 547 0040 2846     		mov	r0, r5
 548 0042 FFF7FEFF 		bl	xQueueSemaphoreTake
 549 0046 0128     		cmp	r0, #1
 550 0048 08D1     		bne	.L69
 551 004a 0020     		movs	r0, #0
 552              	.L63:
 553 004c 03B0     		add	sp, sp, #12
 554              		@ sp needed
ARM GAS  C:\Users\Rick\AppData\Local\Temp\ccLn4K2H.s 			page 10


 555 004e 30BD     		pop	{r4, r5, pc}
 556              	.L66:
 557 0050 8020     		movs	r0, #128
 558 0052 FBE7     		b	.L63
 559              	.L67:
 560 0054 FF20     		movs	r0, #255
 561 0056 F9E7     		b	.L63
 562              	.L68:
 563 0058 0020     		movs	r0, #0
 564 005a F7E7     		b	.L63
 565              	.L69:
 566 005c FF20     		movs	r0, #255
 567 005e F5E7     		b	.L63
 569              		.section	.text.osMutexRelease,"ax",%progbits
 570              		.align	1
 571              		.global	osMutexRelease
 572              		.syntax unified
 573              		.thumb
 574              		.thumb_func
 576              	osMutexRelease:
 577              		@ args = 0, pretend = 0, frame = 8
 578              		@ frame_needed = 0, uses_anonymous_args = 0
 579 0000 10B5     		push	{r4, lr}
 580 0002 82B0     		sub	sp, sp, #8
 581 0004 0446     		mov	r4, r0
 582 0006 0023     		movs	r3, #0
 583 0008 0193     		str	r3, [sp, #4]
 584 000a FFF7FEFF 		bl	inHandlerMode
 585 000e 98B1     		cbz	r0, .L72
 586 0010 01A9     		add	r1, sp, #4
 587 0012 2046     		mov	r0, r4
 588 0014 FFF7FEFF 		bl	xQueueGiveFromISR
 589 0018 0128     		cmp	r0, #1
 590 001a 1AD1     		bne	.L74
 591 001c 019B     		ldr	r3, [sp, #4]
 592 001e D3B1     		cbz	r3, .L75
 593 0020 4FF0E023 		mov	r3, #-536813568
 594 0024 4FF08052 		mov	r2, #268435456
 595 0028 C3F8042D 		str	r2, [r3, #3332]
 596              		.syntax unified
 597              	@ 675 "Middlewares/Third_Party/FreeRTOS/Source/CMSIS_RTOS/cmsis_os.c" 1
 598 002c BFF34F8F 		dsb
 599              	@ 0 "" 2
 600              	@ 675 "Middlewares/Third_Party/FreeRTOS/Source/CMSIS_RTOS/cmsis_os.c" 1
 601 0030 BFF36F8F 		isb
 602              	@ 0 "" 2
 603              		.thumb
 604              		.syntax unified
 605 0034 0020     		movs	r0, #0
 606 0036 08E0     		b	.L71
 607              	.L72:
 608 0038 0023     		movs	r3, #0
 609 003a 1A46     		mov	r2, r3
 610 003c 1946     		mov	r1, r3
 611 003e 2046     		mov	r0, r4
 612 0040 FFF7FEFF 		bl	xQueueGenericSend
 613 0044 0128     		cmp	r0, #1
ARM GAS  C:\Users\Rick\AppData\Local\Temp\ccLn4K2H.s 			page 11


 614 0046 02D0     		beq	.L78
 615 0048 FF20     		movs	r0, #255
 616              	.L71:
 617 004a 02B0     		add	sp, sp, #8
 618              		@ sp needed
 619 004c 10BD     		pop	{r4, pc}
 620              	.L78:
 621 004e 0020     		movs	r0, #0
 622 0050 FBE7     		b	.L71
 623              	.L74:
 624 0052 FF20     		movs	r0, #255
 625 0054 F9E7     		b	.L71
 626              	.L75:
 627 0056 0020     		movs	r0, #0
 628 0058 F7E7     		b	.L71
 630              		.section	.text.osMutexDelete,"ax",%progbits
 631              		.align	1
 632              		.global	osMutexDelete
 633              		.syntax unified
 634              		.thumb
 635              		.thumb_func
 637              	osMutexDelete:
 638              		@ args = 0, pretend = 0, frame = 0
 639              		@ frame_needed = 0, uses_anonymous_args = 0
 640 0000 10B5     		push	{r4, lr}
 641 0002 0446     		mov	r4, r0
 642 0004 FFF7FEFF 		bl	inHandlerMode
 643 0008 20B9     		cbnz	r0, .L81
 644 000a 2046     		mov	r0, r4
 645 000c FFF7FEFF 		bl	vQueueDelete
 646 0010 0020     		movs	r0, #0
 647              	.L79:
 648 0012 10BD     		pop	{r4, pc}
 649              	.L81:
 650 0014 8220     		movs	r0, #130
 651 0016 FCE7     		b	.L79
 653              		.section	.text.osSemaphoreCreate,"ax",%progbits
 654              		.align	1
 655              		.global	osSemaphoreCreate
 656              		.syntax unified
 657              		.thumb
 658              		.thumb_func
 660              	osSemaphoreCreate:
 661              		@ args = 0, pretend = 0, frame = 0
 662              		@ frame_needed = 0, uses_anonymous_args = 0
 663 0000 10B5     		push	{r4, lr}
 664 0002 82B0     		sub	sp, sp, #8
 665 0004 4468     		ldr	r4, [r0, #4]
 666 0006 7CB1     		cbz	r4, .L84
 667 0008 0129     		cmp	r1, #1
 668 000a 03D0     		beq	.L89
 669 000c 0024     		movs	r4, #0
 670              	.L83:
 671 000e 2046     		mov	r0, r4
 672 0010 02B0     		add	sp, sp, #8
 673              		@ sp needed
 674 0012 10BD     		pop	{r4, pc}
ARM GAS  C:\Users\Rick\AppData\Local\Temp\ccLn4K2H.s 			page 12


 675              	.L89:
 676 0014 0323     		movs	r3, #3
 677 0016 0093     		str	r3, [sp]
 678 0018 2346     		mov	r3, r4
 679 001a 0022     		movs	r2, #0
 680 001c 1146     		mov	r1, r2
 681 001e 0120     		movs	r0, #1
 682 0020 FFF7FEFF 		bl	xQueueGenericCreateStatic
 683 0024 0446     		mov	r4, r0
 684 0026 F2E7     		b	.L83
 685              	.L84:
 686 0028 0129     		cmp	r1, #1
 687 002a F0D1     		bne	.L83
 688 002c 0322     		movs	r2, #3
 689 002e 0021     		movs	r1, #0
 690 0030 0120     		movs	r0, #1
 691 0032 FFF7FEFF 		bl	xQueueGenericCreate
 692 0036 0446     		mov	r4, r0
 693 0038 0028     		cmp	r0, #0
 694 003a E8D0     		beq	.L83
 695 003c 0023     		movs	r3, #0
 696 003e 1A46     		mov	r2, r3
 697 0040 1946     		mov	r1, r3
 698 0042 FFF7FEFF 		bl	xQueueGenericSend
 699 0046 E2E7     		b	.L83
 701              		.section	.text.osSemaphoreWait,"ax",%progbits
 702              		.align	1
 703              		.global	osSemaphoreWait
 704              		.syntax unified
 705              		.thumb
 706              		.thumb_func
 708              	osSemaphoreWait:
 709              		@ args = 0, pretend = 0, frame = 8
 710              		@ frame_needed = 0, uses_anonymous_args = 0
 711 0000 70B5     		push	{r4, r5, r6, lr}
 712 0002 82B0     		sub	sp, sp, #8
 713 0004 0023     		movs	r3, #0
 714 0006 0193     		str	r3, [sp, #4]
 715 0008 18B3     		cbz	r0, .L93
 716 000a 0C46     		mov	r4, r1
 717 000c 0646     		mov	r6, r0
 718 000e FFF7FEFF 		bl	inHandlerMode
 719 0012 0546     		mov	r5, r0
 720 0014 A0B1     		cbz	r0, .L92
 721 0016 01AA     		add	r2, sp, #4
 722 0018 0021     		movs	r1, #0
 723 001a 3046     		mov	r0, r6
 724 001c FFF7FEFF 		bl	xQueueReceiveFromISR
 725 0020 0128     		cmp	r0, #1
 726 0022 18D1     		bne	.L94
 727 0024 019D     		ldr	r5, [sp, #4]
 728 0026 8DB1     		cbz	r5, .L90
 729 0028 4FF0E023 		mov	r3, #-536813568
 730 002c 4FF08052 		mov	r2, #268435456
 731 0030 C3F8042D 		str	r2, [r3, #3332]
 732              		.syntax unified
 733              	@ 804 "Middlewares/Third_Party/FreeRTOS/Source/CMSIS_RTOS/cmsis_os.c" 1
ARM GAS  C:\Users\Rick\AppData\Local\Temp\ccLn4K2H.s 			page 13


 734 0034 BFF34F8F 		dsb
 735              	@ 0 "" 2
 736              	@ 804 "Middlewares/Third_Party/FreeRTOS/Source/CMSIS_RTOS/cmsis_os.c" 1
 737 0038 BFF36F8F 		isb
 738              	@ 0 "" 2
 739              		.thumb
 740              		.syntax unified
 741 003c 0025     		movs	r5, #0
 742 003e 05E0     		b	.L90
 743              	.L92:
 744 0040 2146     		mov	r1, r4
 745 0042 3046     		mov	r0, r6
 746 0044 FFF7FEFF 		bl	xQueueSemaphoreTake
 747 0048 0128     		cmp	r0, #1
 748 004a 06D1     		bne	.L97
 749              	.L90:
 750 004c 2846     		mov	r0, r5
 751 004e 02B0     		add	sp, sp, #8
 752              		@ sp needed
 753 0050 70BD     		pop	{r4, r5, r6, pc}
 754              	.L93:
 755 0052 8025     		movs	r5, #128
 756 0054 FAE7     		b	.L90
 757              	.L94:
 758 0056 FF25     		movs	r5, #255
 759 0058 F8E7     		b	.L90
 760              	.L97:
 761 005a FF25     		movs	r5, #255
 762 005c F6E7     		b	.L90
 764              		.section	.text.osSemaphoreRelease,"ax",%progbits
 765              		.align	1
 766              		.global	osSemaphoreRelease
 767              		.syntax unified
 768              		.thumb
 769              		.thumb_func
 771              	osSemaphoreRelease:
 772              		@ args = 0, pretend = 0, frame = 8
 773              		@ frame_needed = 0, uses_anonymous_args = 0
 774 0000 10B5     		push	{r4, lr}
 775 0002 82B0     		sub	sp, sp, #8
 776 0004 0446     		mov	r4, r0
 777 0006 0023     		movs	r3, #0
 778 0008 0193     		str	r3, [sp, #4]
 779 000a FFF7FEFF 		bl	inHandlerMode
 780 000e 98B1     		cbz	r0, .L99
 781 0010 01A9     		add	r1, sp, #4
 782 0012 2046     		mov	r0, r4
 783 0014 FFF7FEFF 		bl	xQueueGiveFromISR
 784 0018 0128     		cmp	r0, #1
 785 001a 1AD1     		bne	.L101
 786 001c 019B     		ldr	r3, [sp, #4]
 787 001e D3B1     		cbz	r3, .L102
 788 0020 4FF0E023 		mov	r3, #-536813568
 789 0024 4FF08052 		mov	r2, #268435456
 790 0028 C3F8042D 		str	r2, [r3, #3332]
 791              		.syntax unified
 792              	@ 829 "Middlewares/Third_Party/FreeRTOS/Source/CMSIS_RTOS/cmsis_os.c" 1
ARM GAS  C:\Users\Rick\AppData\Local\Temp\ccLn4K2H.s 			page 14


 793 002c BFF34F8F 		dsb
 794              	@ 0 "" 2
 795              	@ 829 "Middlewares/Third_Party/FreeRTOS/Source/CMSIS_RTOS/cmsis_os.c" 1
 796 0030 BFF36F8F 		isb
 797              	@ 0 "" 2
 798              		.thumb
 799              		.syntax unified
 800 0034 0020     		movs	r0, #0
 801 0036 08E0     		b	.L98
 802              	.L99:
 803 0038 0023     		movs	r3, #0
 804 003a 1A46     		mov	r2, r3
 805 003c 1946     		mov	r1, r3
 806 003e 2046     		mov	r0, r4
 807 0040 FFF7FEFF 		bl	xQueueGenericSend
 808 0044 0128     		cmp	r0, #1
 809 0046 02D0     		beq	.L105
 810 0048 FF20     		movs	r0, #255
 811              	.L98:
 812 004a 02B0     		add	sp, sp, #8
 813              		@ sp needed
 814 004c 10BD     		pop	{r4, pc}
 815              	.L105:
 816 004e 0020     		movs	r0, #0
 817 0050 FBE7     		b	.L98
 818              	.L101:
 819 0052 FF20     		movs	r0, #255
 820 0054 F9E7     		b	.L98
 821              	.L102:
 822 0056 0020     		movs	r0, #0
 823 0058 F7E7     		b	.L98
 825              		.section	.text.osSemaphoreDelete,"ax",%progbits
 826              		.align	1
 827              		.global	osSemaphoreDelete
 828              		.syntax unified
 829              		.thumb
 830              		.thumb_func
 832              	osSemaphoreDelete:
 833              		@ args = 0, pretend = 0, frame = 0
 834              		@ frame_needed = 0, uses_anonymous_args = 0
 835 0000 10B5     		push	{r4, lr}
 836 0002 0446     		mov	r4, r0
 837 0004 FFF7FEFF 		bl	inHandlerMode
 838 0008 20B9     		cbnz	r0, .L108
 839 000a 2046     		mov	r0, r4
 840 000c FFF7FEFF 		bl	vQueueDelete
 841 0010 0020     		movs	r0, #0
 842              	.L106:
 843 0012 10BD     		pop	{r4, pc}
 844              	.L108:
 845 0014 8220     		movs	r0, #130
 846 0016 FCE7     		b	.L106
 848              		.section	.text.osPoolCreate,"ax",%progbits
 849              		.align	1
 850              		.global	osPoolCreate
 851              		.syntax unified
 852              		.thumb
ARM GAS  C:\Users\Rick\AppData\Local\Temp\ccLn4K2H.s 			page 15


 853              		.thumb_func
 855              	osPoolCreate:
 856              		@ args = 0, pretend = 0, frame = 0
 857              		@ frame_needed = 0, uses_anonymous_args = 0
 858 0000 F8B5     		push	{r3, r4, r5, r6, r7, lr}
 859 0002 0446     		mov	r4, r0
 860 0004 4368     		ldr	r3, [r0, #4]
 861 0006 0333     		adds	r3, r3, #3
 862 0008 23F00306 		bic	r6, r3, #3
 863 000c 1420     		movs	r0, #20
 864 000e FFF7FEFF 		bl	pvPortMalloc
 865 0012 0546     		mov	r5, r0
 866 0014 D8B1     		cbz	r0, .L110
 867 0016 2368     		ldr	r3, [r4]
 868 0018 8360     		str	r3, [r0, #8]
 869 001a C660     		str	r6, [r0, #12]
 870 001c 0023     		movs	r3, #0
 871 001e 0361     		str	r3, [r0, #16]
 872 0020 2068     		ldr	r0, [r4]
 873 0022 FFF7FEFF 		bl	pvPortMalloc
 874 0026 0746     		mov	r7, r0
 875 0028 6860     		str	r0, [r5, #4]
 876 002a D0B1     		cbz	r0, .L112
 877 002c 2068     		ldr	r0, [r4]
 878 002e 06FB00F0 		mul	r0, r6, r0
 879 0032 FFF7FEFF 		bl	pvPortMalloc
 880 0036 0646     		mov	r6, r0
 881 0038 2860     		str	r0, [r5]
 882 003a 50B1     		cbz	r0, .L119
 883 003c 0023     		movs	r3, #0
 884 003e 03E0     		b	.L113
 885              	.L115:
 886 0040 6A68     		ldr	r2, [r5, #4]
 887 0042 0021     		movs	r1, #0
 888 0044 D154     		strb	r1, [r2, r3]
 889 0046 0133     		adds	r3, r3, #1
 890              	.L113:
 891 0048 2268     		ldr	r2, [r4]
 892 004a 9A42     		cmp	r2, r3
 893 004c F8D8     		bhi	.L115
 894              	.L110:
 895 004e 2846     		mov	r0, r5
 896 0050 F8BD     		pop	{r3, r4, r5, r6, r7, pc}
 897              	.L119:
 898 0052 6868     		ldr	r0, [r5, #4]
 899 0054 FFF7FEFF 		bl	vPortFree
 900 0058 2846     		mov	r0, r5
 901 005a FFF7FEFF 		bl	vPortFree
 902 005e 3546     		mov	r5, r6
 903 0060 F5E7     		b	.L110
 904              	.L112:
 905 0062 2846     		mov	r0, r5
 906 0064 FFF7FEFF 		bl	vPortFree
 907 0068 3D46     		mov	r5, r7
 908 006a F0E7     		b	.L110
 910              		.section	.text.osPoolAlloc,"ax",%progbits
 911              		.align	1
ARM GAS  C:\Users\Rick\AppData\Local\Temp\ccLn4K2H.s 			page 16


 912              		.global	osPoolAlloc
 913              		.syntax unified
 914              		.thumb
 915              		.thumb_func
 917              	osPoolAlloc:
 918              		@ args = 0, pretend = 0, frame = 0
 919              		@ frame_needed = 0, uses_anonymous_args = 0
 920 0000 70B5     		push	{r4, r5, r6, lr}
 921 0002 0446     		mov	r4, r0
 922 0004 FFF7FEFF 		bl	inHandlerMode
 923 0008 58B1     		cbz	r0, .L121
 924              		.syntax unified
 925              	@ 211 "Middlewares/Third_Party/FreeRTOS/Source/portable/GCC/ARM_CM4F/portmacro.h" 1
 926 000a EFF31185 			mrs r5, basepri											
 927 000e 4FF05003 		mov r3, #80												
 928 0012 83F31188 		msr basepri, r3											
 929 0016 BFF36F8F 		isb														
 930 001a BFF34F8F 		dsb														
 931              	
 932              	@ 0 "" 2
 933              		.thumb
 934              		.syntax unified
 935              	.L122:
 936 001e 0021     		movs	r1, #0
 937 0020 04E0     		b	.L123
 938              	.L121:
 939 0022 0546     		mov	r5, r0
 940 0024 FFF7FEFF 		bl	vPortEnterCritical
 941 0028 F9E7     		b	.L122
 942              	.L124:
 943 002a 0131     		adds	r1, r1, #1
 944              	.L123:
 945 002c A268     		ldr	r2, [r4, #8]
 946 002e 8A42     		cmp	r2, r1
 947 0030 11D9     		bls	.L130
 948 0032 2369     		ldr	r3, [r4, #16]
 949 0034 0B44     		add	r3, r3, r1
 950 0036 B3FBF2F0 		udiv	r0, r3, r2
 951 003a 02FB1033 		mls	r3, r2, r0, r3
 952 003e 6268     		ldr	r2, [r4, #4]
 953 0040 D05C     		ldrb	r0, [r2, r3]	@ zero_extendqisi2
 954 0042 0028     		cmp	r0, #0
 955 0044 F1D1     		bne	.L124
 956 0046 0121     		movs	r1, #1
 957 0048 D154     		strb	r1, [r2, r3]
 958 004a 2668     		ldr	r6, [r4]
 959 004c E268     		ldr	r2, [r4, #12]
 960 004e 03FB0266 		mla	r6, r3, r2, r6
 961 0052 2361     		str	r3, [r4, #16]
 962 0054 00E0     		b	.L125
 963              	.L130:
 964 0056 0026     		movs	r6, #0
 965              	.L125:
 966 0058 FFF7FEFF 		bl	inHandlerMode
 967 005c 18B1     		cbz	r0, .L127
 968              		.syntax unified
 969              	@ 229 "Middlewares/Third_Party/FreeRTOS/Source/portable/GCC/ARM_CM4F/portmacro.h" 1
ARM GAS  C:\Users\Rick\AppData\Local\Temp\ccLn4K2H.s 			page 17


 970 005e 85F31188 			msr basepri, r5	
 971              	@ 0 "" 2
 972              		.thumb
 973              		.syntax unified
 974              	.L120:
 975 0062 3046     		mov	r0, r6
 976 0064 70BD     		pop	{r4, r5, r6, pc}
 977              	.L127:
 978 0066 FFF7FEFF 		bl	vPortExitCritical
 979 006a FAE7     		b	.L120
 981              		.section	.text.osPoolCAlloc,"ax",%progbits
 982              		.align	1
 983              		.global	osPoolCAlloc
 984              		.syntax unified
 985              		.thumb
 986              		.thumb_func
 988              	osPoolCAlloc:
 989              		@ args = 0, pretend = 0, frame = 0
 990              		@ frame_needed = 0, uses_anonymous_args = 0
 991 0000 08B5     		push	{r3, lr}
 992 0002 FFF7FEFF 		bl	osPoolAlloc
 993 0006 08B1     		cbz	r0, .L131
 994 0008 0023     		movs	r3, #0
 995 000a 0360     		str	r3, [r0]	@ unaligned
 996              	.L131:
 997 000c 08BD     		pop	{r3, pc}
 999              		.section	.text.osPoolFree,"ax",%progbits
 1000              		.align	1
 1001              		.global	osPoolFree
 1002              		.syntax unified
 1003              		.thumb
 1004              		.thumb_func
 1006              	osPoolFree:
 1007              		@ args = 0, pretend = 0, frame = 0
 1008              		@ frame_needed = 0, uses_anonymous_args = 0
 1009              		@ link register save eliminated.
 1010 0000 0346     		mov	r3, r0
 1011 0002 98B1     		cbz	r0, .L136
 1012 0004 A1B1     		cbz	r1, .L137
 1013 0006 0268     		ldr	r2, [r0]
 1014 0008 8A42     		cmp	r2, r1
 1015 000a 13D8     		bhi	.L138
 1016 000c 891A     		subs	r1, r1, r2
 1017 000e C268     		ldr	r2, [r0, #12]
 1018 0010 B1FBF2F0 		udiv	r0, r1, r2
 1019 0014 02FB1010 		mls	r0, r2, r0, r1
 1020 0018 70B9     		cbnz	r0, .L139
 1021 001a B1FBF2F1 		udiv	r1, r1, r2
 1022 001e 9A68     		ldr	r2, [r3, #8]
 1023 0020 8A42     		cmp	r2, r1
 1024 0022 0BD9     		bls	.L140
 1025 0024 5B68     		ldr	r3, [r3, #4]
 1026 0026 0022     		movs	r2, #0
 1027 0028 5A54     		strb	r2, [r3, r1]
 1028 002a 7047     		bx	lr
 1029              	.L136:
 1030 002c 8020     		movs	r0, #128
ARM GAS  C:\Users\Rick\AppData\Local\Temp\ccLn4K2H.s 			page 18


 1031 002e 7047     		bx	lr
 1032              	.L137:
 1033 0030 8020     		movs	r0, #128
 1034 0032 7047     		bx	lr
 1035              	.L138:
 1036 0034 8020     		movs	r0, #128
 1037 0036 7047     		bx	lr
 1038              	.L139:
 1039 0038 8020     		movs	r0, #128
 1040 003a 7047     		bx	lr
 1041              	.L140:
 1042 003c 8020     		movs	r0, #128
 1043 003e 7047     		bx	lr
 1045              		.section	.text.osMessageCreate,"ax",%progbits
 1046              		.align	1
 1047              		.global	osMessageCreate
 1048              		.syntax unified
 1049              		.thumb
 1050              		.thumb_func
 1052              	osMessageCreate:
 1053              		@ args = 0, pretend = 0, frame = 0
 1054              		@ frame_needed = 0, uses_anonymous_args = 0
 1055 0000 00B5     		push	{lr}
 1056 0002 83B0     		sub	sp, sp, #12
 1057 0004 8268     		ldr	r2, [r0, #8]
 1058 0006 42B1     		cbz	r2, .L142
 1059 0008 C368     		ldr	r3, [r0, #12]
 1060 000a 33B1     		cbz	r3, .L142
 1061 000c 0021     		movs	r1, #0
 1062 000e 0091     		str	r1, [sp]
 1063 0010 4168     		ldr	r1, [r0, #4]
 1064 0012 0068     		ldr	r0, [r0]
 1065 0014 FFF7FEFF 		bl	xQueueGenericCreateStatic
 1066 0018 04E0     		b	.L141
 1067              	.L142:
 1068 001a 0022     		movs	r2, #0
 1069 001c 4168     		ldr	r1, [r0, #4]
 1070 001e 0068     		ldr	r0, [r0]
 1071 0020 FFF7FEFF 		bl	xQueueGenericCreate
 1072              	.L141:
 1073 0024 03B0     		add	sp, sp, #12
 1074              		@ sp needed
 1075 0026 5DF804FB 		ldr	pc, [sp], #4
 1077              		.section	.text.osMessagePut,"ax",%progbits
 1078              		.align	1
 1079              		.global	osMessagePut
 1080              		.syntax unified
 1081              		.thumb
 1082              		.thumb_func
 1084              	osMessagePut:
 1085              		@ args = 0, pretend = 0, frame = 16
 1086              		@ frame_needed = 0, uses_anonymous_args = 0
 1087 0000 30B5     		push	{r4, r5, lr}
 1088 0002 85B0     		sub	sp, sp, #20
 1089 0004 0446     		mov	r4, r0
 1090 0006 0191     		str	r1, [sp, #4]
 1091 0008 0023     		movs	r3, #0
ARM GAS  C:\Users\Rick\AppData\Local\Temp\ccLn4K2H.s 			page 19


 1092 000a 0393     		str	r3, [sp, #12]
 1093 000c 1546     		mov	r5, r2
 1094 000e 02B9     		cbnz	r2, .L146
 1095 0010 0125     		movs	r5, #1
 1096              	.L146:
 1097 0012 FFF7FEFF 		bl	inHandlerMode
 1098 0016 A8B1     		cbz	r0, .L147
 1099 0018 0023     		movs	r3, #0
 1100 001a 03AA     		add	r2, sp, #12
 1101 001c 01A9     		add	r1, sp, #4
 1102 001e 2046     		mov	r0, r4
 1103 0020 FFF7FEFF 		bl	xQueueGenericSendFromISR
 1104 0024 0128     		cmp	r0, #1
 1105 0026 18D1     		bne	.L150
 1106 0028 039B     		ldr	r3, [sp, #12]
 1107 002a C3B1     		cbz	r3, .L151
 1108 002c 4FF0E023 		mov	r3, #-536813568
 1109 0030 4FF08052 		mov	r2, #268435456
 1110 0034 C3F8042D 		str	r2, [r3, #3332]
 1111              		.syntax unified
 1112              	@ 1081 "Middlewares/Third_Party/FreeRTOS/Source/CMSIS_RTOS/cmsis_os.c" 1
 1113 0038 BFF34F8F 		dsb
 1114              	@ 0 "" 2
 1115              	@ 1081 "Middlewares/Third_Party/FreeRTOS/Source/CMSIS_RTOS/cmsis_os.c" 1
 1116 003c BFF36F8F 		isb
 1117              	@ 0 "" 2
 1118              		.thumb
 1119              		.syntax unified
 1120 0040 0020     		movs	r0, #0
 1121 0042 08E0     		b	.L145
 1122              	.L147:
 1123 0044 0023     		movs	r3, #0
 1124 0046 2A46     		mov	r2, r5
 1125 0048 01A9     		add	r1, sp, #4
 1126 004a 2046     		mov	r0, r4
 1127 004c FFF7FEFF 		bl	xQueueGenericSend
 1128 0050 0128     		cmp	r0, #1
 1129 0052 06D1     		bne	.L152
 1130 0054 0020     		movs	r0, #0
 1131              	.L145:
 1132 0056 05B0     		add	sp, sp, #20
 1133              		@ sp needed
 1134 0058 30BD     		pop	{r4, r5, pc}
 1135              	.L150:
 1136 005a FF20     		movs	r0, #255
 1137 005c FBE7     		b	.L145
 1138              	.L151:
 1139 005e 0020     		movs	r0, #0
 1140 0060 F9E7     		b	.L145
 1141              	.L152:
 1142 0062 FF20     		movs	r0, #255
 1143 0064 F7E7     		b	.L145
 1145              		.section	.text.osMessageGet,"ax",%progbits
 1146              		.align	1
 1147              		.global	osMessageGet
 1148              		.syntax unified
 1149              		.thumb
ARM GAS  C:\Users\Rick\AppData\Local\Temp\ccLn4K2H.s 			page 20


 1150              		.thumb_func
 1152              	osMessageGet:
 1153              		@ args = 0, pretend = 0, frame = 16
 1154              		@ frame_needed = 0, uses_anonymous_args = 0
 1155 0000 70B5     		push	{r4, r5, r6, lr}
 1156 0002 84B0     		sub	sp, sp, #16
 1157 0004 0446     		mov	r4, r0
 1158 0006 0291     		str	r1, [sp, #8]
 1159 0008 0023     		movs	r3, #0
 1160 000a 0193     		str	r3, [sp, #4]
 1161 000c E1B1     		cbz	r1, .L165
 1162 000e 0D46     		mov	r5, r1
 1163 0010 1646     		mov	r6, r2
 1164 0012 0023     		movs	r3, #0
 1165 0014 0393     		str	r3, [sp, #12]
 1166 0016 FFF7FEFF 		bl	inHandlerMode
 1167 001a F8B1     		cbz	r0, .L157
 1168 001c 03AA     		add	r2, sp, #12
 1169 001e 01A9     		add	r1, sp, #4
 1170 0020 2846     		mov	r0, r5
 1171 0022 FFF7FEFF 		bl	xQueueReceiveFromISR
 1172 0026 0128     		cmp	r0, #1
 1173 0028 15D0     		beq	.L166
 1174 002a 0023     		movs	r3, #0
 1175 002c 0093     		str	r3, [sp]
 1176              	.L159:
 1177 002e 039B     		ldr	r3, [sp, #12]
 1178 0030 F3B1     		cbz	r3, .L160
 1179 0032 4FF0E023 		mov	r3, #-536813568
 1180 0036 4FF08052 		mov	r2, #268435456
 1181 003a C3F8042D 		str	r2, [r3, #3332]
 1182              		.syntax unified
 1183              	@ 1134 "Middlewares/Third_Party/FreeRTOS/Source/CMSIS_RTOS/cmsis_os.c" 1
 1184 003e BFF34F8F 		dsb
 1185              	@ 0 "" 2
 1186              	@ 1134 "Middlewares/Third_Party/FreeRTOS/Source/CMSIS_RTOS/cmsis_os.c" 1
 1187 0042 BFF36F8F 		isb
 1188              	@ 0 "" 2
 1189              		.thumb
 1190              		.syntax unified
 1191 0046 13E0     		b	.L160
 1192              	.L165:
 1193 0048 8023     		movs	r3, #128
 1194 004a 0093     		str	r3, [sp]
 1195 004c 9DE80700 		ldm	sp, {r0, r1, r2}
 1196 0050 84E80700 		stm	r4, {r0, r1, r2}
 1197 0054 10E0     		b	.L154
 1198              	.L166:
 1199 0056 1023     		movs	r3, #16
 1200 0058 0093     		str	r3, [sp]
 1201 005a E8E7     		b	.L159
 1202              	.L157:
 1203 005c 3246     		mov	r2, r6
 1204 005e 01A9     		add	r1, sp, #4
 1205 0060 2846     		mov	r0, r5
 1206 0062 FFF7FEFF 		bl	xQueueReceive
 1207 0066 0128     		cmp	r0, #1
ARM GAS  C:\Users\Rick\AppData\Local\Temp\ccLn4K2H.s 			page 21


 1208 0068 09D0     		beq	.L167
 1209 006a 06B1     		cbz	r6, .L162
 1210 006c 4026     		movs	r6, #64
 1211              	.L162:
 1212 006e 0096     		str	r6, [sp]
 1213              	.L160:
 1214 0070 9DE80700 		ldm	sp, {r0, r1, r2}
 1215 0074 84E80700 		stm	r4, {r0, r1, r2}
 1216              	.L154:
 1217 0078 2046     		mov	r0, r4
 1218 007a 04B0     		add	sp, sp, #16
 1219              		@ sp needed
 1220 007c 70BD     		pop	{r4, r5, r6, pc}
 1221              	.L167:
 1222 007e 1023     		movs	r3, #16
 1223 0080 0093     		str	r3, [sp]
 1224 0082 F5E7     		b	.L160
 1226              		.section	.text.osMailCreate,"ax",%progbits
 1227              		.align	1
 1228              		.global	osMailCreate
 1229              		.syntax unified
 1230              		.thumb
 1231              		.thumb_func
 1233              	osMailCreate:
 1234              		@ args = 0, pretend = 0, frame = 16
 1235              		@ frame_needed = 0, uses_anonymous_args = 0
 1236 0000 70B5     		push	{r4, r5, r6, lr}
 1237 0002 84B0     		sub	sp, sp, #16
 1238 0004 0446     		mov	r4, r0
 1239 0006 0368     		ldr	r3, [r0]
 1240 0008 0193     		str	r3, [sp, #4]
 1241 000a 4368     		ldr	r3, [r0, #4]
 1242 000c 0293     		str	r3, [sp, #8]
 1243 000e 0023     		movs	r3, #0
 1244 0010 0393     		str	r3, [sp, #12]
 1245 0012 8568     		ldr	r5, [r0, #8]
 1246 0014 0C20     		movs	r0, #12
 1247 0016 FFF7FEFF 		bl	pvPortMalloc
 1248 001a 2860     		str	r0, [r5]
 1249 001c A368     		ldr	r3, [r4, #8]
 1250 001e 1D68     		ldr	r5, [r3]
 1251 0020 A5B1     		cbz	r5, .L168
 1252 0022 2C60     		str	r4, [r5]
 1253 0024 A368     		ldr	r3, [r4, #8]
 1254 0026 1D68     		ldr	r5, [r3]
 1255 0028 0022     		movs	r2, #0
 1256 002a 0421     		movs	r1, #4
 1257 002c 2068     		ldr	r0, [r4]
 1258 002e FFF7FEFF 		bl	xQueueGenericCreate
 1259 0032 6860     		str	r0, [r5, #4]
 1260 0034 A368     		ldr	r3, [r4, #8]
 1261 0036 1E68     		ldr	r6, [r3]
 1262 0038 7568     		ldr	r5, [r6, #4]
 1263 003a 55B1     		cbz	r5, .L172
 1264 003c 01A8     		add	r0, sp, #4
 1265 003e FFF7FEFF 		bl	osPoolCreate
 1266 0042 B060     		str	r0, [r6, #8]
ARM GAS  C:\Users\Rick\AppData\Local\Temp\ccLn4K2H.s 			page 22


 1267 0044 A368     		ldr	r3, [r4, #8]
 1268 0046 1D68     		ldr	r5, [r3]
 1269 0048 AC68     		ldr	r4, [r5, #8]
 1270 004a 34B1     		cbz	r4, .L173
 1271              	.L168:
 1272 004c 2846     		mov	r0, r5
 1273 004e 04B0     		add	sp, sp, #16
 1274              		@ sp needed
 1275 0050 70BD     		pop	{r4, r5, r6, pc}
 1276              	.L172:
 1277 0052 3046     		mov	r0, r6
 1278 0054 FFF7FEFF 		bl	vPortFree
 1279 0058 F8E7     		b	.L168
 1280              	.L173:
 1281 005a 2846     		mov	r0, r5
 1282 005c FFF7FEFF 		bl	vPortFree
 1283 0060 2546     		mov	r5, r4
 1284 0062 F3E7     		b	.L168
 1286              		.section	.text.osMailAlloc,"ax",%progbits
 1287              		.align	1
 1288              		.global	osMailAlloc
 1289              		.syntax unified
 1290              		.thumb
 1291              		.thumb_func
 1293              	osMailAlloc:
 1294              		@ args = 0, pretend = 0, frame = 0
 1295              		@ frame_needed = 0, uses_anonymous_args = 0
 1296 0000 08B5     		push	{r3, lr}
 1297 0002 10B1     		cbz	r0, .L174
 1298 0004 8068     		ldr	r0, [r0, #8]
 1299 0006 FFF7FEFF 		bl	osPoolAlloc
 1300              	.L174:
 1301 000a 08BD     		pop	{r3, pc}
 1303              		.section	.text.osMailCAlloc,"ax",%progbits
 1304              		.align	1
 1305              		.global	osMailCAlloc
 1306              		.syntax unified
 1307              		.thumb
 1308              		.thumb_func
 1310              	osMailCAlloc:
 1311              		@ args = 0, pretend = 0, frame = 0
 1312              		@ frame_needed = 0, uses_anonymous_args = 0
 1313 0000 10B5     		push	{r4, lr}
 1314 0002 0446     		mov	r4, r0
 1315 0004 FFF7FEFF 		bl	osMailAlloc
 1316 0008 0146     		mov	r1, r0
 1317 000a 40B1     		cbz	r0, .L178
 1318 000c 0023     		movs	r3, #0
 1319 000e 02E0     		b	.L179
 1320              	.L181:
 1321 0010 0022     		movs	r2, #0
 1322 0012 CA54     		strb	r2, [r1, r3]
 1323 0014 0133     		adds	r3, r3, #1
 1324              	.L179:
 1325 0016 2268     		ldr	r2, [r4]
 1326 0018 5268     		ldr	r2, [r2, #4]
 1327 001a 9A42     		cmp	r2, r3
ARM GAS  C:\Users\Rick\AppData\Local\Temp\ccLn4K2H.s 			page 23


 1328 001c F8D8     		bhi	.L181
 1329              	.L178:
 1330 001e 0846     		mov	r0, r1
 1331 0020 10BD     		pop	{r4, pc}
 1333              		.section	.text.osMailPut,"ax",%progbits
 1334              		.align	1
 1335              		.global	osMailPut
 1336              		.syntax unified
 1337              		.thumb
 1338              		.thumb_func
 1340              	osMailPut:
 1341              		@ args = 0, pretend = 0, frame = 16
 1342              		@ frame_needed = 0, uses_anonymous_args = 0
 1343 0000 10B5     		push	{r4, lr}
 1344 0002 84B0     		sub	sp, sp, #16
 1345 0004 0191     		str	r1, [sp, #4]
 1346 0006 30B3     		cbz	r0, .L187
 1347 0008 0446     		mov	r4, r0
 1348 000a 0023     		movs	r3, #0
 1349 000c 0393     		str	r3, [sp, #12]
 1350 000e FFF7FEFF 		bl	inHandlerMode
 1351 0012 A8B1     		cbz	r0, .L186
 1352 0014 0023     		movs	r3, #0
 1353 0016 03AA     		add	r2, sp, #12
 1354 0018 01A9     		add	r1, sp, #4
 1355 001a 6068     		ldr	r0, [r4, #4]
 1356 001c FFF7FEFF 		bl	xQueueGenericSendFromISR
 1357 0020 0128     		cmp	r0, #1
 1358 0022 1AD1     		bne	.L188
 1359 0024 039B     		ldr	r3, [sp, #12]
 1360 0026 D3B1     		cbz	r3, .L189
 1361 0028 4FF0E023 		mov	r3, #-536813568
 1362 002c 4FF08052 		mov	r2, #268435456
 1363 0030 C3F8042D 		str	r2, [r3, #3332]
 1364              		.syntax unified
 1365              	@ 1272 "Middlewares/Third_Party/FreeRTOS/Source/CMSIS_RTOS/cmsis_os.c" 1
 1366 0034 BFF34F8F 		dsb
 1367              	@ 0 "" 2
 1368              	@ 1272 "Middlewares/Third_Party/FreeRTOS/Source/CMSIS_RTOS/cmsis_os.c" 1
 1369 0038 BFF36F8F 		isb
 1370              	@ 0 "" 2
 1371              		.thumb
 1372              		.syntax unified
 1373 003c 0020     		movs	r0, #0
 1374 003e 08E0     		b	.L184
 1375              	.L186:
 1376 0040 0023     		movs	r3, #0
 1377 0042 1A46     		mov	r2, r3
 1378 0044 01A9     		add	r1, sp, #4
 1379 0046 6068     		ldr	r0, [r4, #4]
 1380 0048 FFF7FEFF 		bl	xQueueGenericSend
 1381 004c 0128     		cmp	r0, #1
 1382 004e 08D1     		bne	.L190
 1383 0050 0020     		movs	r0, #0
 1384              	.L184:
 1385 0052 04B0     		add	sp, sp, #16
 1386              		@ sp needed
ARM GAS  C:\Users\Rick\AppData\Local\Temp\ccLn4K2H.s 			page 24


 1387 0054 10BD     		pop	{r4, pc}
 1388              	.L187:
 1389 0056 8020     		movs	r0, #128
 1390 0058 FBE7     		b	.L184
 1391              	.L188:
 1392 005a FF20     		movs	r0, #255
 1393 005c F9E7     		b	.L184
 1394              	.L189:
 1395 005e 0020     		movs	r0, #0
 1396 0060 F7E7     		b	.L184
 1397              	.L190:
 1398 0062 FF20     		movs	r0, #255
 1399 0064 F5E7     		b	.L184
 1401              		.section	.text.osMailGet,"ax",%progbits
 1402              		.align	1
 1403              		.global	osMailGet
 1404              		.syntax unified
 1405              		.thumb
 1406              		.thumb_func
 1408              	osMailGet:
 1409              		@ args = 0, pretend = 0, frame = 16
 1410              		@ frame_needed = 0, uses_anonymous_args = 0
 1411 0000 70B5     		push	{r4, r5, r6, lr}
 1412 0002 84B0     		sub	sp, sp, #16
 1413 0004 0446     		mov	r4, r0
 1414 0006 0291     		str	r1, [sp, #8]
 1415 0008 E1B1     		cbz	r1, .L203
 1416 000a 0D46     		mov	r5, r1
 1417 000c 1646     		mov	r6, r2
 1418 000e 0023     		movs	r3, #0
 1419 0010 0393     		str	r3, [sp, #12]
 1420 0012 FFF7FEFF 		bl	inHandlerMode
 1421 0016 F8B1     		cbz	r0, .L195
 1422 0018 03AA     		add	r2, sp, #12
 1423 001a 01A9     		add	r1, sp, #4
 1424 001c 6868     		ldr	r0, [r5, #4]
 1425 001e FFF7FEFF 		bl	xQueueReceiveFromISR
 1426 0022 0128     		cmp	r0, #1
 1427 0024 15D0     		beq	.L204
 1428 0026 0023     		movs	r3, #0
 1429 0028 0093     		str	r3, [sp]
 1430              	.L197:
 1431 002a 039B     		ldr	r3, [sp, #12]
 1432 002c F3B1     		cbz	r3, .L198
 1433 002e 4FF0E023 		mov	r3, #-536813568
 1434 0032 4FF08052 		mov	r2, #268435456
 1435 0036 C3F8042D 		str	r2, [r3, #3332]
 1436              		.syntax unified
 1437              	@ 1324 "Middlewares/Third_Party/FreeRTOS/Source/CMSIS_RTOS/cmsis_os.c" 1
 1438 003a BFF34F8F 		dsb
 1439              	@ 0 "" 2
 1440              	@ 1324 "Middlewares/Third_Party/FreeRTOS/Source/CMSIS_RTOS/cmsis_os.c" 1
 1441 003e BFF36F8F 		isb
 1442              	@ 0 "" 2
 1443              		.thumb
 1444              		.syntax unified
 1445 0042 13E0     		b	.L198
ARM GAS  C:\Users\Rick\AppData\Local\Temp\ccLn4K2H.s 			page 25


 1446              	.L203:
 1447 0044 8023     		movs	r3, #128
 1448 0046 0093     		str	r3, [sp]
 1449 0048 9DE80700 		ldm	sp, {r0, r1, r2}
 1450 004c 84E80700 		stm	r4, {r0, r1, r2}
 1451 0050 10E0     		b	.L192
 1452              	.L204:
 1453 0052 2023     		movs	r3, #32
 1454 0054 0093     		str	r3, [sp]
 1455 0056 E8E7     		b	.L197
 1456              	.L195:
 1457 0058 3246     		mov	r2, r6
 1458 005a 01A9     		add	r1, sp, #4
 1459 005c 6868     		ldr	r0, [r5, #4]
 1460 005e FFF7FEFF 		bl	xQueueReceive
 1461 0062 0128     		cmp	r0, #1
 1462 0064 09D0     		beq	.L205
 1463 0066 06B1     		cbz	r6, .L200
 1464 0068 4026     		movs	r6, #64
 1465              	.L200:
 1466 006a 0096     		str	r6, [sp]
 1467              	.L198:
 1468 006c 9DE80700 		ldm	sp, {r0, r1, r2}
 1469 0070 84E80700 		stm	r4, {r0, r1, r2}
 1470              	.L192:
 1471 0074 2046     		mov	r0, r4
 1472 0076 04B0     		add	sp, sp, #16
 1473              		@ sp needed
 1474 0078 70BD     		pop	{r4, r5, r6, pc}
 1475              	.L205:
 1476 007a 2023     		movs	r3, #32
 1477 007c 0093     		str	r3, [sp]
 1478 007e F5E7     		b	.L198
 1480              		.section	.text.osMailFree,"ax",%progbits
 1481              		.align	1
 1482              		.global	osMailFree
 1483              		.syntax unified
 1484              		.thumb
 1485              		.thumb_func
 1487              	osMailFree:
 1488              		@ args = 0, pretend = 0, frame = 0
 1489              		@ frame_needed = 0, uses_anonymous_args = 0
 1490 0000 20B1     		cbz	r0, .L208
 1491 0002 08B5     		push	{r3, lr}
 1492 0004 8068     		ldr	r0, [r0, #8]
 1493 0006 FFF7FEFF 		bl	osPoolFree
 1494 000a 08BD     		pop	{r3, pc}
 1495              	.L208:
 1496 000c 8020     		movs	r0, #128
 1497 000e 7047     		bx	lr
 1499              		.section	.text.osSystickHandler,"ax",%progbits
 1500              		.align	1
 1501              		.global	osSystickHandler
 1502              		.syntax unified
 1503              		.thumb
 1504              		.thumb_func
 1506              	osSystickHandler:
ARM GAS  C:\Users\Rick\AppData\Local\Temp\ccLn4K2H.s 			page 26


 1507              		@ args = 0, pretend = 0, frame = 0
 1508              		@ frame_needed = 0, uses_anonymous_args = 0
 1509 0000 08B5     		push	{r3, lr}
 1510 0002 FFF7FEFF 		bl	xTaskGetSchedulerState
 1511 0006 0128     		cmp	r0, #1
 1512 0008 00D1     		bne	.L216
 1513              	.L213:
 1514 000a 08BD     		pop	{r3, pc}
 1515              	.L216:
 1516 000c FFF7FEFF 		bl	SysTick_Handler
 1517 0010 FBE7     		b	.L213
 1519              		.section	.text.osThreadSuspend,"ax",%progbits
 1520              		.align	1
 1521              		.global	osThreadSuspend
 1522              		.syntax unified
 1523              		.thumb
 1524              		.thumb_func
 1526              	osThreadSuspend:
 1527              		@ args = 0, pretend = 0, frame = 0
 1528              		@ frame_needed = 0, uses_anonymous_args = 0
 1529 0000 08B5     		push	{r3, lr}
 1530 0002 FFF7FEFF 		bl	vTaskSuspend
 1531 0006 0020     		movs	r0, #0
 1532 0008 08BD     		pop	{r3, pc}
 1534              		.section	.text.osThreadResume,"ax",%progbits
 1535              		.align	1
 1536              		.global	osThreadResume
 1537              		.syntax unified
 1538              		.thumb
 1539              		.thumb_func
 1541              	osThreadResume:
 1542              		@ args = 0, pretend = 0, frame = 0
 1543              		@ frame_needed = 0, uses_anonymous_args = 0
 1544 0000 10B5     		push	{r4, lr}
 1545 0002 0446     		mov	r4, r0
 1546 0004 FFF7FEFF 		bl	inHandlerMode
 1547 0008 78B1     		cbz	r0, .L220
 1548 000a 2046     		mov	r0, r4
 1549 000c FFF7FEFF 		bl	xTaskResumeFromISR
 1550 0010 0128     		cmp	r0, #1
 1551 0012 0DD1     		bne	.L221
 1552 0014 4FF0E023 		mov	r3, #-536813568
 1553 0018 4FF08052 		mov	r2, #268435456
 1554 001c C3F8042D 		str	r2, [r3, #3332]
 1555              		.syntax unified
 1556              	@ 1455 "Middlewares/Third_Party/FreeRTOS/Source/CMSIS_RTOS/cmsis_os.c" 1
 1557 0020 BFF34F8F 		dsb
 1558              	@ 0 "" 2
 1559              	@ 1455 "Middlewares/Third_Party/FreeRTOS/Source/CMSIS_RTOS/cmsis_os.c" 1
 1560 0024 BFF36F8F 		isb
 1561              	@ 0 "" 2
 1562              		.thumb
 1563              		.syntax unified
 1564 0028 02E0     		b	.L221
 1565              	.L220:
 1566 002a 2046     		mov	r0, r4
 1567 002c FFF7FEFF 		bl	vTaskResume
ARM GAS  C:\Users\Rick\AppData\Local\Temp\ccLn4K2H.s 			page 27


 1568              	.L221:
 1569 0030 0020     		movs	r0, #0
 1570 0032 10BD     		pop	{r4, pc}
 1572              		.section	.text.osThreadSuspendAll,"ax",%progbits
 1573              		.align	1
 1574              		.global	osThreadSuspendAll
 1575              		.syntax unified
 1576              		.thumb
 1577              		.thumb_func
 1579              	osThreadSuspendAll:
 1580              		@ args = 0, pretend = 0, frame = 0
 1581              		@ frame_needed = 0, uses_anonymous_args = 0
 1582 0000 08B5     		push	{r3, lr}
 1583 0002 FFF7FEFF 		bl	vTaskSuspendAll
 1584 0006 0020     		movs	r0, #0
 1585 0008 08BD     		pop	{r3, pc}
 1587              		.section	.text.osThreadResumeAll,"ax",%progbits
 1588              		.align	1
 1589              		.global	osThreadResumeAll
 1590              		.syntax unified
 1591              		.thumb
 1592              		.thumb_func
 1594              	osThreadResumeAll:
 1595              		@ args = 0, pretend = 0, frame = 0
 1596              		@ frame_needed = 0, uses_anonymous_args = 0
 1597 0000 08B5     		push	{r3, lr}
 1598 0002 FFF7FEFF 		bl	xTaskResumeAll
 1599 0006 0128     		cmp	r0, #1
 1600 0008 01D0     		beq	.L229
 1601 000a FF20     		movs	r0, #255
 1602              	.L225:
 1603 000c 08BD     		pop	{r3, pc}
 1604              	.L229:
 1605 000e 0020     		movs	r0, #0
 1606 0010 FCE7     		b	.L225
 1608              		.section	.text.osDelayUntil,"ax",%progbits
 1609              		.align	1
 1610              		.global	osDelayUntil
 1611              		.syntax unified
 1612              		.thumb
 1613              		.thumb_func
 1615              	osDelayUntil:
 1616              		@ args = 0, pretend = 0, frame = 0
 1617              		@ frame_needed = 0, uses_anonymous_args = 0
 1618              		@ link register save eliminated.
 1619 0000 8120     		movs	r0, #129
 1620 0002 7047     		bx	lr
 1622              		.section	.text.osAbortDelay,"ax",%progbits
 1623              		.align	1
 1624              		.global	osAbortDelay
 1625              		.syntax unified
 1626              		.thumb
 1627              		.thumb_func
 1629              	osAbortDelay:
 1630              		@ args = 0, pretend = 0, frame = 0
 1631              		@ frame_needed = 0, uses_anonymous_args = 0
 1632              		@ link register save eliminated.
ARM GAS  C:\Users\Rick\AppData\Local\Temp\ccLn4K2H.s 			page 28


 1633 0000 8120     		movs	r0, #129
 1634 0002 7047     		bx	lr
 1636              		.section	.text.osThreadList,"ax",%progbits
 1637              		.align	1
 1638              		.global	osThreadList
 1639              		.syntax unified
 1640              		.thumb
 1641              		.thumb_func
 1643              	osThreadList:
 1644              		@ args = 0, pretend = 0, frame = 0
 1645              		@ frame_needed = 0, uses_anonymous_args = 0
 1646              		@ link register save eliminated.
 1647 0000 0020     		movs	r0, #0
 1648 0002 7047     		bx	lr
 1650              		.section	.text.osMessagePeek,"ax",%progbits
 1651              		.align	1
 1652              		.global	osMessagePeek
 1653              		.syntax unified
 1654              		.thumb
 1655              		.thumb_func
 1657              	osMessagePeek:
 1658              		@ args = 0, pretend = 0, frame = 16
 1659              		@ frame_needed = 0, uses_anonymous_args = 0
 1660 0000 30B5     		push	{r4, r5, lr}
 1661 0002 85B0     		sub	sp, sp, #20
 1662 0004 0446     		mov	r4, r0
 1663 0006 0391     		str	r1, [sp, #12]
 1664 0008 89B1     		cbz	r1, .L241
 1665 000a 0846     		mov	r0, r1
 1666 000c 1546     		mov	r5, r2
 1667 000e 02A9     		add	r1, sp, #8
 1668 0010 FFF7FEFF 		bl	xQueuePeek
 1669 0014 0128     		cmp	r0, #1
 1670 0016 12D0     		beq	.L242
 1671 0018 05B1     		cbz	r5, .L238
 1672 001a 4025     		movs	r5, #64
 1673              	.L238:
 1674 001c 0195     		str	r5, [sp, #4]
 1675              	.L237:
 1676 001e 04AB     		add	r3, sp, #16
 1677 0020 13E90700 		ldmdb	r3, {r0, r1, r2}
 1678 0024 84E80700 		stm	r4, {r0, r1, r2}
 1679              	.L233:
 1680 0028 2046     		mov	r0, r4
 1681 002a 05B0     		add	sp, sp, #20
 1682              		@ sp needed
 1683 002c 30BD     		pop	{r4, r5, pc}
 1684              	.L241:
 1685 002e 8023     		movs	r3, #128
 1686 0030 0193     		str	r3, [sp, #4]
 1687 0032 04AB     		add	r3, sp, #16
 1688 0034 13E90700 		ldmdb	r3, {r0, r1, r2}
 1689 0038 84E80700 		stm	r4, {r0, r1, r2}
 1690 003c F4E7     		b	.L233
 1691              	.L242:
 1692 003e 1023     		movs	r3, #16
 1693 0040 0193     		str	r3, [sp, #4]
ARM GAS  C:\Users\Rick\AppData\Local\Temp\ccLn4K2H.s 			page 29


 1694 0042 ECE7     		b	.L237
 1696              		.section	.text.osMessageWaiting,"ax",%progbits
 1697              		.align	1
 1698              		.global	osMessageWaiting
 1699              		.syntax unified
 1700              		.thumb
 1701              		.thumb_func
 1703              	osMessageWaiting:
 1704              		@ args = 0, pretend = 0, frame = 0
 1705              		@ frame_needed = 0, uses_anonymous_args = 0
 1706 0000 10B5     		push	{r4, lr}
 1707 0002 0446     		mov	r4, r0
 1708 0004 FFF7FEFF 		bl	inHandlerMode
 1709 0008 18B1     		cbz	r0, .L244
 1710 000a 2046     		mov	r0, r4
 1711 000c FFF7FEFF 		bl	uxQueueMessagesWaitingFromISR
 1712              	.L243:
 1713 0010 10BD     		pop	{r4, pc}
 1714              	.L244:
 1715 0012 2046     		mov	r0, r4
 1716 0014 FFF7FEFF 		bl	uxQueueMessagesWaiting
 1717 0018 FAE7     		b	.L243
 1719              		.section	.text.osMessageAvailableSpace,"ax",%progbits
 1720              		.align	1
 1721              		.global	osMessageAvailableSpace
 1722              		.syntax unified
 1723              		.thumb
 1724              		.thumb_func
 1726              	osMessageAvailableSpace:
 1727              		@ args = 0, pretend = 0, frame = 0
 1728              		@ frame_needed = 0, uses_anonymous_args = 0
 1729 0000 08B5     		push	{r3, lr}
 1730 0002 FFF7FEFF 		bl	uxQueueSpacesAvailable
 1731 0006 08BD     		pop	{r3, pc}
 1733              		.section	.text.osMessageDelete,"ax",%progbits
 1734              		.align	1
 1735              		.global	osMessageDelete
 1736              		.syntax unified
 1737              		.thumb
 1738              		.thumb_func
 1740              	osMessageDelete:
 1741              		@ args = 0, pretend = 0, frame = 0
 1742              		@ frame_needed = 0, uses_anonymous_args = 0
 1743 0000 10B5     		push	{r4, lr}
 1744 0002 0446     		mov	r4, r0
 1745 0004 FFF7FEFF 		bl	inHandlerMode
 1746 0008 20B9     		cbnz	r0, .L251
 1747 000a 2046     		mov	r0, r4
 1748 000c FFF7FEFF 		bl	vQueueDelete
 1749 0010 0020     		movs	r0, #0
 1750              	.L249:
 1751 0012 10BD     		pop	{r4, pc}
 1752              	.L251:
 1753 0014 8220     		movs	r0, #130
 1754 0016 FCE7     		b	.L249
 1756              		.section	.text.osRecursiveMutexCreate,"ax",%progbits
 1757              		.align	1
ARM GAS  C:\Users\Rick\AppData\Local\Temp\ccLn4K2H.s 			page 30


 1758              		.global	osRecursiveMutexCreate
 1759              		.syntax unified
 1760              		.thumb
 1761              		.thumb_func
 1763              	osRecursiveMutexCreate:
 1764              		@ args = 0, pretend = 0, frame = 0
 1765              		@ frame_needed = 0, uses_anonymous_args = 0
 1766              		@ link register save eliminated.
 1767 0000 0020     		movs	r0, #0
 1768 0002 7047     		bx	lr
 1770              		.section	.text.osRecursiveMutexRelease,"ax",%progbits
 1771              		.align	1
 1772              		.global	osRecursiveMutexRelease
 1773              		.syntax unified
 1774              		.thumb
 1775              		.thumb_func
 1777              	osRecursiveMutexRelease:
 1778              		@ args = 0, pretend = 0, frame = 0
 1779              		@ frame_needed = 0, uses_anonymous_args = 0
 1780              		@ link register save eliminated.
 1781 0000 8120     		movs	r0, #129
 1782 0002 7047     		bx	lr
 1784              		.section	.text.osRecursiveMutexWait,"ax",%progbits
 1785              		.align	1
 1786              		.global	osRecursiveMutexWait
 1787              		.syntax unified
 1788              		.thumb
 1789              		.thumb_func
 1791              	osRecursiveMutexWait:
 1792              		@ args = 0, pretend = 0, frame = 0
 1793              		@ frame_needed = 0, uses_anonymous_args = 0
 1794              		@ link register save eliminated.
 1795 0000 8120     		movs	r0, #129
 1796 0002 7047     		bx	lr
 1798              		.section	.text.osSemaphoreGetCount,"ax",%progbits
 1799              		.align	1
 1800              		.global	osSemaphoreGetCount
 1801              		.syntax unified
 1802              		.thumb
 1803              		.thumb_func
 1805              	osSemaphoreGetCount:
 1806              		@ args = 0, pretend = 0, frame = 0
 1807              		@ frame_needed = 0, uses_anonymous_args = 0
 1808 0000 08B5     		push	{r3, lr}
 1809 0002 FFF7FEFF 		bl	uxQueueMessagesWaiting
 1810 0006 08BD     		pop	{r3, pc}
 1812              		.ident	"GCC: (xPack GNU Arm Embedded GCC x86_64) 14.2.1 20241119"
ARM GAS  C:\Users\Rick\AppData\Local\Temp\ccLn4K2H.s 			page 31


DEFINED SYMBOLS
                            *ABS*:00000000 cmsis_os.c
C:\Users\Rick\AppData\Local\Temp\ccLn4K2H.s:18     .text.makeFreeRtosPriority:00000000 $t
C:\Users\Rick\AppData\Local\Temp\ccLn4K2H.s:23     .text.makeFreeRtosPriority:00000000 makeFreeRtosPriority
C:\Users\Rick\AppData\Local\Temp\ccLn4K2H.s:36     .text.makeCmsisPriority:00000000 $t
C:\Users\Rick\AppData\Local\Temp\ccLn4K2H.s:41     .text.makeCmsisPriority:00000000 makeCmsisPriority
C:\Users\Rick\AppData\Local\Temp\ccLn4K2H.s:55     .text.inHandlerMode:00000000 $t
C:\Users\Rick\AppData\Local\Temp\ccLn4K2H.s:60     .text.inHandlerMode:00000000 inHandlerMode
C:\Users\Rick\AppData\Local\Temp\ccLn4K2H.s:76     .text.osKernelStart:00000000 $t
C:\Users\Rick\AppData\Local\Temp\ccLn4K2H.s:82     .text.osKernelStart:00000000 osKernelStart
C:\Users\Rick\AppData\Local\Temp\ccLn4K2H.s:91     .text.osKernelRunning:00000000 $t
C:\Users\Rick\AppData\Local\Temp\ccLn4K2H.s:97     .text.osKernelRunning:00000000 osKernelRunning
C:\Users\Rick\AppData\Local\Temp\ccLn4K2H.s:112    .text.osKernelSysTick:00000000 $t
C:\Users\Rick\AppData\Local\Temp\ccLn4K2H.s:118    .text.osKernelSysTick:00000000 osKernelSysTick
C:\Users\Rick\AppData\Local\Temp\ccLn4K2H.s:132    .text.osThreadCreate:00000000 $t
C:\Users\Rick\AppData\Local\Temp\ccLn4K2H.s:138    .text.osThreadCreate:00000000 osThreadCreate
C:\Users\Rick\AppData\Local\Temp\ccLn4K2H.s:188    .text.osThreadGetId:00000000 $t
C:\Users\Rick\AppData\Local\Temp\ccLn4K2H.s:194    .text.osThreadGetId:00000000 osThreadGetId
C:\Users\Rick\AppData\Local\Temp\ccLn4K2H.s:202    .text.osThreadTerminate:00000000 $t
C:\Users\Rick\AppData\Local\Temp\ccLn4K2H.s:208    .text.osThreadTerminate:00000000 osThreadTerminate
C:\Users\Rick\AppData\Local\Temp\ccLn4K2H.s:217    .text.osThreadYield:00000000 $t
C:\Users\Rick\AppData\Local\Temp\ccLn4K2H.s:223    .text.osThreadYield:00000000 osThreadYield
C:\Users\Rick\AppData\Local\Temp\ccLn4K2H.s:243    .text.osThreadSetPriority:00000000 $t
C:\Users\Rick\AppData\Local\Temp\ccLn4K2H.s:249    .text.osThreadSetPriority:00000000 osThreadSetPriority
C:\Users\Rick\AppData\Local\Temp\ccLn4K2H.s:263    .text.osThreadGetPriority:00000000 $t
C:\Users\Rick\AppData\Local\Temp\ccLn4K2H.s:269    .text.osThreadGetPriority:00000000 osThreadGetPriority
C:\Users\Rick\AppData\Local\Temp\ccLn4K2H.s:288    .text.osDelay:00000000 $t
C:\Users\Rick\AppData\Local\Temp\ccLn4K2H.s:294    .text.osDelay:00000000 osDelay
C:\Users\Rick\AppData\Local\Temp\ccLn4K2H.s:306    .text.osTimerCreate:00000000 $t
C:\Users\Rick\AppData\Local\Temp\ccLn4K2H.s:312    .text.osTimerCreate:00000000 osTimerCreate
C:\Users\Rick\AppData\Local\Temp\ccLn4K2H.s:320    .text.osTimerStart:00000000 $t
C:\Users\Rick\AppData\Local\Temp\ccLn4K2H.s:326    .text.osTimerStart:00000000 osTimerStart
C:\Users\Rick\AppData\Local\Temp\ccLn4K2H.s:334    .text.osTimerStop:00000000 $t
C:\Users\Rick\AppData\Local\Temp\ccLn4K2H.s:340    .text.osTimerStop:00000000 osTimerStop
C:\Users\Rick\AppData\Local\Temp\ccLn4K2H.s:348    .text.osTimerDelete:00000000 $t
C:\Users\Rick\AppData\Local\Temp\ccLn4K2H.s:354    .text.osTimerDelete:00000000 osTimerDelete
C:\Users\Rick\AppData\Local\Temp\ccLn4K2H.s:362    .text.osSignalSet:00000000 $t
C:\Users\Rick\AppData\Local\Temp\ccLn4K2H.s:368    .text.osSignalSet:00000000 osSignalSet
C:\Users\Rick\AppData\Local\Temp\ccLn4K2H.s:426    .text.osSignalWait:00000000 $t
C:\Users\Rick\AppData\Local\Temp\ccLn4K2H.s:432    .text.osSignalWait:00000000 osSignalWait
C:\Users\Rick\AppData\Local\Temp\ccLn4K2H.s:483    .text.osMutexCreate:00000000 $t
C:\Users\Rick\AppData\Local\Temp\ccLn4K2H.s:489    .text.osMutexCreate:00000000 osMutexCreate
C:\Users\Rick\AppData\Local\Temp\ccLn4K2H.s:505    .text.osMutexWait:00000000 $t
C:\Users\Rick\AppData\Local\Temp\ccLn4K2H.s:511    .text.osMutexWait:00000000 osMutexWait
C:\Users\Rick\AppData\Local\Temp\ccLn4K2H.s:570    .text.osMutexRelease:00000000 $t
C:\Users\Rick\AppData\Local\Temp\ccLn4K2H.s:576    .text.osMutexRelease:00000000 osMutexRelease
C:\Users\Rick\AppData\Local\Temp\ccLn4K2H.s:631    .text.osMutexDelete:00000000 $t
C:\Users\Rick\AppData\Local\Temp\ccLn4K2H.s:637    .text.osMutexDelete:00000000 osMutexDelete
C:\Users\Rick\AppData\Local\Temp\ccLn4K2H.s:654    .text.osSemaphoreCreate:00000000 $t
C:\Users\Rick\AppData\Local\Temp\ccLn4K2H.s:660    .text.osSemaphoreCreate:00000000 osSemaphoreCreate
C:\Users\Rick\AppData\Local\Temp\ccLn4K2H.s:702    .text.osSemaphoreWait:00000000 $t
C:\Users\Rick\AppData\Local\Temp\ccLn4K2H.s:708    .text.osSemaphoreWait:00000000 osSemaphoreWait
C:\Users\Rick\AppData\Local\Temp\ccLn4K2H.s:765    .text.osSemaphoreRelease:00000000 $t
C:\Users\Rick\AppData\Local\Temp\ccLn4K2H.s:771    .text.osSemaphoreRelease:00000000 osSemaphoreRelease
C:\Users\Rick\AppData\Local\Temp\ccLn4K2H.s:826    .text.osSemaphoreDelete:00000000 $t
C:\Users\Rick\AppData\Local\Temp\ccLn4K2H.s:832    .text.osSemaphoreDelete:00000000 osSemaphoreDelete
C:\Users\Rick\AppData\Local\Temp\ccLn4K2H.s:849    .text.osPoolCreate:00000000 $t
ARM GAS  C:\Users\Rick\AppData\Local\Temp\ccLn4K2H.s 			page 32


C:\Users\Rick\AppData\Local\Temp\ccLn4K2H.s:855    .text.osPoolCreate:00000000 osPoolCreate
C:\Users\Rick\AppData\Local\Temp\ccLn4K2H.s:911    .text.osPoolAlloc:00000000 $t
C:\Users\Rick\AppData\Local\Temp\ccLn4K2H.s:917    .text.osPoolAlloc:00000000 osPoolAlloc
C:\Users\Rick\AppData\Local\Temp\ccLn4K2H.s:982    .text.osPoolCAlloc:00000000 $t
C:\Users\Rick\AppData\Local\Temp\ccLn4K2H.s:988    .text.osPoolCAlloc:00000000 osPoolCAlloc
C:\Users\Rick\AppData\Local\Temp\ccLn4K2H.s:1000   .text.osPoolFree:00000000 $t
C:\Users\Rick\AppData\Local\Temp\ccLn4K2H.s:1006   .text.osPoolFree:00000000 osPoolFree
C:\Users\Rick\AppData\Local\Temp\ccLn4K2H.s:1046   .text.osMessageCreate:00000000 $t
C:\Users\Rick\AppData\Local\Temp\ccLn4K2H.s:1052   .text.osMessageCreate:00000000 osMessageCreate
C:\Users\Rick\AppData\Local\Temp\ccLn4K2H.s:1078   .text.osMessagePut:00000000 $t
C:\Users\Rick\AppData\Local\Temp\ccLn4K2H.s:1084   .text.osMessagePut:00000000 osMessagePut
C:\Users\Rick\AppData\Local\Temp\ccLn4K2H.s:1146   .text.osMessageGet:00000000 $t
C:\Users\Rick\AppData\Local\Temp\ccLn4K2H.s:1152   .text.osMessageGet:00000000 osMessageGet
C:\Users\Rick\AppData\Local\Temp\ccLn4K2H.s:1227   .text.osMailCreate:00000000 $t
C:\Users\Rick\AppData\Local\Temp\ccLn4K2H.s:1233   .text.osMailCreate:00000000 osMailCreate
C:\Users\Rick\AppData\Local\Temp\ccLn4K2H.s:1287   .text.osMailAlloc:00000000 $t
C:\Users\Rick\AppData\Local\Temp\ccLn4K2H.s:1293   .text.osMailAlloc:00000000 osMailAlloc
C:\Users\Rick\AppData\Local\Temp\ccLn4K2H.s:1304   .text.osMailCAlloc:00000000 $t
C:\Users\Rick\AppData\Local\Temp\ccLn4K2H.s:1310   .text.osMailCAlloc:00000000 osMailCAlloc
C:\Users\Rick\AppData\Local\Temp\ccLn4K2H.s:1334   .text.osMailPut:00000000 $t
C:\Users\Rick\AppData\Local\Temp\ccLn4K2H.s:1340   .text.osMailPut:00000000 osMailPut
C:\Users\Rick\AppData\Local\Temp\ccLn4K2H.s:1402   .text.osMailGet:00000000 $t
C:\Users\Rick\AppData\Local\Temp\ccLn4K2H.s:1408   .text.osMailGet:00000000 osMailGet
C:\Users\Rick\AppData\Local\Temp\ccLn4K2H.s:1481   .text.osMailFree:00000000 $t
C:\Users\Rick\AppData\Local\Temp\ccLn4K2H.s:1487   .text.osMailFree:00000000 osMailFree
C:\Users\Rick\AppData\Local\Temp\ccLn4K2H.s:1500   .text.osSystickHandler:00000000 $t
C:\Users\Rick\AppData\Local\Temp\ccLn4K2H.s:1506   .text.osSystickHandler:00000000 osSystickHandler
C:\Users\Rick\AppData\Local\Temp\ccLn4K2H.s:1520   .text.osThreadSuspend:00000000 $t
C:\Users\Rick\AppData\Local\Temp\ccLn4K2H.s:1526   .text.osThreadSuspend:00000000 osThreadSuspend
C:\Users\Rick\AppData\Local\Temp\ccLn4K2H.s:1535   .text.osThreadResume:00000000 $t
C:\Users\Rick\AppData\Local\Temp\ccLn4K2H.s:1541   .text.osThreadResume:00000000 osThreadResume
C:\Users\Rick\AppData\Local\Temp\ccLn4K2H.s:1573   .text.osThreadSuspendAll:00000000 $t
C:\Users\Rick\AppData\Local\Temp\ccLn4K2H.s:1579   .text.osThreadSuspendAll:00000000 osThreadSuspendAll
C:\Users\Rick\AppData\Local\Temp\ccLn4K2H.s:1588   .text.osThreadResumeAll:00000000 $t
C:\Users\Rick\AppData\Local\Temp\ccLn4K2H.s:1594   .text.osThreadResumeAll:00000000 osThreadResumeAll
C:\Users\Rick\AppData\Local\Temp\ccLn4K2H.s:1609   .text.osDelayUntil:00000000 $t
C:\Users\Rick\AppData\Local\Temp\ccLn4K2H.s:1615   .text.osDelayUntil:00000000 osDelayUntil
C:\Users\Rick\AppData\Local\Temp\ccLn4K2H.s:1623   .text.osAbortDelay:00000000 $t
C:\Users\Rick\AppData\Local\Temp\ccLn4K2H.s:1629   .text.osAbortDelay:00000000 osAbortDelay
C:\Users\Rick\AppData\Local\Temp\ccLn4K2H.s:1637   .text.osThreadList:00000000 $t
C:\Users\Rick\AppData\Local\Temp\ccLn4K2H.s:1643   .text.osThreadList:00000000 osThreadList
C:\Users\Rick\AppData\Local\Temp\ccLn4K2H.s:1651   .text.osMessagePeek:00000000 $t
C:\Users\Rick\AppData\Local\Temp\ccLn4K2H.s:1657   .text.osMessagePeek:00000000 osMessagePeek
C:\Users\Rick\AppData\Local\Temp\ccLn4K2H.s:1697   .text.osMessageWaiting:00000000 $t
C:\Users\Rick\AppData\Local\Temp\ccLn4K2H.s:1703   .text.osMessageWaiting:00000000 osMessageWaiting
C:\Users\Rick\AppData\Local\Temp\ccLn4K2H.s:1720   .text.osMessageAvailableSpace:00000000 $t
C:\Users\Rick\AppData\Local\Temp\ccLn4K2H.s:1726   .text.osMessageAvailableSpace:00000000 osMessageAvailableSpace
C:\Users\Rick\AppData\Local\Temp\ccLn4K2H.s:1734   .text.osMessageDelete:00000000 $t
C:\Users\Rick\AppData\Local\Temp\ccLn4K2H.s:1740   .text.osMessageDelete:00000000 osMessageDelete
C:\Users\Rick\AppData\Local\Temp\ccLn4K2H.s:1757   .text.osRecursiveMutexCreate:00000000 $t
C:\Users\Rick\AppData\Local\Temp\ccLn4K2H.s:1763   .text.osRecursiveMutexCreate:00000000 osRecursiveMutexCreate
C:\Users\Rick\AppData\Local\Temp\ccLn4K2H.s:1771   .text.osRecursiveMutexRelease:00000000 $t
C:\Users\Rick\AppData\Local\Temp\ccLn4K2H.s:1777   .text.osRecursiveMutexRelease:00000000 osRecursiveMutexRelease
C:\Users\Rick\AppData\Local\Temp\ccLn4K2H.s:1785   .text.osRecursiveMutexWait:00000000 $t
C:\Users\Rick\AppData\Local\Temp\ccLn4K2H.s:1791   .text.osRecursiveMutexWait:00000000 osRecursiveMutexWait
C:\Users\Rick\AppData\Local\Temp\ccLn4K2H.s:1799   .text.osSemaphoreGetCount:00000000 $t
C:\Users\Rick\AppData\Local\Temp\ccLn4K2H.s:1805   .text.osSemaphoreGetCount:00000000 osSemaphoreGetCount
ARM GAS  C:\Users\Rick\AppData\Local\Temp\ccLn4K2H.s 			page 33



UNDEFINED SYMBOLS
vTaskStartScheduler
xTaskGetSchedulerState
xTaskGetTickCountFromISR
xTaskGetTickCount
xTaskCreateStatic
xTaskCreate
xTaskGetCurrentTaskHandle
vTaskDelete
vTaskPrioritySet
uxTaskPriorityGetFromISR
uxTaskPriorityGet
vTaskDelay
xTaskGenericNotifyFromISR
xTaskGenericNotify
xTaskNotifyWait
xQueueCreateMutexStatic
xQueueCreateMutex
xQueueReceiveFromISR
xQueueSemaphoreTake
xQueueGiveFromISR
xQueueGenericSend
vQueueDelete
xQueueGenericCreateStatic
xQueueGenericCreate
pvPortMalloc
vPortFree
vPortEnterCritical
vPortExitCritical
xQueueGenericSendFromISR
xQueueReceive
SysTick_Handler
vTaskSuspend
xTaskResumeFromISR
vTaskResume
vTaskSuspendAll
xTaskResumeAll
xQueuePeek
uxQueueMessagesWaitingFromISR
uxQueueMessagesWaiting
uxQueueSpacesAvailable
