ARM GAS  C:\Users\Rick\AppData\Local\Temp\cchONh9J.s 			page 1


   1              		.cpu cortex-m4
   2              		.arch armv7e-m
   3              		.fpu fpv4-sp-d16
   4              		.eabi_attribute 27, 1
   5              		.eabi_attribute 28, 1
   6              		.eabi_attribute 20, 1
   7              		.eabi_attribute 21, 1
   8              		.eabi_attribute 23, 3
   9              		.eabi_attribute 24, 1
  10              		.eabi_attribute 25, 1
  11              		.eabi_attribute 26, 1
  12              		.eabi_attribute 30, 1
  13              		.eabi_attribute 34, 1
  14              		.eabi_attribute 18, 4
  15              		.file	"controller.c"
  16              		.text
  17              		.section	.text.controller_init,"ax",%progbits
  18              		.align	1
  19              		.global	controller_init
  20              		.syntax unified
  21              		.thumb
  22              		.thumb_func
  24              	controller_init:
  25              		@ args = 0, pretend = 0, frame = 0
  26              		@ frame_needed = 0, uses_anonymous_args = 0
  27 0000 F0B5     		push	{r4, r5, r6, r7, lr}
  28 0002 87B0     		sub	sp, sp, #28
  29 0004 244E     		ldr	r6, .L3
  30 0006 2549     		ldr	r1, .L3+4
  31 0008 3046     		mov	r0, r6
  32 000a FFF7FEFF 		bl	drv8323_init
  33 000e 3046     		mov	r0, r6
  34 0010 FFF7FEFF 		bl	drv8323_calibrate
  35 0014 0A20     		movs	r0, #10
  36 0016 FFF7FEFF 		bl	HAL_Delay
  37 001a 0125     		movs	r5, #1
  38 001c 0595     		str	r5, [sp, #20]
  39 001e 0024     		movs	r4, #0
  40 0020 0494     		str	r4, [sp, #16]
  41 0022 0394     		str	r4, [sp, #12]
  42 0024 0294     		str	r4, [sp, #8]
  43 0026 0194     		str	r4, [sp, #4]
  44 0028 0095     		str	r5, [sp]
  45 002a 2346     		mov	r3, r4
  46 002c 2A46     		mov	r2, r5
  47 002e 2146     		mov	r1, r4
  48 0030 3046     		mov	r0, r6
  49 0032 FFF7FEFF 		bl	drv8323_write_dcr
  50 0036 0A20     		movs	r0, #10
  51 0038 FFF7FEFF 		bl	HAL_Delay
  52 003c 0327     		movs	r7, #3
  53 003e 0597     		str	r7, [sp, #20]
  54 0040 0495     		str	r5, [sp, #16]
  55 0042 0395     		str	r5, [sp, #12]
  56 0044 0295     		str	r5, [sp, #8]
  57 0046 0194     		str	r4, [sp, #4]
  58 0048 0097     		str	r7, [sp]
ARM GAS  C:\Users\Rick\AppData\Local\Temp\cchONh9J.s 			page 2


  59 004a 2346     		mov	r3, r4
  60 004c 2A46     		mov	r2, r5
  61 004e 2146     		mov	r1, r4
  62 0050 3046     		mov	r0, r6
  63 0052 FFF7FEFF 		bl	drv8323_write_csacr
  64 0056 0A20     		movs	r0, #10
  65 0058 FFF7FEFF 		bl	HAL_Delay
  66 005c 0597     		str	r7, [sp, #20]
  67 005e 0494     		str	r4, [sp, #16]
  68 0060 0394     		str	r4, [sp, #12]
  69 0062 0294     		str	r4, [sp, #8]
  70 0064 0195     		str	r5, [sp, #4]
  71 0066 0097     		str	r7, [sp]
  72 0068 2346     		mov	r3, r4
  73 006a 2A46     		mov	r2, r5
  74 006c 2146     		mov	r1, r4
  75 006e 3046     		mov	r0, r6
  76 0070 FFF7FEFF 		bl	drv8323_write_csacr
  77 0074 0A20     		movs	r0, #10
  78 0076 FFF7FEFF 		bl	HAL_Delay
  79 007a 0F23     		movs	r3, #15
  80 007c 0193     		str	r3, [sp, #4]
  81 007e 0097     		str	r7, [sp]
  82 0080 3B46     		mov	r3, r7
  83 0082 2246     		mov	r2, r4
  84 0084 2946     		mov	r1, r5
  85 0086 3046     		mov	r0, r6
  86 0088 FFF7FEFF 		bl	drv8323_write_ocpcr
  87 008c 3046     		mov	r0, r6
  88 008e FFF7FEFF 		bl	drv8323_enable_gd
  89 0092 07B0     		add	sp, sp, #28
  90              		@ sp needed
  91 0094 F0BD     		pop	{r4, r5, r6, r7, pc}
  92              	.L4:
  93 0096 00BF     		.align	2
  94              	.L3:
  95 0098 00000000 		.word	g_driver
  96 009c 00000000 		.word	hspi3
  98              		.global	g_driver
  99              		.section	.bss.g_driver,"aw",%nobits
 100              		.align	2
 103              	g_driver:
 104 0000 00000000 		.space	4
 105              		.ident	"GCC: (xPack GNU Arm Embedded GCC x86_64) 14.2.1 20241119"
ARM GAS  C:\Users\Rick\AppData\Local\Temp\cchONh9J.s 			page 3


DEFINED SYMBOLS
                            *ABS*:00000000 controller.c
C:\Users\Rick\AppData\Local\Temp\cchONh9J.s:18     .text.controller_init:00000000 $t
C:\Users\Rick\AppData\Local\Temp\cchONh9J.s:24     .text.controller_init:00000000 controller_init
C:\Users\Rick\AppData\Local\Temp\cchONh9J.s:95     .text.controller_init:00000098 $d
C:\Users\Rick\AppData\Local\Temp\cchONh9J.s:103    .bss.g_driver:00000000 g_driver
C:\Users\Rick\AppData\Local\Temp\cchONh9J.s:100    .bss.g_driver:00000000 $d

UNDEFINED SYMBOLS
drv8323_init
drv8323_calibrate
HAL_Delay
drv8323_write_dcr
drv8323_write_csacr
drv8323_write_ocpcr
drv8323_enable_gd
hspi3
