ARM GAS  C:\Users\Rick\AppData\Local\Temp\ccPnzgFU.s 			page 1


   1              		.cpu cortex-m4
   2              		.arch armv7e-m
   3              		.fpu fpv4-sp-d16
   4              		.eabi_attribute 27, 1
   5              		.eabi_attribute 28, 1
   6              		.eabi_attribute 20, 1
   7              		.eabi_attribute 21, 1
   8              		.eabi_attribute 23, 3
   9              		.eabi_attribute 24, 1
  10              		.eabi_attribute 25, 1
  11              		.eabi_attribute 26, 1
  12              		.eabi_attribute 30, 1
  13              		.eabi_attribute 34, 1
  14              		.eabi_attribute 18, 4
  15              		.file	"dma.c"
  16              		.text
  17              		.section	.text.MX_DMA_Init,"ax",%progbits
  18              		.align	1
  19              		.global	MX_DMA_Init
  20              		.syntax unified
  21              		.thumb
  22              		.thumb_func
  24              	MX_DMA_Init:
  25              		@ args = 0, pretend = 0, frame = 8
  26              		@ frame_needed = 0, uses_anonymous_args = 0
  27 0000 10B5     		push	{r4, lr}
  28 0002 82B0     		sub	sp, sp, #8
  29 0004 0024     		movs	r4, #0
  30 0006 0194     		str	r4, [sp, #4]
  31 0008 0D4B     		ldr	r3, .L3
  32 000a 1A6B     		ldr	r2, [r3, #48]
  33 000c 42F40012 		orr	r2, r2, #2097152
  34 0010 1A63     		str	r2, [r3, #48]
  35 0012 1B6B     		ldr	r3, [r3, #48]
  36 0014 03F40013 		and	r3, r3, #2097152
  37 0018 0193     		str	r3, [sp, #4]
  38 001a 019B     		ldr	r3, [sp, #4]
  39 001c 2246     		mov	r2, r4
  40 001e 0521     		movs	r1, #5
  41 0020 0C20     		movs	r0, #12
  42 0022 FFF7FEFF 		bl	HAL_NVIC_SetPriority
  43 0026 0C20     		movs	r0, #12
  44 0028 FFF7FEFF 		bl	HAL_NVIC_EnableIRQ
  45 002c 2246     		mov	r2, r4
  46 002e 0521     		movs	r1, #5
  47 0030 0E20     		movs	r0, #14
  48 0032 FFF7FEFF 		bl	HAL_NVIC_SetPriority
  49 0036 0E20     		movs	r0, #14
  50 0038 FFF7FEFF 		bl	HAL_NVIC_EnableIRQ
  51 003c 02B0     		add	sp, sp, #8
  52              		@ sp needed
  53 003e 10BD     		pop	{r4, pc}
  54              	.L4:
  55              		.align	2
  56              	.L3:
  57 0040 00380240 		.word	1073887232
  59              		.ident	"GCC: (xPack GNU Arm Embedded GCC x86_64) 14.2.1 20241119"
ARM GAS  C:\Users\Rick\AppData\Local\Temp\ccPnzgFU.s 			page 2


ARM GAS  C:\Users\Rick\AppData\Local\Temp\ccPnzgFU.s 			page 3


DEFINED SYMBOLS
                            *ABS*:00000000 dma.c
C:\Users\Rick\AppData\Local\Temp\ccPnzgFU.s:18     .text.MX_DMA_Init:00000000 $t
C:\Users\Rick\AppData\Local\Temp\ccPnzgFU.s:24     .text.MX_DMA_Init:00000000 MX_DMA_Init
C:\Users\Rick\AppData\Local\Temp\ccPnzgFU.s:57     .text.MX_DMA_Init:00000040 $d

UNDEFINED SYMBOLS
HAL_NVIC_SetPriority
HAL_NVIC_EnableIRQ
