ARM GAS  C:\Users\Rick\AppData\Local\Temp\cclu2Q5X.s 			page 1


   1              		.cpu cortex-m4
   2              		.arch armv7e-m
   3              		.fpu fpv4-sp-d16
   4              		.eabi_attribute 27, 1
   5              		.eabi_attribute 28, 1
   6              		.eabi_attribute 20, 1
   7              		.eabi_attribute 21, 1
   8              		.eabi_attribute 23, 3
   9              		.eabi_attribute 24, 1
  10              		.eabi_attribute 25, 1
  11              		.eabi_attribute 26, 1
  12              		.eabi_attribute 30, 1
  13              		.eabi_attribute 34, 1
  14              		.eabi_attribute 18, 4
  15              		.file	"event_groups.c"
  16              		.text
  17              		.section	.text.prvTestWaitCondition,"ax",%progbits
  18              		.align	1
  19              		.syntax unified
  20              		.thumb
  21              		.thumb_func
  23              	prvTestWaitCondition:
  24              		@ args = 0, pretend = 0, frame = 0
  25              		@ frame_needed = 0, uses_anonymous_args = 0
  26              		@ link register save eliminated.
  27 0000 1AB9     		cbnz	r2, .L2
  28 0002 0842     		tst	r0, r1
  29 0004 05D1     		bne	.L4
  30 0006 1046     		mov	r0, r2
  31 0008 7047     		bx	lr
  32              	.L2:
  33 000a 8143     		bics	r1, r1, r0
  34 000c 03D0     		beq	.L5
  35 000e 0020     		movs	r0, #0
  36 0010 7047     		bx	lr
  37              	.L4:
  38 0012 0120     		movs	r0, #1
  39 0014 7047     		bx	lr
  40              	.L5:
  41 0016 0120     		movs	r0, #1
  42 0018 7047     		bx	lr
  44              		.section	.text.xEventGroupCreateStatic,"ax",%progbits
  45              		.align	1
  46              		.global	xEventGroupCreateStatic
  47              		.syntax unified
  48              		.thumb
  49              		.thumb_func
  51              	xEventGroupCreateStatic:
  52              		@ args = 0, pretend = 0, frame = 8
  53              		@ frame_needed = 0, uses_anonymous_args = 0
  54 0000 80B1     		cbz	r0, .L13
  55 0002 10B5     		push	{r4, lr}
  56 0004 82B0     		sub	sp, sp, #8
  57 0006 0446     		mov	r4, r0
  58 0008 1C23     		movs	r3, #28
  59 000a 0193     		str	r3, [sp, #4]
  60 000c 019B     		ldr	r3, [sp, #4]
ARM GAS  C:\Users\Rick\AppData\Local\Temp\cclu2Q5X.s 			page 2


  61 000e 1C2B     		cmp	r3, #28
  62 0010 11D0     		beq	.L9
  63              		.syntax unified
  64              	@ 195 "Middlewares/Third_Party/FreeRTOS/Source/portable/GCC/ARM_CM4F/portmacro.h" 1
  65 0012 4FF05003 			mov r3, #80												
  66 0016 83F31188 		msr basepri, r3											
  67 001a BFF36F8F 		isb														
  68 001e BFF34F8F 		dsb														
  69              	
  70              	@ 0 "" 2
  71              		.thumb
  72              		.syntax unified
  73              	.L10:
  74 0022 FEE7     		b	.L10
  75              	.L13:
  76              		.syntax unified
  77              	@ 195 "Middlewares/Third_Party/FreeRTOS/Source/portable/GCC/ARM_CM4F/portmacro.h" 1
  78 0024 4FF05003 			mov r3, #80												
  79 0028 83F31188 		msr basepri, r3											
  80 002c BFF36F8F 		isb														
  81 0030 BFF34F8F 		dsb														
  82              	
  83              	@ 0 "" 2
  84              		.thumb
  85              		.syntax unified
  86              	.L8:
  87 0034 FEE7     		b	.L8
  88              	.L9:
  89 0036 0023     		movs	r3, #0
  90 0038 40F8043B 		str	r3, [r0], #4
  91 003c FFF7FEFF 		bl	vListInitialise
  92 0040 0123     		movs	r3, #1
  93 0042 2376     		strb	r3, [r4, #24]
  94 0044 2046     		mov	r0, r4
  95 0046 02B0     		add	sp, sp, #8
  96              		@ sp needed
  97 0048 10BD     		pop	{r4, pc}
  99              		.section	.text.xEventGroupCreate,"ax",%progbits
 100              		.align	1
 101              		.global	xEventGroupCreate
 102              		.syntax unified
 103              		.thumb
 104              		.thumb_func
 106              	xEventGroupCreate:
 107              		@ args = 0, pretend = 0, frame = 0
 108              		@ frame_needed = 0, uses_anonymous_args = 0
 109 0000 38B5     		push	{r3, r4, r5, lr}
 110 0002 1C20     		movs	r0, #28
 111 0004 FFF7FEFF 		bl	pvPortMalloc
 112 0008 0446     		mov	r4, r0
 113 000a 28B1     		cbz	r0, .L14
 114 000c 0025     		movs	r5, #0
 115 000e 40F8045B 		str	r5, [r0], #4
 116 0012 FFF7FEFF 		bl	vListInitialise
 117 0016 2576     		strb	r5, [r4, #24]
 118              	.L14:
 119 0018 2046     		mov	r0, r4
ARM GAS  C:\Users\Rick\AppData\Local\Temp\cclu2Q5X.s 			page 3


 120 001a 38BD     		pop	{r3, r4, r5, pc}
 122              		.section	.text.xEventGroupWaitBits,"ax",%progbits
 123              		.align	1
 124              		.global	xEventGroupWaitBits
 125              		.syntax unified
 126              		.thumb
 127              		.thumb_func
 129              	xEventGroupWaitBits:
 130              		@ args = 4, pretend = 0, frame = 0
 131              		@ frame_needed = 0, uses_anonymous_args = 0
 132 0000 88B1     		cbz	r0, .L38
 133 0002 2DE9F041 		push	{r4, r5, r6, r7, r8, lr}
 134 0006 0C46     		mov	r4, r1
 135 0008 1646     		mov	r6, r2
 136 000a 1D46     		mov	r5, r3
 137 000c 0746     		mov	r7, r0
 138 000e B1F1807F 		cmp	r1, #16777216
 139 0012 11D3     		bcc	.L20
 140              		.syntax unified
 141              	@ 195 "Middlewares/Third_Party/FreeRTOS/Source/portable/GCC/ARM_CM4F/portmacro.h" 1
 142 0014 4FF05003 			mov r3, #80												
 143 0018 83F31188 		msr basepri, r3											
 144 001c BFF36F8F 		isb														
 145 0020 BFF34F8F 		dsb														
 146              	
 147              	@ 0 "" 2
 148              		.thumb
 149              		.syntax unified
 150              	.L21:
 151 0024 FEE7     		b	.L21
 152              	.L38:
 153              		.syntax unified
 154              	@ 195 "Middlewares/Third_Party/FreeRTOS/Source/portable/GCC/ARM_CM4F/portmacro.h" 1
 155 0026 4FF05003 			mov r3, #80												
 156 002a 83F31188 		msr basepri, r3											
 157 002e BFF36F8F 		isb														
 158 0032 BFF34F8F 		dsb														
 159              	
 160              	@ 0 "" 2
 161              		.thumb
 162              		.syntax unified
 163              	.L19:
 164 0036 FEE7     		b	.L19
 165              	.L20:
 166 0038 41B9     		cbnz	r1, .L22
 167              		.syntax unified
 168              	@ 195 "Middlewares/Third_Party/FreeRTOS/Source/portable/GCC/ARM_CM4F/portmacro.h" 1
 169 003a 4FF05003 			mov r3, #80												
 170 003e 83F31188 		msr basepri, r3											
 171 0042 BFF36F8F 		isb														
 172 0046 BFF34F8F 		dsb														
 173              	
 174              	@ 0 "" 2
 175              		.thumb
 176              		.syntax unified
 177              	.L23:
 178 004a FEE7     		b	.L23
ARM GAS  C:\Users\Rick\AppData\Local\Temp\cclu2Q5X.s 			page 4


 179              	.L22:
 180 004c FFF7FEFF 		bl	xTaskGetSchedulerState
 181 0050 50B9     		cbnz	r0, .L24
 182 0052 069B     		ldr	r3, [sp, #24]
 183 0054 43B1     		cbz	r3, .L24
 184              		.syntax unified
 185              	@ 195 "Middlewares/Third_Party/FreeRTOS/Source/portable/GCC/ARM_CM4F/portmacro.h" 1
 186 0056 4FF05003 			mov r3, #80												
 187 005a 83F31188 		msr basepri, r3											
 188 005e BFF36F8F 		isb														
 189 0062 BFF34F8F 		dsb														
 190              	
 191              	@ 0 "" 2
 192              		.thumb
 193              		.syntax unified
 194              	.L25:
 195 0066 FEE7     		b	.L25
 196              	.L24:
 197 0068 FFF7FEFF 		bl	vTaskSuspendAll
 198 006c D7F80080 		ldr	r8, [r7]
 199 0070 2A46     		mov	r2, r5
 200 0072 2146     		mov	r1, r4
 201 0074 4046     		mov	r0, r8
 202 0076 FFF7FEFF 		bl	prvTestWaitCondition
 203 007a F8B1     		cbz	r0, .L26
 204 007c 8EB3     		cbz	r6, .L34
 205 007e 28EA0403 		bic	r3, r8, r4
 206 0082 3B60     		str	r3, [r7]
 207 0084 0023     		movs	r3, #0
 208 0086 0693     		str	r3, [sp, #24]
 209              	.L27:
 210 0088 FFF7FEFF 		bl	xTaskResumeAll
 211 008c 069B     		ldr	r3, [sp, #24]
 212 008e 93B1     		cbz	r3, .L17
 213 0090 48B9     		cbnz	r0, .L31
 214 0092 4FF0E023 		mov	r3, #-536813568
 215 0096 4FF08052 		mov	r2, #268435456
 216 009a C3F8042D 		str	r2, [r3, #3332]
 217              		.syntax unified
 218              	@ 403 "Middlewares/Third_Party/FreeRTOS/Source/event_groups.c" 1
 219 009e BFF34F8F 		dsb
 220              	@ 0 "" 2
 221              	@ 403 "Middlewares/Third_Party/FreeRTOS/Source/event_groups.c" 1
 222 00a2 BFF36F8F 		isb
 223              	@ 0 "" 2
 224              		.thumb
 225              		.syntax unified
 226              	.L31:
 227 00a6 FFF7FEFF 		bl	uxTaskResetEventItemValue
 228 00aa 8046     		mov	r8, r0
 229 00ac 10F0007F 		tst	r0, #33554432
 230 00b0 1AD0     		beq	.L39
 231              	.L32:
 232 00b2 28F07F48 		bic	r8, r8, #-16777216
 233              	.L17:
 234 00b6 4046     		mov	r0, r8
 235 00b8 BDE8F081 		pop	{r4, r5, r6, r7, r8, pc}
ARM GAS  C:\Users\Rick\AppData\Local\Temp\cclu2Q5X.s 			page 5


 236              	.L26:
 237 00bc 069B     		ldr	r3, [sp, #24]
 238 00be 002B     		cmp	r3, #0
 239 00c0 E2D0     		beq	.L27
 240 00c2 5EB9     		cbnz	r6, .L35
 241 00c4 0021     		movs	r1, #0
 242              	.L28:
 243 00c6 0DB1     		cbz	r5, .L29
 244 00c8 41F08061 		orr	r1, r1, #67108864
 245              	.L29:
 246 00cc 069A     		ldr	r2, [sp, #24]
 247 00ce 2143     		orrs	r1, r1, r4
 248 00d0 381D     		adds	r0, r7, #4
 249 00d2 FFF7FEFF 		bl	vTaskPlaceOnUnorderedEventList
 250 00d6 4FF00008 		mov	r8, #0
 251 00da D5E7     		b	.L27
 252              	.L35:
 253 00dc 4FF08071 		mov	r1, #16777216
 254 00e0 F1E7     		b	.L28
 255              	.L34:
 256 00e2 0023     		movs	r3, #0
 257 00e4 0693     		str	r3, [sp, #24]
 258 00e6 CFE7     		b	.L27
 259              	.L39:
 260 00e8 FFF7FEFF 		bl	vPortEnterCritical
 261 00ec D7F80080 		ldr	r8, [r7]
 262 00f0 2A46     		mov	r2, r5
 263 00f2 2146     		mov	r1, r4
 264 00f4 4046     		mov	r0, r8
 265 00f6 FFF7FEFF 		bl	prvTestWaitCondition
 266 00fa 18B1     		cbz	r0, .L33
 267 00fc 16B1     		cbz	r6, .L33
 268 00fe 28EA0404 		bic	r4, r8, r4
 269 0102 3C60     		str	r4, [r7]
 270              	.L33:
 271 0104 FFF7FEFF 		bl	vPortExitCritical
 272 0108 D3E7     		b	.L32
 274              		.section	.text.xEventGroupClearBits,"ax",%progbits
 275              		.align	1
 276              		.global	xEventGroupClearBits
 277              		.syntax unified
 278              		.thumb
 279              		.thumb_func
 281              	xEventGroupClearBits:
 282              		@ args = 0, pretend = 0, frame = 0
 283              		@ frame_needed = 0, uses_anonymous_args = 0
 284 0000 70B1     		cbz	r0, .L47
 285 0002 70B5     		push	{r4, r5, r6, lr}
 286 0004 0C46     		mov	r4, r1
 287 0006 0546     		mov	r5, r0
 288 0008 B1F1807F 		cmp	r1, #16777216
 289 000c 11D3     		bcc	.L43
 290              		.syntax unified
 291              	@ 195 "Middlewares/Third_Party/FreeRTOS/Source/portable/GCC/ARM_CM4F/portmacro.h" 1
 292 000e 4FF05003 			mov r3, #80												
 293 0012 83F31188 		msr basepri, r3											
 294 0016 BFF36F8F 		isb														
ARM GAS  C:\Users\Rick\AppData\Local\Temp\cclu2Q5X.s 			page 6


 295 001a BFF34F8F 		dsb														
 296              	
 297              	@ 0 "" 2
 298              		.thumb
 299              		.syntax unified
 300              	.L44:
 301 001e FEE7     		b	.L44
 302              	.L47:
 303              		.syntax unified
 304              	@ 195 "Middlewares/Third_Party/FreeRTOS/Source/portable/GCC/ARM_CM4F/portmacro.h" 1
 305 0020 4FF05003 			mov r3, #80												
 306 0024 83F31188 		msr basepri, r3											
 307 0028 BFF36F8F 		isb														
 308 002c BFF34F8F 		dsb														
 309              	
 310              	@ 0 "" 2
 311              		.thumb
 312              		.syntax unified
 313              	.L42:
 314 0030 FEE7     		b	.L42
 315              	.L43:
 316 0032 FFF7FEFF 		bl	vPortEnterCritical
 317 0036 2E68     		ldr	r6, [r5]
 318 0038 26EA0404 		bic	r4, r6, r4
 319 003c 2C60     		str	r4, [r5]
 320 003e FFF7FEFF 		bl	vPortExitCritical
 321 0042 3046     		mov	r0, r6
 322 0044 70BD     		pop	{r4, r5, r6, pc}
 324              		.section	.text.xEventGroupGetBitsFromISR,"ax",%progbits
 325              		.align	1
 326              		.global	xEventGroupGetBitsFromISR
 327              		.syntax unified
 328              		.thumb
 329              		.thumb_func
 331              	xEventGroupGetBitsFromISR:
 332              		@ args = 0, pretend = 0, frame = 0
 333              		@ frame_needed = 0, uses_anonymous_args = 0
 334              		@ link register save eliminated.
 335              		.syntax unified
 336              	@ 211 "Middlewares/Third_Party/FreeRTOS/Source/portable/GCC/ARM_CM4F/portmacro.h" 1
 337 0000 EFF31183 			mrs r3, basepri											
 338 0004 4FF05002 		mov r2, #80												
 339 0008 82F31188 		msr basepri, r2											
 340 000c BFF36F8F 		isb														
 341 0010 BFF34F8F 		dsb														
 342              	
 343              	@ 0 "" 2
 344              		.thumb
 345              		.syntax unified
 346 0014 0068     		ldr	r0, [r0]
 347              		.syntax unified
 348              	@ 229 "Middlewares/Third_Party/FreeRTOS/Source/portable/GCC/ARM_CM4F/portmacro.h" 1
 349 0016 83F31188 			msr basepri, r3	
 350              	@ 0 "" 2
 351              		.thumb
 352              		.syntax unified
 353 001a 7047     		bx	lr
ARM GAS  C:\Users\Rick\AppData\Local\Temp\cclu2Q5X.s 			page 7


 355              		.section	.text.xEventGroupSetBits,"ax",%progbits
 356              		.align	1
 357              		.global	xEventGroupSetBits
 358              		.syntax unified
 359              		.thumb
 360              		.thumb_func
 362              	xEventGroupSetBits:
 363              		@ args = 0, pretend = 0, frame = 0
 364              		@ frame_needed = 0, uses_anonymous_args = 0
 365 0000 F8B5     		push	{r3, r4, r5, r6, r7, lr}
 366 0002 68B1     		cbz	r0, .L61
 367 0004 0D46     		mov	r5, r1
 368 0006 0446     		mov	r4, r0
 369 0008 B1F1807F 		cmp	r1, #16777216
 370 000c 11D3     		bcc	.L52
 371              		.syntax unified
 372              	@ 195 "Middlewares/Third_Party/FreeRTOS/Source/portable/GCC/ARM_CM4F/portmacro.h" 1
 373 000e 4FF05003 			mov r3, #80												
 374 0012 83F31188 		msr basepri, r3											
 375 0016 BFF36F8F 		isb														
 376 001a BFF34F8F 		dsb														
 377              	
 378              	@ 0 "" 2
 379              		.thumb
 380              		.syntax unified
 381              	.L53:
 382 001e FEE7     		b	.L53
 383              	.L61:
 384              		.syntax unified
 385              	@ 195 "Middlewares/Third_Party/FreeRTOS/Source/portable/GCC/ARM_CM4F/portmacro.h" 1
 386 0020 4FF05003 			mov r3, #80												
 387 0024 83F31188 		msr basepri, r3											
 388 0028 BFF36F8F 		isb														
 389 002c BFF34F8F 		dsb														
 390              	
 391              	@ 0 "" 2
 392              		.thumb
 393              		.syntax unified
 394              	.L51:
 395 0030 FEE7     		b	.L51
 396              	.L52:
 397 0032 00F10C06 		add	r6, r0, #12
 398 0036 FFF7FEFF 		bl	vTaskSuspendAll
 399 003a 2069     		ldr	r0, [r4, #16]
 400 003c 2368     		ldr	r3, [r4]
 401 003e 2B43     		orrs	r3, r3, r5
 402 0040 2360     		str	r3, [r4]
 403 0042 0027     		movs	r7, #0
 404 0044 0AE0     		b	.L54
 405              	.L55:
 406 0046 2168     		ldr	r1, [r4]
 407 0048 32EA0101 		bics	r1, r2, r1
 408 004c 05D1     		bne	.L57
 409 004e 11E0     		b	.L56
 410              	.L58:
 411 0050 2168     		ldr	r1, [r4]
 412 0052 41F00071 		orr	r1, r1, #33554432
ARM GAS  C:\Users\Rick\AppData\Local\Temp\cclu2Q5X.s 			page 8


 413 0056 FFF7FEFF 		bl	vTaskRemoveFromUnorderedEventList
 414              	.L57:
 415 005a 2846     		mov	r0, r5
 416              	.L54:
 417 005c B042     		cmp	r0, r6
 418 005e 0ED0     		beq	.L62
 419 0060 4568     		ldr	r5, [r0, #4]
 420 0062 0368     		ldr	r3, [r0]
 421 0064 23F07F42 		bic	r2, r3, #-16777216
 422 0068 13F0806F 		tst	r3, #67108864
 423 006c EBD1     		bne	.L55
 424 006e 2168     		ldr	r1, [r4]
 425 0070 1142     		tst	r1, r2
 426 0072 F2D0     		beq	.L57
 427              	.L56:
 428 0074 13F0807F 		tst	r3, #16777216
 429 0078 EAD0     		beq	.L58
 430 007a 1743     		orrs	r7, r7, r2
 431 007c E8E7     		b	.L58
 432              	.L62:
 433 007e 2368     		ldr	r3, [r4]
 434 0080 23EA0703 		bic	r3, r3, r7
 435 0084 2360     		str	r3, [r4]
 436 0086 FFF7FEFF 		bl	xTaskResumeAll
 437 008a 2068     		ldr	r0, [r4]
 438 008c F8BD     		pop	{r3, r4, r5, r6, r7, pc}
 440              		.section	.text.xEventGroupSync,"ax",%progbits
 441              		.align	1
 442              		.global	xEventGroupSync
 443              		.syntax unified
 444              		.thumb
 445              		.thumb_func
 447              	xEventGroupSync:
 448              		@ args = 0, pretend = 0, frame = 0
 449              		@ frame_needed = 0, uses_anonymous_args = 0
 450 0000 B2F1807F 		cmp	r2, #16777216
 451 0004 08D3     		bcc	.L64
 452              		.syntax unified
 453              	@ 195 "Middlewares/Third_Party/FreeRTOS/Source/portable/GCC/ARM_CM4F/portmacro.h" 1
 454 0006 4FF05003 			mov r3, #80												
 455 000a 83F31188 		msr basepri, r3											
 456 000e BFF36F8F 		isb														
 457 0012 BFF34F8F 		dsb														
 458              	
 459              	@ 0 "" 2
 460              		.thumb
 461              		.syntax unified
 462              	.L65:
 463 0016 FEE7     		b	.L65
 464              	.L64:
 465 0018 2DE9F041 		push	{r4, r5, r6, r7, r8, lr}
 466 001c 0746     		mov	r7, r0
 467 001e 0D46     		mov	r5, r1
 468 0020 1446     		mov	r4, r2
 469 0022 1E46     		mov	r6, r3
 470 0024 42B9     		cbnz	r2, .L66
 471              		.syntax unified
ARM GAS  C:\Users\Rick\AppData\Local\Temp\cclu2Q5X.s 			page 9


 472              	@ 195 "Middlewares/Third_Party/FreeRTOS/Source/portable/GCC/ARM_CM4F/portmacro.h" 1
 473 0026 4FF05003 			mov r3, #80												
 474 002a 83F31188 		msr basepri, r3											
 475 002e BFF36F8F 		isb														
 476 0032 BFF34F8F 		dsb														
 477              	
 478              	@ 0 "" 2
 479              		.thumb
 480              		.syntax unified
 481              	.L67:
 482 0036 FEE7     		b	.L67
 483              	.L66:
 484 0038 FFF7FEFF 		bl	xTaskGetSchedulerState
 485 003c 48B9     		cbnz	r0, .L68
 486 003e 46B1     		cbz	r6, .L68
 487              		.syntax unified
 488              	@ 195 "Middlewares/Third_Party/FreeRTOS/Source/portable/GCC/ARM_CM4F/portmacro.h" 1
 489 0040 4FF05003 			mov r3, #80												
 490 0044 83F31188 		msr basepri, r3											
 491 0048 BFF36F8F 		isb														
 492 004c BFF34F8F 		dsb														
 493              	
 494              	@ 0 "" 2
 495              		.thumb
 496              		.syntax unified
 497              	.L69:
 498 0050 FEE7     		b	.L69
 499              	.L68:
 500 0052 FFF7FEFF 		bl	vTaskSuspendAll
 501 0056 D7F80080 		ldr	r8, [r7]
 502 005a 2946     		mov	r1, r5
 503 005c 3846     		mov	r0, r7
 504 005e FFF7FEFF 		bl	xEventGroupSetBits
 505 0062 48EA0505 		orr	r5, r8, r5
 506 0066 34EA0503 		bics	r3, r4, r5
 507 006a 1AD0     		beq	.L79
 508 006c FEB9     		cbnz	r6, .L80
 509 006e 3D68     		ldr	r5, [r7]
 510              	.L71:
 511 0070 FFF7FEFF 		bl	xTaskResumeAll
 512 0074 96B1     		cbz	r6, .L63
 513 0076 48B9     		cbnz	r0, .L74
 514 0078 4FF0E023 		mov	r3, #-536813568
 515 007c 4FF08052 		mov	r2, #268435456
 516 0080 C3F8042D 		str	r2, [r3, #3332]
 517              		.syntax unified
 518              	@ 255 "Middlewares/Third_Party/FreeRTOS/Source/event_groups.c" 1
 519 0084 BFF34F8F 		dsb
 520              	@ 0 "" 2
 521              	@ 255 "Middlewares/Third_Party/FreeRTOS/Source/event_groups.c" 1
 522 0088 BFF36F8F 		isb
 523              	@ 0 "" 2
 524              		.thumb
 525              		.syntax unified
 526              	.L74:
 527 008c FFF7FEFF 		bl	uxTaskResetEventItemValue
 528 0090 0546     		mov	r5, r0
ARM GAS  C:\Users\Rick\AppData\Local\Temp\cclu2Q5X.s 			page 10


 529 0092 10F0007F 		tst	r0, #33554432
 530 0096 12D0     		beq	.L81
 531              	.L75:
 532 0098 25F07F45 		bic	r5, r5, #-16777216
 533              	.L63:
 534 009c 2846     		mov	r0, r5
 535 009e BDE8F081 		pop	{r4, r5, r6, r7, r8, pc}
 536              	.L79:
 537 00a2 3B68     		ldr	r3, [r7]
 538 00a4 23EA0403 		bic	r3, r3, r4
 539 00a8 3B60     		str	r3, [r7]
 540 00aa 0026     		movs	r6, #0
 541 00ac E0E7     		b	.L71
 542              	.L80:
 543 00ae 3246     		mov	r2, r6
 544 00b0 44F0A061 		orr	r1, r4, #83886080
 545 00b4 381D     		adds	r0, r7, #4
 546 00b6 FFF7FEFF 		bl	vTaskPlaceOnUnorderedEventList
 547 00ba 0025     		movs	r5, #0
 548 00bc D8E7     		b	.L71
 549              	.L81:
 550 00be FFF7FEFF 		bl	vPortEnterCritical
 551 00c2 3D68     		ldr	r5, [r7]
 552 00c4 34EA0503 		bics	r3, r4, r5
 553 00c8 02D0     		beq	.L82
 554              	.L76:
 555 00ca FFF7FEFF 		bl	vPortExitCritical
 556 00ce E3E7     		b	.L75
 557              	.L82:
 558 00d0 25EA0404 		bic	r4, r5, r4
 559 00d4 3C60     		str	r4, [r7]
 560 00d6 F8E7     		b	.L76
 562              		.section	.text.vEventGroupDelete,"ax",%progbits
 563              		.align	1
 564              		.global	vEventGroupDelete
 565              		.syntax unified
 566              		.thumb
 567              		.thumb_func
 569              	vEventGroupDelete:
 570              		@ args = 0, pretend = 0, frame = 0
 571              		@ frame_needed = 0, uses_anonymous_args = 0
 572 0000 10B5     		push	{r4, lr}
 573 0002 0446     		mov	r4, r0
 574 0004 FFF7FEFF 		bl	vTaskSuspendAll
 575              	.L84:
 576 0008 6368     		ldr	r3, [r4, #4]
 577 000a 93B1     		cbz	r3, .L90
 578 000c 2069     		ldr	r0, [r4, #16]
 579 000e 04F10C03 		add	r3, r4, #12
 580 0012 9842     		cmp	r0, r3
 581 0014 04D0     		beq	.L91
 582 0016 4FF00071 		mov	r1, #33554432
 583 001a FFF7FEFF 		bl	vTaskRemoveFromUnorderedEventList
 584 001e F3E7     		b	.L84
 585              	.L91:
 586              		.syntax unified
 587              	@ 195 "Middlewares/Third_Party/FreeRTOS/Source/portable/GCC/ARM_CM4F/portmacro.h" 1
ARM GAS  C:\Users\Rick\AppData\Local\Temp\cclu2Q5X.s 			page 11


 588 0020 4FF05003 			mov r3, #80												
 589 0024 83F31188 		msr basepri, r3											
 590 0028 BFF36F8F 		isb														
 591 002c BFF34F8F 		dsb														
 592              	
 593              	@ 0 "" 2
 594              		.thumb
 595              		.syntax unified
 596              	.L86:
 597 0030 FEE7     		b	.L86
 598              	.L90:
 599 0032 237E     		ldrb	r3, [r4, #24]	@ zero_extendqisi2
 600 0034 13B1     		cbz	r3, .L92
 601              	.L88:
 602 0036 FFF7FEFF 		bl	xTaskResumeAll
 603 003a 10BD     		pop	{r4, pc}
 604              	.L92:
 605 003c 2046     		mov	r0, r4
 606 003e FFF7FEFF 		bl	vPortFree
 607 0042 F8E7     		b	.L88
 609              		.section	.text.vEventGroupSetBitsCallback,"ax",%progbits
 610              		.align	1
 611              		.global	vEventGroupSetBitsCallback
 612              		.syntax unified
 613              		.thumb
 614              		.thumb_func
 616              	vEventGroupSetBitsCallback:
 617              		@ args = 0, pretend = 0, frame = 0
 618              		@ frame_needed = 0, uses_anonymous_args = 0
 619 0000 08B5     		push	{r3, lr}
 620 0002 FFF7FEFF 		bl	xEventGroupSetBits
 621 0006 08BD     		pop	{r3, pc}
 623              		.section	.text.vEventGroupClearBitsCallback,"ax",%progbits
 624              		.align	1
 625              		.global	vEventGroupClearBitsCallback
 626              		.syntax unified
 627              		.thumb
 628              		.thumb_func
 630              	vEventGroupClearBitsCallback:
 631              		@ args = 0, pretend = 0, frame = 0
 632              		@ frame_needed = 0, uses_anonymous_args = 0
 633 0000 08B5     		push	{r3, lr}
 634 0002 FFF7FEFF 		bl	xEventGroupClearBits
 635 0006 08BD     		pop	{r3, pc}
 637              		.ident	"GCC: (xPack GNU Arm Embedded GCC x86_64) 14.2.1 20241119"
ARM GAS  C:\Users\Rick\AppData\Local\Temp\cclu2Q5X.s 			page 12


DEFINED SYMBOLS
                            *ABS*:00000000 event_groups.c
C:\Users\Rick\AppData\Local\Temp\cclu2Q5X.s:18     .text.prvTestWaitCondition:00000000 $t
C:\Users\Rick\AppData\Local\Temp\cclu2Q5X.s:23     .text.prvTestWaitCondition:00000000 prvTestWaitCondition
C:\Users\Rick\AppData\Local\Temp\cclu2Q5X.s:45     .text.xEventGroupCreateStatic:00000000 $t
C:\Users\Rick\AppData\Local\Temp\cclu2Q5X.s:51     .text.xEventGroupCreateStatic:00000000 xEventGroupCreateStatic
C:\Users\Rick\AppData\Local\Temp\cclu2Q5X.s:100    .text.xEventGroupCreate:00000000 $t
C:\Users\Rick\AppData\Local\Temp\cclu2Q5X.s:106    .text.xEventGroupCreate:00000000 xEventGroupCreate
C:\Users\Rick\AppData\Local\Temp\cclu2Q5X.s:123    .text.xEventGroupWaitBits:00000000 $t
C:\Users\Rick\AppData\Local\Temp\cclu2Q5X.s:129    .text.xEventGroupWaitBits:00000000 xEventGroupWaitBits
C:\Users\Rick\AppData\Local\Temp\cclu2Q5X.s:275    .text.xEventGroupClearBits:00000000 $t
C:\Users\Rick\AppData\Local\Temp\cclu2Q5X.s:281    .text.xEventGroupClearBits:00000000 xEventGroupClearBits
C:\Users\Rick\AppData\Local\Temp\cclu2Q5X.s:325    .text.xEventGroupGetBitsFromISR:00000000 $t
C:\Users\Rick\AppData\Local\Temp\cclu2Q5X.s:331    .text.xEventGroupGetBitsFromISR:00000000 xEventGroupGetBitsFromISR
C:\Users\Rick\AppData\Local\Temp\cclu2Q5X.s:356    .text.xEventGroupSetBits:00000000 $t
C:\Users\Rick\AppData\Local\Temp\cclu2Q5X.s:362    .text.xEventGroupSetBits:00000000 xEventGroupSetBits
C:\Users\Rick\AppData\Local\Temp\cclu2Q5X.s:441    .text.xEventGroupSync:00000000 $t
C:\Users\Rick\AppData\Local\Temp\cclu2Q5X.s:447    .text.xEventGroupSync:00000000 xEventGroupSync
C:\Users\Rick\AppData\Local\Temp\cclu2Q5X.s:563    .text.vEventGroupDelete:00000000 $t
C:\Users\Rick\AppData\Local\Temp\cclu2Q5X.s:569    .text.vEventGroupDelete:00000000 vEventGroupDelete
C:\Users\Rick\AppData\Local\Temp\cclu2Q5X.s:610    .text.vEventGroupSetBitsCallback:00000000 $t
C:\Users\Rick\AppData\Local\Temp\cclu2Q5X.s:616    .text.vEventGroupSetBitsCallback:00000000 vEventGroupSetBitsCallback
C:\Users\Rick\AppData\Local\Temp\cclu2Q5X.s:624    .text.vEventGroupClearBitsCallback:00000000 $t
C:\Users\Rick\AppData\Local\Temp\cclu2Q5X.s:630    .text.vEventGroupClearBitsCallback:00000000 vEventGroupClearBitsCallback

UNDEFINED SYMBOLS
vListInitialise
pvPortMalloc
xTaskGetSchedulerState
vTaskSuspendAll
xTaskResumeAll
uxTaskResetEventItemValue
vTaskPlaceOnUnorderedEventList
vPortEnterCritical
vPortExitCritical
vTaskRemoveFromUnorderedEventList
vPortFree
