ARM GAS  C:\Users\Rick\AppData\Local\Temp\ccLjK8Cc.s 			page 1


   1              		.cpu cortex-m4
   2              		.arch armv7e-m
   3              		.fpu fpv4-sp-d16
   4              		.eabi_attribute 27, 1
   5              		.eabi_attribute 28, 1
   6              		.eabi_attribute 20, 1
   7              		.eabi_attribute 21, 1
   8              		.eabi_attribute 23, 3
   9              		.eabi_attribute 24, 1
  10              		.eabi_attribute 25, 1
  11              		.eabi_attribute 26, 1
  12              		.eabi_attribute 30, 1
  13              		.eabi_attribute 34, 1
  14              		.eabi_attribute 18, 4
  15              		.file	"list.c"
  16              		.text
  17              		.section	.text.vListInitialise,"ax",%progbits
  18              		.align	1
  19              		.global	vListInitialise
  20              		.syntax unified
  21              		.thumb
  22              		.thumb_func
  24              	vListInitialise:
  25              		@ args = 0, pretend = 0, frame = 0
  26              		@ frame_needed = 0, uses_anonymous_args = 0
  27              		@ link register save eliminated.
  28 0000 00F10803 		add	r3, r0, #8
  29 0004 4360     		str	r3, [r0, #4]
  30 0006 4FF0FF32 		mov	r2, #-1
  31 000a 8260     		str	r2, [r0, #8]
  32 000c C360     		str	r3, [r0, #12]
  33 000e 0361     		str	r3, [r0, #16]
  34 0010 0023     		movs	r3, #0
  35 0012 0360     		str	r3, [r0]
  36 0014 7047     		bx	lr
  38              		.section	.text.vListInitialiseItem,"ax",%progbits
  39              		.align	1
  40              		.global	vListInitialiseItem
  41              		.syntax unified
  42              		.thumb
  43              		.thumb_func
  45              	vListInitialiseItem:
  46              		@ args = 0, pretend = 0, frame = 0
  47              		@ frame_needed = 0, uses_anonymous_args = 0
  48              		@ link register save eliminated.
  49 0000 0023     		movs	r3, #0
  50 0002 0361     		str	r3, [r0, #16]
  51 0004 7047     		bx	lr
  53              		.section	.text.vListInsertEnd,"ax",%progbits
  54              		.align	1
  55              		.global	vListInsertEnd
  56              		.syntax unified
  57              		.thumb
  58              		.thumb_func
  60              	vListInsertEnd:
  61              		@ args = 0, pretend = 0, frame = 0
  62              		@ frame_needed = 0, uses_anonymous_args = 0
ARM GAS  C:\Users\Rick\AppData\Local\Temp\ccLjK8Cc.s 			page 2


  63              		@ link register save eliminated.
  64 0000 4368     		ldr	r3, [r0, #4]
  65 0002 4B60     		str	r3, [r1, #4]
  66 0004 9A68     		ldr	r2, [r3, #8]
  67 0006 8A60     		str	r2, [r1, #8]
  68 0008 5160     		str	r1, [r2, #4]
  69 000a 9960     		str	r1, [r3, #8]
  70 000c 0861     		str	r0, [r1, #16]
  71 000e 0368     		ldr	r3, [r0]
  72 0010 0133     		adds	r3, r3, #1
  73 0012 0360     		str	r3, [r0]
  74 0014 7047     		bx	lr
  76              		.section	.text.vListInsert,"ax",%progbits
  77              		.align	1
  78              		.global	vListInsert
  79              		.syntax unified
  80              		.thumb
  81              		.thumb_func
  83              	vListInsert:
  84              		@ args = 0, pretend = 0, frame = 0
  85              		@ frame_needed = 0, uses_anonymous_args = 0
  86              		@ link register save eliminated.
  87 0000 30B4     		push	{r4, r5}
  88 0002 0D68     		ldr	r5, [r1]
  89 0004 B5F1FF3F 		cmp	r5, #-1
  90 0008 11D0     		beq	.L9
  91 000a 00F10803 		add	r3, r0, #8
  92              	.L7:
  93 000e 1C46     		mov	r4, r3
  94 0010 5B68     		ldr	r3, [r3, #4]
  95 0012 1A68     		ldr	r2, [r3]
  96 0014 AA42     		cmp	r2, r5
  97 0016 FAD9     		bls	.L7
  98              	.L6:
  99 0018 6368     		ldr	r3, [r4, #4]
 100 001a 4B60     		str	r3, [r1, #4]
 101 001c 9960     		str	r1, [r3, #8]
 102 001e 8C60     		str	r4, [r1, #8]
 103 0020 6160     		str	r1, [r4, #4]
 104 0022 0861     		str	r0, [r1, #16]
 105 0024 0368     		ldr	r3, [r0]
 106 0026 0133     		adds	r3, r3, #1
 107 0028 0360     		str	r3, [r0]
 108 002a 30BC     		pop	{r4, r5}
 109 002c 7047     		bx	lr
 110              	.L9:
 111 002e 0469     		ldr	r4, [r0, #16]
 112 0030 F2E7     		b	.L6
 114              		.section	.text.uxListRemove,"ax",%progbits
 115              		.align	1
 116              		.global	uxListRemove
 117              		.syntax unified
 118              		.thumb
 119              		.thumb_func
 121              	uxListRemove:
 122              		@ args = 0, pretend = 0, frame = 0
 123              		@ frame_needed = 0, uses_anonymous_args = 0
ARM GAS  C:\Users\Rick\AppData\Local\Temp\ccLjK8Cc.s 			page 3


 124              		@ link register save eliminated.
 125 0000 0369     		ldr	r3, [r0, #16]
 126 0002 4168     		ldr	r1, [r0, #4]
 127 0004 8268     		ldr	r2, [r0, #8]
 128 0006 8A60     		str	r2, [r1, #8]
 129 0008 4168     		ldr	r1, [r0, #4]
 130 000a 5160     		str	r1, [r2, #4]
 131 000c 5A68     		ldr	r2, [r3, #4]
 132 000e 8242     		cmp	r2, r0
 133 0010 06D0     		beq	.L12
 134              	.L11:
 135 0012 0022     		movs	r2, #0
 136 0014 0261     		str	r2, [r0, #16]
 137 0016 1A68     		ldr	r2, [r3]
 138 0018 013A     		subs	r2, r2, #1
 139 001a 1A60     		str	r2, [r3]
 140 001c 1868     		ldr	r0, [r3]
 141 001e 7047     		bx	lr
 142              	.L12:
 143 0020 8268     		ldr	r2, [r0, #8]
 144 0022 5A60     		str	r2, [r3, #4]
 145 0024 F5E7     		b	.L11
 147              		.ident	"GCC: (xPack GNU Arm Embedded GCC x86_64) 14.2.1 20241119"
ARM GAS  C:\Users\Rick\AppData\Local\Temp\ccLjK8Cc.s 			page 4


DEFINED SYMBOLS
                            *ABS*:00000000 list.c
C:\Users\Rick\AppData\Local\Temp\ccLjK8Cc.s:18     .text.vListInitialise:00000000 $t
C:\Users\Rick\AppData\Local\Temp\ccLjK8Cc.s:24     .text.vListInitialise:00000000 vListInitialise
C:\Users\Rick\AppData\Local\Temp\ccLjK8Cc.s:39     .text.vListInitialiseItem:00000000 $t
C:\Users\Rick\AppData\Local\Temp\ccLjK8Cc.s:45     .text.vListInitialiseItem:00000000 vListInitialiseItem
C:\Users\Rick\AppData\Local\Temp\ccLjK8Cc.s:54     .text.vListInsertEnd:00000000 $t
C:\Users\Rick\AppData\Local\Temp\ccLjK8Cc.s:60     .text.vListInsertEnd:00000000 vListInsertEnd
C:\Users\Rick\AppData\Local\Temp\ccLjK8Cc.s:77     .text.vListInsert:00000000 $t
C:\Users\Rick\AppData\Local\Temp\ccLjK8Cc.s:83     .text.vListInsert:00000000 vListInsert
C:\Users\Rick\AppData\Local\Temp\ccLjK8Cc.s:115    .text.uxListRemove:00000000 $t
C:\Users\Rick\AppData\Local\Temp\ccLjK8Cc.s:121    .text.uxListRemove:00000000 uxListRemove

NO UNDEFINED SYMBOLS
