ARM GAS  C:\Users\Rick\AppData\Local\Temp\ccU5am4q.s 			page 1


   1              		.cpu cortex-m4
   2              		.arch armv7e-m
   3              		.fpu fpv4-sp-d16
   4              		.eabi_attribute 27, 1
   5              		.eabi_attribute 28, 1
   6              		.eabi_attribute 20, 1
   7              		.eabi_attribute 21, 1
   8              		.eabi_attribute 23, 3
   9              		.eabi_attribute 24, 1
  10              		.eabi_attribute 25, 1
  11              		.eabi_attribute 26, 1
  12              		.eabi_attribute 30, 1
  13              		.eabi_attribute 34, 1
  14              		.eabi_attribute 18, 4
  15              		.file	"stm32f4xx_hal_can.c"
  16              		.text
  17              		.section	.text.HAL_CAN_MspInit,"ax",%progbits
  18              		.align	1
  19              		.weak	HAL_CAN_MspInit
  20              		.syntax unified
  21              		.thumb
  22              		.thumb_func
  24              	HAL_CAN_MspInit:
  25              		@ args = 0, pretend = 0, frame = 0
  26              		@ frame_needed = 0, uses_anonymous_args = 0
  27              		@ link register save eliminated.
  28 0000 7047     		bx	lr
  30              		.section	.text.HAL_CAN_Init,"ax",%progbits
  31              		.align	1
  32              		.global	HAL_CAN_Init
  33              		.syntax unified
  34              		.thumb
  35              		.thumb_func
  37              	HAL_CAN_Init:
  38              		@ args = 0, pretend = 0, frame = 0
  39              		@ frame_needed = 0, uses_anonymous_args = 0
  40 0000 0028     		cmp	r0, #0
  41 0002 00F0A180 		beq	.L21
  42 0006 38B5     		push	{r3, r4, r5, lr}
  43 0008 0446     		mov	r4, r0
  44 000a 90F82030 		ldrb	r3, [r0, #32]	@ zero_extendqisi2
  45 000e D3B1     		cbz	r3, .L26
  46              	.L4:
  47 0010 2268     		ldr	r2, [r4]
  48 0012 1368     		ldr	r3, [r2]
  49 0014 43F00103 		orr	r3, r3, #1
  50 0018 1360     		str	r3, [r2]
  51 001a FFF7FEFF 		bl	HAL_GetTick
  52 001e 0546     		mov	r5, r0
  53              	.L5:
  54 0020 2368     		ldr	r3, [r4]
  55 0022 5A68     		ldr	r2, [r3, #4]
  56 0024 12F0010F 		tst	r2, #1
  57 0028 10D1     		bne	.L27
  58 002a FFF7FEFF 		bl	HAL_GetTick
  59 002e 401B     		subs	r0, r0, r5
  60 0030 0A28     		cmp	r0, #10
ARM GAS  C:\Users\Rick\AppData\Local\Temp\ccU5am4q.s 			page 2


  61 0032 F5D9     		bls	.L5
  62 0034 636A     		ldr	r3, [r4, #36]
  63 0036 43F40033 		orr	r3, r3, #131072
  64 003a 6362     		str	r3, [r4, #36]
  65 003c 0523     		movs	r3, #5
  66 003e 84F82030 		strb	r3, [r4, #32]
  67 0042 0120     		movs	r0, #1
  68              	.L3:
  69 0044 38BD     		pop	{r3, r4, r5, pc}
  70              	.L26:
  71 0046 FFF7FEFF 		bl	HAL_CAN_MspInit
  72 004a E1E7     		b	.L4
  73              	.L27:
  74 004c 1A68     		ldr	r2, [r3]
  75 004e 22F00202 		bic	r2, r2, #2
  76 0052 1A60     		str	r2, [r3]
  77 0054 FFF7FEFF 		bl	HAL_GetTick
  78 0058 0546     		mov	r5, r0
  79              	.L7:
  80 005a 2368     		ldr	r3, [r4]
  81 005c 5A68     		ldr	r2, [r3, #4]
  82 005e 12F0020F 		tst	r2, #2
  83 0062 0DD0     		beq	.L28
  84 0064 FFF7FEFF 		bl	HAL_GetTick
  85 0068 401B     		subs	r0, r0, r5
  86 006a 0A28     		cmp	r0, #10
  87 006c F5D9     		bls	.L7
  88 006e 636A     		ldr	r3, [r4, #36]
  89 0070 43F40033 		orr	r3, r3, #131072
  90 0074 6362     		str	r3, [r4, #36]
  91 0076 0523     		movs	r3, #5
  92 0078 84F82030 		strb	r3, [r4, #32]
  93 007c 0120     		movs	r0, #1
  94 007e E1E7     		b	.L3
  95              	.L28:
  96 0080 227E     		ldrb	r2, [r4, #24]	@ zero_extendqisi2
  97 0082 012A     		cmp	r2, #1
  98 0084 3DD0     		beq	.L29
  99 0086 1A68     		ldr	r2, [r3]
 100 0088 22F08002 		bic	r2, r2, #128
 101 008c 1A60     		str	r2, [r3]
 102              	.L10:
 103 008e 637E     		ldrb	r3, [r4, #25]	@ zero_extendqisi2
 104 0090 012B     		cmp	r3, #1
 105 0092 3BD0     		beq	.L30
 106 0094 2268     		ldr	r2, [r4]
 107 0096 1368     		ldr	r3, [r2]
 108 0098 23F04003 		bic	r3, r3, #64
 109 009c 1360     		str	r3, [r2]
 110              	.L12:
 111 009e A37E     		ldrb	r3, [r4, #26]	@ zero_extendqisi2
 112 00a0 012B     		cmp	r3, #1
 113 00a2 39D0     		beq	.L31
 114 00a4 2268     		ldr	r2, [r4]
 115 00a6 1368     		ldr	r3, [r2]
 116 00a8 23F02003 		bic	r3, r3, #32
 117 00ac 1360     		str	r3, [r2]
ARM GAS  C:\Users\Rick\AppData\Local\Temp\ccU5am4q.s 			page 3


 118              	.L14:
 119 00ae E37E     		ldrb	r3, [r4, #27]	@ zero_extendqisi2
 120 00b0 012B     		cmp	r3, #1
 121 00b2 37D0     		beq	.L32
 122 00b4 2268     		ldr	r2, [r4]
 123 00b6 1368     		ldr	r3, [r2]
 124 00b8 43F01003 		orr	r3, r3, #16
 125 00bc 1360     		str	r3, [r2]
 126              	.L16:
 127 00be 237F     		ldrb	r3, [r4, #28]	@ zero_extendqisi2
 128 00c0 012B     		cmp	r3, #1
 129 00c2 35D0     		beq	.L33
 130 00c4 2268     		ldr	r2, [r4]
 131 00c6 1368     		ldr	r3, [r2]
 132 00c8 23F00803 		bic	r3, r3, #8
 133 00cc 1360     		str	r3, [r2]
 134              	.L18:
 135 00ce 637F     		ldrb	r3, [r4, #29]	@ zero_extendqisi2
 136 00d0 012B     		cmp	r3, #1
 137 00d2 33D0     		beq	.L34
 138 00d4 2268     		ldr	r2, [r4]
 139 00d6 1368     		ldr	r3, [r2]
 140 00d8 23F00403 		bic	r3, r3, #4
 141 00dc 1360     		str	r3, [r2]
 142              	.L20:
 143 00de A368     		ldr	r3, [r4, #8]
 144 00e0 E268     		ldr	r2, [r4, #12]
 145 00e2 1343     		orrs	r3, r3, r2
 146 00e4 2269     		ldr	r2, [r4, #16]
 147 00e6 1343     		orrs	r3, r3, r2
 148 00e8 6269     		ldr	r2, [r4, #20]
 149 00ea 1343     		orrs	r3, r3, r2
 150 00ec 6268     		ldr	r2, [r4, #4]
 151 00ee 013A     		subs	r2, r2, #1
 152 00f0 2168     		ldr	r1, [r4]
 153 00f2 1343     		orrs	r3, r3, r2
 154 00f4 CB61     		str	r3, [r1, #28]
 155 00f6 0020     		movs	r0, #0
 156 00f8 6062     		str	r0, [r4, #36]
 157 00fa 0123     		movs	r3, #1
 158 00fc 84F82030 		strb	r3, [r4, #32]
 159 0100 A0E7     		b	.L3
 160              	.L29:
 161 0102 1A68     		ldr	r2, [r3]
 162 0104 42F08002 		orr	r2, r2, #128
 163 0108 1A60     		str	r2, [r3]
 164 010a C0E7     		b	.L10
 165              	.L30:
 166 010c 2268     		ldr	r2, [r4]
 167 010e 1368     		ldr	r3, [r2]
 168 0110 43F04003 		orr	r3, r3, #64
 169 0114 1360     		str	r3, [r2]
 170 0116 C2E7     		b	.L12
 171              	.L31:
 172 0118 2268     		ldr	r2, [r4]
 173 011a 1368     		ldr	r3, [r2]
 174 011c 43F02003 		orr	r3, r3, #32
ARM GAS  C:\Users\Rick\AppData\Local\Temp\ccU5am4q.s 			page 4


 175 0120 1360     		str	r3, [r2]
 176 0122 C4E7     		b	.L14
 177              	.L32:
 178 0124 2268     		ldr	r2, [r4]
 179 0126 1368     		ldr	r3, [r2]
 180 0128 23F01003 		bic	r3, r3, #16
 181 012c 1360     		str	r3, [r2]
 182 012e C6E7     		b	.L16
 183              	.L33:
 184 0130 2268     		ldr	r2, [r4]
 185 0132 1368     		ldr	r3, [r2]
 186 0134 43F00803 		orr	r3, r3, #8
 187 0138 1360     		str	r3, [r2]
 188 013a C8E7     		b	.L18
 189              	.L34:
 190 013c 2268     		ldr	r2, [r4]
 191 013e 1368     		ldr	r3, [r2]
 192 0140 43F00403 		orr	r3, r3, #4
 193 0144 1360     		str	r3, [r2]
 194 0146 CAE7     		b	.L20
 195              	.L21:
 196 0148 0120     		movs	r0, #1
 197 014a 7047     		bx	lr
 199              		.section	.text.HAL_CAN_MspDeInit,"ax",%progbits
 200              		.align	1
 201              		.weak	HAL_CAN_MspDeInit
 202              		.syntax unified
 203              		.thumb
 204              		.thumb_func
 206              	HAL_CAN_MspDeInit:
 207              		@ args = 0, pretend = 0, frame = 0
 208              		@ frame_needed = 0, uses_anonymous_args = 0
 209              		@ link register save eliminated.
 210 0000 7047     		bx	lr
 212              		.section	.text.HAL_CAN_ConfigFilter,"ax",%progbits
 213              		.align	1
 214              		.global	HAL_CAN_ConfigFilter
 215              		.syntax unified
 216              		.thumb
 217              		.thumb_func
 219              	HAL_CAN_ConfigFilter:
 220              		@ args = 0, pretend = 0, frame = 0
 221              		@ frame_needed = 0, uses_anonymous_args = 0
 222 0000 90F82030 		ldrb	r3, [r0, #32]	@ zero_extendqisi2
 223 0004 013B     		subs	r3, r3, #1
 224 0006 DBB2     		uxtb	r3, r3
 225 0008 012B     		cmp	r3, #1
 226 000a 05D9     		bls	.L50
 227 000c 436A     		ldr	r3, [r0, #36]
 228 000e 43F48023 		orr	r3, r3, #262144
 229 0012 4362     		str	r3, [r0, #36]
 230 0014 0120     		movs	r0, #1
 231 0016 7047     		bx	lr
 232              	.L50:
 233 0018 30B5     		push	{r4, r5, lr}
 234 001a 464B     		ldr	r3, .L53
 235 001c D3F80022 		ldr	r2, [r3, #512]
ARM GAS  C:\Users\Rick\AppData\Local\Temp\ccU5am4q.s 			page 5


 236 0020 42F00102 		orr	r2, r2, #1
 237 0024 C3F80022 		str	r2, [r3, #512]
 238 0028 D3F80022 		ldr	r2, [r3, #512]
 239 002c 22F47C52 		bic	r2, r2, #16128
 240 0030 C3F80022 		str	r2, [r3, #512]
 241 0034 D3F80022 		ldr	r2, [r3, #512]
 242 0038 486A     		ldr	r0, [r1, #36]
 243 003a 42EA0022 		orr	r2, r2, r0, lsl #8
 244 003e C3F80022 		str	r2, [r3, #512]
 245 0042 4A69     		ldr	r2, [r1, #20]
 246 0044 02F01F02 		and	r2, r2, #31
 247 0048 0120     		movs	r0, #1
 248 004a 00FA02F2 		lsl	r2, r0, r2
 249 004e D3F81C02 		ldr	r0, [r3, #540]
 250 0052 6FEA020C 		mvn	ip, r2
 251 0056 20EA0200 		bic	r0, r0, r2
 252 005a C3F81C02 		str	r0, [r3, #540]
 253 005e CB69     		ldr	r3, [r1, #28]
 254 0060 C3B9     		cbnz	r3, .L38
 255 0062 344B     		ldr	r3, .L53
 256 0064 D3F80C02 		ldr	r0, [r3, #524]
 257 0068 0CEA0000 		and	r0, ip, r0
 258 006c C3F80C02 		str	r0, [r3, #524]
 259 0070 8C88     		ldrh	r4, [r1, #4]
 260 0072 4869     		ldr	r0, [r1, #20]
 261 0074 CD68     		ldr	r5, [r1, #12]
 262 0076 44EA0544 		orr	r4, r4, r5, lsl #16
 263 007a 4830     		adds	r0, r0, #72
 264 007c 43F83040 		str	r4, [r3, r0, lsl #3]
 265 0080 8C68     		ldr	r4, [r1, #8]
 266 0082 0888     		ldrh	r0, [r1]
 267 0084 40EA0440 		orr	r0, r0, r4, lsl #16
 268 0088 4C69     		ldr	r4, [r1, #20]
 269 008a 04F1480E 		add	lr, r4, #72
 270 008e 03EBCE03 		add	r3, r3, lr, lsl #3
 271 0092 5860     		str	r0, [r3, #4]
 272              	.L38:
 273 0094 CB69     		ldr	r3, [r1, #28]
 274 0096 012B     		cmp	r3, #1
 275 0098 1ED0     		beq	.L51
 276              	.L39:
 277 009a 8B69     		ldr	r3, [r1, #24]
 278 009c 002B     		cmp	r3, #0
 279 009e 33D1     		bne	.L40
 280 00a0 2448     		ldr	r0, .L53
 281 00a2 D0F80432 		ldr	r3, [r0, #516]
 282 00a6 0CEA0303 		and	r3, ip, r3
 283 00aa C0F80432 		str	r3, [r0, #516]
 284              	.L41:
 285 00ae 0B69     		ldr	r3, [r1, #16]
 286 00b0 8BBB     		cbnz	r3, .L42
 287 00b2 2048     		ldr	r0, .L53
 288 00b4 D0F81432 		ldr	r3, [r0, #532]
 289 00b8 0CEA0303 		and	r3, ip, r3
 290 00bc C0F81432 		str	r3, [r0, #532]
 291              	.L43:
 292 00c0 0B6A     		ldr	r3, [r1, #32]
ARM GAS  C:\Users\Rick\AppData\Local\Temp\ccU5am4q.s 			page 6


 293 00c2 012B     		cmp	r3, #1
 294 00c4 2ED0     		beq	.L52
 295              	.L44:
 296 00c6 1B4A     		ldr	r2, .L53
 297 00c8 D2F80032 		ldr	r3, [r2, #512]
 298 00cc 23F00103 		bic	r3, r3, #1
 299 00d0 C2F80032 		str	r3, [r2, #512]
 300 00d4 0020     		movs	r0, #0
 301 00d6 30BD     		pop	{r4, r5, pc}
 302              	.L51:
 303 00d8 164B     		ldr	r3, .L53
 304 00da D3F80C02 		ldr	r0, [r3, #524]
 305 00de 1043     		orrs	r0, r0, r2
 306 00e0 C3F80C02 		str	r0, [r3, #524]
 307 00e4 8C88     		ldrh	r4, [r1, #4]
 308 00e6 4869     		ldr	r0, [r1, #20]
 309 00e8 0D68     		ldr	r5, [r1]
 310 00ea 44EA0544 		orr	r4, r4, r5, lsl #16
 311 00ee 4830     		adds	r0, r0, #72
 312 00f0 43F83040 		str	r4, [r3, r0, lsl #3]
 313 00f4 8889     		ldrh	r0, [r1, #12]
 314 00f6 4C69     		ldr	r4, [r1, #20]
 315 00f8 8D68     		ldr	r5, [r1, #8]
 316 00fa 40EA0540 		orr	r0, r0, r5, lsl #16
 317 00fe 4834     		adds	r4, r4, #72
 318 0100 03EBC403 		add	r3, r3, r4, lsl #3
 319 0104 5860     		str	r0, [r3, #4]
 320 0106 C8E7     		b	.L39
 321              	.L40:
 322 0108 0A48     		ldr	r0, .L53
 323 010a D0F80432 		ldr	r3, [r0, #516]
 324 010e 1343     		orrs	r3, r3, r2
 325 0110 C0F80432 		str	r3, [r0, #516]
 326 0114 CBE7     		b	.L41
 327              	.L42:
 328 0116 0748     		ldr	r0, .L53
 329 0118 D0F81432 		ldr	r3, [r0, #532]
 330 011c 1343     		orrs	r3, r3, r2
 331 011e C0F81432 		str	r3, [r0, #532]
 332 0122 CDE7     		b	.L43
 333              	.L52:
 334 0124 0349     		ldr	r1, .L53
 335 0126 D1F81C32 		ldr	r3, [r1, #540]
 336 012a 1343     		orrs	r3, r3, r2
 337 012c C1F81C32 		str	r3, [r1, #540]
 338 0130 C9E7     		b	.L44
 339              	.L54:
 340 0132 00BF     		.align	2
 341              	.L53:
 342 0134 00640040 		.word	1073767424
 344              		.section	.text.HAL_CAN_Start,"ax",%progbits
 345              		.align	1
 346              		.global	HAL_CAN_Start
 347              		.syntax unified
 348              		.thumb
 349              		.thumb_func
 351              	HAL_CAN_Start:
ARM GAS  C:\Users\Rick\AppData\Local\Temp\ccU5am4q.s 			page 7


 352              		@ args = 0, pretend = 0, frame = 0
 353              		@ frame_needed = 0, uses_anonymous_args = 0
 354 0000 70B5     		push	{r4, r5, r6, lr}
 355 0002 0446     		mov	r4, r0
 356 0004 90F82030 		ldrb	r3, [r0, #32]	@ zero_extendqisi2
 357 0008 012B     		cmp	r3, #1
 358 000a 06D0     		beq	.L61
 359 000c 436A     		ldr	r3, [r0, #36]
 360 000e 43F40023 		orr	r3, r3, #524288
 361 0012 4362     		str	r3, [r0, #36]
 362 0014 0126     		movs	r6, #1
 363              	.L58:
 364 0016 3046     		mov	r0, r6
 365 0018 70BD     		pop	{r4, r5, r6, pc}
 366              	.L61:
 367 001a DEB2     		uxtb	r6, r3
 368 001c 0223     		movs	r3, #2
 369 001e 80F82030 		strb	r3, [r0, #32]
 370 0022 0268     		ldr	r2, [r0]
 371 0024 1368     		ldr	r3, [r2]
 372 0026 23F00103 		bic	r3, r3, #1
 373 002a 1360     		str	r3, [r2]
 374 002c FFF7FEFF 		bl	HAL_GetTick
 375 0030 0546     		mov	r5, r0
 376              	.L57:
 377 0032 2368     		ldr	r3, [r4]
 378 0034 5B68     		ldr	r3, [r3, #4]
 379 0036 13F0010F 		tst	r3, #1
 380 003a 0CD0     		beq	.L62
 381 003c FFF7FEFF 		bl	HAL_GetTick
 382 0040 431B     		subs	r3, r0, r5
 383 0042 0A2B     		cmp	r3, #10
 384 0044 F5D9     		bls	.L57
 385 0046 636A     		ldr	r3, [r4, #36]
 386 0048 43F40033 		orr	r3, r3, #131072
 387 004c 6362     		str	r3, [r4, #36]
 388 004e 0523     		movs	r3, #5
 389 0050 84F82030 		strb	r3, [r4, #32]
 390 0054 DFE7     		b	.L58
 391              	.L62:
 392 0056 0026     		movs	r6, #0
 393 0058 6662     		str	r6, [r4, #36]
 394 005a DCE7     		b	.L58
 396              		.section	.text.HAL_CAN_Stop,"ax",%progbits
 397              		.align	1
 398              		.global	HAL_CAN_Stop
 399              		.syntax unified
 400              		.thumb
 401              		.thumb_func
 403              	HAL_CAN_Stop:
 404              		@ args = 0, pretend = 0, frame = 0
 405              		@ frame_needed = 0, uses_anonymous_args = 0
 406 0000 38B5     		push	{r3, r4, r5, lr}
 407 0002 0446     		mov	r4, r0
 408 0004 90F82030 		ldrb	r3, [r0, #32]	@ zero_extendqisi2
 409 0008 022B     		cmp	r3, #2
 410 000a 05D0     		beq	.L69
ARM GAS  C:\Users\Rick\AppData\Local\Temp\ccU5am4q.s 			page 8


 411 000c 436A     		ldr	r3, [r0, #36]
 412 000e 43F48013 		orr	r3, r3, #1048576
 413 0012 4362     		str	r3, [r0, #36]
 414 0014 0120     		movs	r0, #1
 415              	.L66:
 416 0016 38BD     		pop	{r3, r4, r5, pc}
 417              	.L69:
 418 0018 0268     		ldr	r2, [r0]
 419 001a 1368     		ldr	r3, [r2]
 420 001c 43F00103 		orr	r3, r3, #1
 421 0020 1360     		str	r3, [r2]
 422 0022 FFF7FEFF 		bl	HAL_GetTick
 423 0026 0546     		mov	r5, r0
 424              	.L65:
 425 0028 2368     		ldr	r3, [r4]
 426 002a 5A68     		ldr	r2, [r3, #4]
 427 002c 12F0010F 		tst	r2, #1
 428 0030 0DD1     		bne	.L70
 429 0032 FFF7FEFF 		bl	HAL_GetTick
 430 0036 431B     		subs	r3, r0, r5
 431 0038 0A2B     		cmp	r3, #10
 432 003a F5D9     		bls	.L65
 433 003c 636A     		ldr	r3, [r4, #36]
 434 003e 43F40033 		orr	r3, r3, #131072
 435 0042 6362     		str	r3, [r4, #36]
 436 0044 0523     		movs	r3, #5
 437 0046 84F82030 		strb	r3, [r4, #32]
 438 004a 0120     		movs	r0, #1
 439 004c E3E7     		b	.L66
 440              	.L70:
 441 004e 1A68     		ldr	r2, [r3]
 442 0050 22F00202 		bic	r2, r2, #2
 443 0054 1A60     		str	r2, [r3]
 444 0056 0123     		movs	r3, #1
 445 0058 84F82030 		strb	r3, [r4, #32]
 446 005c 0020     		movs	r0, #0
 447 005e DAE7     		b	.L66
 449              		.section	.text.HAL_CAN_DeInit,"ax",%progbits
 450              		.align	1
 451              		.global	HAL_CAN_DeInit
 452              		.syntax unified
 453              		.thumb
 454              		.thumb_func
 456              	HAL_CAN_DeInit:
 457              		@ args = 0, pretend = 0, frame = 0
 458              		@ frame_needed = 0, uses_anonymous_args = 0
 459 0000 80B1     		cbz	r0, .L73
 460 0002 10B5     		push	{r4, lr}
 461 0004 0446     		mov	r4, r0
 462 0006 FFF7FEFF 		bl	HAL_CAN_Stop
 463 000a 2046     		mov	r0, r4
 464 000c FFF7FEFF 		bl	HAL_CAN_MspDeInit
 465 0010 2268     		ldr	r2, [r4]
 466 0012 1368     		ldr	r3, [r2]
 467 0014 43F40043 		orr	r3, r3, #32768
 468 0018 1360     		str	r3, [r2]
 469 001a 0020     		movs	r0, #0
ARM GAS  C:\Users\Rick\AppData\Local\Temp\ccU5am4q.s 			page 9


 470 001c 6062     		str	r0, [r4, #36]
 471 001e 84F82000 		strb	r0, [r4, #32]
 472 0022 10BD     		pop	{r4, pc}
 473              	.L73:
 474 0024 0120     		movs	r0, #1
 475 0026 7047     		bx	lr
 477              		.section	.text.HAL_CAN_RequestSleep,"ax",%progbits
 478              		.align	1
 479              		.global	HAL_CAN_RequestSleep
 480              		.syntax unified
 481              		.thumb
 482              		.thumb_func
 484              	HAL_CAN_RequestSleep:
 485              		@ args = 0, pretend = 0, frame = 0
 486              		@ frame_needed = 0, uses_anonymous_args = 0
 487              		@ link register save eliminated.
 488 0000 90F82030 		ldrb	r3, [r0, #32]	@ zero_extendqisi2
 489 0004 013B     		subs	r3, r3, #1
 490 0006 DBB2     		uxtb	r3, r3
 491 0008 012B     		cmp	r3, #1
 492 000a 05D9     		bls	.L81
 493 000c 436A     		ldr	r3, [r0, #36]
 494 000e 43F48023 		orr	r3, r3, #262144
 495 0012 4362     		str	r3, [r0, #36]
 496 0014 0120     		movs	r0, #1
 497 0016 7047     		bx	lr
 498              	.L81:
 499 0018 0268     		ldr	r2, [r0]
 500 001a 1368     		ldr	r3, [r2]
 501 001c 43F00203 		orr	r3, r3, #2
 502 0020 1360     		str	r3, [r2]
 503 0022 0020     		movs	r0, #0
 504 0024 7047     		bx	lr
 506              		.section	.text.HAL_CAN_WakeUp,"ax",%progbits
 507              		.align	1
 508              		.global	HAL_CAN_WakeUp
 509              		.syntax unified
 510              		.thumb
 511              		.thumb_func
 513              	HAL_CAN_WakeUp:
 514              		@ args = 0, pretend = 0, frame = 8
 515              		@ frame_needed = 0, uses_anonymous_args = 0
 516              		@ link register save eliminated.
 517 0000 82B0     		sub	sp, sp, #8
 518 0002 0023     		movs	r3, #0
 519 0004 0193     		str	r3, [sp, #4]
 520 0006 90F82030 		ldrb	r3, [r0, #32]	@ zero_extendqisi2
 521 000a 013B     		subs	r3, r3, #1
 522 000c DBB2     		uxtb	r3, r3
 523 000e 012B     		cmp	r3, #1
 524 0010 18D8     		bhi	.L83
 525 0012 0268     		ldr	r2, [r0]
 526 0014 1368     		ldr	r3, [r2]
 527 0016 23F00203 		bic	r3, r3, #2
 528 001a 1360     		str	r3, [r2]
 529              	.L86:
 530 001c 019B     		ldr	r3, [sp, #4]
ARM GAS  C:\Users\Rick\AppData\Local\Temp\ccU5am4q.s 			page 10


 531 001e 0133     		adds	r3, r3, #1
 532 0020 0193     		str	r3, [sp, #4]
 533 0022 019A     		ldr	r2, [sp, #4]
 534 0024 0B4B     		ldr	r3, .L89
 535 0026 9A42     		cmp	r2, r3
 536 0028 06D8     		bhi	.L88
 537 002a 0368     		ldr	r3, [r0]
 538 002c 5B68     		ldr	r3, [r3, #4]
 539 002e 13F0020F 		tst	r3, #2
 540 0032 F3D1     		bne	.L86
 541 0034 0020     		movs	r0, #0
 542 0036 0AE0     		b	.L85
 543              	.L88:
 544 0038 436A     		ldr	r3, [r0, #36]
 545 003a 43F40033 		orr	r3, r3, #131072
 546 003e 4362     		str	r3, [r0, #36]
 547 0040 0120     		movs	r0, #1
 548 0042 04E0     		b	.L85
 549              	.L83:
 550 0044 436A     		ldr	r3, [r0, #36]
 551 0046 43F48023 		orr	r3, r3, #262144
 552 004a 4362     		str	r3, [r0, #36]
 553 004c 0120     		movs	r0, #1
 554              	.L85:
 555 004e 02B0     		add	sp, sp, #8
 556              		@ sp needed
 557 0050 7047     		bx	lr
 558              	.L90:
 559 0052 00BF     		.align	2
 560              	.L89:
 561 0054 40420F00 		.word	1000000
 563              		.section	.text.HAL_CAN_IsSleepActive,"ax",%progbits
 564              		.align	1
 565              		.global	HAL_CAN_IsSleepActive
 566              		.syntax unified
 567              		.thumb
 568              		.thumb_func
 570              	HAL_CAN_IsSleepActive:
 571              		@ args = 0, pretend = 0, frame = 0
 572              		@ frame_needed = 0, uses_anonymous_args = 0
 573              		@ link register save eliminated.
 574 0000 90F82030 		ldrb	r3, [r0, #32]	@ zero_extendqisi2
 575 0004 013B     		subs	r3, r3, #1
 576 0006 DBB2     		uxtb	r3, r3
 577 0008 012B     		cmp	r3, #1
 578 000a 01D9     		bls	.L95
 579 000c 0020     		movs	r0, #0
 580 000e 7047     		bx	lr
 581              	.L95:
 582 0010 0368     		ldr	r3, [r0]
 583 0012 5868     		ldr	r0, [r3, #4]
 584 0014 10F00200 		ands	r0, r0, #2
 585 0018 00D1     		bne	.L94
 586 001a 7047     		bx	lr
 587              	.L94:
 588 001c 0120     		movs	r0, #1
 589 001e 7047     		bx	lr
ARM GAS  C:\Users\Rick\AppData\Local\Temp\ccU5am4q.s 			page 11


 591              		.section	.text.HAL_CAN_AddTxMessage,"ax",%progbits
 592              		.align	1
 593              		.global	HAL_CAN_AddTxMessage
 594              		.syntax unified
 595              		.thumb
 596              		.thumb_func
 598              	HAL_CAN_AddTxMessage:
 599              		@ args = 0, pretend = 0, frame = 0
 600              		@ frame_needed = 0, uses_anonymous_args = 0
 601 0000 30B5     		push	{r4, r5, lr}
 602 0002 90F820C0 		ldrb	ip, [r0, #32]	@ zero_extendqisi2
 603 0006 0468     		ldr	r4, [r0]
 604 0008 A468     		ldr	r4, [r4, #8]
 605 000a 0CF1FF3C 		add	ip, ip, #-1
 606 000e 5FFA8CFC 		uxtb	ip, ip
 607 0012 BCF1010F 		cmp	ip, #1
 608 0016 62D8     		bhi	.L97
 609 0018 14F0E05F 		tst	r4, #469762048
 610 001c 59D0     		beq	.L98
 611 001e C4F3016C 		ubfx	ip, r4, #24, #2
 612 0022 0124     		movs	r4, #1
 613 0024 04FA0CF4 		lsl	r4, r4, ip
 614 0028 1C60     		str	r4, [r3]
 615 002a 8B68     		ldr	r3, [r1, #8]
 616 002c 002B     		cmp	r3, #0
 617 002e 3DD1     		bne	.L99
 618 0030 0D68     		ldr	r5, [r1]
 619 0032 CB68     		ldr	r3, [r1, #12]
 620 0034 0468     		ldr	r4, [r0]
 621 0036 43EA4555 		orr	r5, r3, r5, lsl #21
 622 003a 0CF11803 		add	r3, ip, #24
 623 003e 1B01     		lsls	r3, r3, #4
 624 0040 E550     		str	r5, [r4, r3]
 625              	.L100:
 626 0042 0368     		ldr	r3, [r0]
 627 0044 0C69     		ldr	r4, [r1, #16]
 628 0046 0CF1180E 		add	lr, ip, #24
 629 004a 03EB0E13 		add	r3, r3, lr, lsl #4
 630 004e 5C60     		str	r4, [r3, #4]
 631 0050 0B7D     		ldrb	r3, [r1, #20]	@ zero_extendqisi2
 632 0052 012B     		cmp	r3, #1
 633 0054 35D0     		beq	.L104
 634              	.L101:
 635 0056 D179     		ldrb	r1, [r2, #7]	@ zero_extendqisi2
 636 0058 9379     		ldrb	r3, [r2, #6]	@ zero_extendqisi2
 637 005a 1B04     		lsls	r3, r3, #16
 638 005c 43EA0163 		orr	r3, r3, r1, lsl #24
 639 0060 5179     		ldrb	r1, [r2, #5]	@ zero_extendqisi2
 640 0062 43EA0123 		orr	r3, r3, r1, lsl #8
 641 0066 1479     		ldrb	r4, [r2, #4]	@ zero_extendqisi2
 642 0068 0168     		ldr	r1, [r0]
 643 006a 2343     		orrs	r3, r3, r4
 644 006c 01EB0C11 		add	r1, r1, ip, lsl #4
 645 0070 C1F88C31 		str	r3, [r1, #396]
 646 0074 D178     		ldrb	r1, [r2, #3]	@ zero_extendqisi2
 647 0076 9378     		ldrb	r3, [r2, #2]	@ zero_extendqisi2
 648 0078 1B04     		lsls	r3, r3, #16
ARM GAS  C:\Users\Rick\AppData\Local\Temp\ccU5am4q.s 			page 12


 649 007a 43EA0163 		orr	r3, r3, r1, lsl #24
 650 007e 5178     		ldrb	r1, [r2, #1]	@ zero_extendqisi2
 651 0080 43EA0123 		orr	r3, r3, r1, lsl #8
 652 0084 1178     		ldrb	r1, [r2]	@ zero_extendqisi2
 653 0086 0268     		ldr	r2, [r0]
 654 0088 0B43     		orrs	r3, r3, r1
 655 008a 02EB0C12 		add	r2, r2, ip, lsl #4
 656 008e C2F88831 		str	r3, [r2, #392]
 657 0092 0268     		ldr	r2, [r0]
 658 0094 0CF1180C 		add	ip, ip, #24
 659 0098 4FEA0C1C 		lsl	ip, ip, #4
 660 009c 52F80C30 		ldr	r3, [r2, ip]
 661 00a0 43F00103 		orr	r3, r3, #1
 662 00a4 42F80C30 		str	r3, [r2, ip]
 663 00a8 0020     		movs	r0, #0
 664 00aa 1DE0     		b	.L102
 665              	.L99:
 666 00ac 4C68     		ldr	r4, [r1, #4]
 667 00ae 43EAC403 		orr	r3, r3, r4, lsl #3
 668 00b2 CC68     		ldr	r4, [r1, #12]
 669 00b4 2343     		orrs	r3, r3, r4
 670 00b6 0CF11804 		add	r4, ip, #24
 671 00ba 2401     		lsls	r4, r4, #4
 672 00bc 0568     		ldr	r5, [r0]
 673 00be 2B51     		str	r3, [r5, r4]
 674 00c0 BFE7     		b	.L100
 675              	.L104:
 676 00c2 0368     		ldr	r3, [r0]
 677 00c4 03EB0E13 		add	r3, r3, lr, lsl #4
 678 00c8 5968     		ldr	r1, [r3, #4]
 679 00ca 41F48071 		orr	r1, r1, #256
 680 00ce 5960     		str	r1, [r3, #4]
 681 00d0 C1E7     		b	.L101
 682              	.L98:
 683 00d2 436A     		ldr	r3, [r0, #36]
 684 00d4 43F40013 		orr	r3, r3, #2097152
 685 00d8 4362     		str	r3, [r0, #36]
 686 00da 0120     		movs	r0, #1
 687 00dc 04E0     		b	.L102
 688              	.L97:
 689 00de 436A     		ldr	r3, [r0, #36]
 690 00e0 43F48023 		orr	r3, r3, #262144
 691 00e4 4362     		str	r3, [r0, #36]
 692 00e6 0120     		movs	r0, #1
 693              	.L102:
 694 00e8 30BD     		pop	{r4, r5, pc}
 696              		.section	.text.HAL_CAN_AbortTxRequest,"ax",%progbits
 697              		.align	1
 698              		.global	HAL_CAN_AbortTxRequest
 699              		.syntax unified
 700              		.thumb
 701              		.thumb_func
 703              	HAL_CAN_AbortTxRequest:
 704              		@ args = 0, pretend = 0, frame = 0
 705              		@ frame_needed = 0, uses_anonymous_args = 0
 706              		@ link register save eliminated.
 707 0000 90F82030 		ldrb	r3, [r0, #32]	@ zero_extendqisi2
ARM GAS  C:\Users\Rick\AppData\Local\Temp\ccU5am4q.s 			page 13


 708 0004 013B     		subs	r3, r3, #1
 709 0006 DBB2     		uxtb	r3, r3
 710 0008 012B     		cmp	r3, #1
 711 000a 05D9     		bls	.L111
 712 000c 436A     		ldr	r3, [r0, #36]
 713 000e 43F48023 		orr	r3, r3, #262144
 714 0012 4362     		str	r3, [r0, #36]
 715 0014 0120     		movs	r0, #1
 716 0016 7047     		bx	lr
 717              	.L111:
 718 0018 11F0010F 		tst	r1, #1
 719 001c 04D0     		beq	.L107
 720 001e 0268     		ldr	r2, [r0]
 721 0020 9368     		ldr	r3, [r2, #8]
 722 0022 43F08003 		orr	r3, r3, #128
 723 0026 9360     		str	r3, [r2, #8]
 724              	.L107:
 725 0028 11F0020F 		tst	r1, #2
 726 002c 04D0     		beq	.L108
 727 002e 0268     		ldr	r2, [r0]
 728 0030 9368     		ldr	r3, [r2, #8]
 729 0032 43F40043 		orr	r3, r3, #32768
 730 0036 9360     		str	r3, [r2, #8]
 731              	.L108:
 732 0038 11F0040F 		tst	r1, #4
 733 003c 04D0     		beq	.L109
 734 003e 0268     		ldr	r2, [r0]
 735 0040 9368     		ldr	r3, [r2, #8]
 736 0042 43F40003 		orr	r3, r3, #8388608
 737 0046 9360     		str	r3, [r2, #8]
 738              	.L109:
 739 0048 0020     		movs	r0, #0
 740 004a 7047     		bx	lr
 742              		.section	.text.HAL_CAN_GetTxMailboxesFreeLevel,"ax",%progbits
 743              		.align	1
 744              		.global	HAL_CAN_GetTxMailboxesFreeLevel
 745              		.syntax unified
 746              		.thumb
 747              		.thumb_func
 749              	HAL_CAN_GetTxMailboxesFreeLevel:
 750              		@ args = 0, pretend = 0, frame = 0
 751              		@ frame_needed = 0, uses_anonymous_args = 0
 752              		@ link register save eliminated.
 753 0000 90F82030 		ldrb	r3, [r0, #32]	@ zero_extendqisi2
 754 0004 013B     		subs	r3, r3, #1
 755 0006 DBB2     		uxtb	r3, r3
 756 0008 012B     		cmp	r3, #1
 757 000a 01D9     		bls	.L118
 758 000c 0020     		movs	r0, #0
 759              	.L112:
 760 000e 7047     		bx	lr
 761              	.L118:
 762 0010 0368     		ldr	r3, [r0]
 763 0012 9868     		ldr	r0, [r3, #8]
 764 0014 10F08060 		ands	r0, r0, #67108864
 765 0018 00D0     		beq	.L114
 766 001a 0120     		movs	r0, #1
ARM GAS  C:\Users\Rick\AppData\Local\Temp\ccU5am4q.s 			page 14


 767              	.L114:
 768 001c 9A68     		ldr	r2, [r3, #8]
 769 001e 12F0006F 		tst	r2, #134217728
 770 0022 00D0     		beq	.L115
 771 0024 0130     		adds	r0, r0, #1
 772              	.L115:
 773 0026 9B68     		ldr	r3, [r3, #8]
 774 0028 13F0805F 		tst	r3, #268435456
 775 002c EFD0     		beq	.L112
 776 002e 0130     		adds	r0, r0, #1
 777 0030 7047     		bx	lr
 779              		.section	.text.HAL_CAN_IsTxMessagePending,"ax",%progbits
 780              		.align	1
 781              		.global	HAL_CAN_IsTxMessagePending
 782              		.syntax unified
 783              		.thumb
 784              		.thumb_func
 786              	HAL_CAN_IsTxMessagePending:
 787              		@ args = 0, pretend = 0, frame = 0
 788              		@ frame_needed = 0, uses_anonymous_args = 0
 789              		@ link register save eliminated.
 790 0000 90F82030 		ldrb	r3, [r0, #32]	@ zero_extendqisi2
 791 0004 013B     		subs	r3, r3, #1
 792 0006 DBB2     		uxtb	r3, r3
 793 0008 012B     		cmp	r3, #1
 794 000a 01D9     		bls	.L123
 795 000c 0020     		movs	r0, #0
 796 000e 7047     		bx	lr
 797              	.L123:
 798 0010 0368     		ldr	r3, [r0]
 799 0012 9B68     		ldr	r3, [r3, #8]
 800 0014 03EA8163 		and	r3, r3, r1, lsl #26
 801 0018 B3EB816F 		cmp	r3, r1, lsl #26
 802 001c 01D0     		beq	.L124
 803 001e 0120     		movs	r0, #1
 804 0020 7047     		bx	lr
 805              	.L124:
 806 0022 0020     		movs	r0, #0
 807 0024 7047     		bx	lr
 809              		.section	.text.HAL_CAN_GetTxTimestamp,"ax",%progbits
 810              		.align	1
 811              		.global	HAL_CAN_GetTxTimestamp
 812              		.syntax unified
 813              		.thumb
 814              		.thumb_func
 816              	HAL_CAN_GetTxTimestamp:
 817              		@ args = 0, pretend = 0, frame = 0
 818              		@ frame_needed = 0, uses_anonymous_args = 0
 819              		@ link register save eliminated.
 820 0000 90F82030 		ldrb	r3, [r0, #32]	@ zero_extendqisi2
 821 0004 013B     		subs	r3, r3, #1
 822 0006 DBB2     		uxtb	r3, r3
 823 0008 012B     		cmp	r3, #1
 824 000a 01D9     		bls	.L130
 825 000c 0020     		movs	r0, #0
 826 000e 7047     		bx	lr
 827              	.L130:
ARM GAS  C:\Users\Rick\AppData\Local\Temp\ccU5am4q.s 			page 15


 828              		.syntax unified
 829              	@ 380 "Drivers/CMSIS/Include/cmsis_gcc.h" 1
 830 0010 91FAA1F1 		rbit r1, r1
 831              	@ 0 "" 2
 832              		.thumb
 833              		.syntax unified
 834 0014 41B1     		cbz	r1, .L129
 835 0016 B1FA81F1 		clz	r1, r1
 836              	.L127:
 837 001a 0368     		ldr	r3, [r0]
 838 001c 1831     		adds	r1, r1, #24
 839 001e 03EB0113 		add	r3, r3, r1, lsl #4
 840 0022 5868     		ldr	r0, [r3, #4]
 841 0024 000C     		lsrs	r0, r0, #16
 842 0026 7047     		bx	lr
 843              	.L129:
 844 0028 2021     		movs	r1, #32
 845 002a F6E7     		b	.L127
 847              		.section	.text.HAL_CAN_GetRxMessage,"ax",%progbits
 848              		.align	1
 849              		.global	HAL_CAN_GetRxMessage
 850              		.syntax unified
 851              		.thumb
 852              		.thumb_func
 854              	HAL_CAN_GetRxMessage:
 855              		@ args = 0, pretend = 0, frame = 0
 856              		@ frame_needed = 0, uses_anonymous_args = 0
 857              		@ link register save eliminated.
 858 0000 90F820C0 		ldrb	ip, [r0, #32]	@ zero_extendqisi2
 859 0004 0CF1FF3C 		add	ip, ip, #-1
 860 0008 5FFA8CFC 		uxtb	ip, ip
 861 000c BCF1010F 		cmp	ip, #1
 862 0010 00F2A580 		bhi	.L132
 863 0014 30B4     		push	{r4, r5}
 864 0016 51B9     		cbnz	r1, .L133
 865 0018 0468     		ldr	r4, [r0]
 866 001a E468     		ldr	r4, [r4, #12]
 867 001c 14F0030F 		tst	r4, #3
 868 0020 10D1     		bne	.L134
 869 0022 436A     		ldr	r3, [r0, #36]
 870 0024 43F40013 		orr	r3, r3, #2097152
 871 0028 4362     		str	r3, [r0, #36]
 872 002a 0120     		movs	r0, #1
 873 002c 7EE0     		b	.L135
 874              	.L133:
 875 002e 0468     		ldr	r4, [r0]
 876 0030 2469     		ldr	r4, [r4, #16]
 877 0032 14F0030F 		tst	r4, #3
 878 0036 05D1     		bne	.L134
 879 0038 436A     		ldr	r3, [r0, #36]
 880 003a 43F40013 		orr	r3, r3, #2097152
 881 003e 4362     		str	r3, [r0, #36]
 882 0040 0120     		movs	r0, #1
 883 0042 73E0     		b	.L135
 884              	.L134:
 885 0044 0568     		ldr	r5, [r0]
 886 0046 01F11B04 		add	r4, r1, #27
ARM GAS  C:\Users\Rick\AppData\Local\Temp\ccU5am4q.s 			page 16


 887 004a 2401     		lsls	r4, r4, #4
 888 004c 2C59     		ldr	r4, [r5, r4]
 889 004e 04F00404 		and	r4, r4, #4
 890 0052 9460     		str	r4, [r2, #8]
 891 0054 002C     		cmp	r4, #0
 892 0056 6BD1     		bne	.L136
 893 0058 0568     		ldr	r5, [r0]
 894 005a 01F11B04 		add	r4, r1, #27
 895 005e 2401     		lsls	r4, r4, #4
 896 0060 2C59     		ldr	r4, [r5, r4]
 897 0062 640D     		lsrs	r4, r4, #21
 898 0064 1460     		str	r4, [r2]
 899              	.L137:
 900 0066 0468     		ldr	r4, [r0]
 901 0068 01F11B0C 		add	ip, r1, #27
 902 006c 4FEA0C1C 		lsl	ip, ip, #4
 903 0070 54F80C40 		ldr	r4, [r4, ip]
 904 0074 04F00204 		and	r4, r4, #2
 905 0078 D460     		str	r4, [r2, #12]
 906 007a 0468     		ldr	r4, [r0]
 907 007c A444     		add	ip, ip, r4
 908 007e DCF80450 		ldr	r5, [ip, #4]
 909 0082 15F0080F 		tst	r5, #8
 910 0086 5BD0     		beq	.L138
 911 0088 0824     		movs	r4, #8
 912 008a 1461     		str	r4, [r2, #16]
 913              	.L139:
 914 008c 0468     		ldr	r4, [r0]
 915 008e 01F11B0C 		add	ip, r1, #27
 916 0092 04EB0C14 		add	r4, r4, ip, lsl #4
 917 0096 6468     		ldr	r4, [r4, #4]
 918 0098 C4F30724 		ubfx	r4, r4, #8, #8
 919 009c 9461     		str	r4, [r2, #24]
 920 009e 0468     		ldr	r4, [r0]
 921 00a0 04EB0C14 		add	r4, r4, ip, lsl #4
 922 00a4 6468     		ldr	r4, [r4, #4]
 923 00a6 240C     		lsrs	r4, r4, #16
 924 00a8 5461     		str	r4, [r2, #20]
 925 00aa 0268     		ldr	r2, [r0]
 926 00ac 02EB0112 		add	r2, r2, r1, lsl #4
 927 00b0 D2F8B821 		ldr	r2, [r2, #440]
 928 00b4 1A70     		strb	r2, [r3]
 929 00b6 0268     		ldr	r2, [r0]
 930 00b8 02EB0112 		add	r2, r2, r1, lsl #4
 931 00bc D2F8B821 		ldr	r2, [r2, #440]
 932 00c0 C2F30722 		ubfx	r2, r2, #8, #8
 933 00c4 5A70     		strb	r2, [r3, #1]
 934 00c6 0268     		ldr	r2, [r0]
 935 00c8 02EB0112 		add	r2, r2, r1, lsl #4
 936 00cc D2F8B821 		ldr	r2, [r2, #440]
 937 00d0 C2F30742 		ubfx	r2, r2, #16, #8
 938 00d4 9A70     		strb	r2, [r3, #2]
 939 00d6 0268     		ldr	r2, [r0]
 940 00d8 02EB0112 		add	r2, r2, r1, lsl #4
 941 00dc D2F8B821 		ldr	r2, [r2, #440]
 942 00e0 120E     		lsrs	r2, r2, #24
 943 00e2 DA70     		strb	r2, [r3, #3]
ARM GAS  C:\Users\Rick\AppData\Local\Temp\ccU5am4q.s 			page 17


 944 00e4 0268     		ldr	r2, [r0]
 945 00e6 02EB0112 		add	r2, r2, r1, lsl #4
 946 00ea D2F8BC21 		ldr	r2, [r2, #444]
 947 00ee 1A71     		strb	r2, [r3, #4]
 948 00f0 0268     		ldr	r2, [r0]
 949 00f2 02EB0112 		add	r2, r2, r1, lsl #4
 950 00f6 D2F8BC21 		ldr	r2, [r2, #444]
 951 00fa C2F30722 		ubfx	r2, r2, #8, #8
 952 00fe 5A71     		strb	r2, [r3, #5]
 953 0100 0268     		ldr	r2, [r0]
 954 0102 02EB0112 		add	r2, r2, r1, lsl #4
 955 0106 D2F8BC21 		ldr	r2, [r2, #444]
 956 010a C2F30742 		ubfx	r2, r2, #16, #8
 957 010e 9A71     		strb	r2, [r3, #6]
 958 0110 0268     		ldr	r2, [r0]
 959 0112 02EB0112 		add	r2, r2, r1, lsl #4
 960 0116 D2F8BC21 		ldr	r2, [r2, #444]
 961 011a 120E     		lsrs	r2, r2, #24
 962 011c DA71     		strb	r2, [r3, #7]
 963 011e C1B9     		cbnz	r1, .L140
 964 0120 0268     		ldr	r2, [r0]
 965 0122 D368     		ldr	r3, [r2, #12]
 966 0124 43F02003 		orr	r3, r3, #32
 967 0128 D360     		str	r3, [r2, #12]
 968              	.L141:
 969 012a 0020     		movs	r0, #0
 970              	.L135:
 971 012c 30BC     		pop	{r4, r5}
 972 012e 7047     		bx	lr
 973              	.L136:
 974 0130 0568     		ldr	r5, [r0]
 975 0132 01F11B04 		add	r4, r1, #27
 976 0136 2401     		lsls	r4, r4, #4
 977 0138 2C59     		ldr	r4, [r5, r4]
 978 013a E408     		lsrs	r4, r4, #3
 979 013c 5460     		str	r4, [r2, #4]
 980 013e 92E7     		b	.L137
 981              	.L138:
 982 0140 01F11B05 		add	r5, r1, #27
 983 0144 04EB0514 		add	r4, r4, r5, lsl #4
 984 0148 6468     		ldr	r4, [r4, #4]
 985 014a 04F00F04 		and	r4, r4, #15
 986 014e 1461     		str	r4, [r2, #16]
 987 0150 9CE7     		b	.L139
 988              	.L140:
 989 0152 0268     		ldr	r2, [r0]
 990 0154 1369     		ldr	r3, [r2, #16]
 991 0156 43F02003 		orr	r3, r3, #32
 992 015a 1361     		str	r3, [r2, #16]
 993 015c E5E7     		b	.L141
 994              	.L132:
 995 015e 436A     		ldr	r3, [r0, #36]
 996 0160 43F48023 		orr	r3, r3, #262144
 997 0164 4362     		str	r3, [r0, #36]
 998 0166 0120     		movs	r0, #1
 999 0168 7047     		bx	lr
 1001              		.section	.text.HAL_CAN_GetRxFifoFillLevel,"ax",%progbits
ARM GAS  C:\Users\Rick\AppData\Local\Temp\ccU5am4q.s 			page 18


 1002              		.align	1
 1003              		.global	HAL_CAN_GetRxFifoFillLevel
 1004              		.syntax unified
 1005              		.thumb
 1006              		.thumb_func
 1008              	HAL_CAN_GetRxFifoFillLevel:
 1009              		@ args = 0, pretend = 0, frame = 0
 1010              		@ frame_needed = 0, uses_anonymous_args = 0
 1011              		@ link register save eliminated.
 1012 0000 90F82030 		ldrb	r3, [r0, #32]	@ zero_extendqisi2
 1013 0004 013B     		subs	r3, r3, #1
 1014 0006 DBB2     		uxtb	r3, r3
 1015 0008 012B     		cmp	r3, #1
 1016 000a 01D9     		bls	.L150
 1017 000c 0020     		movs	r0, #0
 1018 000e 7047     		bx	lr
 1019              	.L150:
 1020 0010 21B9     		cbnz	r1, .L148
 1021 0012 0368     		ldr	r3, [r0]
 1022 0014 D868     		ldr	r0, [r3, #12]
 1023 0016 00F00300 		and	r0, r0, #3
 1024 001a 7047     		bx	lr
 1025              	.L148:
 1026 001c 0368     		ldr	r3, [r0]
 1027 001e 1869     		ldr	r0, [r3, #16]
 1028 0020 00F00300 		and	r0, r0, #3
 1029 0024 7047     		bx	lr
 1031              		.section	.text.HAL_CAN_ActivateNotification,"ax",%progbits
 1032              		.align	1
 1033              		.global	HAL_CAN_ActivateNotification
 1034              		.syntax unified
 1035              		.thumb
 1036              		.thumb_func
 1038              	HAL_CAN_ActivateNotification:
 1039              		@ args = 0, pretend = 0, frame = 0
 1040              		@ frame_needed = 0, uses_anonymous_args = 0
 1041              		@ link register save eliminated.
 1042 0000 90F82030 		ldrb	r3, [r0, #32]	@ zero_extendqisi2
 1043 0004 013B     		subs	r3, r3, #1
 1044 0006 DBB2     		uxtb	r3, r3
 1045 0008 012B     		cmp	r3, #1
 1046 000a 05D9     		bls	.L154
 1047 000c 436A     		ldr	r3, [r0, #36]
 1048 000e 43F48023 		orr	r3, r3, #262144
 1049 0012 4362     		str	r3, [r0, #36]
 1050 0014 0120     		movs	r0, #1
 1051 0016 7047     		bx	lr
 1052              	.L154:
 1053 0018 0268     		ldr	r2, [r0]
 1054 001a 5369     		ldr	r3, [r2, #20]
 1055 001c 0B43     		orrs	r3, r3, r1
 1056 001e 5361     		str	r3, [r2, #20]
 1057 0020 0020     		movs	r0, #0
 1058 0022 7047     		bx	lr
 1060              		.section	.text.HAL_CAN_DeactivateNotification,"ax",%progbits
 1061              		.align	1
 1062              		.global	HAL_CAN_DeactivateNotification
ARM GAS  C:\Users\Rick\AppData\Local\Temp\ccU5am4q.s 			page 19


 1063              		.syntax unified
 1064              		.thumb
 1065              		.thumb_func
 1067              	HAL_CAN_DeactivateNotification:
 1068              		@ args = 0, pretend = 0, frame = 0
 1069              		@ frame_needed = 0, uses_anonymous_args = 0
 1070              		@ link register save eliminated.
 1071 0000 90F82030 		ldrb	r3, [r0, #32]	@ zero_extendqisi2
 1072 0004 013B     		subs	r3, r3, #1
 1073 0006 DBB2     		uxtb	r3, r3
 1074 0008 012B     		cmp	r3, #1
 1075 000a 05D9     		bls	.L158
 1076 000c 436A     		ldr	r3, [r0, #36]
 1077 000e 43F48023 		orr	r3, r3, #262144
 1078 0012 4362     		str	r3, [r0, #36]
 1079 0014 0120     		movs	r0, #1
 1080 0016 7047     		bx	lr
 1081              	.L158:
 1082 0018 0268     		ldr	r2, [r0]
 1083 001a 5369     		ldr	r3, [r2, #20]
 1084 001c 23EA0103 		bic	r3, r3, r1
 1085 0020 5361     		str	r3, [r2, #20]
 1086 0022 0020     		movs	r0, #0
 1087 0024 7047     		bx	lr
 1089              		.section	.text.HAL_CAN_TxMailbox0CompleteCallback,"ax",%progbits
 1090              		.align	1
 1091              		.weak	HAL_CAN_TxMailbox0CompleteCallback
 1092              		.syntax unified
 1093              		.thumb
 1094              		.thumb_func
 1096              	HAL_CAN_TxMailbox0CompleteCallback:
 1097              		@ args = 0, pretend = 0, frame = 0
 1098              		@ frame_needed = 0, uses_anonymous_args = 0
 1099              		@ link register save eliminated.
 1100 0000 7047     		bx	lr
 1102              		.section	.text.HAL_CAN_TxMailbox1CompleteCallback,"ax",%progbits
 1103              		.align	1
 1104              		.weak	HAL_CAN_TxMailbox1CompleteCallback
 1105              		.syntax unified
 1106              		.thumb
 1107              		.thumb_func
 1109              	HAL_CAN_TxMailbox1CompleteCallback:
 1110              		@ args = 0, pretend = 0, frame = 0
 1111              		@ frame_needed = 0, uses_anonymous_args = 0
 1112              		@ link register save eliminated.
 1113 0000 7047     		bx	lr
 1115              		.section	.text.HAL_CAN_TxMailbox2CompleteCallback,"ax",%progbits
 1116              		.align	1
 1117              		.weak	HAL_CAN_TxMailbox2CompleteCallback
 1118              		.syntax unified
 1119              		.thumb
 1120              		.thumb_func
 1122              	HAL_CAN_TxMailbox2CompleteCallback:
 1123              		@ args = 0, pretend = 0, frame = 0
 1124              		@ frame_needed = 0, uses_anonymous_args = 0
 1125              		@ link register save eliminated.
 1126 0000 7047     		bx	lr
ARM GAS  C:\Users\Rick\AppData\Local\Temp\ccU5am4q.s 			page 20


 1128              		.section	.text.HAL_CAN_TxMailbox0AbortCallback,"ax",%progbits
 1129              		.align	1
 1130              		.weak	HAL_CAN_TxMailbox0AbortCallback
 1131              		.syntax unified
 1132              		.thumb
 1133              		.thumb_func
 1135              	HAL_CAN_TxMailbox0AbortCallback:
 1136              		@ args = 0, pretend = 0, frame = 0
 1137              		@ frame_needed = 0, uses_anonymous_args = 0
 1138              		@ link register save eliminated.
 1139 0000 7047     		bx	lr
 1141              		.section	.text.HAL_CAN_TxMailbox1AbortCallback,"ax",%progbits
 1142              		.align	1
 1143              		.weak	HAL_CAN_TxMailbox1AbortCallback
 1144              		.syntax unified
 1145              		.thumb
 1146              		.thumb_func
 1148              	HAL_CAN_TxMailbox1AbortCallback:
 1149              		@ args = 0, pretend = 0, frame = 0
 1150              		@ frame_needed = 0, uses_anonymous_args = 0
 1151              		@ link register save eliminated.
 1152 0000 7047     		bx	lr
 1154              		.section	.text.HAL_CAN_TxMailbox2AbortCallback,"ax",%progbits
 1155              		.align	1
 1156              		.weak	HAL_CAN_TxMailbox2AbortCallback
 1157              		.syntax unified
 1158              		.thumb
 1159              		.thumb_func
 1161              	HAL_CAN_TxMailbox2AbortCallback:
 1162              		@ args = 0, pretend = 0, frame = 0
 1163              		@ frame_needed = 0, uses_anonymous_args = 0
 1164              		@ link register save eliminated.
 1165 0000 7047     		bx	lr
 1167              		.section	.text.HAL_CAN_RxFifo0MsgPendingCallback,"ax",%progbits
 1168              		.align	1
 1169              		.weak	HAL_CAN_RxFifo0MsgPendingCallback
 1170              		.syntax unified
 1171              		.thumb
 1172              		.thumb_func
 1174              	HAL_CAN_RxFifo0MsgPendingCallback:
 1175              		@ args = 0, pretend = 0, frame = 0
 1176              		@ frame_needed = 0, uses_anonymous_args = 0
 1177              		@ link register save eliminated.
 1178 0000 7047     		bx	lr
 1180              		.section	.text.HAL_CAN_RxFifo0FullCallback,"ax",%progbits
 1181              		.align	1
 1182              		.weak	HAL_CAN_RxFifo0FullCallback
 1183              		.syntax unified
 1184              		.thumb
 1185              		.thumb_func
 1187              	HAL_CAN_RxFifo0FullCallback:
 1188              		@ args = 0, pretend = 0, frame = 0
 1189              		@ frame_needed = 0, uses_anonymous_args = 0
 1190              		@ link register save eliminated.
 1191 0000 7047     		bx	lr
 1193              		.section	.text.HAL_CAN_RxFifo1MsgPendingCallback,"ax",%progbits
 1194              		.align	1
ARM GAS  C:\Users\Rick\AppData\Local\Temp\ccU5am4q.s 			page 21


 1195              		.weak	HAL_CAN_RxFifo1MsgPendingCallback
 1196              		.syntax unified
 1197              		.thumb
 1198              		.thumb_func
 1200              	HAL_CAN_RxFifo1MsgPendingCallback:
 1201              		@ args = 0, pretend = 0, frame = 0
 1202              		@ frame_needed = 0, uses_anonymous_args = 0
 1203              		@ link register save eliminated.
 1204 0000 7047     		bx	lr
 1206              		.section	.text.HAL_CAN_RxFifo1FullCallback,"ax",%progbits
 1207              		.align	1
 1208              		.weak	HAL_CAN_RxFifo1FullCallback
 1209              		.syntax unified
 1210              		.thumb
 1211              		.thumb_func
 1213              	HAL_CAN_RxFifo1FullCallback:
 1214              		@ args = 0, pretend = 0, frame = 0
 1215              		@ frame_needed = 0, uses_anonymous_args = 0
 1216              		@ link register save eliminated.
 1217 0000 7047     		bx	lr
 1219              		.section	.text.HAL_CAN_SleepCallback,"ax",%progbits
 1220              		.align	1
 1221              		.weak	HAL_CAN_SleepCallback
 1222              		.syntax unified
 1223              		.thumb
 1224              		.thumb_func
 1226              	HAL_CAN_SleepCallback:
 1227              		@ args = 0, pretend = 0, frame = 0
 1228              		@ frame_needed = 0, uses_anonymous_args = 0
 1229              		@ link register save eliminated.
 1230 0000 7047     		bx	lr
 1232              		.section	.text.HAL_CAN_WakeUpFromRxMsgCallback,"ax",%progbits
 1233              		.align	1
 1234              		.weak	HAL_CAN_WakeUpFromRxMsgCallback
 1235              		.syntax unified
 1236              		.thumb
 1237              		.thumb_func
 1239              	HAL_CAN_WakeUpFromRxMsgCallback:
 1240              		@ args = 0, pretend = 0, frame = 0
 1241              		@ frame_needed = 0, uses_anonymous_args = 0
 1242              		@ link register save eliminated.
 1243 0000 7047     		bx	lr
 1245              		.section	.text.HAL_CAN_ErrorCallback,"ax",%progbits
 1246              		.align	1
 1247              		.weak	HAL_CAN_ErrorCallback
 1248              		.syntax unified
 1249              		.thumb
 1250              		.thumb_func
 1252              	HAL_CAN_ErrorCallback:
 1253              		@ args = 0, pretend = 0, frame = 0
 1254              		@ frame_needed = 0, uses_anonymous_args = 0
 1255              		@ link register save eliminated.
 1256 0000 7047     		bx	lr
 1258              		.section	.text.HAL_CAN_IRQHandler,"ax",%progbits
 1259              		.align	1
 1260              		.global	HAL_CAN_IRQHandler
 1261              		.syntax unified
ARM GAS  C:\Users\Rick\AppData\Local\Temp\ccU5am4q.s 			page 22


 1262              		.thumb
 1263              		.thumb_func
 1265              	HAL_CAN_IRQHandler:
 1266              		@ args = 0, pretend = 0, frame = 0
 1267              		@ frame_needed = 0, uses_anonymous_args = 0
 1268 0000 2DE9F84F 		push	{r3, r4, r5, r6, r7, r8, r9, r10, fp, lr}
 1269 0004 0546     		mov	r5, r0
 1270 0006 0368     		ldr	r3, [r0]
 1271 0008 5C69     		ldr	r4, [r3, #20]
 1272 000a D3F80480 		ldr	r8, [r3, #4]
 1273 000e 9F68     		ldr	r7, [r3, #8]
 1274 0010 D3F80CA0 		ldr	r10, [r3, #12]
 1275 0014 D3F81090 		ldr	r9, [r3, #16]
 1276 0018 D3F818B0 		ldr	fp, [r3, #24]
 1277 001c 14F00106 		ands	r6, r4, #1
 1278 0020 3BD0     		beq	.L173
 1279 0022 17F00106 		ands	r6, r7, #1
 1280 0026 16D0     		beq	.L174
 1281 0028 0122     		movs	r2, #1
 1282 002a 9A60     		str	r2, [r3, #8]
 1283 002c 17F0020F 		tst	r7, #2
 1284 0030 08D1     		bne	.L208
 1285 0032 17F0040F 		tst	r7, #4
 1286 0036 0CD1     		bne	.L205
 1287 0038 17F00806 		ands	r6, r7, #8
 1288 003c 06D0     		beq	.L209
 1289 003e 4FF48056 		mov	r6, #4096
 1290 0042 08E0     		b	.L174
 1291              	.L208:
 1292 0044 FFF7FEFF 		bl	HAL_CAN_TxMailbox0CompleteCallback
 1293 0048 0026     		movs	r6, #0
 1294 004a 04E0     		b	.L174
 1295              	.L209:
 1296 004c FFF7FEFF 		bl	HAL_CAN_TxMailbox0AbortCallback
 1297 0050 01E0     		b	.L174
 1298              	.L205:
 1299 0052 4FF40066 		mov	r6, #2048
 1300              	.L174:
 1301 0056 17F4807F 		tst	r7, #256
 1302 005a 0DD0     		beq	.L176
 1303 005c 2B68     		ldr	r3, [r5]
 1304 005e 4FF48072 		mov	r2, #256
 1305 0062 9A60     		str	r2, [r3, #8]
 1306 0064 17F4007F 		tst	r7, #512
 1307 0068 40F09680 		bne	.L210
 1308 006c 17F4806F 		tst	r7, #1024
 1309 0070 00F09680 		beq	.L178
 1310 0074 46F40056 		orr	r6, r6, #8192
 1311              	.L176:
 1312 0078 17F4803F 		tst	r7, #65536
 1313 007c 0DD0     		beq	.L173
 1314 007e 2B68     		ldr	r3, [r5]
 1315 0080 4FF48032 		mov	r2, #65536
 1316 0084 9A60     		str	r2, [r3, #8]
 1317 0086 17F4003F 		tst	r7, #131072
 1318 008a 40F09380 		bne	.L211
 1319 008e 17F4802F 		tst	r7, #262144
ARM GAS  C:\Users\Rick\AppData\Local\Temp\ccU5am4q.s 			page 23


 1320 0092 00F09380 		beq	.L181
 1321 0096 46F40046 		orr	r6, r6, #32768
 1322              	.L173:
 1323 009a 14F0080F 		tst	r4, #8
 1324 009e 07D0     		beq	.L183
 1325 00a0 1AF0100F 		tst	r10, #16
 1326 00a4 04D0     		beq	.L183
 1327 00a6 46F40076 		orr	r6, r6, #512
 1328 00aa 2B68     		ldr	r3, [r5]
 1329 00ac 1022     		movs	r2, #16
 1330 00ae DA60     		str	r2, [r3, #12]
 1331              	.L183:
 1332 00b0 14F0040F 		tst	r4, #4
 1333 00b4 03D0     		beq	.L184
 1334 00b6 1AF0080F 		tst	r10, #8
 1335 00ba 40F08980 		bne	.L212
 1336              	.L184:
 1337 00be 14F0020F 		tst	r4, #2
 1338 00c2 05D0     		beq	.L185
 1339 00c4 2B68     		ldr	r3, [r5]
 1340 00c6 DB68     		ldr	r3, [r3, #12]
 1341 00c8 13F0030F 		tst	r3, #3
 1342 00cc 40F08780 		bne	.L213
 1343              	.L185:
 1344 00d0 14F0400F 		tst	r4, #64
 1345 00d4 07D0     		beq	.L186
 1346 00d6 19F0100F 		tst	r9, #16
 1347 00da 04D0     		beq	.L186
 1348 00dc 46F48066 		orr	r6, r6, #1024
 1349 00e0 2B68     		ldr	r3, [r5]
 1350 00e2 1022     		movs	r2, #16
 1351 00e4 1A61     		str	r2, [r3, #16]
 1352              	.L186:
 1353 00e6 14F0200F 		tst	r4, #32
 1354 00ea 02D0     		beq	.L187
 1355 00ec 19F0080F 		tst	r9, #8
 1356 00f0 79D1     		bne	.L214
 1357              	.L187:
 1358 00f2 14F0100F 		tst	r4, #16
 1359 00f6 04D0     		beq	.L188
 1360 00f8 2B68     		ldr	r3, [r5]
 1361 00fa 1B69     		ldr	r3, [r3, #16]
 1362 00fc 13F0030F 		tst	r3, #3
 1363 0100 78D1     		bne	.L215
 1364              	.L188:
 1365 0102 14F4003F 		tst	r4, #131072
 1366 0106 02D0     		beq	.L189
 1367 0108 18F0100F 		tst	r8, #16
 1368 010c 76D1     		bne	.L216
 1369              	.L189:
 1370 010e 14F4803F 		tst	r4, #65536
 1371 0112 02D0     		beq	.L190
 1372 0114 18F0080F 		tst	r8, #8
 1373 0118 77D1     		bne	.L217
 1374              	.L190:
 1375 011a 14F4004F 		tst	r4, #32768
 1376 011e 37D0     		beq	.L191
ARM GAS  C:\Users\Rick\AppData\Local\Temp\ccU5am4q.s 			page 24


 1377 0120 18F0040F 		tst	r8, #4
 1378 0124 31D0     		beq	.L192
 1379 0126 14F4807F 		tst	r4, #256
 1380 012a 04D0     		beq	.L193
 1381 012c 1BF0010F 		tst	fp, #1
 1382 0130 01D0     		beq	.L193
 1383 0132 46F00106 		orr	r6, r6, #1
 1384              	.L193:
 1385 0136 14F4007F 		tst	r4, #512
 1386 013a 04D0     		beq	.L194
 1387 013c 1BF0020F 		tst	fp, #2
 1388 0140 01D0     		beq	.L194
 1389 0142 46F00206 		orr	r6, r6, #2
 1390              	.L194:
 1391 0146 14F4806F 		tst	r4, #1024
 1392 014a 04D0     		beq	.L195
 1393 014c 1BF0040F 		tst	fp, #4
 1394 0150 01D0     		beq	.L195
 1395 0152 46F00406 		orr	r6, r6, #4
 1396              	.L195:
 1397 0156 14F4006F 		tst	r4, #2048
 1398 015a 16D0     		beq	.L192
 1399 015c 1BF0700B 		ands	fp, fp, #112
 1400 0160 13D0     		beq	.L192
 1401 0162 BBF1400F 		cmp	fp, #64
 1402 0166 66D0     		beq	.L196
 1403 0168 56D8     		bhi	.L197
 1404 016a BBF1200F 		cmp	fp, #32
 1405 016e 5CD0     		beq	.L198
 1406 0170 BBF1300F 		cmp	fp, #48
 1407 0174 5CD0     		beq	.L199
 1408 0176 BBF1100F 		cmp	fp, #16
 1409 017a 01D1     		bne	.L201
 1410 017c 46F00806 		orr	r6, r6, #8
 1411              	.L201:
 1412 0180 2A68     		ldr	r2, [r5]
 1413 0182 9369     		ldr	r3, [r2, #24]
 1414 0184 23F07003 		bic	r3, r3, #112
 1415 0188 9361     		str	r3, [r2, #24]
 1416              	.L192:
 1417 018a 2B68     		ldr	r3, [r5]
 1418 018c 0422     		movs	r2, #4
 1419 018e 5A60     		str	r2, [r3, #4]
 1420              	.L191:
 1421 0190 002E     		cmp	r6, #0
 1422 0192 56D1     		bne	.L218
 1423              	.L172:
 1424 0194 BDE8F88F 		pop	{r3, r4, r5, r6, r7, r8, r9, r10, fp, pc}
 1425              	.L210:
 1426 0198 2846     		mov	r0, r5
 1427 019a FFF7FEFF 		bl	HAL_CAN_TxMailbox1CompleteCallback
 1428 019e 6BE7     		b	.L176
 1429              	.L178:
 1430 01a0 17F4006F 		tst	r7, #2048
 1431 01a4 02D0     		beq	.L179
 1432 01a6 46F48046 		orr	r6, r6, #16384
 1433 01aa 65E7     		b	.L176
ARM GAS  C:\Users\Rick\AppData\Local\Temp\ccU5am4q.s 			page 25


 1434              	.L179:
 1435 01ac 2846     		mov	r0, r5
 1436 01ae FFF7FEFF 		bl	HAL_CAN_TxMailbox1AbortCallback
 1437 01b2 61E7     		b	.L176
 1438              	.L211:
 1439 01b4 2846     		mov	r0, r5
 1440 01b6 FFF7FEFF 		bl	HAL_CAN_TxMailbox2CompleteCallback
 1441 01ba 6EE7     		b	.L173
 1442              	.L181:
 1443 01bc 17F4002F 		tst	r7, #524288
 1444 01c0 02D0     		beq	.L182
 1445 01c2 46F48036 		orr	r6, r6, #65536
 1446 01c6 68E7     		b	.L173
 1447              	.L182:
 1448 01c8 2846     		mov	r0, r5
 1449 01ca FFF7FEFF 		bl	HAL_CAN_TxMailbox2AbortCallback
 1450 01ce 64E7     		b	.L173
 1451              	.L212:
 1452 01d0 2B68     		ldr	r3, [r5]
 1453 01d2 0822     		movs	r2, #8
 1454 01d4 DA60     		str	r2, [r3, #12]
 1455 01d6 2846     		mov	r0, r5
 1456 01d8 FFF7FEFF 		bl	HAL_CAN_RxFifo0FullCallback
 1457 01dc 6FE7     		b	.L184
 1458              	.L213:
 1459 01de 2846     		mov	r0, r5
 1460 01e0 FFF7FEFF 		bl	HAL_CAN_RxFifo0MsgPendingCallback
 1461 01e4 74E7     		b	.L185
 1462              	.L214:
 1463 01e6 2B68     		ldr	r3, [r5]
 1464 01e8 0822     		movs	r2, #8
 1465 01ea 1A61     		str	r2, [r3, #16]
 1466 01ec 2846     		mov	r0, r5
 1467 01ee FFF7FEFF 		bl	HAL_CAN_RxFifo1FullCallback
 1468 01f2 7EE7     		b	.L187
 1469              	.L215:
 1470 01f4 2846     		mov	r0, r5
 1471 01f6 FFF7FEFF 		bl	HAL_CAN_RxFifo1MsgPendingCallback
 1472 01fa 82E7     		b	.L188
 1473              	.L216:
 1474 01fc 2B68     		ldr	r3, [r5]
 1475 01fe 1022     		movs	r2, #16
 1476 0200 5A60     		str	r2, [r3, #4]
 1477 0202 2846     		mov	r0, r5
 1478 0204 FFF7FEFF 		bl	HAL_CAN_SleepCallback
 1479 0208 81E7     		b	.L189
 1480              	.L217:
 1481 020a 2B68     		ldr	r3, [r5]
 1482 020c 0822     		movs	r2, #8
 1483 020e 5A60     		str	r2, [r3, #4]
 1484 0210 2846     		mov	r0, r5
 1485 0212 FFF7FEFF 		bl	HAL_CAN_WakeUpFromRxMsgCallback
 1486 0216 80E7     		b	.L190
 1487              	.L197:
 1488 0218 BBF1500F 		cmp	fp, #80
 1489 021c 0ED0     		beq	.L202
 1490 021e BBF1600F 		cmp	fp, #96
ARM GAS  C:\Users\Rick\AppData\Local\Temp\ccU5am4q.s 			page 26


 1491 0222 ADD1     		bne	.L201
 1492 0224 46F48076 		orr	r6, r6, #256
 1493 0228 AAE7     		b	.L201
 1494              	.L198:
 1495 022a 46F01006 		orr	r6, r6, #16
 1496 022e A7E7     		b	.L201
 1497              	.L199:
 1498 0230 46F02006 		orr	r6, r6, #32
 1499 0234 A4E7     		b	.L201
 1500              	.L196:
 1501 0236 46F04006 		orr	r6, r6, #64
 1502 023a A1E7     		b	.L201
 1503              	.L202:
 1504 023c 46F08006 		orr	r6, r6, #128
 1505 0240 9EE7     		b	.L201
 1506              	.L218:
 1507 0242 6B6A     		ldr	r3, [r5, #36]
 1508 0244 3343     		orrs	r3, r3, r6
 1509 0246 6B62     		str	r3, [r5, #36]
 1510 0248 2846     		mov	r0, r5
 1511 024a FFF7FEFF 		bl	HAL_CAN_ErrorCallback
 1512 024e A1E7     		b	.L172
 1514              		.section	.text.HAL_CAN_GetState,"ax",%progbits
 1515              		.align	1
 1516              		.global	HAL_CAN_GetState
 1517              		.syntax unified
 1518              		.thumb
 1519              		.thumb_func
 1521              	HAL_CAN_GetState:
 1522              		@ args = 0, pretend = 0, frame = 0
 1523              		@ frame_needed = 0, uses_anonymous_args = 0
 1524              		@ link register save eliminated.
 1525 0000 0246     		mov	r2, r0
 1526 0002 90F82030 		ldrb	r3, [r0, #32]	@ zero_extendqisi2
 1527 0006 D8B2     		uxtb	r0, r3
 1528 0008 013B     		subs	r3, r3, #1
 1529 000a DBB2     		uxtb	r3, r3
 1530 000c 012B     		cmp	r3, #1
 1531 000e 00D9     		bls	.L223
 1532              	.L220:
 1533 0010 7047     		bx	lr
 1534              	.L223:
 1535 0012 1368     		ldr	r3, [r2]
 1536 0014 5A68     		ldr	r2, [r3, #4]
 1537 0016 12F0020F 		tst	r2, #2
 1538 001a 05D1     		bne	.L221
 1539 001c 1B68     		ldr	r3, [r3]
 1540 001e 13F0020F 		tst	r3, #2
 1541 0022 F5D0     		beq	.L220
 1542 0024 0320     		movs	r0, #3
 1543 0026 F3E7     		b	.L220
 1544              	.L221:
 1545 0028 0420     		movs	r0, #4
 1546 002a 7047     		bx	lr
 1548              		.section	.text.HAL_CAN_GetError,"ax",%progbits
 1549              		.align	1
 1550              		.global	HAL_CAN_GetError
ARM GAS  C:\Users\Rick\AppData\Local\Temp\ccU5am4q.s 			page 27


 1551              		.syntax unified
 1552              		.thumb
 1553              		.thumb_func
 1555              	HAL_CAN_GetError:
 1556              		@ args = 0, pretend = 0, frame = 0
 1557              		@ frame_needed = 0, uses_anonymous_args = 0
 1558              		@ link register save eliminated.
 1559 0000 406A     		ldr	r0, [r0, #36]
 1560 0002 7047     		bx	lr
 1562              		.section	.text.HAL_CAN_ResetError,"ax",%progbits
 1563              		.align	1
 1564              		.global	HAL_CAN_ResetError
 1565              		.syntax unified
 1566              		.thumb
 1567              		.thumb_func
 1569              	HAL_CAN_ResetError:
 1570              		@ args = 0, pretend = 0, frame = 0
 1571              		@ frame_needed = 0, uses_anonymous_args = 0
 1572              		@ link register save eliminated.
 1573 0000 90F82030 		ldrb	r3, [r0, #32]	@ zero_extendqisi2
 1574 0004 013B     		subs	r3, r3, #1
 1575 0006 DBB2     		uxtb	r3, r3
 1576 0008 012B     		cmp	r3, #1
 1577 000a 05D9     		bls	.L228
 1578 000c 436A     		ldr	r3, [r0, #36]
 1579 000e 43F48023 		orr	r3, r3, #262144
 1580 0012 4362     		str	r3, [r0, #36]
 1581 0014 0120     		movs	r0, #1
 1582 0016 7047     		bx	lr
 1583              	.L228:
 1584 0018 0023     		movs	r3, #0
 1585 001a 4362     		str	r3, [r0, #36]
 1586 001c 1846     		mov	r0, r3
 1587 001e 7047     		bx	lr
 1589              		.ident	"GCC: (xPack GNU Arm Embedded GCC x86_64) 14.2.1 20241119"
ARM GAS  C:\Users\Rick\AppData\Local\Temp\ccU5am4q.s 			page 28


DEFINED SYMBOLS
                            *ABS*:00000000 stm32f4xx_hal_can.c
C:\Users\Rick\AppData\Local\Temp\ccU5am4q.s:18     .text.HAL_CAN_MspInit:00000000 $t
C:\Users\Rick\AppData\Local\Temp\ccU5am4q.s:24     .text.HAL_CAN_MspInit:00000000 HAL_CAN_MspInit
C:\Users\Rick\AppData\Local\Temp\ccU5am4q.s:31     .text.HAL_CAN_Init:00000000 $t
C:\Users\Rick\AppData\Local\Temp\ccU5am4q.s:37     .text.HAL_CAN_Init:00000000 HAL_CAN_Init
C:\Users\Rick\AppData\Local\Temp\ccU5am4q.s:200    .text.HAL_CAN_MspDeInit:00000000 $t
C:\Users\Rick\AppData\Local\Temp\ccU5am4q.s:206    .text.HAL_CAN_MspDeInit:00000000 HAL_CAN_MspDeInit
C:\Users\Rick\AppData\Local\Temp\ccU5am4q.s:213    .text.HAL_CAN_ConfigFilter:00000000 $t
C:\Users\Rick\AppData\Local\Temp\ccU5am4q.s:219    .text.HAL_CAN_ConfigFilter:00000000 HAL_CAN_ConfigFilter
C:\Users\Rick\AppData\Local\Temp\ccU5am4q.s:342    .text.HAL_CAN_ConfigFilter:00000134 $d
C:\Users\Rick\AppData\Local\Temp\ccU5am4q.s:345    .text.HAL_CAN_Start:00000000 $t
C:\Users\Rick\AppData\Local\Temp\ccU5am4q.s:351    .text.HAL_CAN_Start:00000000 HAL_CAN_Start
C:\Users\Rick\AppData\Local\Temp\ccU5am4q.s:397    .text.HAL_CAN_Stop:00000000 $t
C:\Users\Rick\AppData\Local\Temp\ccU5am4q.s:403    .text.HAL_CAN_Stop:00000000 HAL_CAN_Stop
C:\Users\Rick\AppData\Local\Temp\ccU5am4q.s:450    .text.HAL_CAN_DeInit:00000000 $t
C:\Users\Rick\AppData\Local\Temp\ccU5am4q.s:456    .text.HAL_CAN_DeInit:00000000 HAL_CAN_DeInit
C:\Users\Rick\AppData\Local\Temp\ccU5am4q.s:478    .text.HAL_CAN_RequestSleep:00000000 $t
C:\Users\Rick\AppData\Local\Temp\ccU5am4q.s:484    .text.HAL_CAN_RequestSleep:00000000 HAL_CAN_RequestSleep
C:\Users\Rick\AppData\Local\Temp\ccU5am4q.s:507    .text.HAL_CAN_WakeUp:00000000 $t
C:\Users\Rick\AppData\Local\Temp\ccU5am4q.s:513    .text.HAL_CAN_WakeUp:00000000 HAL_CAN_WakeUp
C:\Users\Rick\AppData\Local\Temp\ccU5am4q.s:561    .text.HAL_CAN_WakeUp:00000054 $d
C:\Users\Rick\AppData\Local\Temp\ccU5am4q.s:564    .text.HAL_CAN_IsSleepActive:00000000 $t
C:\Users\Rick\AppData\Local\Temp\ccU5am4q.s:570    .text.HAL_CAN_IsSleepActive:00000000 HAL_CAN_IsSleepActive
C:\Users\Rick\AppData\Local\Temp\ccU5am4q.s:592    .text.HAL_CAN_AddTxMessage:00000000 $t
C:\Users\Rick\AppData\Local\Temp\ccU5am4q.s:598    .text.HAL_CAN_AddTxMessage:00000000 HAL_CAN_AddTxMessage
C:\Users\Rick\AppData\Local\Temp\ccU5am4q.s:697    .text.HAL_CAN_AbortTxRequest:00000000 $t
C:\Users\Rick\AppData\Local\Temp\ccU5am4q.s:703    .text.HAL_CAN_AbortTxRequest:00000000 HAL_CAN_AbortTxRequest
C:\Users\Rick\AppData\Local\Temp\ccU5am4q.s:743    .text.HAL_CAN_GetTxMailboxesFreeLevel:00000000 $t
C:\Users\Rick\AppData\Local\Temp\ccU5am4q.s:749    .text.HAL_CAN_GetTxMailboxesFreeLevel:00000000 HAL_CAN_GetTxMailboxesFreeLevel
C:\Users\Rick\AppData\Local\Temp\ccU5am4q.s:780    .text.HAL_CAN_IsTxMessagePending:00000000 $t
C:\Users\Rick\AppData\Local\Temp\ccU5am4q.s:786    .text.HAL_CAN_IsTxMessagePending:00000000 HAL_CAN_IsTxMessagePending
C:\Users\Rick\AppData\Local\Temp\ccU5am4q.s:810    .text.HAL_CAN_GetTxTimestamp:00000000 $t
C:\Users\Rick\AppData\Local\Temp\ccU5am4q.s:816    .text.HAL_CAN_GetTxTimestamp:00000000 HAL_CAN_GetTxTimestamp
C:\Users\Rick\AppData\Local\Temp\ccU5am4q.s:848    .text.HAL_CAN_GetRxMessage:00000000 $t
C:\Users\Rick\AppData\Local\Temp\ccU5am4q.s:854    .text.HAL_CAN_GetRxMessage:00000000 HAL_CAN_GetRxMessage
C:\Users\Rick\AppData\Local\Temp\ccU5am4q.s:1002   .text.HAL_CAN_GetRxFifoFillLevel:00000000 $t
C:\Users\Rick\AppData\Local\Temp\ccU5am4q.s:1008   .text.HAL_CAN_GetRxFifoFillLevel:00000000 HAL_CAN_GetRxFifoFillLevel
C:\Users\Rick\AppData\Local\Temp\ccU5am4q.s:1032   .text.HAL_CAN_ActivateNotification:00000000 $t
C:\Users\Rick\AppData\Local\Temp\ccU5am4q.s:1038   .text.HAL_CAN_ActivateNotification:00000000 HAL_CAN_ActivateNotification
C:\Users\Rick\AppData\Local\Temp\ccU5am4q.s:1061   .text.HAL_CAN_DeactivateNotification:00000000 $t
C:\Users\Rick\AppData\Local\Temp\ccU5am4q.s:1067   .text.HAL_CAN_DeactivateNotification:00000000 HAL_CAN_DeactivateNotification
C:\Users\Rick\AppData\Local\Temp\ccU5am4q.s:1090   .text.HAL_CAN_TxMailbox0CompleteCallback:00000000 $t
C:\Users\Rick\AppData\Local\Temp\ccU5am4q.s:1096   .text.HAL_CAN_TxMailbox0CompleteCallback:00000000 HAL_CAN_TxMailbox0CompleteCallback
C:\Users\Rick\AppData\Local\Temp\ccU5am4q.s:1103   .text.HAL_CAN_TxMailbox1CompleteCallback:00000000 $t
C:\Users\Rick\AppData\Local\Temp\ccU5am4q.s:1109   .text.HAL_CAN_TxMailbox1CompleteCallback:00000000 HAL_CAN_TxMailbox1CompleteCallback
C:\Users\Rick\AppData\Local\Temp\ccU5am4q.s:1116   .text.HAL_CAN_TxMailbox2CompleteCallback:00000000 $t
C:\Users\Rick\AppData\Local\Temp\ccU5am4q.s:1122   .text.HAL_CAN_TxMailbox2CompleteCallback:00000000 HAL_CAN_TxMailbox2CompleteCallback
C:\Users\Rick\AppData\Local\Temp\ccU5am4q.s:1129   .text.HAL_CAN_TxMailbox0AbortCallback:00000000 $t
C:\Users\Rick\AppData\Local\Temp\ccU5am4q.s:1135   .text.HAL_CAN_TxMailbox0AbortCallback:00000000 HAL_CAN_TxMailbox0AbortCallback
C:\Users\Rick\AppData\Local\Temp\ccU5am4q.s:1142   .text.HAL_CAN_TxMailbox1AbortCallback:00000000 $t
C:\Users\Rick\AppData\Local\Temp\ccU5am4q.s:1148   .text.HAL_CAN_TxMailbox1AbortCallback:00000000 HAL_CAN_TxMailbox1AbortCallback
C:\Users\Rick\AppData\Local\Temp\ccU5am4q.s:1155   .text.HAL_CAN_TxMailbox2AbortCallback:00000000 $t
C:\Users\Rick\AppData\Local\Temp\ccU5am4q.s:1161   .text.HAL_CAN_TxMailbox2AbortCallback:00000000 HAL_CAN_TxMailbox2AbortCallback
C:\Users\Rick\AppData\Local\Temp\ccU5am4q.s:1168   .text.HAL_CAN_RxFifo0MsgPendingCallback:00000000 $t
C:\Users\Rick\AppData\Local\Temp\ccU5am4q.s:1174   .text.HAL_CAN_RxFifo0MsgPendingCallback:00000000 HAL_CAN_RxFifo0MsgPendingCallback
C:\Users\Rick\AppData\Local\Temp\ccU5am4q.s:1181   .text.HAL_CAN_RxFifo0FullCallback:00000000 $t
ARM GAS  C:\Users\Rick\AppData\Local\Temp\ccU5am4q.s 			page 29


C:\Users\Rick\AppData\Local\Temp\ccU5am4q.s:1187   .text.HAL_CAN_RxFifo0FullCallback:00000000 HAL_CAN_RxFifo0FullCallback
C:\Users\Rick\AppData\Local\Temp\ccU5am4q.s:1194   .text.HAL_CAN_RxFifo1MsgPendingCallback:00000000 $t
C:\Users\Rick\AppData\Local\Temp\ccU5am4q.s:1200   .text.HAL_CAN_RxFifo1MsgPendingCallback:00000000 HAL_CAN_RxFifo1MsgPendingCallback
C:\Users\Rick\AppData\Local\Temp\ccU5am4q.s:1207   .text.HAL_CAN_RxFifo1FullCallback:00000000 $t
C:\Users\Rick\AppData\Local\Temp\ccU5am4q.s:1213   .text.HAL_CAN_RxFifo1FullCallback:00000000 HAL_CAN_RxFifo1FullCallback
C:\Users\Rick\AppData\Local\Temp\ccU5am4q.s:1220   .text.HAL_CAN_SleepCallback:00000000 $t
C:\Users\Rick\AppData\Local\Temp\ccU5am4q.s:1226   .text.HAL_CAN_SleepCallback:00000000 HAL_CAN_SleepCallback
C:\Users\Rick\AppData\Local\Temp\ccU5am4q.s:1233   .text.HAL_CAN_WakeUpFromRxMsgCallback:00000000 $t
C:\Users\Rick\AppData\Local\Temp\ccU5am4q.s:1239   .text.HAL_CAN_WakeUpFromRxMsgCallback:00000000 HAL_CAN_WakeUpFromRxMsgCallback
C:\Users\Rick\AppData\Local\Temp\ccU5am4q.s:1246   .text.HAL_CAN_ErrorCallback:00000000 $t
C:\Users\Rick\AppData\Local\Temp\ccU5am4q.s:1252   .text.HAL_CAN_ErrorCallback:00000000 HAL_CAN_ErrorCallback
C:\Users\Rick\AppData\Local\Temp\ccU5am4q.s:1259   .text.HAL_CAN_IRQHandler:00000000 $t
C:\Users\Rick\AppData\Local\Temp\ccU5am4q.s:1265   .text.HAL_CAN_IRQHandler:00000000 HAL_CAN_IRQHandler
C:\Users\Rick\AppData\Local\Temp\ccU5am4q.s:1515   .text.HAL_CAN_GetState:00000000 $t
C:\Users\Rick\AppData\Local\Temp\ccU5am4q.s:1521   .text.HAL_CAN_GetState:00000000 HAL_CAN_GetState
C:\Users\Rick\AppData\Local\Temp\ccU5am4q.s:1549   .text.HAL_CAN_GetError:00000000 $t
C:\Users\Rick\AppData\Local\Temp\ccU5am4q.s:1555   .text.HAL_CAN_GetError:00000000 HAL_CAN_GetError
C:\Users\Rick\AppData\Local\Temp\ccU5am4q.s:1563   .text.HAL_CAN_ResetError:00000000 $t
C:\Users\Rick\AppData\Local\Temp\ccU5am4q.s:1569   .text.HAL_CAN_ResetError:00000000 HAL_CAN_ResetError

UNDEFINED SYMBOLS
HAL_GetTick
