ARM GAS  C:\Users\Rick\AppData\Local\Temp\ccW40Txy.s 			page 1


   1              		.cpu cortex-m4
   2              		.arch armv7e-m
   3              		.fpu fpv4-sp-d16
   4              		.eabi_attribute 27, 1
   5              		.eabi_attribute 28, 1
   6              		.eabi_attribute 20, 1
   7              		.eabi_attribute 21, 1
   8              		.eabi_attribute 23, 3
   9              		.eabi_attribute 24, 1
  10              		.eabi_attribute 25, 1
  11              		.eabi_attribute 26, 1
  12              		.eabi_attribute 30, 1
  13              		.eabi_attribute 34, 1
  14              		.eabi_attribute 18, 4
  15              		.file	"stm32f4xx_hal_dma.c"
  16              		.text
  17              		.section	.text.DMA_SetConfig,"ax",%progbits
  18              		.align	1
  19              		.syntax unified
  20              		.thumb
  21              		.thumb_func
  23              	DMA_SetConfig:
  24              		@ args = 0, pretend = 0, frame = 0
  25              		@ frame_needed = 0, uses_anonymous_args = 0
  26              		@ link register save eliminated.
  27 0000 30B4     		push	{r4, r5}
  28 0002 0568     		ldr	r5, [r0]
  29 0004 2C68     		ldr	r4, [r5]
  30 0006 24F48024 		bic	r4, r4, #262144
  31 000a 2C60     		str	r4, [r5]
  32 000c 0468     		ldr	r4, [r0]
  33 000e 6360     		str	r3, [r4, #4]
  34 0010 8368     		ldr	r3, [r0, #8]
  35 0012 402B     		cmp	r3, #64
  36 0014 05D0     		beq	.L5
  37 0016 0368     		ldr	r3, [r0]
  38 0018 9960     		str	r1, [r3, #8]
  39 001a 0368     		ldr	r3, [r0]
  40 001c DA60     		str	r2, [r3, #12]
  41              	.L1:
  42 001e 30BC     		pop	{r4, r5}
  43 0020 7047     		bx	lr
  44              	.L5:
  45 0022 0368     		ldr	r3, [r0]
  46 0024 9A60     		str	r2, [r3, #8]
  47 0026 0368     		ldr	r3, [r0]
  48 0028 D960     		str	r1, [r3, #12]
  49 002a F8E7     		b	.L1
  51              		.section	.text.DMA_CalcBaseAndBitshift,"ax",%progbits
  52              		.align	1
  53              		.syntax unified
  54              		.thumb
  55              		.thumb_func
  57              	DMA_CalcBaseAndBitshift:
  58              		@ args = 0, pretend = 0, frame = 0
  59              		@ frame_needed = 0, uses_anonymous_args = 0
  60              		@ link register save eliminated.
ARM GAS  C:\Users\Rick\AppData\Local\Temp\ccW40Txy.s 			page 2


  61 0000 10B4     		push	{r4}
  62 0002 0368     		ldr	r3, [r0]
  63 0004 D9B2     		uxtb	r1, r3
  64 0006 1039     		subs	r1, r1, #16
  65 0008 0A4A     		ldr	r2, .L10
  66 000a A2FB0142 		umull	r4, r2, r2, r1
  67 000e 1209     		lsrs	r2, r2, #4
  68 0010 094C     		ldr	r4, .L10+4
  69 0012 A25C     		ldrb	r2, [r4, r2]	@ zero_extendqisi2
  70 0014 C265     		str	r2, [r0, #92]
  71 0016 5F29     		cmp	r1, #95
  72 0018 07D9     		bls	.L7
  73 001a 6FF30903 		bfc	r3, #0, #10
  74 001e 0433     		adds	r3, r3, #4
  75 0020 8365     		str	r3, [r0, #88]
  76              	.L8:
  77 0022 806D     		ldr	r0, [r0, #88]
  78 0024 5DF8044B 		ldr	r4, [sp], #4
  79 0028 7047     		bx	lr
  80              	.L7:
  81 002a 6FF30903 		bfc	r3, #0, #10
  82 002e 8365     		str	r3, [r0, #88]
  83 0030 F7E7     		b	.L8
  84              	.L11:
  85 0032 00BF     		.align	2
  86              	.L10:
  87 0034 ABAAAAAA 		.word	-1431655765
  88 0038 00000000 		.word	flagBitshiftOffset.0
  90              		.section	.text.DMA_CheckFifoParam,"ax",%progbits
  91              		.align	1
  92              		.syntax unified
  93              		.thumb
  94              		.thumb_func
  96              	DMA_CheckFifoParam:
  97              		@ args = 0, pretend = 0, frame = 0
  98              		@ frame_needed = 0, uses_anonymous_args = 0
  99              		@ link register save eliminated.
 100 0000 836A     		ldr	r3, [r0, #40]
 101 0002 8269     		ldr	r2, [r0, #24]
 102 0004 92B9     		cbnz	r2, .L13
 103 0006 012B     		cmp	r3, #1
 104 0008 0AD0     		beq	.L14
 105 000a 022B     		cmp	r3, #2
 106 000c 02D0     		beq	.L15
 107 000e 0BB1     		cbz	r3, .L15
 108 0010 0020     		movs	r0, #0
 109 0012 7047     		bx	lr
 110              	.L15:
 111 0014 C36A     		ldr	r3, [r0, #44]
 112 0016 13F0807F 		tst	r3, #16777216
 113 001a 28D1     		bne	.L23
 114 001c 0020     		movs	r0, #0
 115 001e 7047     		bx	lr
 116              	.L14:
 117 0020 C36A     		ldr	r3, [r0, #44]
 118 0022 B3F1C07F 		cmp	r3, #25165824
 119 0026 24D0     		beq	.L24
ARM GAS  C:\Users\Rick\AppData\Local\Temp\ccW40Txy.s 			page 3


 120 0028 0020     		movs	r0, #0
 121 002a 7047     		bx	lr
 122              	.L13:
 123 002c B2F5005F 		cmp	r2, #8192
 124 0030 09D0     		beq	.L31
 125 0032 022B     		cmp	r3, #2
 126 0034 25D9     		bls	.L28
 127 0036 032B     		cmp	r3, #3
 128 0038 25D1     		bne	.L29
 129 003a C36A     		ldr	r3, [r0, #44]
 130 003c 13F0807F 		tst	r3, #16777216
 131 0040 23D1     		bne	.L30
 132 0042 0020     		movs	r0, #0
 133 0044 7047     		bx	lr
 134              	.L31:
 135 0046 032B     		cmp	r3, #3
 136 0048 03D8     		bhi	.L18
 137 004a DFE803F0 		tbb	[pc, r3]
 138              	.L20:
 139 004e 14       		.byte	(.L25-.L20)/2
 140 004f 04       		.byte	(.L21-.L20)/2
 141 0050 14       		.byte	(.L25-.L20)/2
 142 0051 0A       		.byte	(.L19-.L20)/2
 143              		.p2align 1
 144              	.L18:
 145 0052 0020     		movs	r0, #0
 146 0054 7047     		bx	lr
 147              	.L21:
 148 0056 C36A     		ldr	r3, [r0, #44]
 149 0058 13F0807F 		tst	r3, #16777216
 150 005c 0DD1     		bne	.L26
 151 005e 0020     		movs	r0, #0
 152 0060 7047     		bx	lr
 153              	.L19:
 154 0062 C36A     		ldr	r3, [r0, #44]
 155 0064 B3F1C07F 		cmp	r3, #25165824
 156 0068 09D0     		beq	.L27
 157 006a 0020     		movs	r0, #0
 158 006c 7047     		bx	lr
 159              	.L23:
 160 006e 0120     		movs	r0, #1
 161 0070 7047     		bx	lr
 162              	.L24:
 163 0072 0120     		movs	r0, #1
 164 0074 7047     		bx	lr
 165              	.L25:
 166 0076 0120     		movs	r0, #1
 167 0078 7047     		bx	lr
 168              	.L26:
 169 007a 0120     		movs	r0, #1
 170 007c 7047     		bx	lr
 171              	.L27:
 172 007e 0120     		movs	r0, #1
 173 0080 7047     		bx	lr
 174              	.L28:
 175 0082 0120     		movs	r0, #1
 176 0084 7047     		bx	lr
ARM GAS  C:\Users\Rick\AppData\Local\Temp\ccW40Txy.s 			page 4


 177              	.L29:
 178 0086 0020     		movs	r0, #0
 179 0088 7047     		bx	lr
 180              	.L30:
 181 008a 0120     		movs	r0, #1
 182 008c 7047     		bx	lr
 184              		.section	.text.HAL_DMA_Init,"ax",%progbits
 185              		.align	1
 186              		.global	HAL_DMA_Init
 187              		.syntax unified
 188              		.thumb
 189              		.thumb_func
 191              	HAL_DMA_Init:
 192              		@ args = 0, pretend = 0, frame = 0
 193              		@ frame_needed = 0, uses_anonymous_args = 0
 194 0000 70B5     		push	{r4, r5, r6, lr}
 195 0002 0446     		mov	r4, r0
 196 0004 FFF7FEFF 		bl	HAL_GetTick
 197 0008 002C     		cmp	r4, #0
 198 000a 5BD0     		beq	.L38
 199 000c 0546     		mov	r5, r0
 200 000e 0223     		movs	r3, #2
 201 0010 84F83530 		strb	r3, [r4, #53]
 202 0014 0023     		movs	r3, #0
 203 0016 84F83430 		strb	r3, [r4, #52]
 204 001a 2268     		ldr	r2, [r4]
 205 001c 1368     		ldr	r3, [r2]
 206 001e 23F00103 		bic	r3, r3, #1
 207 0022 1360     		str	r3, [r2]
 208              	.L34:
 209 0024 2368     		ldr	r3, [r4]
 210 0026 1A68     		ldr	r2, [r3]
 211 0028 12F0010F 		tst	r2, #1
 212 002c 0AD0     		beq	.L40
 213 002e FFF7FEFF 		bl	HAL_GetTick
 214 0032 431B     		subs	r3, r0, r5
 215 0034 052B     		cmp	r3, #5
 216 0036 F5D9     		bls	.L34
 217 0038 2023     		movs	r3, #32
 218 003a 6365     		str	r3, [r4, #84]
 219 003c 0320     		movs	r0, #3
 220 003e 84F83500 		strb	r0, [r4, #53]
 221              	.L33:
 222 0042 70BD     		pop	{r4, r5, r6, pc}
 223              	.L40:
 224 0044 1A68     		ldr	r2, [r3]
 225 0046 2049     		ldr	r1, .L43
 226 0048 1140     		ands	r1, r1, r2
 227 004a 6268     		ldr	r2, [r4, #4]
 228 004c A068     		ldr	r0, [r4, #8]
 229 004e 0243     		orrs	r2, r2, r0
 230 0050 E068     		ldr	r0, [r4, #12]
 231 0052 0243     		orrs	r2, r2, r0
 232 0054 2069     		ldr	r0, [r4, #16]
 233 0056 0243     		orrs	r2, r2, r0
 234 0058 6069     		ldr	r0, [r4, #20]
 235 005a 0243     		orrs	r2, r2, r0
ARM GAS  C:\Users\Rick\AppData\Local\Temp\ccW40Txy.s 			page 5


 236 005c A069     		ldr	r0, [r4, #24]
 237 005e 0243     		orrs	r2, r2, r0
 238 0060 E069     		ldr	r0, [r4, #28]
 239 0062 0243     		orrs	r2, r2, r0
 240 0064 206A     		ldr	r0, [r4, #32]
 241 0066 0243     		orrs	r2, r2, r0
 242 0068 0A43     		orrs	r2, r2, r1
 243 006a 616A     		ldr	r1, [r4, #36]
 244 006c 0429     		cmp	r1, #4
 245 006e 1ED0     		beq	.L41
 246              	.L36:
 247 0070 1A60     		str	r2, [r3]
 248 0072 2668     		ldr	r6, [r4]
 249 0074 7569     		ldr	r5, [r6, #20]
 250 0076 25F00705 		bic	r5, r5, #7
 251 007a 636A     		ldr	r3, [r4, #36]
 252 007c 1D43     		orrs	r5, r5, r3
 253 007e 042B     		cmp	r3, #4
 254 0080 07D1     		bne	.L37
 255 0082 A36A     		ldr	r3, [r4, #40]
 256 0084 1D43     		orrs	r5, r5, r3
 257 0086 E36A     		ldr	r3, [r4, #44]
 258 0088 1BB1     		cbz	r3, .L37
 259 008a 2046     		mov	r0, r4
 260 008c FFF7FEFF 		bl	DMA_CheckFifoParam
 261 0090 90B9     		cbnz	r0, .L42
 262              	.L37:
 263 0092 7561     		str	r5, [r6, #20]
 264 0094 2046     		mov	r0, r4
 265 0096 FFF7FEFF 		bl	DMA_CalcBaseAndBitshift
 266 009a E26D     		ldr	r2, [r4, #92]
 267 009c 3F23     		movs	r3, #63
 268 009e 9340     		lsls	r3, r3, r2
 269 00a0 8360     		str	r3, [r0, #8]
 270 00a2 0020     		movs	r0, #0
 271 00a4 6065     		str	r0, [r4, #84]
 272 00a6 0123     		movs	r3, #1
 273 00a8 84F83530 		strb	r3, [r4, #53]
 274 00ac C9E7     		b	.L33
 275              	.L41:
 276 00ae E16A     		ldr	r1, [r4, #44]
 277 00b0 206B     		ldr	r0, [r4, #48]
 278 00b2 0143     		orrs	r1, r1, r0
 279 00b4 0A43     		orrs	r2, r2, r1
 280 00b6 DBE7     		b	.L36
 281              	.L42:
 282 00b8 4023     		movs	r3, #64
 283 00ba 6365     		str	r3, [r4, #84]
 284 00bc 0120     		movs	r0, #1
 285 00be 84F83500 		strb	r0, [r4, #53]
 286 00c2 BEE7     		b	.L33
 287              	.L38:
 288 00c4 0120     		movs	r0, #1
 289 00c6 BCE7     		b	.L33
 290              	.L44:
 291              		.align	2
 292              	.L43:
ARM GAS  C:\Users\Rick\AppData\Local\Temp\ccW40Txy.s 			page 6


 293 00c8 3F8010F0 		.word	-267354049
 295              		.section	.text.HAL_DMA_DeInit,"ax",%progbits
 296              		.align	1
 297              		.global	HAL_DMA_DeInit
 298              		.syntax unified
 299              		.thumb
 300              		.thumb_func
 302              	HAL_DMA_DeInit:
 303              		@ args = 0, pretend = 0, frame = 0
 304              		@ frame_needed = 0, uses_anonymous_args = 0
 305 0000 0028     		cmp	r0, #0
 306 0002 2DD0     		beq	.L47
 307 0004 38B5     		push	{r3, r4, r5, lr}
 308 0006 0446     		mov	r4, r0
 309 0008 90F83530 		ldrb	r3, [r0, #53]	@ zero_extendqisi2
 310 000c D8B2     		uxtb	r0, r3
 311 000e 022B     		cmp	r3, #2
 312 0010 25D0     		beq	.L46
 313 0012 2268     		ldr	r2, [r4]
 314 0014 1368     		ldr	r3, [r2]
 315 0016 23F00103 		bic	r3, r3, #1
 316 001a 1360     		str	r3, [r2]
 317 001c 2368     		ldr	r3, [r4]
 318 001e 0025     		movs	r5, #0
 319 0020 1D60     		str	r5, [r3]
 320 0022 2368     		ldr	r3, [r4]
 321 0024 5D60     		str	r5, [r3, #4]
 322 0026 2368     		ldr	r3, [r4]
 323 0028 9D60     		str	r5, [r3, #8]
 324 002a 2368     		ldr	r3, [r4]
 325 002c DD60     		str	r5, [r3, #12]
 326 002e 2368     		ldr	r3, [r4]
 327 0030 1D61     		str	r5, [r3, #16]
 328 0032 2368     		ldr	r3, [r4]
 329 0034 2122     		movs	r2, #33
 330 0036 5A61     		str	r2, [r3, #20]
 331 0038 2046     		mov	r0, r4
 332 003a FFF7FEFF 		bl	DMA_CalcBaseAndBitshift
 333 003e E563     		str	r5, [r4, #60]
 334 0040 2564     		str	r5, [r4, #64]
 335 0042 6564     		str	r5, [r4, #68]
 336 0044 A564     		str	r5, [r4, #72]
 337 0046 E564     		str	r5, [r4, #76]
 338 0048 2565     		str	r5, [r4, #80]
 339 004a E26D     		ldr	r2, [r4, #92]
 340 004c 3F23     		movs	r3, #63
 341 004e 9340     		lsls	r3, r3, r2
 342 0050 8360     		str	r3, [r0, #8]
 343 0052 6565     		str	r5, [r4, #84]
 344 0054 84F83550 		strb	r5, [r4, #53]
 345 0058 84F83450 		strb	r5, [r4, #52]
 346 005c 2846     		mov	r0, r5
 347              	.L46:
 348 005e 38BD     		pop	{r3, r4, r5, pc}
 349              	.L47:
 350 0060 0120     		movs	r0, #1
 351 0062 7047     		bx	lr
ARM GAS  C:\Users\Rick\AppData\Local\Temp\ccW40Txy.s 			page 7


 353              		.section	.text.HAL_DMA_Start,"ax",%progbits
 354              		.align	1
 355              		.global	HAL_DMA_Start
 356              		.syntax unified
 357              		.thumb
 358              		.thumb_func
 360              	HAL_DMA_Start:
 361              		@ args = 0, pretend = 0, frame = 0
 362              		@ frame_needed = 0, uses_anonymous_args = 0
 363 0000 38B5     		push	{r3, r4, r5, lr}
 364 0002 0446     		mov	r4, r0
 365 0004 90F83400 		ldrb	r0, [r0, #52]	@ zero_extendqisi2
 366 0008 0128     		cmp	r0, #1
 367 000a 1AD0     		beq	.L55
 368 000c 0120     		movs	r0, #1
 369 000e 84F83400 		strb	r0, [r4, #52]
 370 0012 94F83500 		ldrb	r0, [r4, #53]	@ zero_extendqisi2
 371 0016 0128     		cmp	r0, #1
 372 0018 04D0     		beq	.L57
 373 001a 0023     		movs	r3, #0
 374 001c 84F83430 		strb	r3, [r4, #52]
 375 0020 0220     		movs	r0, #2
 376              	.L53:
 377 0022 38BD     		pop	{r3, r4, r5, pc}
 378              	.L57:
 379 0024 0220     		movs	r0, #2
 380 0026 84F83500 		strb	r0, [r4, #53]
 381 002a 0025     		movs	r5, #0
 382 002c 6565     		str	r5, [r4, #84]
 383 002e 2046     		mov	r0, r4
 384 0030 FFF7FEFF 		bl	DMA_SetConfig
 385 0034 2268     		ldr	r2, [r4]
 386 0036 1368     		ldr	r3, [r2]
 387 0038 43F00103 		orr	r3, r3, #1
 388 003c 1360     		str	r3, [r2]
 389 003e 2846     		mov	r0, r5
 390 0040 EFE7     		b	.L53
 391              	.L55:
 392 0042 0220     		movs	r0, #2
 393 0044 EDE7     		b	.L53
 395              		.section	.text.HAL_DMA_Start_IT,"ax",%progbits
 396              		.align	1
 397              		.global	HAL_DMA_Start_IT
 398              		.syntax unified
 399              		.thumb
 400              		.thumb_func
 402              	HAL_DMA_Start_IT:
 403              		@ args = 0, pretend = 0, frame = 0
 404              		@ frame_needed = 0, uses_anonymous_args = 0
 405 0000 38B5     		push	{r3, r4, r5, lr}
 406 0002 0446     		mov	r4, r0
 407 0004 856D     		ldr	r5, [r0, #88]
 408 0006 90F83400 		ldrb	r0, [r0, #52]	@ zero_extendqisi2
 409 000a 0128     		cmp	r0, #1
 410 000c 2AD0     		beq	.L62
 411 000e 0120     		movs	r0, #1
 412 0010 84F83400 		strb	r0, [r4, #52]
ARM GAS  C:\Users\Rick\AppData\Local\Temp\ccW40Txy.s 			page 8


 413 0014 94F83500 		ldrb	r0, [r4, #53]	@ zero_extendqisi2
 414 0018 0128     		cmp	r0, #1
 415 001a 04D0     		beq	.L64
 416 001c 0023     		movs	r3, #0
 417 001e 84F83430 		strb	r3, [r4, #52]
 418 0022 0220     		movs	r0, #2
 419              	.L59:
 420 0024 38BD     		pop	{r3, r4, r5, pc}
 421              	.L64:
 422 0026 0220     		movs	r0, #2
 423 0028 84F83500 		strb	r0, [r4, #53]
 424 002c 0020     		movs	r0, #0
 425 002e 6065     		str	r0, [r4, #84]
 426 0030 2046     		mov	r0, r4
 427 0032 FFF7FEFF 		bl	DMA_SetConfig
 428 0036 E26D     		ldr	r2, [r4, #92]
 429 0038 3F23     		movs	r3, #63
 430 003a 9340     		lsls	r3, r3, r2
 431 003c AB60     		str	r3, [r5, #8]
 432 003e 2268     		ldr	r2, [r4]
 433 0040 1368     		ldr	r3, [r2]
 434 0042 43F01603 		orr	r3, r3, #22
 435 0046 1360     		str	r3, [r2]
 436 0048 236C     		ldr	r3, [r4, #64]
 437 004a 23B1     		cbz	r3, .L61
 438 004c 2268     		ldr	r2, [r4]
 439 004e 1368     		ldr	r3, [r2]
 440 0050 43F00803 		orr	r3, r3, #8
 441 0054 1360     		str	r3, [r2]
 442              	.L61:
 443 0056 2268     		ldr	r2, [r4]
 444 0058 1368     		ldr	r3, [r2]
 445 005a 43F00103 		orr	r3, r3, #1
 446 005e 1360     		str	r3, [r2]
 447 0060 0020     		movs	r0, #0
 448 0062 DFE7     		b	.L59
 449              	.L62:
 450 0064 0220     		movs	r0, #2
 451 0066 DDE7     		b	.L59
 453              		.section	.text.HAL_DMA_Abort,"ax",%progbits
 454              		.align	1
 455              		.global	HAL_DMA_Abort
 456              		.syntax unified
 457              		.thumb
 458              		.thumb_func
 460              	HAL_DMA_Abort:
 461              		@ args = 0, pretend = 0, frame = 0
 462              		@ frame_needed = 0, uses_anonymous_args = 0
 463 0000 70B5     		push	{r4, r5, r6, lr}
 464 0002 0446     		mov	r4, r0
 465 0004 866D     		ldr	r6, [r0, #88]
 466 0006 FFF7FEFF 		bl	HAL_GetTick
 467 000a 94F83530 		ldrb	r3, [r4, #53]	@ zero_extendqisi2
 468 000e 022B     		cmp	r3, #2
 469 0010 06D0     		beq	.L66
 470 0012 8023     		movs	r3, #128
 471 0014 6365     		str	r3, [r4, #84]
ARM GAS  C:\Users\Rick\AppData\Local\Temp\ccW40Txy.s 			page 9


 472 0016 0023     		movs	r3, #0
 473 0018 84F83430 		strb	r3, [r4, #52]
 474 001c 0120     		movs	r0, #1
 475              	.L67:
 476 001e 70BD     		pop	{r4, r5, r6, pc}
 477              	.L66:
 478 0020 0546     		mov	r5, r0
 479 0022 2268     		ldr	r2, [r4]
 480 0024 1368     		ldr	r3, [r2]
 481 0026 23F01603 		bic	r3, r3, #22
 482 002a 1360     		str	r3, [r2]
 483 002c 2268     		ldr	r2, [r4]
 484 002e 5369     		ldr	r3, [r2, #20]
 485 0030 23F08003 		bic	r3, r3, #128
 486 0034 5361     		str	r3, [r2, #20]
 487 0036 236C     		ldr	r3, [r4, #64]
 488 0038 E3B1     		cbz	r3, .L73
 489              	.L68:
 490 003a 2268     		ldr	r2, [r4]
 491 003c 1368     		ldr	r3, [r2]
 492 003e 23F00803 		bic	r3, r3, #8
 493 0042 1360     		str	r3, [r2]
 494              	.L69:
 495 0044 2268     		ldr	r2, [r4]
 496 0046 1368     		ldr	r3, [r2]
 497 0048 23F00103 		bic	r3, r3, #1
 498 004c 1360     		str	r3, [r2]
 499              	.L70:
 500 004e 2368     		ldr	r3, [r4]
 501 0050 1B68     		ldr	r3, [r3]
 502 0052 13F0010F 		tst	r3, #1
 503 0056 11D0     		beq	.L74
 504 0058 FFF7FEFF 		bl	HAL_GetTick
 505 005c 431B     		subs	r3, r0, r5
 506 005e 052B     		cmp	r3, #5
 507 0060 F5D9     		bls	.L70
 508 0062 2023     		movs	r3, #32
 509 0064 6365     		str	r3, [r4, #84]
 510 0066 0320     		movs	r0, #3
 511 0068 84F83500 		strb	r0, [r4, #53]
 512 006c 0023     		movs	r3, #0
 513 006e 84F83430 		strb	r3, [r4, #52]
 514 0072 D4E7     		b	.L67
 515              	.L73:
 516 0074 A36C     		ldr	r3, [r4, #72]
 517 0076 002B     		cmp	r3, #0
 518 0078 DFD1     		bne	.L68
 519 007a E3E7     		b	.L69
 520              	.L74:
 521 007c E26D     		ldr	r2, [r4, #92]
 522 007e 3F23     		movs	r3, #63
 523 0080 9340     		lsls	r3, r3, r2
 524 0082 B360     		str	r3, [r6, #8]
 525 0084 0123     		movs	r3, #1
 526 0086 84F83530 		strb	r3, [r4, #53]
 527 008a 0020     		movs	r0, #0
 528 008c 84F83400 		strb	r0, [r4, #52]
ARM GAS  C:\Users\Rick\AppData\Local\Temp\ccW40Txy.s 			page 10


 529 0090 C5E7     		b	.L67
 531              		.section	.text.HAL_DMA_Abort_IT,"ax",%progbits
 532              		.align	1
 533              		.global	HAL_DMA_Abort_IT
 534              		.syntax unified
 535              		.thumb
 536              		.thumb_func
 538              	HAL_DMA_Abort_IT:
 539              		@ args = 0, pretend = 0, frame = 0
 540              		@ frame_needed = 0, uses_anonymous_args = 0
 541              		@ link register save eliminated.
 542 0000 90F83530 		ldrb	r3, [r0, #53]	@ zero_extendqisi2
 543 0004 022B     		cmp	r3, #2
 544 0006 03D0     		beq	.L76
 545 0008 8023     		movs	r3, #128
 546 000a 4365     		str	r3, [r0, #84]
 547 000c 0120     		movs	r0, #1
 548 000e 7047     		bx	lr
 549              	.L76:
 550 0010 0523     		movs	r3, #5
 551 0012 80F83530 		strb	r3, [r0, #53]
 552 0016 0268     		ldr	r2, [r0]
 553 0018 1368     		ldr	r3, [r2]
 554 001a 23F00103 		bic	r3, r3, #1
 555 001e 1360     		str	r3, [r2]
 556 0020 0020     		movs	r0, #0
 557 0022 7047     		bx	lr
 559              		.section	.text.HAL_DMA_PollForTransfer,"ax",%progbits
 560              		.align	1
 561              		.global	HAL_DMA_PollForTransfer
 562              		.syntax unified
 563              		.thumb
 564              		.thumb_func
 566              	HAL_DMA_PollForTransfer:
 567              		@ args = 0, pretend = 0, frame = 0
 568              		@ frame_needed = 0, uses_anonymous_args = 0
 569 0000 2DE9F047 		push	{r4, r5, r6, r7, r8, r9, r10, lr}
 570 0004 0446     		mov	r4, r0
 571 0006 8846     		mov	r8, r1
 572 0008 1646     		mov	r6, r2
 573 000a FFF7FEFF 		bl	HAL_GetTick
 574 000e 94F83530 		ldrb	r3, [r4, #53]	@ zero_extendqisi2
 575 0012 022B     		cmp	r3, #2
 576 0014 07D0     		beq	.L79
 577 0016 8023     		movs	r3, #128
 578 0018 6365     		str	r3, [r4, #84]
 579 001a 0023     		movs	r3, #0
 580 001c 84F83430 		strb	r3, [r4, #52]
 581 0020 0120     		movs	r0, #1
 582              	.L80:
 583 0022 BDE8F087 		pop	{r4, r5, r6, r7, r8, r9, r10, pc}
 584              	.L79:
 585 0026 8146     		mov	r9, r0
 586 0028 2368     		ldr	r3, [r4]
 587 002a 1B68     		ldr	r3, [r3]
 588 002c 13F4807F 		tst	r3, #256
 589 0030 3BD1     		bne	.L95
ARM GAS  C:\Users\Rick\AppData\Local\Temp\ccW40Txy.s 			page 11


 590 0032 B8F1000F 		cmp	r8, #0
 591 0036 3DD1     		bne	.L82
 592 0038 E36D     		ldr	r3, [r4, #92]
 593 003a 4FF0200A 		mov	r10, #32
 594 003e 0AFA03FA 		lsl	r10, r10, r3
 595              	.L83:
 596 0042 A76D     		ldr	r7, [r4, #88]
 597 0044 3B68     		ldr	r3, [r7]
 598              	.L84:
 599 0046 1AEA030F 		tst	r10, r3
 600 004a 43D1     		bne	.L90
 601 004c 636D     		ldr	r3, [r4, #84]
 602 004e 13F0010F 		tst	r3, #1
 603 0052 3FD1     		bne	.L90
 604 0054 B6F1FF3F 		cmp	r6, #-1
 605 0058 07D0     		beq	.L85
 606 005a 002E     		cmp	r6, #0
 607 005c 30D0     		beq	.L86
 608 005e FFF7FEFF 		bl	HAL_GetTick
 609 0062 A0EB0900 		sub	r0, r0, r9
 610 0066 B042     		cmp	r0, r6
 611 0068 2AD8     		bhi	.L86
 612              	.L85:
 613 006a 3B68     		ldr	r3, [r7]
 614 006c E16D     		ldr	r1, [r4, #92]
 615 006e 0822     		movs	r2, #8
 616 0070 8A40     		lsls	r2, r2, r1
 617 0072 1A42     		tst	r2, r3
 618 0074 04D0     		beq	.L87
 619 0076 616D     		ldr	r1, [r4, #84]
 620 0078 41F00101 		orr	r1, r1, #1
 621 007c 6165     		str	r1, [r4, #84]
 622 007e BA60     		str	r2, [r7, #8]
 623              	.L87:
 624 0080 E16D     		ldr	r1, [r4, #92]
 625 0082 0122     		movs	r2, #1
 626 0084 8A40     		lsls	r2, r2, r1
 627 0086 1A42     		tst	r2, r3
 628 0088 04D0     		beq	.L88
 629 008a 616D     		ldr	r1, [r4, #84]
 630 008c 41F00201 		orr	r1, r1, #2
 631 0090 6165     		str	r1, [r4, #84]
 632 0092 BA60     		str	r2, [r7, #8]
 633              	.L88:
 634 0094 E26D     		ldr	r2, [r4, #92]
 635 0096 0425     		movs	r5, #4
 636 0098 9540     		lsls	r5, r5, r2
 637 009a 1D42     		tst	r5, r3
 638 009c D3D0     		beq	.L84
 639 009e 626D     		ldr	r2, [r4, #84]
 640 00a0 42F00402 		orr	r2, r2, #4
 641 00a4 6265     		str	r2, [r4, #84]
 642 00a6 BD60     		str	r5, [r7, #8]
 643 00a8 CDE7     		b	.L84
 644              	.L95:
 645 00aa 4FF48073 		mov	r3, #256
 646 00ae 6365     		str	r3, [r4, #84]
ARM GAS  C:\Users\Rick\AppData\Local\Temp\ccW40Txy.s 			page 12


 647 00b0 0120     		movs	r0, #1
 648 00b2 B6E7     		b	.L80
 649              	.L82:
 650 00b4 E36D     		ldr	r3, [r4, #92]
 651 00b6 4FF0100A 		mov	r10, #16
 652 00ba 0AFA03FA 		lsl	r10, r10, r3
 653 00be C0E7     		b	.L83
 654              	.L86:
 655 00c0 2023     		movs	r3, #32
 656 00c2 6365     		str	r3, [r4, #84]
 657 00c4 0123     		movs	r3, #1
 658 00c6 84F83530 		strb	r3, [r4, #53]
 659 00ca 0023     		movs	r3, #0
 660 00cc 84F83430 		strb	r3, [r4, #52]
 661 00d0 0320     		movs	r0, #3
 662 00d2 A6E7     		b	.L80
 663              	.L90:
 664 00d4 636D     		ldr	r3, [r4, #84]
 665 00d6 1BB1     		cbz	r3, .L92
 666 00d8 636D     		ldr	r3, [r4, #84]
 667 00da 13F0010F 		tst	r3, #1
 668 00de 0ED1     		bne	.L96
 669              	.L92:
 670 00e0 B8F1000F 		cmp	r8, #0
 671 00e4 19D1     		bne	.L93
 672 00e6 E26D     		ldr	r2, [r4, #92]
 673 00e8 3023     		movs	r3, #48
 674 00ea 9340     		lsls	r3, r3, r2
 675 00ec BB60     		str	r3, [r7, #8]
 676 00ee 0123     		movs	r3, #1
 677 00f0 84F83530 		strb	r3, [r4, #53]
 678 00f4 0023     		movs	r3, #0
 679 00f6 84F83430 		strb	r3, [r4, #52]
 680 00fa 4046     		mov	r0, r8
 681 00fc 91E7     		b	.L80
 682              	.L96:
 683 00fe 2046     		mov	r0, r4
 684 0100 FFF7FEFF 		bl	HAL_DMA_Abort
 685 0104 E26D     		ldr	r2, [r4, #92]
 686 0106 3023     		movs	r3, #48
 687 0108 9340     		lsls	r3, r3, r2
 688 010a BB60     		str	r3, [r7, #8]
 689 010c 0120     		movs	r0, #1
 690 010e 84F83500 		strb	r0, [r4, #53]
 691 0112 0023     		movs	r3, #0
 692 0114 84F83430 		strb	r3, [r4, #52]
 693 0118 83E7     		b	.L80
 694              	.L93:
 695 011a E26D     		ldr	r2, [r4, #92]
 696 011c 1023     		movs	r3, #16
 697 011e 9340     		lsls	r3, r3, r2
 698 0120 BB60     		str	r3, [r7, #8]
 699 0122 0020     		movs	r0, #0
 700 0124 7DE7     		b	.L80
 702              		.section	.text.HAL_DMA_IRQHandler,"ax",%progbits
 703              		.align	1
 704              		.global	HAL_DMA_IRQHandler
ARM GAS  C:\Users\Rick\AppData\Local\Temp\ccW40Txy.s 			page 13


 705              		.syntax unified
 706              		.thumb
 707              		.thumb_func
 709              	HAL_DMA_IRQHandler:
 710              		@ args = 0, pretend = 0, frame = 8
 711              		@ frame_needed = 0, uses_anonymous_args = 0
 712 0000 F0B5     		push	{r4, r5, r6, r7, lr}
 713 0002 83B0     		sub	sp, sp, #12
 714 0004 0446     		mov	r4, r0
 715 0006 0023     		movs	r3, #0
 716 0008 0193     		str	r3, [sp, #4]
 717 000a 724B     		ldr	r3, .L120
 718 000c 1D68     		ldr	r5, [r3]
 719 000e 724B     		ldr	r3, .L120+4
 720 0010 A3FB0535 		umull	r3, r5, r3, r5
 721 0014 AD0A     		lsrs	r5, r5, #10
 722 0016 876D     		ldr	r7, [r0, #88]
 723 0018 3E68     		ldr	r6, [r7]
 724 001a C26D     		ldr	r2, [r0, #92]
 725 001c 0823     		movs	r3, #8
 726 001e 9340     		lsls	r3, r3, r2
 727 0020 3342     		tst	r3, r6
 728 0022 10D0     		beq	.L98
 729 0024 0368     		ldr	r3, [r0]
 730 0026 1A68     		ldr	r2, [r3]
 731 0028 12F0040F 		tst	r2, #4
 732 002c 0BD0     		beq	.L98
 733 002e 1A68     		ldr	r2, [r3]
 734 0030 22F00402 		bic	r2, r2, #4
 735 0034 1A60     		str	r2, [r3]
 736 0036 C26D     		ldr	r2, [r0, #92]
 737 0038 0823     		movs	r3, #8
 738 003a 9340     		lsls	r3, r3, r2
 739 003c BB60     		str	r3, [r7, #8]
 740 003e 436D     		ldr	r3, [r0, #84]
 741 0040 43F00103 		orr	r3, r3, #1
 742 0044 4365     		str	r3, [r0, #84]
 743              	.L98:
 744 0046 E26D     		ldr	r2, [r4, #92]
 745 0048 0123     		movs	r3, #1
 746 004a 9340     		lsls	r3, r3, r2
 747 004c 3342     		tst	r3, r6
 748 004e 09D0     		beq	.L99
 749 0050 2268     		ldr	r2, [r4]
 750 0052 5269     		ldr	r2, [r2, #20]
 751 0054 12F0800F 		tst	r2, #128
 752 0058 04D0     		beq	.L99
 753 005a BB60     		str	r3, [r7, #8]
 754 005c 636D     		ldr	r3, [r4, #84]
 755 005e 43F00203 		orr	r3, r3, #2
 756 0062 6365     		str	r3, [r4, #84]
 757              	.L99:
 758 0064 E26D     		ldr	r2, [r4, #92]
 759 0066 0423     		movs	r3, #4
 760 0068 9340     		lsls	r3, r3, r2
 761 006a 3342     		tst	r3, r6
 762 006c 09D0     		beq	.L100
ARM GAS  C:\Users\Rick\AppData\Local\Temp\ccW40Txy.s 			page 14


 763 006e 2268     		ldr	r2, [r4]
 764 0070 1268     		ldr	r2, [r2]
 765 0072 12F0020F 		tst	r2, #2
 766 0076 04D0     		beq	.L100
 767 0078 BB60     		str	r3, [r7, #8]
 768 007a 636D     		ldr	r3, [r4, #84]
 769 007c 43F00403 		orr	r3, r3, #4
 770 0080 6365     		str	r3, [r4, #84]
 771              	.L100:
 772 0082 E26D     		ldr	r2, [r4, #92]
 773 0084 1023     		movs	r3, #16
 774 0086 9340     		lsls	r3, r3, r2
 775 0088 3342     		tst	r3, r6
 776 008a 24D0     		beq	.L101
 777 008c 2268     		ldr	r2, [r4]
 778 008e 1268     		ldr	r2, [r2]
 779 0090 12F0080F 		tst	r2, #8
 780 0094 1FD0     		beq	.L101
 781 0096 BB60     		str	r3, [r7, #8]
 782 0098 2368     		ldr	r3, [r4]
 783 009a 1A68     		ldr	r2, [r3]
 784 009c 12F4802F 		tst	r2, #262144
 785 00a0 0DD0     		beq	.L102
 786 00a2 1B68     		ldr	r3, [r3]
 787 00a4 13F4002F 		tst	r3, #524288
 788 00a8 04D1     		bne	.L103
 789 00aa 236C     		ldr	r3, [r4, #64]
 790 00ac 9BB1     		cbz	r3, .L101
 791 00ae 2046     		mov	r0, r4
 792 00b0 9847     		blx	r3
 793 00b2 10E0     		b	.L101
 794              	.L103:
 795 00b4 A36C     		ldr	r3, [r4, #72]
 796 00b6 73B1     		cbz	r3, .L101
 797 00b8 2046     		mov	r0, r4
 798 00ba 9847     		blx	r3
 799 00bc 0BE0     		b	.L101
 800              	.L102:
 801 00be 1A68     		ldr	r2, [r3]
 802 00c0 12F4807F 		tst	r2, #256
 803 00c4 03D1     		bne	.L104
 804 00c6 1A68     		ldr	r2, [r3]
 805 00c8 22F00802 		bic	r2, r2, #8
 806 00cc 1A60     		str	r2, [r3]
 807              	.L104:
 808 00ce 236C     		ldr	r3, [r4, #64]
 809 00d0 0BB1     		cbz	r3, .L101
 810 00d2 2046     		mov	r0, r4
 811 00d4 9847     		blx	r3
 812              	.L101:
 813 00d6 E26D     		ldr	r2, [r4, #92]
 814 00d8 2023     		movs	r3, #32
 815 00da 9340     		lsls	r3, r3, r2
 816 00dc 3342     		tst	r3, r6
 817 00de 54D0     		beq	.L105
 818 00e0 2268     		ldr	r2, [r4]
 819 00e2 1268     		ldr	r2, [r2]
ARM GAS  C:\Users\Rick\AppData\Local\Temp\ccW40Txy.s 			page 15


 820 00e4 12F0100F 		tst	r2, #16
 821 00e8 4FD0     		beq	.L105
 822 00ea BB60     		str	r3, [r7, #8]
 823 00ec 94F83530 		ldrb	r3, [r4, #53]	@ zero_extendqisi2
 824 00f0 052B     		cmp	r3, #5
 825 00f2 0ED0     		beq	.L118
 826 00f4 2368     		ldr	r3, [r4]
 827 00f6 1A68     		ldr	r2, [r3]
 828 00f8 12F4802F 		tst	r2, #262144
 829 00fc 33D0     		beq	.L111
 830 00fe 1B68     		ldr	r3, [r3]
 831 0100 13F4002F 		tst	r3, #524288
 832 0104 2AD1     		bne	.L112
 833 0106 636C     		ldr	r3, [r4, #68]
 834 0108 002B     		cmp	r3, #0
 835 010a 3ED0     		beq	.L105
 836 010c 2046     		mov	r0, r4
 837 010e 9847     		blx	r3
 838 0110 3BE0     		b	.L105
 839              	.L118:
 840 0112 2268     		ldr	r2, [r4]
 841 0114 1368     		ldr	r3, [r2]
 842 0116 23F01603 		bic	r3, r3, #22
 843 011a 1360     		str	r3, [r2]
 844 011c 2268     		ldr	r2, [r4]
 845 011e 5369     		ldr	r3, [r2, #20]
 846 0120 23F08003 		bic	r3, r3, #128
 847 0124 5361     		str	r3, [r2, #20]
 848 0126 236C     		ldr	r3, [r4, #64]
 849 0128 A3B1     		cbz	r3, .L119
 850              	.L107:
 851 012a 2268     		ldr	r2, [r4]
 852 012c 1368     		ldr	r3, [r2]
 853 012e 23F00803 		bic	r3, r3, #8
 854 0132 1360     		str	r3, [r2]
 855              	.L108:
 856 0134 E26D     		ldr	r2, [r4, #92]
 857 0136 3F23     		movs	r3, #63
 858 0138 9340     		lsls	r3, r3, r2
 859 013a BB60     		str	r3, [r7, #8]
 860 013c 0123     		movs	r3, #1
 861 013e 84F83530 		strb	r3, [r4, #53]
 862 0142 0023     		movs	r3, #0
 863 0144 84F83430 		strb	r3, [r4, #52]
 864 0148 236D     		ldr	r3, [r4, #80]
 865 014a 002B     		cmp	r3, #0
 866 014c 3FD0     		beq	.L97
 867 014e 2046     		mov	r0, r4
 868 0150 9847     		blx	r3
 869 0152 3CE0     		b	.L97
 870              	.L119:
 871 0154 A36C     		ldr	r3, [r4, #72]
 872 0156 002B     		cmp	r3, #0
 873 0158 E7D1     		bne	.L107
 874 015a EBE7     		b	.L108
 875              	.L112:
 876 015c E36B     		ldr	r3, [r4, #60]
ARM GAS  C:\Users\Rick\AppData\Local\Temp\ccW40Txy.s 			page 16


 877 015e A3B1     		cbz	r3, .L105
 878 0160 2046     		mov	r0, r4
 879 0162 9847     		blx	r3
 880 0164 11E0     		b	.L105
 881              	.L111:
 882 0166 1A68     		ldr	r2, [r3]
 883 0168 12F4807F 		tst	r2, #256
 884 016c 09D1     		bne	.L113
 885 016e 1A68     		ldr	r2, [r3]
 886 0170 22F01002 		bic	r2, r2, #16
 887 0174 1A60     		str	r2, [r3]
 888 0176 0123     		movs	r3, #1
 889 0178 84F83530 		strb	r3, [r4, #53]
 890 017c 0023     		movs	r3, #0
 891 017e 84F83430 		strb	r3, [r4, #52]
 892              	.L113:
 893 0182 E36B     		ldr	r3, [r4, #60]
 894 0184 0BB1     		cbz	r3, .L105
 895 0186 2046     		mov	r0, r4
 896 0188 9847     		blx	r3
 897              	.L105:
 898 018a 636D     		ldr	r3, [r4, #84]
 899 018c FBB1     		cbz	r3, .L97
 900 018e 636D     		ldr	r3, [r4, #84]
 901 0190 13F0010F 		tst	r3, #1
 902 0194 17D0     		beq	.L114
 903 0196 0523     		movs	r3, #5
 904 0198 84F83530 		strb	r3, [r4, #53]
 905 019c 2268     		ldr	r2, [r4]
 906 019e 1368     		ldr	r3, [r2]
 907 01a0 23F00103 		bic	r3, r3, #1
 908 01a4 1360     		str	r3, [r2]
 909              	.L116:
 910 01a6 019B     		ldr	r3, [sp, #4]
 911 01a8 0133     		adds	r3, r3, #1
 912 01aa 0193     		str	r3, [sp, #4]
 913 01ac AB42     		cmp	r3, r5
 914 01ae 04D8     		bhi	.L115
 915 01b0 2368     		ldr	r3, [r4]
 916 01b2 1B68     		ldr	r3, [r3]
 917 01b4 13F0010F 		tst	r3, #1
 918 01b8 F5D1     		bne	.L116
 919              	.L115:
 920 01ba 0123     		movs	r3, #1
 921 01bc 84F83530 		strb	r3, [r4, #53]
 922 01c0 0023     		movs	r3, #0
 923 01c2 84F83430 		strb	r3, [r4, #52]
 924              	.L114:
 925 01c6 E36C     		ldr	r3, [r4, #76]
 926 01c8 0BB1     		cbz	r3, .L97
 927 01ca 2046     		mov	r0, r4
 928 01cc 9847     		blx	r3
 929              	.L97:
 930 01ce 03B0     		add	sp, sp, #12
 931              		@ sp needed
 932 01d0 F0BD     		pop	{r4, r5, r6, r7, pc}
 933              	.L121:
ARM GAS  C:\Users\Rick\AppData\Local\Temp\ccW40Txy.s 			page 17


 934 01d2 00BF     		.align	2
 935              	.L120:
 936 01d4 00000000 		.word	SystemCoreClock
 937 01d8 B5814E1B 		.word	458129845
 939              		.section	.text.HAL_DMA_RegisterCallback,"ax",%progbits
 940              		.align	1
 941              		.global	HAL_DMA_RegisterCallback
 942              		.syntax unified
 943              		.thumb
 944              		.thumb_func
 946              	HAL_DMA_RegisterCallback:
 947              		@ args = 0, pretend = 0, frame = 0
 948              		@ frame_needed = 0, uses_anonymous_args = 0
 949              		@ link register save eliminated.
 950 0000 0346     		mov	r3, r0
 951 0002 90F83400 		ldrb	r0, [r0, #52]	@ zero_extendqisi2
 952 0006 0128     		cmp	r0, #1
 953 0008 27D0     		beq	.L132
 954 000a 0120     		movs	r0, #1
 955 000c 83F83400 		strb	r0, [r3, #52]
 956 0010 93F835C0 		ldrb	ip, [r3, #53]	@ zero_extendqisi2
 957 0014 5FFA8CF0 		uxtb	r0, ip
 958 0018 BCF1010F 		cmp	ip, #1
 959 001c 04D0     		beq	.L135
 960 001e 0120     		movs	r0, #1
 961              	.L124:
 962 0020 0022     		movs	r2, #0
 963 0022 83F83420 		strb	r2, [r3, #52]
 964 0026 7047     		bx	lr
 965              	.L135:
 966 0028 0529     		cmp	r1, #5
 967 002a F9D8     		bhi	.L124
 968 002c DFE801F0 		tbb	[pc, r1]
 969              	.L126:
 970 0030 03       		.byte	(.L131-.L126)/2
 971 0031 06       		.byte	(.L130-.L126)/2
 972 0032 09       		.byte	(.L129-.L126)/2
 973 0033 0C       		.byte	(.L128-.L126)/2
 974 0034 0F       		.byte	(.L127-.L126)/2
 975 0035 12       		.byte	(.L125-.L126)/2
 976              		.p2align 1
 977              	.L131:
 978 0036 DA63     		str	r2, [r3, #60]
 979 0038 0846     		mov	r0, r1
 980 003a F1E7     		b	.L124
 981              	.L130:
 982 003c 1A64     		str	r2, [r3, #64]
 983 003e 0020     		movs	r0, #0
 984 0040 EEE7     		b	.L124
 985              	.L129:
 986 0042 5A64     		str	r2, [r3, #68]
 987 0044 0020     		movs	r0, #0
 988 0046 EBE7     		b	.L124
 989              	.L128:
 990 0048 9A64     		str	r2, [r3, #72]
 991 004a 0020     		movs	r0, #0
 992 004c E8E7     		b	.L124
ARM GAS  C:\Users\Rick\AppData\Local\Temp\ccW40Txy.s 			page 18


 993              	.L127:
 994 004e DA64     		str	r2, [r3, #76]
 995 0050 0020     		movs	r0, #0
 996 0052 E5E7     		b	.L124
 997              	.L125:
 998 0054 1A65     		str	r2, [r3, #80]
 999 0056 0020     		movs	r0, #0
 1000 0058 E2E7     		b	.L124
 1001              	.L132:
 1002 005a 0220     		movs	r0, #2
 1003 005c 7047     		bx	lr
 1005              		.section	.text.HAL_DMA_UnRegisterCallback,"ax",%progbits
 1006              		.align	1
 1007              		.global	HAL_DMA_UnRegisterCallback
 1008              		.syntax unified
 1009              		.thumb
 1010              		.thumb_func
 1012              	HAL_DMA_UnRegisterCallback:
 1013              		@ args = 0, pretend = 0, frame = 0
 1014              		@ frame_needed = 0, uses_anonymous_args = 0
 1015              		@ link register save eliminated.
 1016 0000 0346     		mov	r3, r0
 1017 0002 90F83420 		ldrb	r2, [r0, #52]	@ zero_extendqisi2
 1018 0006 012A     		cmp	r2, #1
 1019 0008 2FD0     		beq	.L147
 1020 000a 0122     		movs	r2, #1
 1021 000c 80F83420 		strb	r2, [r0, #52]
 1022 0010 90F83520 		ldrb	r2, [r0, #53]	@ zero_extendqisi2
 1023 0014 D0B2     		uxtb	r0, r2
 1024 0016 012A     		cmp	r2, #1
 1025 0018 04D0     		beq	.L150
 1026 001a 0120     		movs	r0, #1
 1027              	.L138:
 1028 001c 0022     		movs	r2, #0
 1029 001e 83F83420 		strb	r2, [r3, #52]
 1030 0022 7047     		bx	lr
 1031              	.L150:
 1032 0024 0629     		cmp	r1, #6
 1033 0026 F9D8     		bhi	.L138
 1034 0028 DFE801F0 		tbb	[pc, r1]
 1035              	.L140:
 1036 002c 04       		.byte	(.L146-.L140)/2
 1037 002d 08       		.byte	(.L145-.L140)/2
 1038 002e 0B       		.byte	(.L144-.L140)/2
 1039 002f 0E       		.byte	(.L143-.L140)/2
 1040 0030 11       		.byte	(.L142-.L140)/2
 1041 0031 14       		.byte	(.L141-.L140)/2
 1042 0032 17       		.byte	(.L139-.L140)/2
 1043 0033 00       		.p2align 1
 1044              	.L146:
 1045 0034 0022     		movs	r2, #0
 1046 0036 DA63     		str	r2, [r3, #60]
 1047 0038 0846     		mov	r0, r1
 1048 003a EFE7     		b	.L138
 1049              	.L145:
 1050 003c 0020     		movs	r0, #0
 1051 003e 1864     		str	r0, [r3, #64]
ARM GAS  C:\Users\Rick\AppData\Local\Temp\ccW40Txy.s 			page 19


 1052 0040 ECE7     		b	.L138
 1053              	.L144:
 1054 0042 0020     		movs	r0, #0
 1055 0044 5864     		str	r0, [r3, #68]
 1056 0046 E9E7     		b	.L138
 1057              	.L143:
 1058 0048 0020     		movs	r0, #0
 1059 004a 9864     		str	r0, [r3, #72]
 1060 004c E6E7     		b	.L138
 1061              	.L142:
 1062 004e 0020     		movs	r0, #0
 1063 0050 D864     		str	r0, [r3, #76]
 1064 0052 E3E7     		b	.L138
 1065              	.L141:
 1066 0054 0020     		movs	r0, #0
 1067 0056 1865     		str	r0, [r3, #80]
 1068 0058 E0E7     		b	.L138
 1069              	.L139:
 1070 005a 0020     		movs	r0, #0
 1071 005c D863     		str	r0, [r3, #60]
 1072 005e 1864     		str	r0, [r3, #64]
 1073 0060 5864     		str	r0, [r3, #68]
 1074 0062 9864     		str	r0, [r3, #72]
 1075 0064 D864     		str	r0, [r3, #76]
 1076 0066 1865     		str	r0, [r3, #80]
 1077 0068 D8E7     		b	.L138
 1078              	.L147:
 1079 006a 0220     		movs	r0, #2
 1080 006c 7047     		bx	lr
 1082              		.section	.text.HAL_DMA_GetState,"ax",%progbits
 1083              		.align	1
 1084              		.global	HAL_DMA_GetState
 1085              		.syntax unified
 1086              		.thumb
 1087              		.thumb_func
 1089              	HAL_DMA_GetState:
 1090              		@ args = 0, pretend = 0, frame = 0
 1091              		@ frame_needed = 0, uses_anonymous_args = 0
 1092              		@ link register save eliminated.
 1093 0000 90F83500 		ldrb	r0, [r0, #53]	@ zero_extendqisi2
 1094 0004 7047     		bx	lr
 1096              		.section	.text.HAL_DMA_GetError,"ax",%progbits
 1097              		.align	1
 1098              		.global	HAL_DMA_GetError
 1099              		.syntax unified
 1100              		.thumb
 1101              		.thumb_func
 1103              	HAL_DMA_GetError:
 1104              		@ args = 0, pretend = 0, frame = 0
 1105              		@ frame_needed = 0, uses_anonymous_args = 0
 1106              		@ link register save eliminated.
 1107 0000 406D     		ldr	r0, [r0, #84]
 1108 0002 7047     		bx	lr
 1110              		.section	.rodata.flagBitshiftOffset.0,"a"
 1111              		.align	2
 1114              	flagBitshiftOffset.0:
 1115 0000 00061016 		.ascii	"\000\006\020\026\000\006\020\026"
ARM GAS  C:\Users\Rick\AppData\Local\Temp\ccW40Txy.s 			page 20


 1115      00061016 
 1116              		.ident	"GCC: (xPack GNU Arm Embedded GCC x86_64) 14.2.1 20241119"
ARM GAS  C:\Users\Rick\AppData\Local\Temp\ccW40Txy.s 			page 21


DEFINED SYMBOLS
                            *ABS*:00000000 stm32f4xx_hal_dma.c
C:\Users\Rick\AppData\Local\Temp\ccW40Txy.s:18     .text.DMA_SetConfig:00000000 $t
C:\Users\Rick\AppData\Local\Temp\ccW40Txy.s:23     .text.DMA_SetConfig:00000000 DMA_SetConfig
C:\Users\Rick\AppData\Local\Temp\ccW40Txy.s:52     .text.DMA_CalcBaseAndBitshift:00000000 $t
C:\Users\Rick\AppData\Local\Temp\ccW40Txy.s:57     .text.DMA_CalcBaseAndBitshift:00000000 DMA_CalcBaseAndBitshift
C:\Users\Rick\AppData\Local\Temp\ccW40Txy.s:87     .text.DMA_CalcBaseAndBitshift:00000034 $d
C:\Users\Rick\AppData\Local\Temp\ccW40Txy.s:1114   .rodata.flagBitshiftOffset.0:00000000 flagBitshiftOffset.0
C:\Users\Rick\AppData\Local\Temp\ccW40Txy.s:91     .text.DMA_CheckFifoParam:00000000 $t
C:\Users\Rick\AppData\Local\Temp\ccW40Txy.s:96     .text.DMA_CheckFifoParam:00000000 DMA_CheckFifoParam
C:\Users\Rick\AppData\Local\Temp\ccW40Txy.s:139    .text.DMA_CheckFifoParam:0000004e $d
C:\Users\Rick\AppData\Local\Temp\ccW40Txy.s:143    .text.DMA_CheckFifoParam:00000052 $t
C:\Users\Rick\AppData\Local\Temp\ccW40Txy.s:185    .text.HAL_DMA_Init:00000000 $t
C:\Users\Rick\AppData\Local\Temp\ccW40Txy.s:191    .text.HAL_DMA_Init:00000000 HAL_DMA_Init
C:\Users\Rick\AppData\Local\Temp\ccW40Txy.s:293    .text.HAL_DMA_Init:000000c8 $d
C:\Users\Rick\AppData\Local\Temp\ccW40Txy.s:296    .text.HAL_DMA_DeInit:00000000 $t
C:\Users\Rick\AppData\Local\Temp\ccW40Txy.s:302    .text.HAL_DMA_DeInit:00000000 HAL_DMA_DeInit
C:\Users\Rick\AppData\Local\Temp\ccW40Txy.s:354    .text.HAL_DMA_Start:00000000 $t
C:\Users\Rick\AppData\Local\Temp\ccW40Txy.s:360    .text.HAL_DMA_Start:00000000 HAL_DMA_Start
C:\Users\Rick\AppData\Local\Temp\ccW40Txy.s:396    .text.HAL_DMA_Start_IT:00000000 $t
C:\Users\Rick\AppData\Local\Temp\ccW40Txy.s:402    .text.HAL_DMA_Start_IT:00000000 HAL_DMA_Start_IT
C:\Users\Rick\AppData\Local\Temp\ccW40Txy.s:454    .text.HAL_DMA_Abort:00000000 $t
C:\Users\Rick\AppData\Local\Temp\ccW40Txy.s:460    .text.HAL_DMA_Abort:00000000 HAL_DMA_Abort
C:\Users\Rick\AppData\Local\Temp\ccW40Txy.s:532    .text.HAL_DMA_Abort_IT:00000000 $t
C:\Users\Rick\AppData\Local\Temp\ccW40Txy.s:538    .text.HAL_DMA_Abort_IT:00000000 HAL_DMA_Abort_IT
C:\Users\Rick\AppData\Local\Temp\ccW40Txy.s:560    .text.HAL_DMA_PollForTransfer:00000000 $t
C:\Users\Rick\AppData\Local\Temp\ccW40Txy.s:566    .text.HAL_DMA_PollForTransfer:00000000 HAL_DMA_PollForTransfer
C:\Users\Rick\AppData\Local\Temp\ccW40Txy.s:703    .text.HAL_DMA_IRQHandler:00000000 $t
C:\Users\Rick\AppData\Local\Temp\ccW40Txy.s:709    .text.HAL_DMA_IRQHandler:00000000 HAL_DMA_IRQHandler
C:\Users\Rick\AppData\Local\Temp\ccW40Txy.s:936    .text.HAL_DMA_IRQHandler:000001d4 $d
C:\Users\Rick\AppData\Local\Temp\ccW40Txy.s:940    .text.HAL_DMA_RegisterCallback:00000000 $t
C:\Users\Rick\AppData\Local\Temp\ccW40Txy.s:946    .text.HAL_DMA_RegisterCallback:00000000 HAL_DMA_RegisterCallback
C:\Users\Rick\AppData\Local\Temp\ccW40Txy.s:970    .text.HAL_DMA_RegisterCallback:00000030 $d
C:\Users\Rick\AppData\Local\Temp\ccW40Txy.s:976    .text.HAL_DMA_RegisterCallback:00000036 $t
C:\Users\Rick\AppData\Local\Temp\ccW40Txy.s:1006   .text.HAL_DMA_UnRegisterCallback:00000000 $t
C:\Users\Rick\AppData\Local\Temp\ccW40Txy.s:1012   .text.HAL_DMA_UnRegisterCallback:00000000 HAL_DMA_UnRegisterCallback
C:\Users\Rick\AppData\Local\Temp\ccW40Txy.s:1036   .text.HAL_DMA_UnRegisterCallback:0000002c $d
C:\Users\Rick\AppData\Local\Temp\ccW40Txy.s:1083   .text.HAL_DMA_GetState:00000000 $t
C:\Users\Rick\AppData\Local\Temp\ccW40Txy.s:1089   .text.HAL_DMA_GetState:00000000 HAL_DMA_GetState
C:\Users\Rick\AppData\Local\Temp\ccW40Txy.s:1097   .text.HAL_DMA_GetError:00000000 $t
C:\Users\Rick\AppData\Local\Temp\ccW40Txy.s:1103   .text.HAL_DMA_GetError:00000000 HAL_DMA_GetError
C:\Users\Rick\AppData\Local\Temp\ccW40Txy.s:1111   .rodata.flagBitshiftOffset.0:00000000 $d
C:\Users\Rick\AppData\Local\Temp\ccW40Txy.s:1043   .text.HAL_DMA_UnRegisterCallback:00000033 $d
C:\Users\Rick\AppData\Local\Temp\ccW40Txy.s:1043   .text.HAL_DMA_UnRegisterCallback:00000034 $t

UNDEFINED SYMBOLS
HAL_GetTick
SystemCoreClock
