ARM GAS  C:\Users\Rick\AppData\Local\Temp\ccuotDiZ.s 			page 1


   1              		.cpu cortex-m4
   2              		.arch armv7e-m
   3              		.fpu fpv4-sp-d16
   4              		.eabi_attribute 27, 1
   5              		.eabi_attribute 28, 1
   6              		.eabi_attribute 20, 1
   7              		.eabi_attribute 21, 1
   8              		.eabi_attribute 23, 3
   9              		.eabi_attribute 24, 1
  10              		.eabi_attribute 25, 1
  11              		.eabi_attribute 26, 1
  12              		.eabi_attribute 30, 1
  13              		.eabi_attribute 34, 1
  14              		.eabi_attribute 18, 4
  15              		.file	"stm32f4xx_hal_i2c_ex.c"
  16              		.text
  17              		.section	.text.HAL_I2CEx_ConfigAnalogFilter,"ax",%progbits
  18              		.align	1
  19              		.global	HAL_I2CEx_ConfigAnalogFilter
  20              		.syntax unified
  21              		.thumb
  22              		.thumb_func
  24              	HAL_I2CEx_ConfigAnalogFilter:
  25              		@ args = 0, pretend = 0, frame = 0
  26              		@ frame_needed = 0, uses_anonymous_args = 0
  27              		@ link register save eliminated.
  28 0000 90F83D30 		ldrb	r3, [r0, #61]	@ zero_extendqisi2
  29 0004 202B     		cmp	r3, #32
  30 0006 01D0     		beq	.L4
  31 0008 0220     		movs	r0, #2
  32 000a 7047     		bx	lr
  33              	.L4:
  34 000c 2423     		movs	r3, #36
  35 000e 80F83D30 		strb	r3, [r0, #61]
  36 0012 0268     		ldr	r2, [r0]
  37 0014 1368     		ldr	r3, [r2]
  38 0016 23F00103 		bic	r3, r3, #1
  39 001a 1360     		str	r3, [r2]
  40 001c 0268     		ldr	r2, [r0]
  41 001e 536A     		ldr	r3, [r2, #36]
  42 0020 23F01003 		bic	r3, r3, #16
  43 0024 5362     		str	r3, [r2, #36]
  44 0026 0268     		ldr	r2, [r0]
  45 0028 536A     		ldr	r3, [r2, #36]
  46 002a 0B43     		orrs	r3, r3, r1
  47 002c 5362     		str	r3, [r2, #36]
  48 002e 0268     		ldr	r2, [r0]
  49 0030 1368     		ldr	r3, [r2]
  50 0032 43F00103 		orr	r3, r3, #1
  51 0036 1360     		str	r3, [r2]
  52 0038 2023     		movs	r3, #32
  53 003a 80F83D30 		strb	r3, [r0, #61]
  54 003e 0020     		movs	r0, #0
  55 0040 7047     		bx	lr
  57              		.section	.text.HAL_I2CEx_ConfigDigitalFilter,"ax",%progbits
  58              		.align	1
  59              		.global	HAL_I2CEx_ConfigDigitalFilter
ARM GAS  C:\Users\Rick\AppData\Local\Temp\ccuotDiZ.s 			page 2


  60              		.syntax unified
  61              		.thumb
  62              		.thumb_func
  64              	HAL_I2CEx_ConfigDigitalFilter:
  65              		@ args = 0, pretend = 0, frame = 0
  66              		@ frame_needed = 0, uses_anonymous_args = 0
  67              		@ link register save eliminated.
  68 0000 90F83D30 		ldrb	r3, [r0, #61]	@ zero_extendqisi2
  69 0004 202B     		cmp	r3, #32
  70 0006 01D0     		beq	.L8
  71 0008 0220     		movs	r0, #2
  72 000a 7047     		bx	lr
  73              	.L8:
  74 000c 2423     		movs	r3, #36
  75 000e 80F83D30 		strb	r3, [r0, #61]
  76 0012 0268     		ldr	r2, [r0]
  77 0014 1368     		ldr	r3, [r2]
  78 0016 23F00103 		bic	r3, r3, #1
  79 001a 1360     		str	r3, [r2]
  80 001c 0268     		ldr	r2, [r0]
  81 001e 536A     		ldr	r3, [r2, #36]
  82 0020 9BB2     		uxth	r3, r3
  83 0022 23F00F03 		bic	r3, r3, #15
  84 0026 1943     		orrs	r1, r1, r3
  85 0028 89B2     		uxth	r1, r1
  86 002a 5162     		str	r1, [r2, #36]
  87 002c 0268     		ldr	r2, [r0]
  88 002e 1368     		ldr	r3, [r2]
  89 0030 43F00103 		orr	r3, r3, #1
  90 0034 1360     		str	r3, [r2]
  91 0036 2023     		movs	r3, #32
  92 0038 80F83D30 		strb	r3, [r0, #61]
  93 003c 0020     		movs	r0, #0
  94 003e 7047     		bx	lr
  96              		.ident	"GCC: (xPack GNU Arm Embedded GCC x86_64) 14.2.1 20241119"
ARM GAS  C:\Users\Rick\AppData\Local\Temp\ccuotDiZ.s 			page 3


DEFINED SYMBOLS
                            *ABS*:00000000 stm32f4xx_hal_i2c_ex.c
C:\Users\Rick\AppData\Local\Temp\ccuotDiZ.s:18     .text.HAL_I2CEx_ConfigAnalogFilter:00000000 $t
C:\Users\Rick\AppData\Local\Temp\ccuotDiZ.s:24     .text.HAL_I2CEx_ConfigAnalogFilter:00000000 HAL_I2CEx_ConfigAnalogFilter
C:\Users\Rick\AppData\Local\Temp\ccuotDiZ.s:58     .text.HAL_I2CEx_ConfigDigitalFilter:00000000 $t
C:\Users\Rick\AppData\Local\Temp\ccuotDiZ.s:64     .text.HAL_I2CEx_ConfigDigitalFilter:00000000 HAL_I2CEx_ConfigDigitalFilter

NO UNDEFINED SYMBOLS
