ARM GAS  C:\Users\Rick\AppData\Local\Temp\cccxeRhh.s 			page 1


   1              		.cpu cortex-m4
   2              		.arch armv7e-m
   3              		.fpu fpv4-sp-d16
   4              		.eabi_attribute 27, 1
   5              		.eabi_attribute 28, 1
   6              		.eabi_attribute 20, 1
   7              		.eabi_attribute 21, 1
   8              		.eabi_attribute 23, 3
   9              		.eabi_attribute 24, 1
  10              		.eabi_attribute 25, 1
  11              		.eabi_attribute 26, 1
  12              		.eabi_attribute 30, 1
  13              		.eabi_attribute 34, 1
  14              		.eabi_attribute 18, 4
  15              		.file	"stm32f4xx_hal.c"
  16              		.text
  17              		.section	.text.HAL_MspInit,"ax",%progbits
  18              		.align	1
  19              		.weak	HAL_MspInit
  20              		.syntax unified
  21              		.thumb
  22              		.thumb_func
  24              	HAL_MspInit:
  25              		@ args = 0, pretend = 0, frame = 0
  26              		@ frame_needed = 0, uses_anonymous_args = 0
  27              		@ link register save eliminated.
  28 0000 7047     		bx	lr
  30              		.section	.text.HAL_MspDeInit,"ax",%progbits
  31              		.align	1
  32              		.weak	HAL_MspDeInit
  33              		.syntax unified
  34              		.thumb
  35              		.thumb_func
  37              	HAL_MspDeInit:
  38              		@ args = 0, pretend = 0, frame = 0
  39              		@ frame_needed = 0, uses_anonymous_args = 0
  40              		@ link register save eliminated.
  41 0000 7047     		bx	lr
  43              		.section	.text.HAL_DeInit,"ax",%progbits
  44              		.align	1
  45              		.global	HAL_DeInit
  46              		.syntax unified
  47              		.thumb
  48              		.thumb_func
  50              	HAL_DeInit:
  51              		@ args = 0, pretend = 0, frame = 0
  52              		@ frame_needed = 0, uses_anonymous_args = 0
  53 0000 10B5     		push	{r4, lr}
  54 0002 0A4B     		ldr	r3, .L5
  55 0004 0A4A     		ldr	r2, .L5+4
  56 0006 1A62     		str	r2, [r3, #32]
  57 0008 0024     		movs	r4, #0
  58 000a 1C62     		str	r4, [r3, #32]
  59 000c 094A     		ldr	r2, .L5+8
  60 000e 5A62     		str	r2, [r3, #36]
  61 0010 5C62     		str	r4, [r3, #36]
  62 0012 094A     		ldr	r2, .L5+12
ARM GAS  C:\Users\Rick\AppData\Local\Temp\cccxeRhh.s 			page 2


  63 0014 1A61     		str	r2, [r3, #16]
  64 0016 1C61     		str	r4, [r3, #16]
  65 0018 8122     		movs	r2, #129
  66 001a 5A61     		str	r2, [r3, #20]
  67 001c 5C61     		str	r4, [r3, #20]
  68 001e 0322     		movs	r2, #3
  69 0020 9A61     		str	r2, [r3, #24]
  70 0022 9C61     		str	r4, [r3, #24]
  71 0024 FFF7FEFF 		bl	HAL_MspDeInit
  72 0028 2046     		mov	r0, r4
  73 002a 10BD     		pop	{r4, pc}
  74              	.L6:
  75              		.align	2
  76              	.L5:
  77 002c 00380240 		.word	1073887232
  78 0030 FFC9FF3F 		.word	1073727999
  79 0034 3379C700 		.word	13072691
  80 0038 FF106020 		.word	543166719
  82              		.section	.text.HAL_InitTick,"ax",%progbits
  83              		.align	1
  84              		.weak	HAL_InitTick
  85              		.syntax unified
  86              		.thumb
  87              		.thumb_func
  89              	HAL_InitTick:
  90              		@ args = 0, pretend = 0, frame = 0
  91              		@ frame_needed = 0, uses_anonymous_args = 0
  92 0000 10B5     		push	{r4, lr}
  93 0002 0446     		mov	r4, r0
  94 0004 0E4B     		ldr	r3, .L13
  95 0006 1A78     		ldrb	r2, [r3]	@ zero_extendqisi2
  96 0008 4FF47A73 		mov	r3, #1000
  97 000c B3FBF2F3 		udiv	r3, r3, r2
  98 0010 0C4A     		ldr	r2, .L13+4
  99 0012 1068     		ldr	r0, [r2]
 100 0014 B0FBF3F0 		udiv	r0, r0, r3
 101 0018 FFF7FEFF 		bl	HAL_SYSTICK_Config
 102 001c 68B9     		cbnz	r0, .L9
 103 001e 0F2C     		cmp	r4, #15
 104 0020 01D9     		bls	.L12
 105 0022 0120     		movs	r0, #1
 106 0024 0AE0     		b	.L8
 107              	.L12:
 108 0026 0022     		movs	r2, #0
 109 0028 2146     		mov	r1, r4
 110 002a 4FF0FF30 		mov	r0, #-1
 111 002e FFF7FEFF 		bl	HAL_NVIC_SetPriority
 112 0032 054B     		ldr	r3, .L13+8
 113 0034 1C60     		str	r4, [r3]
 114 0036 0020     		movs	r0, #0
 115 0038 00E0     		b	.L8
 116              	.L9:
 117 003a 0120     		movs	r0, #1
 118              	.L8:
 119 003c 10BD     		pop	{r4, pc}
 120              	.L14:
 121 003e 00BF     		.align	2
ARM GAS  C:\Users\Rick\AppData\Local\Temp\cccxeRhh.s 			page 3


 122              	.L13:
 123 0040 00000000 		.word	uwTickFreq
 124 0044 00000000 		.word	SystemCoreClock
 125 0048 00000000 		.word	uwTickPrio
 127              		.section	.text.HAL_Init,"ax",%progbits
 128              		.align	1
 129              		.global	HAL_Init
 130              		.syntax unified
 131              		.thumb
 132              		.thumb_func
 134              	HAL_Init:
 135              		@ args = 0, pretend = 0, frame = 0
 136              		@ frame_needed = 0, uses_anonymous_args = 0
 137 0000 08B5     		push	{r3, lr}
 138 0002 0B4B     		ldr	r3, .L17
 139 0004 1A68     		ldr	r2, [r3]
 140 0006 42F40072 		orr	r2, r2, #512
 141 000a 1A60     		str	r2, [r3]
 142 000c 1A68     		ldr	r2, [r3]
 143 000e 42F48062 		orr	r2, r2, #1024
 144 0012 1A60     		str	r2, [r3]
 145 0014 1A68     		ldr	r2, [r3]
 146 0016 42F48072 		orr	r2, r2, #256
 147 001a 1A60     		str	r2, [r3]
 148 001c 0320     		movs	r0, #3
 149 001e FFF7FEFF 		bl	HAL_NVIC_SetPriorityGrouping
 150 0022 0F20     		movs	r0, #15
 151 0024 FFF7FEFF 		bl	HAL_InitTick
 152 0028 FFF7FEFF 		bl	HAL_MspInit
 153 002c 0020     		movs	r0, #0
 154 002e 08BD     		pop	{r3, pc}
 155              	.L18:
 156              		.align	2
 157              	.L17:
 158 0030 003C0240 		.word	1073888256
 160              		.section	.text.HAL_IncTick,"ax",%progbits
 161              		.align	1
 162              		.weak	HAL_IncTick
 163              		.syntax unified
 164              		.thumb
 165              		.thumb_func
 167              	HAL_IncTick:
 168              		@ args = 0, pretend = 0, frame = 0
 169              		@ frame_needed = 0, uses_anonymous_args = 0
 170              		@ link register save eliminated.
 171 0000 034A     		ldr	r2, .L20
 172 0002 1168     		ldr	r1, [r2]
 173 0004 034B     		ldr	r3, .L20+4
 174 0006 1B78     		ldrb	r3, [r3]	@ zero_extendqisi2
 175 0008 0B44     		add	r3, r3, r1
 176 000a 1360     		str	r3, [r2]
 177 000c 7047     		bx	lr
 178              	.L21:
 179 000e 00BF     		.align	2
 180              	.L20:
 181 0010 00000000 		.word	uwTick
 182 0014 00000000 		.word	uwTickFreq
ARM GAS  C:\Users\Rick\AppData\Local\Temp\cccxeRhh.s 			page 4


 184              		.section	.text.HAL_GetTick,"ax",%progbits
 185              		.align	1
 186              		.weak	HAL_GetTick
 187              		.syntax unified
 188              		.thumb
 189              		.thumb_func
 191              	HAL_GetTick:
 192              		@ args = 0, pretend = 0, frame = 0
 193              		@ frame_needed = 0, uses_anonymous_args = 0
 194              		@ link register save eliminated.
 195 0000 014B     		ldr	r3, .L23
 196 0002 1868     		ldr	r0, [r3]
 197 0004 7047     		bx	lr
 198              	.L24:
 199 0006 00BF     		.align	2
 200              	.L23:
 201 0008 00000000 		.word	uwTick
 203              		.section	.text.HAL_GetTickPrio,"ax",%progbits
 204              		.align	1
 205              		.global	HAL_GetTickPrio
 206              		.syntax unified
 207              		.thumb
 208              		.thumb_func
 210              	HAL_GetTickPrio:
 211              		@ args = 0, pretend = 0, frame = 0
 212              		@ frame_needed = 0, uses_anonymous_args = 0
 213              		@ link register save eliminated.
 214 0000 014B     		ldr	r3, .L26
 215 0002 1868     		ldr	r0, [r3]
 216 0004 7047     		bx	lr
 217              	.L27:
 218 0006 00BF     		.align	2
 219              	.L26:
 220 0008 00000000 		.word	uwTickPrio
 222              		.section	.text.HAL_SetTickFreq,"ax",%progbits
 223              		.align	1
 224              		.global	HAL_SetTickFreq
 225              		.syntax unified
 226              		.thumb
 227              		.thumb_func
 229              	HAL_SetTickFreq:
 230              		@ args = 0, pretend = 0, frame = 0
 231              		@ frame_needed = 0, uses_anonymous_args = 0
 232 0000 10B5     		push	{r4, lr}
 233 0002 084B     		ldr	r3, .L33
 234 0004 1C78     		ldrb	r4, [r3]	@ zero_extendqisi2
 235 0006 8442     		cmp	r4, r0
 236 0008 01D1     		bne	.L32
 237 000a 0020     		movs	r0, #0
 238              	.L29:
 239 000c 10BD     		pop	{r4, pc}
 240              	.L32:
 241 000e 1870     		strb	r0, [r3]
 242 0010 054B     		ldr	r3, .L33+4
 243 0012 1868     		ldr	r0, [r3]
 244 0014 FFF7FEFF 		bl	HAL_InitTick
 245 0018 0028     		cmp	r0, #0
ARM GAS  C:\Users\Rick\AppData\Local\Temp\cccxeRhh.s 			page 5


 246 001a F7D0     		beq	.L29
 247 001c 014B     		ldr	r3, .L33
 248 001e 1C70     		strb	r4, [r3]
 249 0020 F4E7     		b	.L29
 250              	.L34:
 251 0022 00BF     		.align	2
 252              	.L33:
 253 0024 00000000 		.word	uwTickFreq
 254 0028 00000000 		.word	uwTickPrio
 256              		.section	.text.HAL_GetTickFreq,"ax",%progbits
 257              		.align	1
 258              		.global	HAL_GetTickFreq
 259              		.syntax unified
 260              		.thumb
 261              		.thumb_func
 263              	HAL_GetTickFreq:
 264              		@ args = 0, pretend = 0, frame = 0
 265              		@ frame_needed = 0, uses_anonymous_args = 0
 266              		@ link register save eliminated.
 267 0000 014B     		ldr	r3, .L36
 268 0002 1878     		ldrb	r0, [r3]	@ zero_extendqisi2
 269 0004 7047     		bx	lr
 270              	.L37:
 271 0006 00BF     		.align	2
 272              	.L36:
 273 0008 00000000 		.word	uwTickFreq
 275              		.section	.text.HAL_Delay,"ax",%progbits
 276              		.align	1
 277              		.weak	HAL_Delay
 278              		.syntax unified
 279              		.thumb
 280              		.thumb_func
 282              	HAL_Delay:
 283              		@ args = 0, pretend = 0, frame = 0
 284              		@ frame_needed = 0, uses_anonymous_args = 0
 285 0000 38B5     		push	{r3, r4, r5, lr}
 286 0002 0446     		mov	r4, r0
 287 0004 FFF7FEFF 		bl	HAL_GetTick
 288 0008 0546     		mov	r5, r0
 289 000a B4F1FF3F 		cmp	r4, #-1
 290 000e 02D0     		beq	.L40
 291 0010 044B     		ldr	r3, .L42
 292 0012 1B78     		ldrb	r3, [r3]	@ zero_extendqisi2
 293 0014 1C44     		add	r4, r4, r3
 294              	.L40:
 295 0016 FFF7FEFF 		bl	HAL_GetTick
 296 001a 401B     		subs	r0, r0, r5
 297 001c A042     		cmp	r0, r4
 298 001e FAD3     		bcc	.L40
 299 0020 38BD     		pop	{r3, r4, r5, pc}
 300              	.L43:
 301 0022 00BF     		.align	2
 302              	.L42:
 303 0024 00000000 		.word	uwTickFreq
 305              		.section	.text.HAL_SuspendTick,"ax",%progbits
 306              		.align	1
 307              		.weak	HAL_SuspendTick
ARM GAS  C:\Users\Rick\AppData\Local\Temp\cccxeRhh.s 			page 6


 308              		.syntax unified
 309              		.thumb
 310              		.thumb_func
 312              	HAL_SuspendTick:
 313              		@ args = 0, pretend = 0, frame = 0
 314              		@ frame_needed = 0, uses_anonymous_args = 0
 315              		@ link register save eliminated.
 316 0000 4FF0E022 		mov	r2, #-536813568
 317 0004 1369     		ldr	r3, [r2, #16]
 318 0006 23F00203 		bic	r3, r3, #2
 319 000a 1361     		str	r3, [r2, #16]
 320 000c 7047     		bx	lr
 322              		.section	.text.HAL_ResumeTick,"ax",%progbits
 323              		.align	1
 324              		.weak	HAL_ResumeTick
 325              		.syntax unified
 326              		.thumb
 327              		.thumb_func
 329              	HAL_ResumeTick:
 330              		@ args = 0, pretend = 0, frame = 0
 331              		@ frame_needed = 0, uses_anonymous_args = 0
 332              		@ link register save eliminated.
 333 0000 4FF0E022 		mov	r2, #-536813568
 334 0004 1369     		ldr	r3, [r2, #16]
 335 0006 43F00203 		orr	r3, r3, #2
 336 000a 1361     		str	r3, [r2, #16]
 337 000c 7047     		bx	lr
 339              		.section	.text.HAL_GetHalVersion,"ax",%progbits
 340              		.align	1
 341              		.global	HAL_GetHalVersion
 342              		.syntax unified
 343              		.thumb
 344              		.thumb_func
 346              	HAL_GetHalVersion:
 347              		@ args = 0, pretend = 0, frame = 0
 348              		@ frame_needed = 0, uses_anonymous_args = 0
 349              		@ link register save eliminated.
 350 0000 0048     		ldr	r0, .L47
 351 0002 7047     		bx	lr
 352              	.L48:
 353              		.align	2
 354              	.L47:
 355 0004 00030801 		.word	17302272
 357              		.section	.text.HAL_GetREVID,"ax",%progbits
 358              		.align	1
 359              		.global	HAL_GetREVID
 360              		.syntax unified
 361              		.thumb
 362              		.thumb_func
 364              	HAL_GetREVID:
 365              		@ args = 0, pretend = 0, frame = 0
 366              		@ frame_needed = 0, uses_anonymous_args = 0
 367              		@ link register save eliminated.
 368 0000 014B     		ldr	r3, .L50
 369 0002 1868     		ldr	r0, [r3]
 370 0004 000C     		lsrs	r0, r0, #16
 371 0006 7047     		bx	lr
ARM GAS  C:\Users\Rick\AppData\Local\Temp\cccxeRhh.s 			page 7


 372              	.L51:
 373              		.align	2
 374              	.L50:
 375 0008 002004E0 		.word	-536600576
 377              		.section	.text.HAL_GetDEVID,"ax",%progbits
 378              		.align	1
 379              		.global	HAL_GetDEVID
 380              		.syntax unified
 381              		.thumb
 382              		.thumb_func
 384              	HAL_GetDEVID:
 385              		@ args = 0, pretend = 0, frame = 0
 386              		@ frame_needed = 0, uses_anonymous_args = 0
 387              		@ link register save eliminated.
 388 0000 024B     		ldr	r3, .L53
 389 0002 1868     		ldr	r0, [r3]
 390 0004 C0F30B00 		ubfx	r0, r0, #0, #12
 391 0008 7047     		bx	lr
 392              	.L54:
 393 000a 00BF     		.align	2
 394              	.L53:
 395 000c 002004E0 		.word	-536600576
 397              		.section	.text.HAL_DBGMCU_EnableDBGSleepMode,"ax",%progbits
 398              		.align	1
 399              		.global	HAL_DBGMCU_EnableDBGSleepMode
 400              		.syntax unified
 401              		.thumb
 402              		.thumb_func
 404              	HAL_DBGMCU_EnableDBGSleepMode:
 405              		@ args = 0, pretend = 0, frame = 0
 406              		@ frame_needed = 0, uses_anonymous_args = 0
 407              		@ link register save eliminated.
 408 0000 024A     		ldr	r2, .L56
 409 0002 5368     		ldr	r3, [r2, #4]
 410 0004 43F00103 		orr	r3, r3, #1
 411 0008 5360     		str	r3, [r2, #4]
 412 000a 7047     		bx	lr
 413              	.L57:
 414              		.align	2
 415              	.L56:
 416 000c 002004E0 		.word	-536600576
 418              		.section	.text.HAL_DBGMCU_DisableDBGSleepMode,"ax",%progbits
 419              		.align	1
 420              		.global	HAL_DBGMCU_DisableDBGSleepMode
 421              		.syntax unified
 422              		.thumb
 423              		.thumb_func
 425              	HAL_DBGMCU_DisableDBGSleepMode:
 426              		@ args = 0, pretend = 0, frame = 0
 427              		@ frame_needed = 0, uses_anonymous_args = 0
 428              		@ link register save eliminated.
 429 0000 024A     		ldr	r2, .L59
 430 0002 5368     		ldr	r3, [r2, #4]
 431 0004 23F00103 		bic	r3, r3, #1
 432 0008 5360     		str	r3, [r2, #4]
 433 000a 7047     		bx	lr
 434              	.L60:
ARM GAS  C:\Users\Rick\AppData\Local\Temp\cccxeRhh.s 			page 8


 435              		.align	2
 436              	.L59:
 437 000c 002004E0 		.word	-536600576
 439              		.section	.text.HAL_DBGMCU_EnableDBGStopMode,"ax",%progbits
 440              		.align	1
 441              		.global	HAL_DBGMCU_EnableDBGStopMode
 442              		.syntax unified
 443              		.thumb
 444              		.thumb_func
 446              	HAL_DBGMCU_EnableDBGStopMode:
 447              		@ args = 0, pretend = 0, frame = 0
 448              		@ frame_needed = 0, uses_anonymous_args = 0
 449              		@ link register save eliminated.
 450 0000 024A     		ldr	r2, .L62
 451 0002 5368     		ldr	r3, [r2, #4]
 452 0004 43F00203 		orr	r3, r3, #2
 453 0008 5360     		str	r3, [r2, #4]
 454 000a 7047     		bx	lr
 455              	.L63:
 456              		.align	2
 457              	.L62:
 458 000c 002004E0 		.word	-536600576
 460              		.section	.text.HAL_DBGMCU_DisableDBGStopMode,"ax",%progbits
 461              		.align	1
 462              		.global	HAL_DBGMCU_DisableDBGStopMode
 463              		.syntax unified
 464              		.thumb
 465              		.thumb_func
 467              	HAL_DBGMCU_DisableDBGStopMode:
 468              		@ args = 0, pretend = 0, frame = 0
 469              		@ frame_needed = 0, uses_anonymous_args = 0
 470              		@ link register save eliminated.
 471 0000 024A     		ldr	r2, .L65
 472 0002 5368     		ldr	r3, [r2, #4]
 473 0004 23F00203 		bic	r3, r3, #2
 474 0008 5360     		str	r3, [r2, #4]
 475 000a 7047     		bx	lr
 476              	.L66:
 477              		.align	2
 478              	.L65:
 479 000c 002004E0 		.word	-536600576
 481              		.section	.text.HAL_DBGMCU_EnableDBGStandbyMode,"ax",%progbits
 482              		.align	1
 483              		.global	HAL_DBGMCU_EnableDBGStandbyMode
 484              		.syntax unified
 485              		.thumb
 486              		.thumb_func
 488              	HAL_DBGMCU_EnableDBGStandbyMode:
 489              		@ args = 0, pretend = 0, frame = 0
 490              		@ frame_needed = 0, uses_anonymous_args = 0
 491              		@ link register save eliminated.
 492 0000 024A     		ldr	r2, .L68
 493 0002 5368     		ldr	r3, [r2, #4]
 494 0004 43F00403 		orr	r3, r3, #4
 495 0008 5360     		str	r3, [r2, #4]
 496 000a 7047     		bx	lr
 497              	.L69:
ARM GAS  C:\Users\Rick\AppData\Local\Temp\cccxeRhh.s 			page 9


 498              		.align	2
 499              	.L68:
 500 000c 002004E0 		.word	-536600576
 502              		.section	.text.HAL_DBGMCU_DisableDBGStandbyMode,"ax",%progbits
 503              		.align	1
 504              		.global	HAL_DBGMCU_DisableDBGStandbyMode
 505              		.syntax unified
 506              		.thumb
 507              		.thumb_func
 509              	HAL_DBGMCU_DisableDBGStandbyMode:
 510              		@ args = 0, pretend = 0, frame = 0
 511              		@ frame_needed = 0, uses_anonymous_args = 0
 512              		@ link register save eliminated.
 513 0000 024A     		ldr	r2, .L71
 514 0002 5368     		ldr	r3, [r2, #4]
 515 0004 23F00403 		bic	r3, r3, #4
 516 0008 5360     		str	r3, [r2, #4]
 517 000a 7047     		bx	lr
 518              	.L72:
 519              		.align	2
 520              	.L71:
 521 000c 002004E0 		.word	-536600576
 523              		.section	.text.HAL_EnableCompensationCell,"ax",%progbits
 524              		.align	1
 525              		.global	HAL_EnableCompensationCell
 526              		.syntax unified
 527              		.thumb
 528              		.thumb_func
 530              	HAL_EnableCompensationCell:
 531              		@ args = 0, pretend = 0, frame = 0
 532              		@ frame_needed = 0, uses_anonymous_args = 0
 533              		@ link register save eliminated.
 534 0000 024B     		ldr	r3, .L74
 535 0002 0122     		movs	r2, #1
 536 0004 C3F80024 		str	r2, [r3, #1024]
 537 0008 7047     		bx	lr
 538              	.L75:
 539 000a 00BF     		.align	2
 540              	.L74:
 541 000c 00002742 		.word	1109852160
 543              		.section	.text.HAL_DisableCompensationCell,"ax",%progbits
 544              		.align	1
 545              		.global	HAL_DisableCompensationCell
 546              		.syntax unified
 547              		.thumb
 548              		.thumb_func
 550              	HAL_DisableCompensationCell:
 551              		@ args = 0, pretend = 0, frame = 0
 552              		@ frame_needed = 0, uses_anonymous_args = 0
 553              		@ link register save eliminated.
 554 0000 024B     		ldr	r3, .L77
 555 0002 0022     		movs	r2, #0
 556 0004 C3F80024 		str	r2, [r3, #1024]
 557 0008 7047     		bx	lr
 558              	.L78:
 559 000a 00BF     		.align	2
 560              	.L77:
ARM GAS  C:\Users\Rick\AppData\Local\Temp\cccxeRhh.s 			page 10


 561 000c 00002742 		.word	1109852160
 563              		.section	.text.HAL_GetUIDw0,"ax",%progbits
 564              		.align	1
 565              		.global	HAL_GetUIDw0
 566              		.syntax unified
 567              		.thumb
 568              		.thumb_func
 570              	HAL_GetUIDw0:
 571              		@ args = 0, pretend = 0, frame = 0
 572              		@ frame_needed = 0, uses_anonymous_args = 0
 573              		@ link register save eliminated.
 574 0000 014B     		ldr	r3, .L80
 575 0002 D3F8100A 		ldr	r0, [r3, #2576]
 576 0006 7047     		bx	lr
 577              	.L81:
 578              		.align	2
 579              	.L80:
 580 0008 0070FF1F 		.word	536834048
 582              		.section	.text.HAL_GetUIDw1,"ax",%progbits
 583              		.align	1
 584              		.global	HAL_GetUIDw1
 585              		.syntax unified
 586              		.thumb
 587              		.thumb_func
 589              	HAL_GetUIDw1:
 590              		@ args = 0, pretend = 0, frame = 0
 591              		@ frame_needed = 0, uses_anonymous_args = 0
 592              		@ link register save eliminated.
 593 0000 014B     		ldr	r3, .L83
 594 0002 D3F8140A 		ldr	r0, [r3, #2580]
 595 0006 7047     		bx	lr
 596              	.L84:
 597              		.align	2
 598              	.L83:
 599 0008 0070FF1F 		.word	536834048
 601              		.section	.text.HAL_GetUIDw2,"ax",%progbits
 602              		.align	1
 603              		.global	HAL_GetUIDw2
 604              		.syntax unified
 605              		.thumb
 606              		.thumb_func
 608              	HAL_GetUIDw2:
 609              		@ args = 0, pretend = 0, frame = 0
 610              		@ frame_needed = 0, uses_anonymous_args = 0
 611              		@ link register save eliminated.
 612 0000 014B     		ldr	r3, .L86
 613 0002 D3F8180A 		ldr	r0, [r3, #2584]
 614 0006 7047     		bx	lr
 615              	.L87:
 616              		.align	2
 617              	.L86:
 618 0008 0070FF1F 		.word	536834048
 620              		.global	uwTickFreq
 621              		.section	.data.uwTickFreq,"aw"
 624              	uwTickFreq:
 625 0000 01       		.byte	1
 626              		.global	uwTickPrio
ARM GAS  C:\Users\Rick\AppData\Local\Temp\cccxeRhh.s 			page 11


 627              		.section	.data.uwTickPrio,"aw"
 628              		.align	2
 631              	uwTickPrio:
 632 0000 10000000 		.word	16
 633              		.global	uwTick
 634              		.section	.bss.uwTick,"aw",%nobits
 635              		.align	2
 638              	uwTick:
 639 0000 00000000 		.space	4
 640              		.ident	"GCC: (xPack GNU Arm Embedded GCC x86_64) 14.2.1 20241119"
ARM GAS  C:\Users\Rick\AppData\Local\Temp\cccxeRhh.s 			page 12


DEFINED SYMBOLS
                            *ABS*:00000000 stm32f4xx_hal.c
C:\Users\Rick\AppData\Local\Temp\cccxeRhh.s:18     .text.HAL_MspInit:00000000 $t
C:\Users\Rick\AppData\Local\Temp\cccxeRhh.s:24     .text.HAL_MspInit:00000000 HAL_MspInit
C:\Users\Rick\AppData\Local\Temp\cccxeRhh.s:31     .text.HAL_MspDeInit:00000000 $t
C:\Users\Rick\AppData\Local\Temp\cccxeRhh.s:37     .text.HAL_MspDeInit:00000000 HAL_MspDeInit
C:\Users\Rick\AppData\Local\Temp\cccxeRhh.s:44     .text.HAL_DeInit:00000000 $t
C:\Users\Rick\AppData\Local\Temp\cccxeRhh.s:50     .text.HAL_DeInit:00000000 HAL_DeInit
C:\Users\Rick\AppData\Local\Temp\cccxeRhh.s:77     .text.HAL_DeInit:0000002c $d
C:\Users\Rick\AppData\Local\Temp\cccxeRhh.s:83     .text.HAL_InitTick:00000000 $t
C:\Users\Rick\AppData\Local\Temp\cccxeRhh.s:89     .text.HAL_InitTick:00000000 HAL_InitTick
C:\Users\Rick\AppData\Local\Temp\cccxeRhh.s:123    .text.HAL_InitTick:00000040 $d
C:\Users\Rick\AppData\Local\Temp\cccxeRhh.s:624    .data.uwTickFreq:00000000 uwTickFreq
C:\Users\Rick\AppData\Local\Temp\cccxeRhh.s:631    .data.uwTickPrio:00000000 uwTickPrio
C:\Users\Rick\AppData\Local\Temp\cccxeRhh.s:128    .text.HAL_Init:00000000 $t
C:\Users\Rick\AppData\Local\Temp\cccxeRhh.s:134    .text.HAL_Init:00000000 HAL_Init
C:\Users\Rick\AppData\Local\Temp\cccxeRhh.s:158    .text.HAL_Init:00000030 $d
C:\Users\Rick\AppData\Local\Temp\cccxeRhh.s:161    .text.HAL_IncTick:00000000 $t
C:\Users\Rick\AppData\Local\Temp\cccxeRhh.s:167    .text.HAL_IncTick:00000000 HAL_IncTick
C:\Users\Rick\AppData\Local\Temp\cccxeRhh.s:181    .text.HAL_IncTick:00000010 $d
C:\Users\Rick\AppData\Local\Temp\cccxeRhh.s:638    .bss.uwTick:00000000 uwTick
C:\Users\Rick\AppData\Local\Temp\cccxeRhh.s:185    .text.HAL_GetTick:00000000 $t
C:\Users\Rick\AppData\Local\Temp\cccxeRhh.s:191    .text.HAL_GetTick:00000000 HAL_GetTick
C:\Users\Rick\AppData\Local\Temp\cccxeRhh.s:201    .text.HAL_GetTick:00000008 $d
C:\Users\Rick\AppData\Local\Temp\cccxeRhh.s:204    .text.HAL_GetTickPrio:00000000 $t
C:\Users\Rick\AppData\Local\Temp\cccxeRhh.s:210    .text.HAL_GetTickPrio:00000000 HAL_GetTickPrio
C:\Users\Rick\AppData\Local\Temp\cccxeRhh.s:220    .text.HAL_GetTickPrio:00000008 $d
C:\Users\Rick\AppData\Local\Temp\cccxeRhh.s:223    .text.HAL_SetTickFreq:00000000 $t
C:\Users\Rick\AppData\Local\Temp\cccxeRhh.s:229    .text.HAL_SetTickFreq:00000000 HAL_SetTickFreq
C:\Users\Rick\AppData\Local\Temp\cccxeRhh.s:253    .text.HAL_SetTickFreq:00000024 $d
C:\Users\Rick\AppData\Local\Temp\cccxeRhh.s:257    .text.HAL_GetTickFreq:00000000 $t
C:\Users\Rick\AppData\Local\Temp\cccxeRhh.s:263    .text.HAL_GetTickFreq:00000000 HAL_GetTickFreq
C:\Users\Rick\AppData\Local\Temp\cccxeRhh.s:273    .text.HAL_GetTickFreq:00000008 $d
C:\Users\Rick\AppData\Local\Temp\cccxeRhh.s:276    .text.HAL_Delay:00000000 $t
C:\Users\Rick\AppData\Local\Temp\cccxeRhh.s:282    .text.HAL_Delay:00000000 HAL_Delay
C:\Users\Rick\AppData\Local\Temp\cccxeRhh.s:303    .text.HAL_Delay:00000024 $d
C:\Users\Rick\AppData\Local\Temp\cccxeRhh.s:306    .text.HAL_SuspendTick:00000000 $t
C:\Users\Rick\AppData\Local\Temp\cccxeRhh.s:312    .text.HAL_SuspendTick:00000000 HAL_SuspendTick
C:\Users\Rick\AppData\Local\Temp\cccxeRhh.s:323    .text.HAL_ResumeTick:00000000 $t
C:\Users\Rick\AppData\Local\Temp\cccxeRhh.s:329    .text.HAL_ResumeTick:00000000 HAL_ResumeTick
C:\Users\Rick\AppData\Local\Temp\cccxeRhh.s:340    .text.HAL_GetHalVersion:00000000 $t
C:\Users\Rick\AppData\Local\Temp\cccxeRhh.s:346    .text.HAL_GetHalVersion:00000000 HAL_GetHalVersion
C:\Users\Rick\AppData\Local\Temp\cccxeRhh.s:355    .text.HAL_GetHalVersion:00000004 $d
C:\Users\Rick\AppData\Local\Temp\cccxeRhh.s:358    .text.HAL_GetREVID:00000000 $t
C:\Users\Rick\AppData\Local\Temp\cccxeRhh.s:364    .text.HAL_GetREVID:00000000 HAL_GetREVID
C:\Users\Rick\AppData\Local\Temp\cccxeRhh.s:375    .text.HAL_GetREVID:00000008 $d
C:\Users\Rick\AppData\Local\Temp\cccxeRhh.s:378    .text.HAL_GetDEVID:00000000 $t
C:\Users\Rick\AppData\Local\Temp\cccxeRhh.s:384    .text.HAL_GetDEVID:00000000 HAL_GetDEVID
C:\Users\Rick\AppData\Local\Temp\cccxeRhh.s:395    .text.HAL_GetDEVID:0000000c $d
C:\Users\Rick\AppData\Local\Temp\cccxeRhh.s:398    .text.HAL_DBGMCU_EnableDBGSleepMode:00000000 $t
C:\Users\Rick\AppData\Local\Temp\cccxeRhh.s:404    .text.HAL_DBGMCU_EnableDBGSleepMode:00000000 HAL_DBGMCU_EnableDBGSleepMode
C:\Users\Rick\AppData\Local\Temp\cccxeRhh.s:416    .text.HAL_DBGMCU_EnableDBGSleepMode:0000000c $d
C:\Users\Rick\AppData\Local\Temp\cccxeRhh.s:419    .text.HAL_DBGMCU_DisableDBGSleepMode:00000000 $t
C:\Users\Rick\AppData\Local\Temp\cccxeRhh.s:425    .text.HAL_DBGMCU_DisableDBGSleepMode:00000000 HAL_DBGMCU_DisableDBGSleepMode
C:\Users\Rick\AppData\Local\Temp\cccxeRhh.s:437    .text.HAL_DBGMCU_DisableDBGSleepMode:0000000c $d
C:\Users\Rick\AppData\Local\Temp\cccxeRhh.s:440    .text.HAL_DBGMCU_EnableDBGStopMode:00000000 $t
C:\Users\Rick\AppData\Local\Temp\cccxeRhh.s:446    .text.HAL_DBGMCU_EnableDBGStopMode:00000000 HAL_DBGMCU_EnableDBGStopMode
ARM GAS  C:\Users\Rick\AppData\Local\Temp\cccxeRhh.s 			page 13


C:\Users\Rick\AppData\Local\Temp\cccxeRhh.s:458    .text.HAL_DBGMCU_EnableDBGStopMode:0000000c $d
C:\Users\Rick\AppData\Local\Temp\cccxeRhh.s:461    .text.HAL_DBGMCU_DisableDBGStopMode:00000000 $t
C:\Users\Rick\AppData\Local\Temp\cccxeRhh.s:467    .text.HAL_DBGMCU_DisableDBGStopMode:00000000 HAL_DBGMCU_DisableDBGStopMode
C:\Users\Rick\AppData\Local\Temp\cccxeRhh.s:479    .text.HAL_DBGMCU_DisableDBGStopMode:0000000c $d
C:\Users\Rick\AppData\Local\Temp\cccxeRhh.s:482    .text.HAL_DBGMCU_EnableDBGStandbyMode:00000000 $t
C:\Users\Rick\AppData\Local\Temp\cccxeRhh.s:488    .text.HAL_DBGMCU_EnableDBGStandbyMode:00000000 HAL_DBGMCU_EnableDBGStandbyMode
C:\Users\Rick\AppData\Local\Temp\cccxeRhh.s:500    .text.HAL_DBGMCU_EnableDBGStandbyMode:0000000c $d
C:\Users\Rick\AppData\Local\Temp\cccxeRhh.s:503    .text.HAL_DBGMCU_DisableDBGStandbyMode:00000000 $t
C:\Users\Rick\AppData\Local\Temp\cccxeRhh.s:509    .text.HAL_DBGMCU_DisableDBGStandbyMode:00000000 HAL_DBGMCU_DisableDBGStandbyMode
C:\Users\Rick\AppData\Local\Temp\cccxeRhh.s:521    .text.HAL_DBGMCU_DisableDBGStandbyMode:0000000c $d
C:\Users\Rick\AppData\Local\Temp\cccxeRhh.s:524    .text.HAL_EnableCompensationCell:00000000 $t
C:\Users\Rick\AppData\Local\Temp\cccxeRhh.s:530    .text.HAL_EnableCompensationCell:00000000 HAL_EnableCompensationCell
C:\Users\Rick\AppData\Local\Temp\cccxeRhh.s:541    .text.HAL_EnableCompensationCell:0000000c $d
C:\Users\Rick\AppData\Local\Temp\cccxeRhh.s:544    .text.HAL_DisableCompensationCell:00000000 $t
C:\Users\Rick\AppData\Local\Temp\cccxeRhh.s:550    .text.HAL_DisableCompensationCell:00000000 HAL_DisableCompensationCell
C:\Users\Rick\AppData\Local\Temp\cccxeRhh.s:561    .text.HAL_DisableCompensationCell:0000000c $d
C:\Users\Rick\AppData\Local\Temp\cccxeRhh.s:564    .text.HAL_GetUIDw0:00000000 $t
C:\Users\Rick\AppData\Local\Temp\cccxeRhh.s:570    .text.HAL_GetUIDw0:00000000 HAL_GetUIDw0
C:\Users\Rick\AppData\Local\Temp\cccxeRhh.s:580    .text.HAL_GetUIDw0:00000008 $d
C:\Users\Rick\AppData\Local\Temp\cccxeRhh.s:583    .text.HAL_GetUIDw1:00000000 $t
C:\Users\Rick\AppData\Local\Temp\cccxeRhh.s:589    .text.HAL_GetUIDw1:00000000 HAL_GetUIDw1
C:\Users\Rick\AppData\Local\Temp\cccxeRhh.s:599    .text.HAL_GetUIDw1:00000008 $d
C:\Users\Rick\AppData\Local\Temp\cccxeRhh.s:602    .text.HAL_GetUIDw2:00000000 $t
C:\Users\Rick\AppData\Local\Temp\cccxeRhh.s:608    .text.HAL_GetUIDw2:00000000 HAL_GetUIDw2
C:\Users\Rick\AppData\Local\Temp\cccxeRhh.s:618    .text.HAL_GetUIDw2:00000008 $d
C:\Users\Rick\AppData\Local\Temp\cccxeRhh.s:628    .data.uwTickPrio:00000000 $d
C:\Users\Rick\AppData\Local\Temp\cccxeRhh.s:635    .bss.uwTick:00000000 $d

UNDEFINED SYMBOLS
HAL_SYSTICK_Config
HAL_NVIC_SetPriority
SystemCoreClock
HAL_NVIC_SetPriorityGrouping
