ARM GAS  C:\Users\Rick\AppData\Local\Temp\ccxDfIDJ.s 			page 1


   1              		.cpu cortex-m4
   2              		.arch armv7e-m
   3              		.fpu fpv4-sp-d16
   4              		.eabi_attribute 27, 1
   5              		.eabi_attribute 28, 1
   6              		.eabi_attribute 20, 1
   7              		.eabi_attribute 21, 1
   8              		.eabi_attribute 23, 3
   9              		.eabi_attribute 24, 1
  10              		.eabi_attribute 25, 1
  11              		.eabi_attribute 26, 1
  12              		.eabi_attribute 30, 1
  13              		.eabi_attribute 34, 1
  14              		.eabi_attribute 18, 4
  15              		.file	"tim.c"
  16              		.text
  17              		.section	.text.MX_TIM3_Init,"ax",%progbits
  18              		.align	1
  19              		.global	MX_TIM3_Init
  20              		.syntax unified
  21              		.thumb
  22              		.thumb_func
  24              	MX_TIM3_Init:
  25              		@ args = 0, pretend = 0, frame = 24
  26              		@ frame_needed = 0, uses_anonymous_args = 0
  27 0000 00B5     		push	{lr}
  28 0002 87B0     		sub	sp, sp, #28
  29 0004 02A9     		add	r1, sp, #8
  30 0006 0023     		movs	r3, #0
  31 0008 0293     		str	r3, [sp, #8]
  32 000a 4B60     		str	r3, [r1, #4]
  33 000c 8B60     		str	r3, [r1, #8]
  34 000e CB60     		str	r3, [r1, #12]
  35 0010 0093     		str	r3, [sp]
  36 0012 0193     		str	r3, [sp, #4]
  37 0014 0F48     		ldr	r0, .L7
  38 0016 104A     		ldr	r2, .L7+4
  39 0018 0260     		str	r2, [r0]
  40 001a 4360     		str	r3, [r0, #4]
  41 001c 8360     		str	r3, [r0, #8]
  42 001e 4FF6FF72 		movw	r2, #65535
  43 0022 C260     		str	r2, [r0, #12]
  44 0024 0361     		str	r3, [r0, #16]
  45 0026 8361     		str	r3, [r0, #24]
  46 0028 FFF7FEFF 		bl	HAL_TIMEx_HallSensor_Init
  47 002c 58B9     		cbnz	r0, .L5
  48              	.L2:
  49 002e 5023     		movs	r3, #80
  50 0030 0093     		str	r3, [sp]
  51 0032 0023     		movs	r3, #0
  52 0034 0193     		str	r3, [sp, #4]
  53 0036 6946     		mov	r1, sp
  54 0038 0648     		ldr	r0, .L7
  55 003a FFF7FEFF 		bl	HAL_TIMEx_MasterConfigSynchronization
  56 003e 28B9     		cbnz	r0, .L6
  57              	.L1:
  58 0040 07B0     		add	sp, sp, #28
ARM GAS  C:\Users\Rick\AppData\Local\Temp\ccxDfIDJ.s 			page 2


  59              		@ sp needed
  60 0042 5DF804FB 		ldr	pc, [sp], #4
  61              	.L5:
  62 0046 FFF7FEFF 		bl	Error_Handler
  63 004a F0E7     		b	.L2
  64              	.L6:
  65 004c FFF7FEFF 		bl	Error_Handler
  66 0050 F6E7     		b	.L1
  67              	.L8:
  68 0052 00BF     		.align	2
  69              	.L7:
  70 0054 00000000 		.word	htim3
  71 0058 00040040 		.word	1073742848
  73              		.section	.text.HAL_TIM_Base_MspInit,"ax",%progbits
  74              		.align	1
  75              		.global	HAL_TIM_Base_MspInit
  76              		.syntax unified
  77              		.thumb
  78              		.thumb_func
  80              	HAL_TIM_Base_MspInit:
  81              		@ args = 0, pretend = 0, frame = 32
  82              		@ frame_needed = 0, uses_anonymous_args = 0
  83 0000 10B5     		push	{r4, lr}
  84 0002 88B0     		sub	sp, sp, #32
  85 0004 0023     		movs	r3, #0
  86 0006 0393     		str	r3, [sp, #12]
  87 0008 0493     		str	r3, [sp, #16]
  88 000a 0593     		str	r3, [sp, #20]
  89 000c 0693     		str	r3, [sp, #24]
  90 000e 0793     		str	r3, [sp, #28]
  91 0010 0268     		ldr	r2, [r0]
  92 0012 204B     		ldr	r3, .L13
  93 0014 9A42     		cmp	r2, r3
  94 0016 01D0     		beq	.L12
  95              	.L9:
  96 0018 08B0     		add	sp, sp, #32
  97              		@ sp needed
  98 001a 10BD     		pop	{r4, pc}
  99              	.L12:
 100 001c 0024     		movs	r4, #0
 101 001e 0194     		str	r4, [sp, #4]
 102 0020 03F59C33 		add	r3, r3, #79872
 103 0024 5A6C     		ldr	r2, [r3, #68]
 104 0026 42F00102 		orr	r2, r2, #1
 105 002a 5A64     		str	r2, [r3, #68]
 106 002c 5A6C     		ldr	r2, [r3, #68]
 107 002e 02F00102 		and	r2, r2, #1
 108 0032 0192     		str	r2, [sp, #4]
 109 0034 019A     		ldr	r2, [sp, #4]
 110 0036 0294     		str	r4, [sp, #8]
 111 0038 1A6B     		ldr	r2, [r3, #48]
 112 003a 42F00202 		orr	r2, r2, #2
 113 003e 1A63     		str	r2, [r3, #48]
 114 0040 1B6B     		ldr	r3, [r3, #48]
 115 0042 03F00203 		and	r3, r3, #2
 116 0046 0293     		str	r3, [sp, #8]
 117 0048 029B     		ldr	r3, [sp, #8]
ARM GAS  C:\Users\Rick\AppData\Local\Temp\ccxDfIDJ.s 			page 3


 118 004a 4FF48053 		mov	r3, #4096
 119 004e 0393     		str	r3, [sp, #12]
 120 0050 0223     		movs	r3, #2
 121 0052 0493     		str	r3, [sp, #16]
 122 0054 0123     		movs	r3, #1
 123 0056 0793     		str	r3, [sp, #28]
 124 0058 03A9     		add	r1, sp, #12
 125 005a 0F48     		ldr	r0, .L13+4
 126 005c FFF7FEFF 		bl	HAL_GPIO_Init
 127 0060 2246     		mov	r2, r4
 128 0062 0521     		movs	r1, #5
 129 0064 1820     		movs	r0, #24
 130 0066 FFF7FEFF 		bl	HAL_NVIC_SetPriority
 131 006a 1820     		movs	r0, #24
 132 006c FFF7FEFF 		bl	HAL_NVIC_EnableIRQ
 133 0070 2246     		mov	r2, r4
 134 0072 0521     		movs	r1, #5
 135 0074 1920     		movs	r0, #25
 136 0076 FFF7FEFF 		bl	HAL_NVIC_SetPriority
 137 007a 1920     		movs	r0, #25
 138 007c FFF7FEFF 		bl	HAL_NVIC_EnableIRQ
 139 0080 2246     		mov	r2, r4
 140 0082 0521     		movs	r1, #5
 141 0084 1B20     		movs	r0, #27
 142 0086 FFF7FEFF 		bl	HAL_NVIC_SetPriority
 143 008a 1B20     		movs	r0, #27
 144 008c FFF7FEFF 		bl	HAL_NVIC_EnableIRQ
 145 0090 C2E7     		b	.L9
 146              	.L14:
 147 0092 00BF     		.align	2
 148              	.L13:
 149 0094 00000140 		.word	1073807360
 150 0098 00040240 		.word	1073873920
 152              		.section	.text.HAL_TIMEx_HallSensor_MspInit,"ax",%progbits
 153              		.align	1
 154              		.global	HAL_TIMEx_HallSensor_MspInit
 155              		.syntax unified
 156              		.thumb
 157              		.thumb_func
 159              	HAL_TIMEx_HallSensor_MspInit:
 160              		@ args = 0, pretend = 0, frame = 32
 161              		@ frame_needed = 0, uses_anonymous_args = 0
 162 0000 70B5     		push	{r4, r5, r6, lr}
 163 0002 88B0     		sub	sp, sp, #32
 164 0004 0023     		movs	r3, #0
 165 0006 0393     		str	r3, [sp, #12]
 166 0008 0493     		str	r3, [sp, #16]
 167 000a 0593     		str	r3, [sp, #20]
 168 000c 0693     		str	r3, [sp, #24]
 169 000e 0793     		str	r3, [sp, #28]
 170 0010 0268     		ldr	r2, [r0]
 171 0012 1D4B     		ldr	r3, .L19
 172 0014 9A42     		cmp	r2, r3
 173 0016 01D0     		beq	.L18
 174              	.L15:
 175 0018 08B0     		add	sp, sp, #32
 176              		@ sp needed
ARM GAS  C:\Users\Rick\AppData\Local\Temp\ccxDfIDJ.s 			page 4


 177 001a 70BD     		pop	{r4, r5, r6, pc}
 178              	.L18:
 179 001c 0024     		movs	r4, #0
 180 001e 0094     		str	r4, [sp]
 181 0020 03F50D33 		add	r3, r3, #144384
 182 0024 1A6C     		ldr	r2, [r3, #64]
 183 0026 42F00202 		orr	r2, r2, #2
 184 002a 1A64     		str	r2, [r3, #64]
 185 002c 1A6C     		ldr	r2, [r3, #64]
 186 002e 02F00202 		and	r2, r2, #2
 187 0032 0092     		str	r2, [sp]
 188 0034 009A     		ldr	r2, [sp]
 189 0036 0194     		str	r4, [sp, #4]
 190 0038 1A6B     		ldr	r2, [r3, #48]
 191 003a 42F00102 		orr	r2, r2, #1
 192 003e 1A63     		str	r2, [r3, #48]
 193 0040 1A6B     		ldr	r2, [r3, #48]
 194 0042 02F00102 		and	r2, r2, #1
 195 0046 0192     		str	r2, [sp, #4]
 196 0048 019A     		ldr	r2, [sp, #4]
 197 004a 0294     		str	r4, [sp, #8]
 198 004c 1A6B     		ldr	r2, [r3, #48]
 199 004e 42F00202 		orr	r2, r2, #2
 200 0052 1A63     		str	r2, [r3, #48]
 201 0054 1B6B     		ldr	r3, [r3, #48]
 202 0056 03F00203 		and	r3, r3, #2
 203 005a 0293     		str	r3, [sp, #8]
 204 005c 029B     		ldr	r3, [sp, #8]
 205 005e C023     		movs	r3, #192
 206 0060 0393     		str	r3, [sp, #12]
 207 0062 0225     		movs	r5, #2
 208 0064 0495     		str	r5, [sp, #16]
 209 0066 0795     		str	r5, [sp, #28]
 210 0068 03AE     		add	r6, sp, #12
 211 006a 3146     		mov	r1, r6
 212 006c 0748     		ldr	r0, .L19+4
 213 006e FFF7FEFF 		bl	HAL_GPIO_Init
 214 0072 0123     		movs	r3, #1
 215 0074 0393     		str	r3, [sp, #12]
 216 0076 0495     		str	r5, [sp, #16]
 217 0078 0594     		str	r4, [sp, #20]
 218 007a 0694     		str	r4, [sp, #24]
 219 007c 0795     		str	r5, [sp, #28]
 220 007e 3146     		mov	r1, r6
 221 0080 0348     		ldr	r0, .L19+8
 222 0082 FFF7FEFF 		bl	HAL_GPIO_Init
 223 0086 C7E7     		b	.L15
 224              	.L20:
 225              		.align	2
 226              	.L19:
 227 0088 00040040 		.word	1073742848
 228 008c 00000240 		.word	1073872896
 229 0090 00040240 		.word	1073873920
 231              		.section	.text.HAL_TIM_MspPostInit,"ax",%progbits
 232              		.align	1
 233              		.global	HAL_TIM_MspPostInit
 234              		.syntax unified
ARM GAS  C:\Users\Rick\AppData\Local\Temp\ccxDfIDJ.s 			page 5


 235              		.thumb
 236              		.thumb_func
 238              	HAL_TIM_MspPostInit:
 239              		@ args = 0, pretend = 0, frame = 32
 240              		@ frame_needed = 0, uses_anonymous_args = 0
 241 0000 F0B5     		push	{r4, r5, r6, r7, lr}
 242 0002 89B0     		sub	sp, sp, #36
 243 0004 0023     		movs	r3, #0
 244 0006 0393     		str	r3, [sp, #12]
 245 0008 0493     		str	r3, [sp, #16]
 246 000a 0593     		str	r3, [sp, #20]
 247 000c 0693     		str	r3, [sp, #24]
 248 000e 0793     		str	r3, [sp, #28]
 249 0010 0268     		ldr	r2, [r0]
 250 0012 1A4B     		ldr	r3, .L25
 251 0014 9A42     		cmp	r2, r3
 252 0016 01D0     		beq	.L24
 253              	.L21:
 254 0018 09B0     		add	sp, sp, #36
 255              		@ sp needed
 256 001a F0BD     		pop	{r4, r5, r6, r7, pc}
 257              	.L24:
 258 001c 0024     		movs	r4, #0
 259 001e 0194     		str	r4, [sp, #4]
 260 0020 03F59C33 		add	r3, r3, #79872
 261 0024 1A6B     		ldr	r2, [r3, #48]
 262 0026 42F00202 		orr	r2, r2, #2
 263 002a 1A63     		str	r2, [r3, #48]
 264 002c 1A6B     		ldr	r2, [r3, #48]
 265 002e 02F00202 		and	r2, r2, #2
 266 0032 0192     		str	r2, [sp, #4]
 267 0034 019A     		ldr	r2, [sp, #4]
 268 0036 0294     		str	r4, [sp, #8]
 269 0038 1A6B     		ldr	r2, [r3, #48]
 270 003a 42F00102 		orr	r2, r2, #1
 271 003e 1A63     		str	r2, [r3, #48]
 272 0040 1B6B     		ldr	r3, [r3, #48]
 273 0042 03F00103 		and	r3, r3, #1
 274 0046 0293     		str	r3, [sp, #8]
 275 0048 029B     		ldr	r3, [sp, #8]
 276 004a 4FF46043 		mov	r3, #57344
 277 004e 0393     		str	r3, [sp, #12]
 278 0050 0227     		movs	r7, #2
 279 0052 0497     		str	r7, [sp, #16]
 280 0054 0126     		movs	r6, #1
 281 0056 0796     		str	r6, [sp, #28]
 282 0058 03AD     		add	r5, sp, #12
 283 005a 2946     		mov	r1, r5
 284 005c 0848     		ldr	r0, .L25+4
 285 005e FFF7FEFF 		bl	HAL_GPIO_Init
 286 0062 4FF4E063 		mov	r3, #1792
 287 0066 0393     		str	r3, [sp, #12]
 288 0068 0497     		str	r7, [sp, #16]
 289 006a 0594     		str	r4, [sp, #20]
 290 006c 0694     		str	r4, [sp, #24]
 291 006e 0796     		str	r6, [sp, #28]
 292 0070 2946     		mov	r1, r5
ARM GAS  C:\Users\Rick\AppData\Local\Temp\ccxDfIDJ.s 			page 6


 293 0072 0448     		ldr	r0, .L25+8
 294 0074 FFF7FEFF 		bl	HAL_GPIO_Init
 295 0078 CEE7     		b	.L21
 296              	.L26:
 297 007a 00BF     		.align	2
 298              	.L25:
 299 007c 00000140 		.word	1073807360
 300 0080 00040240 		.word	1073873920
 301 0084 00000240 		.word	1073872896
 303              		.section	.text.MX_TIM1_Init,"ax",%progbits
 304              		.align	1
 305              		.global	MX_TIM1_Init
 306              		.syntax unified
 307              		.thumb
 308              		.thumb_func
 310              	MX_TIM1_Init:
 311              		@ args = 0, pretend = 0, frame = 88
 312              		@ frame_needed = 0, uses_anonymous_args = 0
 313 0000 30B5     		push	{r4, r5, lr}
 314 0002 97B0     		sub	sp, sp, #92
 315 0004 0024     		movs	r4, #0
 316 0006 1294     		str	r4, [sp, #72]
 317 0008 1394     		str	r4, [sp, #76]
 318 000a 1494     		str	r4, [sp, #80]
 319 000c 1594     		str	r4, [sp, #84]
 320 000e 1094     		str	r4, [sp, #64]
 321 0010 1194     		str	r4, [sp, #68]
 322 0012 0994     		str	r4, [sp, #36]
 323 0014 0A94     		str	r4, [sp, #40]
 324 0016 0B94     		str	r4, [sp, #44]
 325 0018 0C94     		str	r4, [sp, #48]
 326 001a 0D94     		str	r4, [sp, #52]
 327 001c 0E94     		str	r4, [sp, #56]
 328 001e 0F94     		str	r4, [sp, #60]
 329 0020 2025     		movs	r5, #32
 330 0022 2A46     		mov	r2, r5
 331 0024 2146     		mov	r1, r4
 332 0026 01A8     		add	r0, sp, #4
 333 0028 FFF7FEFF 		bl	memset
 334 002c 4148     		ldr	r0, .L47
 335 002e 424B     		ldr	r3, .L47+4
 336 0030 0360     		str	r3, [r0]
 337 0032 4460     		str	r4, [r0, #4]
 338 0034 8560     		str	r5, [r0, #8]
 339 0036 41F63F73 		movw	r3, #7999
 340 003a C360     		str	r3, [r0, #12]
 341 003c 4FF48073 		mov	r3, #256
 342 0040 0361     		str	r3, [r0, #16]
 343 0042 0123     		movs	r3, #1
 344 0044 4361     		str	r3, [r0, #20]
 345 0046 8461     		str	r4, [r0, #24]
 346 0048 FFF7FEFF 		bl	HAL_TIM_Base_Init
 347 004c 0028     		cmp	r0, #0
 348 004e 55D1     		bne	.L38
 349              	.L28:
 350 0050 4FF48053 		mov	r3, #4096
 351 0054 1293     		str	r3, [sp, #72]
ARM GAS  C:\Users\Rick\AppData\Local\Temp\ccxDfIDJ.s 			page 7


 352 0056 12A9     		add	r1, sp, #72
 353 0058 3648     		ldr	r0, .L47
 354 005a FFF7FEFF 		bl	HAL_TIM_ConfigClockSource
 355 005e 0028     		cmp	r0, #0
 356 0060 4FD1     		bne	.L39
 357              	.L29:
 358 0062 3448     		ldr	r0, .L47
 359 0064 FFF7FEFF 		bl	HAL_TIM_PWM_Init
 360 0068 0028     		cmp	r0, #0
 361 006a 4DD1     		bne	.L40
 362              	.L30:
 363 006c 0023     		movs	r3, #0
 364 006e 1093     		str	r3, [sp, #64]
 365 0070 1193     		str	r3, [sp, #68]
 366 0072 10A9     		add	r1, sp, #64
 367 0074 2F48     		ldr	r0, .L47
 368 0076 FFF7FEFF 		bl	HAL_TIMEx_MasterConfigSynchronization
 369 007a 0028     		cmp	r0, #0
 370 007c 47D1     		bne	.L41
 371              	.L31:
 372 007e 6023     		movs	r3, #96
 373 0080 0993     		str	r3, [sp, #36]
 374 0082 0022     		movs	r2, #0
 375 0084 0A92     		str	r2, [sp, #40]
 376 0086 0B92     		str	r2, [sp, #44]
 377 0088 0C92     		str	r2, [sp, #48]
 378 008a 0D92     		str	r2, [sp, #52]
 379 008c 0E92     		str	r2, [sp, #56]
 380 008e 0F92     		str	r2, [sp, #60]
 381 0090 09A9     		add	r1, sp, #36
 382 0092 2848     		ldr	r0, .L47
 383 0094 FFF7FEFF 		bl	HAL_TIM_PWM_ConfigChannel
 384 0098 0028     		cmp	r0, #0
 385 009a 3BD1     		bne	.L42
 386              	.L32:
 387 009c 0422     		movs	r2, #4
 388 009e 09A9     		add	r1, sp, #36
 389 00a0 2448     		ldr	r0, .L47
 390 00a2 FFF7FEFF 		bl	HAL_TIM_PWM_ConfigChannel
 391 00a6 0028     		cmp	r0, #0
 392 00a8 37D1     		bne	.L43
 393              	.L33:
 394 00aa 0822     		movs	r2, #8
 395 00ac 09A9     		add	r1, sp, #36
 396 00ae 2148     		ldr	r0, .L47
 397 00b0 FFF7FEFF 		bl	HAL_TIM_PWM_ConfigChannel
 398 00b4 0028     		cmp	r0, #0
 399 00b6 33D1     		bne	.L44
 400              	.L34:
 401 00b8 7023     		movs	r3, #112
 402 00ba 0993     		str	r3, [sp, #36]
 403 00bc 41F63E73 		movw	r3, #7998
 404 00c0 0A93     		str	r3, [sp, #40]
 405 00c2 0C22     		movs	r2, #12
 406 00c4 09A9     		add	r1, sp, #36
 407 00c6 1B48     		ldr	r0, .L47
 408 00c8 FFF7FEFF 		bl	HAL_TIM_PWM_ConfigChannel
ARM GAS  C:\Users\Rick\AppData\Local\Temp\ccxDfIDJ.s 			page 8


 409 00cc 58BB     		cbnz	r0, .L45
 410              	.L35:
 411 00ce 0023     		movs	r3, #0
 412 00d0 0193     		str	r3, [sp, #4]
 413 00d2 0293     		str	r3, [sp, #8]
 414 00d4 0393     		str	r3, [sp, #12]
 415 00d6 7822     		movs	r2, #120
 416 00d8 0492     		str	r2, [sp, #16]
 417 00da 4FF48052 		mov	r2, #4096
 418 00de 0592     		str	r2, [sp, #20]
 419 00e0 4FF40052 		mov	r2, #8192
 420 00e4 0692     		str	r2, [sp, #24]
 421 00e6 0893     		str	r3, [sp, #32]
 422 00e8 01A9     		add	r1, sp, #4
 423 00ea 1248     		ldr	r0, .L47
 424 00ec FFF7FEFF 		bl	HAL_TIMEx_ConfigBreakDeadTime
 425 00f0 E0B9     		cbnz	r0, .L46
 426              	.L36:
 427 00f2 1048     		ldr	r0, .L47
 428 00f4 FFF7FEFF 		bl	HAL_TIM_MspPostInit
 429 00f8 17B0     		add	sp, sp, #92
 430              		@ sp needed
 431 00fa 30BD     		pop	{r4, r5, pc}
 432              	.L38:
 433 00fc FFF7FEFF 		bl	Error_Handler
 434 0100 A6E7     		b	.L28
 435              	.L39:
 436 0102 FFF7FEFF 		bl	Error_Handler
 437 0106 ACE7     		b	.L29
 438              	.L40:
 439 0108 FFF7FEFF 		bl	Error_Handler
 440 010c AEE7     		b	.L30
 441              	.L41:
 442 010e FFF7FEFF 		bl	Error_Handler
 443 0112 B4E7     		b	.L31
 444              	.L42:
 445 0114 FFF7FEFF 		bl	Error_Handler
 446 0118 C0E7     		b	.L32
 447              	.L43:
 448 011a FFF7FEFF 		bl	Error_Handler
 449 011e C4E7     		b	.L33
 450              	.L44:
 451 0120 FFF7FEFF 		bl	Error_Handler
 452 0124 C8E7     		b	.L34
 453              	.L45:
 454 0126 FFF7FEFF 		bl	Error_Handler
 455 012a D0E7     		b	.L35
 456              	.L46:
 457 012c FFF7FEFF 		bl	Error_Handler
 458 0130 DFE7     		b	.L36
 459              	.L48:
 460 0132 00BF     		.align	2
 461              	.L47:
 462 0134 00000000 		.word	htim1
 463 0138 00000140 		.word	1073807360
 465              		.section	.text.HAL_TIM_Base_MspDeInit,"ax",%progbits
 466              		.align	1
ARM GAS  C:\Users\Rick\AppData\Local\Temp\ccxDfIDJ.s 			page 9


 467              		.global	HAL_TIM_Base_MspDeInit
 468              		.syntax unified
 469              		.thumb
 470              		.thumb_func
 472              	HAL_TIM_Base_MspDeInit:
 473              		@ args = 0, pretend = 0, frame = 0
 474              		@ frame_needed = 0, uses_anonymous_args = 0
 475 0000 08B5     		push	{r3, lr}
 476 0002 0268     		ldr	r2, [r0]
 477 0004 0E4B     		ldr	r3, .L53
 478 0006 9A42     		cmp	r2, r3
 479 0008 00D0     		beq	.L52
 480              	.L49:
 481 000a 08BD     		pop	{r3, pc}
 482              	.L52:
 483 000c 0D4A     		ldr	r2, .L53+4
 484 000e 536C     		ldr	r3, [r2, #68]
 485 0010 23F00103 		bic	r3, r3, #1
 486 0014 5364     		str	r3, [r2, #68]
 487 0016 4FF47041 		mov	r1, #61440
 488 001a 0B48     		ldr	r0, .L53+8
 489 001c FFF7FEFF 		bl	HAL_GPIO_DeInit
 490 0020 4FF4E061 		mov	r1, #1792
 491 0024 0948     		ldr	r0, .L53+12
 492 0026 FFF7FEFF 		bl	HAL_GPIO_DeInit
 493 002a 1820     		movs	r0, #24
 494 002c FFF7FEFF 		bl	HAL_NVIC_DisableIRQ
 495 0030 1920     		movs	r0, #25
 496 0032 FFF7FEFF 		bl	HAL_NVIC_DisableIRQ
 497 0036 1B20     		movs	r0, #27
 498 0038 FFF7FEFF 		bl	HAL_NVIC_DisableIRQ
 499 003c E5E7     		b	.L49
 500              	.L54:
 501 003e 00BF     		.align	2
 502              	.L53:
 503 0040 00000140 		.word	1073807360
 504 0044 00380240 		.word	1073887232
 505 0048 00040240 		.word	1073873920
 506 004c 00000240 		.word	1073872896
 508              		.section	.text.HAL_TIMEx_HallSensor_MspDeInit,"ax",%progbits
 509              		.align	1
 510              		.global	HAL_TIMEx_HallSensor_MspDeInit
 511              		.syntax unified
 512              		.thumb
 513              		.thumb_func
 515              	HAL_TIMEx_HallSensor_MspDeInit:
 516              		@ args = 0, pretend = 0, frame = 0
 517              		@ frame_needed = 0, uses_anonymous_args = 0
 518 0000 08B5     		push	{r3, lr}
 519 0002 0268     		ldr	r2, [r0]
 520 0004 084B     		ldr	r3, .L59
 521 0006 9A42     		cmp	r2, r3
 522 0008 00D0     		beq	.L58
 523              	.L55:
 524 000a 08BD     		pop	{r3, pc}
 525              	.L58:
 526 000c 074A     		ldr	r2, .L59+4
ARM GAS  C:\Users\Rick\AppData\Local\Temp\ccxDfIDJ.s 			page 10


 527 000e 136C     		ldr	r3, [r2, #64]
 528 0010 23F00203 		bic	r3, r3, #2
 529 0014 1364     		str	r3, [r2, #64]
 530 0016 C021     		movs	r1, #192
 531 0018 0548     		ldr	r0, .L59+8
 532 001a FFF7FEFF 		bl	HAL_GPIO_DeInit
 533 001e 0121     		movs	r1, #1
 534 0020 0448     		ldr	r0, .L59+12
 535 0022 FFF7FEFF 		bl	HAL_GPIO_DeInit
 536 0026 F0E7     		b	.L55
 537              	.L60:
 538              		.align	2
 539              	.L59:
 540 0028 00040040 		.word	1073742848
 541 002c 00380240 		.word	1073887232
 542 0030 00000240 		.word	1073872896
 543 0034 00040240 		.word	1073873920
 545              		.global	htim3
 546              		.section	.bss.htim3,"aw",%nobits
 547              		.align	2
 550              	htim3:
 551 0000 00000000 		.space	72
 551      00000000 
 551      00000000 
 551      00000000 
 551      00000000 
 552              		.global	htim1
 553              		.section	.bss.htim1,"aw",%nobits
 554              		.align	2
 557              	htim1:
 558 0000 00000000 		.space	72
 558      00000000 
 558      00000000 
 558      00000000 
 558      00000000 
 559              		.ident	"GCC: (xPack GNU Arm Embedded GCC x86_64) 14.2.1 20241119"
ARM GAS  C:\Users\Rick\AppData\Local\Temp\ccxDfIDJ.s 			page 11


DEFINED SYMBOLS
                            *ABS*:00000000 tim.c
C:\Users\Rick\AppData\Local\Temp\ccxDfIDJ.s:18     .text.MX_TIM3_Init:00000000 $t
C:\Users\Rick\AppData\Local\Temp\ccxDfIDJ.s:24     .text.MX_TIM3_Init:00000000 MX_TIM3_Init
C:\Users\Rick\AppData\Local\Temp\ccxDfIDJ.s:70     .text.MX_TIM3_Init:00000054 $d
C:\Users\Rick\AppData\Local\Temp\ccxDfIDJ.s:550    .bss.htim3:00000000 htim3
C:\Users\Rick\AppData\Local\Temp\ccxDfIDJ.s:74     .text.HAL_TIM_Base_MspInit:00000000 $t
C:\Users\Rick\AppData\Local\Temp\ccxDfIDJ.s:80     .text.HAL_TIM_Base_MspInit:00000000 HAL_TIM_Base_MspInit
C:\Users\Rick\AppData\Local\Temp\ccxDfIDJ.s:149    .text.HAL_TIM_Base_MspInit:00000094 $d
C:\Users\Rick\AppData\Local\Temp\ccxDfIDJ.s:153    .text.HAL_TIMEx_HallSensor_MspInit:00000000 $t
C:\Users\Rick\AppData\Local\Temp\ccxDfIDJ.s:159    .text.HAL_TIMEx_HallSensor_MspInit:00000000 HAL_TIMEx_HallSensor_MspInit
C:\Users\Rick\AppData\Local\Temp\ccxDfIDJ.s:227    .text.HAL_TIMEx_HallSensor_MspInit:00000088 $d
C:\Users\Rick\AppData\Local\Temp\ccxDfIDJ.s:232    .text.HAL_TIM_MspPostInit:00000000 $t
C:\Users\Rick\AppData\Local\Temp\ccxDfIDJ.s:238    .text.HAL_TIM_MspPostInit:00000000 HAL_TIM_MspPostInit
C:\Users\Rick\AppData\Local\Temp\ccxDfIDJ.s:299    .text.HAL_TIM_MspPostInit:0000007c $d
C:\Users\Rick\AppData\Local\Temp\ccxDfIDJ.s:304    .text.MX_TIM1_Init:00000000 $t
C:\Users\Rick\AppData\Local\Temp\ccxDfIDJ.s:310    .text.MX_TIM1_Init:00000000 MX_TIM1_Init
C:\Users\Rick\AppData\Local\Temp\ccxDfIDJ.s:462    .text.MX_TIM1_Init:00000134 $d
C:\Users\Rick\AppData\Local\Temp\ccxDfIDJ.s:557    .bss.htim1:00000000 htim1
C:\Users\Rick\AppData\Local\Temp\ccxDfIDJ.s:466    .text.HAL_TIM_Base_MspDeInit:00000000 $t
C:\Users\Rick\AppData\Local\Temp\ccxDfIDJ.s:472    .text.HAL_TIM_Base_MspDeInit:00000000 HAL_TIM_Base_MspDeInit
C:\Users\Rick\AppData\Local\Temp\ccxDfIDJ.s:503    .text.HAL_TIM_Base_MspDeInit:00000040 $d
C:\Users\Rick\AppData\Local\Temp\ccxDfIDJ.s:509    .text.HAL_TIMEx_HallSensor_MspDeInit:00000000 $t
C:\Users\Rick\AppData\Local\Temp\ccxDfIDJ.s:515    .text.HAL_TIMEx_HallSensor_MspDeInit:00000000 HAL_TIMEx_HallSensor_MspDeInit
C:\Users\Rick\AppData\Local\Temp\ccxDfIDJ.s:540    .text.HAL_TIMEx_HallSensor_MspDeInit:00000028 $d
C:\Users\Rick\AppData\Local\Temp\ccxDfIDJ.s:547    .bss.htim3:00000000 $d
C:\Users\Rick\AppData\Local\Temp\ccxDfIDJ.s:554    .bss.htim1:00000000 $d

UNDEFINED SYMBOLS
HAL_TIMEx_HallSensor_Init
HAL_TIMEx_MasterConfigSynchronization
Error_Handler
HAL_GPIO_Init
HAL_NVIC_SetPriority
HAL_NVIC_EnableIRQ
memset
HAL_TIM_Base_Init
HAL_TIM_ConfigClockSource
HAL_TIM_PWM_Init
HAL_TIM_PWM_ConfigChannel
HAL_TIMEx_ConfigBreakDeadTime
HAL_GPIO_DeInit
HAL_NVIC_DisableIRQ
