ARM GAS  C:\Users\Rick\AppData\Local\Temp\ccZZfyJQ.s 			page 1


   1              		.cpu cortex-m4
   2              		.arch armv7e-m
   3              		.fpu fpv4-sp-d16
   4              		.eabi_attribute 27, 1
   5              		.eabi_attribute 28, 1
   6              		.eabi_attribute 20, 1
   7              		.eabi_attribute 21, 1
   8              		.eabi_attribute 23, 3
   9              		.eabi_attribute 24, 1
  10              		.eabi_attribute 25, 1
  11              		.eabi_attribute 26, 1
  12              		.eabi_attribute 30, 1
  13              		.eabi_attribute 34, 1
  14              		.eabi_attribute 18, 4
  15              		.file	"usart.c"
  16              		.text
  17              		.section	.text.MX_USART3_UART_Init,"ax",%progbits
  18              		.align	1
  19              		.global	MX_USART3_UART_Init
  20              		.syntax unified
  21              		.thumb
  22              		.thumb_func
  24              	MX_USART3_UART_Init:
  25              		@ args = 0, pretend = 0, frame = 0
  26              		@ frame_needed = 0, uses_anonymous_args = 0
  27 0000 08B5     		push	{r3, lr}
  28 0002 0A48     		ldr	r0, .L5
  29 0004 0A4B     		ldr	r3, .L5+4
  30 0006 0360     		str	r3, [r0]
  31 0008 4FF4E133 		mov	r3, #115200
  32 000c 4360     		str	r3, [r0, #4]
  33 000e 0023     		movs	r3, #0
  34 0010 8360     		str	r3, [r0, #8]
  35 0012 C360     		str	r3, [r0, #12]
  36 0014 0361     		str	r3, [r0, #16]
  37 0016 0C22     		movs	r2, #12
  38 0018 4261     		str	r2, [r0, #20]
  39 001a 8361     		str	r3, [r0, #24]
  40 001c C361     		str	r3, [r0, #28]
  41 001e FFF7FEFF 		bl	HAL_UART_Init
  42 0022 00B9     		cbnz	r0, .L4
  43              	.L1:
  44 0024 08BD     		pop	{r3, pc}
  45              	.L4:
  46 0026 FFF7FEFF 		bl	Error_Handler
  47 002a FBE7     		b	.L1
  48              	.L6:
  49              		.align	2
  50              	.L5:
  51 002c 00000000 		.word	huart3
  52 0030 00480040 		.word	1073760256
  54              		.section	.text.HAL_UART_MspInit,"ax",%progbits
  55              		.align	1
  56              		.global	HAL_UART_MspInit
  57              		.syntax unified
  58              		.thumb
  59              		.thumb_func
ARM GAS  C:\Users\Rick\AppData\Local\Temp\ccZZfyJQ.s 			page 2


  61              	HAL_UART_MspInit:
  62              		@ args = 0, pretend = 0, frame = 32
  63              		@ frame_needed = 0, uses_anonymous_args = 0
  64 0000 2DE9F047 		push	{r4, r5, r6, r7, r8, r9, r10, lr}
  65 0004 88B0     		sub	sp, sp, #32
  66 0006 0023     		movs	r3, #0
  67 0008 0393     		str	r3, [sp, #12]
  68 000a 0493     		str	r3, [sp, #16]
  69 000c 0593     		str	r3, [sp, #20]
  70 000e 0693     		str	r3, [sp, #24]
  71 0010 0793     		str	r3, [sp, #28]
  72 0012 0268     		ldr	r2, [r0]
  73 0014 414B     		ldr	r3, .L15
  74 0016 9A42     		cmp	r2, r3
  75 0018 02D0     		beq	.L12
  76              	.L7:
  77 001a 08B0     		add	sp, sp, #32
  78              		@ sp needed
  79 001c BDE8F087 		pop	{r4, r5, r6, r7, r8, r9, r10, pc}
  80              	.L12:
  81 0020 0446     		mov	r4, r0
  82 0022 0025     		movs	r5, #0
  83 0024 0095     		str	r5, [sp]
  84 0026 03F5F833 		add	r3, r3, #126976
  85 002a 1A6C     		ldr	r2, [r3, #64]
  86 002c 42F48022 		orr	r2, r2, #262144
  87 0030 1A64     		str	r2, [r3, #64]
  88 0032 1A6C     		ldr	r2, [r3, #64]
  89 0034 02F48022 		and	r2, r2, #262144
  90 0038 0092     		str	r2, [sp]
  91 003a 009A     		ldr	r2, [sp]
  92 003c 0195     		str	r5, [sp, #4]
  93 003e 1A6B     		ldr	r2, [r3, #48]
  94 0040 42F00402 		orr	r2, r2, #4
  95 0044 1A63     		str	r2, [r3, #48]
  96 0046 1A6B     		ldr	r2, [r3, #48]
  97 0048 02F00402 		and	r2, r2, #4
  98 004c 0192     		str	r2, [sp, #4]
  99 004e 019A     		ldr	r2, [sp, #4]
 100 0050 0295     		str	r5, [sp, #8]
 101 0052 1A6B     		ldr	r2, [r3, #48]
 102 0054 42F00202 		orr	r2, r2, #2
 103 0058 1A63     		str	r2, [r3, #48]
 104 005a 1B6B     		ldr	r3, [r3, #48]
 105 005c 03F00203 		and	r3, r3, #2
 106 0060 0293     		str	r3, [sp, #8]
 107 0062 029B     		ldr	r3, [sp, #8]
 108 0064 2023     		movs	r3, #32
 109 0066 0393     		str	r3, [sp, #12]
 110 0068 4FF0020A 		mov	r10, #2
 111 006c CDF810A0 		str	r10, [sp, #16]
 112 0070 4FF00309 		mov	r9, #3
 113 0074 CDF81890 		str	r9, [sp, #24]
 114 0078 4FF00708 		mov	r8, #7
 115 007c CDF81C80 		str	r8, [sp, #28]
 116 0080 03AF     		add	r7, sp, #12
 117 0082 3946     		mov	r1, r7
ARM GAS  C:\Users\Rick\AppData\Local\Temp\ccZZfyJQ.s 			page 3


 118 0084 2648     		ldr	r0, .L15+4
 119 0086 FFF7FEFF 		bl	HAL_GPIO_Init
 120 008a 4FF48066 		mov	r6, #1024
 121 008e 0396     		str	r6, [sp, #12]
 122 0090 CDF810A0 		str	r10, [sp, #16]
 123 0094 0595     		str	r5, [sp, #20]
 124 0096 CDF81890 		str	r9, [sp, #24]
 125 009a CDF81C80 		str	r8, [sp, #28]
 126 009e 3946     		mov	r1, r7
 127 00a0 2048     		ldr	r0, .L15+8
 128 00a2 FFF7FEFF 		bl	HAL_GPIO_Init
 129 00a6 2048     		ldr	r0, .L15+12
 130 00a8 204B     		ldr	r3, .L15+16
 131 00aa 0360     		str	r3, [r0]
 132 00ac 4FF00063 		mov	r3, #134217728
 133 00b0 4360     		str	r3, [r0, #4]
 134 00b2 4023     		movs	r3, #64
 135 00b4 8360     		str	r3, [r0, #8]
 136 00b6 C560     		str	r5, [r0, #12]
 137 00b8 0661     		str	r6, [r0, #16]
 138 00ba 4561     		str	r5, [r0, #20]
 139 00bc 8561     		str	r5, [r0, #24]
 140 00be C561     		str	r5, [r0, #28]
 141 00c0 0562     		str	r5, [r0, #32]
 142 00c2 4562     		str	r5, [r0, #36]
 143 00c4 FFF7FEFF 		bl	HAL_DMA_Init
 144 00c8 10BB     		cbnz	r0, .L13
 145              	.L9:
 146 00ca 174B     		ldr	r3, .L15+12
 147 00cc A363     		str	r3, [r4, #56]
 148 00ce 9C63     		str	r4, [r3, #56]
 149 00d0 1748     		ldr	r0, .L15+20
 150 00d2 184B     		ldr	r3, .L15+24
 151 00d4 0360     		str	r3, [r0]
 152 00d6 4FF00063 		mov	r3, #134217728
 153 00da 4360     		str	r3, [r0, #4]
 154 00dc 0023     		movs	r3, #0
 155 00de 8360     		str	r3, [r0, #8]
 156 00e0 C360     		str	r3, [r0, #12]
 157 00e2 4FF48062 		mov	r2, #1024
 158 00e6 0261     		str	r2, [r0, #16]
 159 00e8 4361     		str	r3, [r0, #20]
 160 00ea 8361     		str	r3, [r0, #24]
 161 00ec C361     		str	r3, [r0, #28]
 162 00ee 0362     		str	r3, [r0, #32]
 163 00f0 4362     		str	r3, [r0, #36]
 164 00f2 FFF7FEFF 		bl	HAL_DMA_Init
 165 00f6 70B9     		cbnz	r0, .L14
 166              	.L10:
 167 00f8 0D4B     		ldr	r3, .L15+20
 168 00fa E363     		str	r3, [r4, #60]
 169 00fc 9C63     		str	r4, [r3, #56]
 170 00fe 0022     		movs	r2, #0
 171 0100 0521     		movs	r1, #5
 172 0102 2720     		movs	r0, #39
 173 0104 FFF7FEFF 		bl	HAL_NVIC_SetPriority
 174 0108 2720     		movs	r0, #39
ARM GAS  C:\Users\Rick\AppData\Local\Temp\ccZZfyJQ.s 			page 4


 175 010a FFF7FEFF 		bl	HAL_NVIC_EnableIRQ
 176 010e 84E7     		b	.L7
 177              	.L13:
 178 0110 FFF7FEFF 		bl	Error_Handler
 179 0114 D9E7     		b	.L9
 180              	.L14:
 181 0116 FFF7FEFF 		bl	Error_Handler
 182 011a EDE7     		b	.L10
 183              	.L16:
 184              		.align	2
 185              	.L15:
 186 011c 00480040 		.word	1073760256
 187 0120 00080240 		.word	1073874944
 188 0124 00040240 		.word	1073873920
 189 0128 00000000 		.word	hdma_usart3_tx
 190 012c 58600240 		.word	1073897560
 191 0130 00000000 		.word	hdma_usart3_rx
 192 0134 28600240 		.word	1073897512
 194              		.section	.text.HAL_UART_MspDeInit,"ax",%progbits
 195              		.align	1
 196              		.global	HAL_UART_MspDeInit
 197              		.syntax unified
 198              		.thumb
 199              		.thumb_func
 201              	HAL_UART_MspDeInit:
 202              		@ args = 0, pretend = 0, frame = 0
 203              		@ frame_needed = 0, uses_anonymous_args = 0
 204 0000 0268     		ldr	r2, [r0]
 205 0002 0F4B     		ldr	r3, .L24
 206 0004 9A42     		cmp	r2, r3
 207 0006 00D0     		beq	.L23
 208 0008 7047     		bx	lr
 209              	.L23:
 210 000a 10B5     		push	{r4, lr}
 211 000c 0446     		mov	r4, r0
 212 000e 0D4A     		ldr	r2, .L24+4
 213 0010 136C     		ldr	r3, [r2, #64]
 214 0012 23F48023 		bic	r3, r3, #262144
 215 0016 1364     		str	r3, [r2, #64]
 216 0018 2021     		movs	r1, #32
 217 001a 0B48     		ldr	r0, .L24+8
 218 001c FFF7FEFF 		bl	HAL_GPIO_DeInit
 219 0020 4FF48061 		mov	r1, #1024
 220 0024 0948     		ldr	r0, .L24+12
 221 0026 FFF7FEFF 		bl	HAL_GPIO_DeInit
 222 002a A06B     		ldr	r0, [r4, #56]
 223 002c FFF7FEFF 		bl	HAL_DMA_DeInit
 224 0030 E06B     		ldr	r0, [r4, #60]
 225 0032 FFF7FEFF 		bl	HAL_DMA_DeInit
 226 0036 2720     		movs	r0, #39
 227 0038 FFF7FEFF 		bl	HAL_NVIC_DisableIRQ
 228 003c 10BD     		pop	{r4, pc}
 229              	.L25:
 230 003e 00BF     		.align	2
 231              	.L24:
 232 0040 00480040 		.word	1073760256
 233 0044 00380240 		.word	1073887232
ARM GAS  C:\Users\Rick\AppData\Local\Temp\ccZZfyJQ.s 			page 5


 234 0048 00080240 		.word	1073874944
 235 004c 00040240 		.word	1073873920
 237              		.global	hdma_usart3_rx
 238              		.section	.bss.hdma_usart3_rx,"aw",%nobits
 239              		.align	2
 242              	hdma_usart3_rx:
 243 0000 00000000 		.space	96
 243      00000000 
 243      00000000 
 243      00000000 
 243      00000000 
 244              		.global	hdma_usart3_tx
 245              		.section	.bss.hdma_usart3_tx,"aw",%nobits
 246              		.align	2
 249              	hdma_usart3_tx:
 250 0000 00000000 		.space	96
 250      00000000 
 250      00000000 
 250      00000000 
 250      00000000 
 251              		.global	huart3
 252              		.section	.bss.huart3,"aw",%nobits
 253              		.align	2
 256              	huart3:
 257 0000 00000000 		.space	72
 257      00000000 
 257      00000000 
 257      00000000 
 257      00000000 
 258              		.ident	"GCC: (xPack GNU Arm Embedded GCC x86_64) 14.2.1 20241119"
ARM GAS  C:\Users\Rick\AppData\Local\Temp\ccZZfyJQ.s 			page 6


DEFINED SYMBOLS
                            *ABS*:00000000 usart.c
C:\Users\Rick\AppData\Local\Temp\ccZZfyJQ.s:18     .text.MX_USART3_UART_Init:00000000 $t
C:\Users\Rick\AppData\Local\Temp\ccZZfyJQ.s:24     .text.MX_USART3_UART_Init:00000000 MX_USART3_UART_Init
C:\Users\Rick\AppData\Local\Temp\ccZZfyJQ.s:51     .text.MX_USART3_UART_Init:0000002c $d
C:\Users\Rick\AppData\Local\Temp\ccZZfyJQ.s:256    .bss.huart3:00000000 huart3
C:\Users\Rick\AppData\Local\Temp\ccZZfyJQ.s:55     .text.HAL_UART_MspInit:00000000 $t
C:\Users\Rick\AppData\Local\Temp\ccZZfyJQ.s:61     .text.HAL_UART_MspInit:00000000 HAL_UART_MspInit
C:\Users\Rick\AppData\Local\Temp\ccZZfyJQ.s:186    .text.HAL_UART_MspInit:0000011c $d
C:\Users\Rick\AppData\Local\Temp\ccZZfyJQ.s:249    .bss.hdma_usart3_tx:00000000 hdma_usart3_tx
C:\Users\Rick\AppData\Local\Temp\ccZZfyJQ.s:242    .bss.hdma_usart3_rx:00000000 hdma_usart3_rx
C:\Users\Rick\AppData\Local\Temp\ccZZfyJQ.s:195    .text.HAL_UART_MspDeInit:00000000 $t
C:\Users\Rick\AppData\Local\Temp\ccZZfyJQ.s:201    .text.HAL_UART_MspDeInit:00000000 HAL_UART_MspDeInit
C:\Users\Rick\AppData\Local\Temp\ccZZfyJQ.s:232    .text.HAL_UART_MspDeInit:00000040 $d
C:\Users\Rick\AppData\Local\Temp\ccZZfyJQ.s:239    .bss.hdma_usart3_rx:00000000 $d
C:\Users\Rick\AppData\Local\Temp\ccZZfyJQ.s:246    .bss.hdma_usart3_tx:00000000 $d
C:\Users\Rick\AppData\Local\Temp\ccZZfyJQ.s:253    .bss.huart3:00000000 $d

UNDEFINED SYMBOLS
HAL_UART_Init
Error_Handler
HAL_GPIO_Init
HAL_DMA_Init
HAL_NVIC_SetPriority
HAL_NVIC_EnableIRQ
HAL_GPIO_DeInit
HAL_DMA_DeInit
HAL_NVIC_DisableIRQ
