Drill report for CawDrive.kicad_pcb
Created on 2025-04-22T15:18:29+0800

Copper Layer Stackup:
    =============================================================
    L1 :  F.Cu                      front
    L2 :  In1.Cu                    in1
    L3 :  In2.Cu                    in2
    L4 :  B.Cu                      back


Drill file 'CawDrive-PTH.drl' contains
    plated through holes:
    =============================================================
    T1  0.300mm  0.0118"  (352 holes)
    T2  0.400mm  0.0157"  (1 hole)
    T3  0.500mm  0.0197"  (32 holes)
    T4  1.000mm  0.0394"  (5 holes)
    T5  2.500mm  0.0984"  (4 holes)

    Total plated holes count 394


Drill file 'CawDrive-NPTH.drl' contains
    unplated through holes:
    =============================================================

    Total unplated holes count 0
